[9.743s] Invoking command in '/home/mike/ros2_ws/build/openmv': PYTHONPATH=/home/mike/ros2_ws/build/openmv/prefix_override:/home/mike/ros2_ws/install/openmv/lib/python3.10/site-packages:${PYTHONPATH} /usr/bin/python3 setup.py develop --editable --build-directory /home/mike/ros2_ws/build/openmv/build --no-deps install_data
[12.144s] running develop
[13.223s] running egg_info
[13.230s] creating openmv_interface.egg-info
[13.231s] writing openmv_interface.egg-info/PKG-INFO
[13.232s] writing dependency_links to openmv_interface.egg-info/dependency_links.txt
[13.237s] writing entry points to openmv_interface.egg-info/entry_points.txt
[13.238s] writing requirements to openmv_interface.egg-info/requires.txt
[13.238s] writing top-level names to openmv_interface.egg-info/top_level.txt
[13.239s] writing manifest file 'openmv_interface.egg-info/SOURCES.txt'
[13.240s] reading manifest file 'openmv_interface.egg-info/SOURCES.txt'
[13.243s] writing manifest file 'openmv_interface.egg-info/SOURCES.txt'
[13.255s] running build_ext
[13.255s] Creating /home/mike/ros2_ws/install/openmv/lib/python3.10/site-packages/openmv-interface.egg-link (link to .)
[13.256s] Installing openmv_serial_node script to /home/mike/ros2_ws/install/openmv/lib/openmv
[13.259s] 
[13.265s] Installed /home/mike/ros2_ws/build/openmv
[13.266s] running install_data
[13.268s] copying resource/openmv_interface -> /home/mike/ros2_ws/install/openmv/share/ament_index/resource_index/packages
[13.272s] creating /home/mike/ros2_ws/install/openmv/share/openmv_interface
[13.289s] copying package.xml -> /home/mike/ros2_ws/install/openmv/share/openmv_interface
[13.469s] Invoked command in '/home/mike/ros2_ws/build/openmv' returned '0': PYTHONPATH=/home/mike/ros2_ws/build/openmv/prefix_override:/home/mike/ros2_ws/install/openmv/lib/python3.10/site-packages:${PYTHONPATH} /usr/bin/python3 setup.py develop --editable --build-directory /home/mike/ros2_ws/build/openmv/build --no-deps install_data
