[4.692s] Invoking command in '/home/mike/ros2_ws/build/robo24_wheel_interface': PYTHONPATH=/home/mike/ros2_ws/build/robo24_wheel_interface/prefix_override:/home/mike/ros2_ws/install/robo24_wheel_interface/lib/python3.10/site-packages:${PYTHONPATH} /usr/bin/python3 setup.py develop --uninstall --editable --build-directory /home/mike/ros2_ws/build/robo24_wheel_interface/build
[5.909s] running develop
[6.582s] Removing /home/mike/ros2_ws/install/robo24_wheel_interface/lib/python3.10/site-packages/robo24-wheel-interface.egg-link (link to .)
[6.819s] Invoked command in '/home/mike/ros2_ws/build/robo24_wheel_interface' returned '0': PYTHONPATH=/home/mike/ros2_ws/build/robo24_wheel_interface/prefix_override:/home/mike/ros2_ws/install/robo24_wheel_interface/lib/python3.10/site-packages:${PYTHONPATH} /usr/bin/python3 setup.py develop --uninstall --editable --build-directory /home/mike/ros2_ws/build/robo24_wheel_interface/build
[6.827s] Invoking command in '/home/mike/ros2_ws/src/robo24_wheel_interface': PYTHONPATH=/home/mike/ros2_ws/build/robo24_wheel_interface/prefix_override:/home/mike/ros2_ws/install/robo24_wheel_interface/lib/python3.10/site-packages:${PYTHONPATH} /usr/bin/python3 setup.py egg_info --egg-base ../../build/robo24_wheel_interface build --build-base /home/mike/ros2_ws/build/robo24_wheel_interface/build install --record /home/mike/ros2_ws/build/robo24_wheel_interface/install.log --single-version-externally-managed
[7.972s] running egg_info
[7.974s] writing ../../build/robo24_wheel_interface/robo24_wheel_interface.egg-info/PKG-INFO
[7.976s] writing dependency_links to ../../build/robo24_wheel_interface/robo24_wheel_interface.egg-info/dependency_links.txt
[7.978s] writing entry points to ../../build/robo24_wheel_interface/robo24_wheel_interface.egg-info/entry_points.txt
[7.979s] writing requirements to ../../build/robo24_wheel_interface/robo24_wheel_interface.egg-info/requires.txt
[7.980s] writing top-level names to ../../build/robo24_wheel_interface/robo24_wheel_interface.egg-info/top_level.txt
[7.988s] reading manifest file '../../build/robo24_wheel_interface/robo24_wheel_interface.egg-info/SOURCES.txt'
[7.994s] writing manifest file '../../build/robo24_wheel_interface/robo24_wheel_interface.egg-info/SOURCES.txt'
[7.995s] running build
[7.996s] running build_py
[7.998s] creating /home/mike/ros2_ws/build/robo24_wheel_interface/build
[7.998s] creating /home/mike/ros2_ws/build/robo24_wheel_interface/build/lib
[7.999s] creating /home/mike/ros2_ws/build/robo24_wheel_interface/build/lib/robo24_wheel_interface
[7.999s] copying robo24_wheel_interface/robo24_teleop_node.py -> /home/mike/ros2_ws/build/robo24_wheel_interface/build/lib/robo24_wheel_interface
[8.001s] copying robo24_wheel_interface/gpt.py -> /home/mike/ros2_ws/build/robo24_wheel_interface/build/lib/robo24_wheel_interface
[8.002s] copying robo24_wheel_interface/robo24_controller_node.py -> /home/mike/ros2_ws/build/robo24_wheel_interface/build/lib/robo24_wheel_interface
[8.003s] copying robo24_wheel_interface/__init__.py -> /home/mike/ros2_ws/build/robo24_wheel_interface/build/lib/robo24_wheel_interface
[8.005s] copying robo24_wheel_interface/robo24_wheel_controller_node.py -> /home/mike/ros2_ws/build/robo24_wheel_interface/build/lib/robo24_wheel_interface
[8.006s] running install
[8.008s] running install_lib
[8.010s] creating /home/mike/ros2_ws/install/robo24_wheel_interface/lib/python3.10/site-packages/robo24_wheel_interface
[8.011s] copying /home/mike/ros2_ws/build/robo24_wheel_interface/build/lib/robo24_wheel_interface/robo24_teleop_node.py -> /home/mike/ros2_ws/install/robo24_wheel_interface/lib/python3.10/site-packages/robo24_wheel_interface
[8.012s] copying /home/mike/ros2_ws/build/robo24_wheel_interface/build/lib/robo24_wheel_interface/gpt.py -> /home/mike/ros2_ws/install/robo24_wheel_interface/lib/python3.10/site-packages/robo24_wheel_interface
[8.013s] copying /home/mike/ros2_ws/build/robo24_wheel_interface/build/lib/robo24_wheel_interface/robo24_controller_node.py -> /home/mike/ros2_ws/install/robo24_wheel_interface/lib/python3.10/site-packages/robo24_wheel_interface
[8.014s] copying /home/mike/ros2_ws/build/robo24_wheel_interface/build/lib/robo24_wheel_interface/__init__.py -> /home/mike/ros2_ws/install/robo24_wheel_interface/lib/python3.10/site-packages/robo24_wheel_interface
[8.015s] copying /home/mike/ros2_ws/build/robo24_wheel_interface/build/lib/robo24_wheel_interface/robo24_wheel_controller_node.py -> /home/mike/ros2_ws/install/robo24_wheel_interface/lib/python3.10/site-packages/robo24_wheel_interface
[8.017s] byte-compiling /home/mike/ros2_ws/install/robo24_wheel_interface/lib/python3.10/site-packages/robo24_wheel_interface/robo24_teleop_node.py to robo24_teleop_node.cpython-310.pyc
[8.020s] byte-compiling /home/mike/ros2_ws/install/robo24_wheel_interface/lib/python3.10/site-packages/robo24_wheel_interface/gpt.py to gpt.cpython-310.pyc
[8.022s] byte-compiling /home/mike/ros2_ws/install/robo24_wheel_interface/lib/python3.10/site-packages/robo24_wheel_interface/robo24_controller_node.py to robo24_controller_node.cpython-310.pyc
[8.030s] byte-compiling /home/mike/ros2_ws/install/robo24_wheel_interface/lib/python3.10/site-packages/robo24_wheel_interface/__init__.py to __init__.cpython-310.pyc
[8.032s] byte-compiling /home/mike/ros2_ws/install/robo24_wheel_interface/lib/python3.10/site-packages/robo24_wheel_interface/robo24_wheel_controller_node.py to robo24_wheel_controller_node.cpython-310.pyc
[8.036s] running install_data
[8.039s] running install_egg_info
[8.047s] Copying ../../build/robo24_wheel_interface/robo24_wheel_interface.egg-info to /home/mike/ros2_ws/install/robo24_wheel_interface/lib/python3.10/site-packages/robo24_wheel_interface-0.0.0-py3.10.egg-info
[8.056s] running install_scripts
[8.156s] Installing robo24_controller_node script to /home/mike/ros2_ws/install/robo24_wheel_interface/lib/robo24_wheel_interface
[8.158s] Installing robo24_teleop_node script to /home/mike/ros2_ws/install/robo24_wheel_interface/lib/robo24_wheel_interface
[8.160s] Installing robo24_wheel_node script to /home/mike/ros2_ws/install/robo24_wheel_interface/lib/robo24_wheel_interface
[8.164s] writing list of installed files to '/home/mike/ros2_ws/build/robo24_wheel_interface/install.log'
[8.526s] Invoked command in '/home/mike/ros2_ws/src/robo24_wheel_interface' returned '0': PYTHONPATH=/home/mike/ros2_ws/build/robo24_wheel_interface/prefix_override:/home/mike/ros2_ws/install/robo24_wheel_interface/lib/python3.10/site-packages:${PYTHONPATH} /usr/bin/python3 setup.py egg_info --egg-base ../../build/robo24_wheel_interface build --build-base /home/mike/ros2_ws/build/robo24_wheel_interface/build install --record /home/mike/ros2_ws/build/robo24_wheel_interface/install.log --single-version-externally-managed
