[2.227s] Invoking command in '/home/mike/ros2_ws/build/robo24_interfaces': CMAKE_PREFIX_PATH=/home/mike/ros2_ws/install/robo24_stuff:/home/mike/ros2_ws/install/robo24_nav:/home/mike/ros2_ws/install/robo24_localization:/home/mike/ros2_ws/install/robo24_bringup:/opt/ros/humble /usr/bin/cmake /home/mike/ros2_ws/src/robo24_interfaces -DCMAKE_INSTALL_PREFIX=/home/mike/ros2_ws/install/robo24_interfaces
[4.007s] -- The C compiler identification is GNU 11.4.0
[4.009s] -- The CXX compiler identification is GNU 11.4.0
[4.013s] -- Detecting C compiler ABI info
[4.015s] -- Detecting C compiler ABI info - done
[4.019s] -- Check for working C compiler: /usr/bin/cc - skipped
[4.025s] -- Detecting C compile features
[4.026s] -- Detecting C compile features - done
[4.026s] -- Detecting CXX compiler ABI info
[4.027s] -- Detecting CXX compiler ABI info - done
[4.029s] -- Check for working CXX compiler: /usr/bin/c++ - skipped
[4.030s] -- Detecting CXX compile features
[4.031s] -- Detecting CXX compile features - done
[4.031s] -- Found ament_cmake: 1.3.6 (/opt/ros/humble/share/ament_cmake/cmake)
[4.509s] -- Found Python3: /usr/bin/python3.10 (found version "3.10.12") found components: Interpreter 
[5.147s] -- Found rosidl_default_generators: 1.2.0 (/opt/ros/humble/share/rosidl_default_generators/cmake)
[5.175s] -- Using all available rosidl_typesupport_c: rosidl_typesupport_fastrtps_c;rosidl_typesupport_introspection_c
[5.245s] -- Found rosidl_adapter: 3.1.5 (/opt/ros/humble/share/rosidl_adapter/cmake)
[5.597s] -- Using all available rosidl_typesupport_cpp: rosidl_typesupport_fastrtps_cpp;rosidl_typesupport_introspection_cpp
[8.345s] -- Found ament_cmake_ros: 0.10.0 (/opt/ros/humble/share/ament_cmake_ros/cmake)
[10.664s] -- Using all available rosidl_typesupport_c: rosidl_typesupport_fastrtps_c;rosidl_typesupport_introspection_c
[12.814s] -- Using all available rosidl_typesupport_cpp: rosidl_typesupport_fastrtps_cpp;rosidl_typesupport_introspection_cpp
[12.960s] -- Found PythonInterp: /usr/bin/python3 (found suitable version "3.10.12", minimum required is "3.6") 
[12.983s] -- Found python_cmake_module: 0.10.0 (/opt/ros/humble/share/python_cmake_module/cmake)
[13.135s] -- Found PythonLibs: /usr/lib/aarch64-linux-gnu/libpython3.10.so (found suitable version "3.10.12", minimum required is "3.5") 
[13.136s] -- Using PYTHON_EXECUTABLE: /usr/bin/python3
[13.138s] -- Using PYTHON_INCLUDE_DIRS: /usr/include/python3.10
[13.138s] -- Using PYTHON_LIBRARIES: /usr/lib/aarch64-linux-gnu/libpython3.10.so
[13.280s] -- Found PythonExtra: .so  
[13.545s] -- Found ament_lint_auto: 0.12.9 (/opt/ros/humble/share/ament_lint_auto/cmake)
[13.815s] -- Added test 'lint_cmake' to check CMake code style
[13.829s] -- Added test 'xmllint' to check XML markup files
[13.853s] -- Configuring done
[14.182s] -- Generating done
[14.198s] -- Build files have been written to: /home/mike/ros2_ws/build/robo24_interfaces
[15.034s] Invoked command in '/home/mike/ros2_ws/build/robo24_interfaces' returned '0': CMAKE_PREFIX_PATH=/home/mike/ros2_ws/install/robo24_stuff:/home/mike/ros2_ws/install/robo24_nav:/home/mike/ros2_ws/install/robo24_localization:/home/mike/ros2_ws/install/robo24_bringup:/opt/ros/humble /usr/bin/cmake /home/mike/ros2_ws/src/robo24_interfaces -DCMAKE_INSTALL_PREFIX=/home/mike/ros2_ws/install/robo24_interfaces
[15.045s] Invoking command in '/home/mike/ros2_ws/build/robo24_interfaces': CMAKE_PREFIX_PATH=/home/mike/ros2_ws/install/robo24_stuff:/home/mike/ros2_ws/install/robo24_nav:/home/mike/ros2_ws/install/robo24_localization:/home/mike/ros2_ws/install/robo24_bringup:/opt/ros/humble /usr/bin/cmake --build /home/mike/ros2_ws/build/robo24_interfaces -- -j4 -l4
[15.295s] [  3%] [34m[1mGenerating C code for ROS interfaces[0m
[15.421s] [  6%] [34m[1mGenerating C++ code for ROS interfaces[0m
[15.516s] [  6%] Built target ament_cmake_python_copy_robo24_interfaces
[18.210s] running egg_info
[18.212s] creating robo24_interfaces.egg-info
[18.213s] writing robo24_interfaces.egg-info/PKG-INFO
[18.214s] writing dependency_links to robo24_interfaces.egg-info/dependency_links.txt
[18.215s] writing top-level names to robo24_interfaces.egg-info/top_level.txt
[18.217s] writing manifest file 'robo24_interfaces.egg-info/SOURCES.txt'
[18.229s] reading manifest file 'robo24_interfaces.egg-info/SOURCES.txt'
[18.232s] writing manifest file 'robo24_interfaces.egg-info/SOURCES.txt'
[18.466s] [  9%] [32mBuilding C object CMakeFiles/robo24_interfaces__rosidl_generator_c.dir/rosidl_generator_c/robo24_interfaces/srv/detail/claw__functions.c.o[0m
[18.471s] [  9%] Built target ament_cmake_python_build_robo24_interfaces_egg
[18.732s] [  9%] Built target robo24_interfaces__cpp
[18.827s] [ 12%] [34m[1mGenerating C++ type support for eProsima Fast-RTPS[0m
[18.833s] [ 16%] [34m[1mGenerating C++ introspection for ROS interfaces[0m
[18.884s] [ 19%] [34m[1mGenerating C++ type support dispatch for ROS interfaces[0m
[18.940s] [ 22%] [32m[1mLinking C shared library librobo24_interfaces__rosidl_generator_c.so[0m
[19.257s] [ 22%] Built target robo24_interfaces__rosidl_generator_c
[19.362s] [ 25%] [34m[1mGenerating C type support for eProsima Fast-RTPS[0m
[21.440s] [ 29%] [32mBuilding CXX object CMakeFiles/robo24_interfaces__rosidl_typesupport_fastrtps_c.dir/rosidl_typesupport_fastrtps_c/robo24_interfaces/srv/detail/claw__type_support_c.cpp.o[0m
[21.494s] [ 32%] [32mBuilding CXX object CMakeFiles/robo24_interfaces__rosidl_typesupport_cpp.dir/rosidl_typesupport_cpp/robo24_interfaces/srv/claw__type_support.cpp.o[0m
[21.605s] [ 35%] [32mBuilding CXX object CMakeFiles/robo24_interfaces__rosidl_typesupport_introspection_cpp.dir/rosidl_typesupport_introspection_cpp/robo24_interfaces/srv/detail/claw__type_support.cpp.o[0m
[21.984s] [ 38%] [32mBuilding CXX object CMakeFiles/robo24_interfaces__rosidl_typesupport_fastrtps_cpp.dir/rosidl_typesupport_fastrtps_cpp/robo24_interfaces/srv/detail/dds_fastrtps/claw__type_support.cpp.o[0m
[23.324s] [ 41%] [32m[1mLinking CXX shared library librobo24_interfaces__rosidl_typesupport_cpp.so[0m
[23.784s] [ 41%] Built target robo24_interfaces__rosidl_typesupport_cpp
[23.941s] [ 45%] [34m[1mGenerating C introspection for ROS interfaces[0m
[24.734s] [ 48%] [32m[1mLinking CXX shared library librobo24_interfaces__rosidl_typesupport_fastrtps_c.so[0m
[25.571s] [ 48%] Built target robo24_interfaces__rosidl_typesupport_fastrtps_c
[25.735s] [ 51%] [34m[1mGenerating C type support dispatch for ROS interfaces[0m
[26.158s] [ 54%] [32mBuilding C object CMakeFiles/robo24_interfaces__rosidl_typesupport_introspection_c.dir/rosidl_typesupport_introspection_c/robo24_interfaces/srv/detail/claw__type_support.c.o[0m
[26.226s] [ 58%] [32m[1mLinking CXX shared library librobo24_interfaces__rosidl_typesupport_introspection_cpp.so[0m
[26.616s] [ 58%] Built target robo24_interfaces__rosidl_typesupport_introspection_cpp
[26.680s] [ 61%] [32m[1mLinking C shared library librobo24_interfaces__rosidl_typesupport_introspection_c.so[0m
[26.852s] [ 64%] [32m[1mLinking CXX shared library librobo24_interfaces__rosidl_typesupport_fastrtps_cpp.so[0m
[27.046s] [ 64%] Built target robo24_interfaces__rosidl_typesupport_introspection_c
[27.330s] [ 67%] [32mBuilding CXX object CMakeFiles/robo24_interfaces__rosidl_typesupport_c.dir/rosidl_typesupport_c/robo24_interfaces/srv/claw__type_support.cpp.o[0m
[27.494s] [ 67%] Built target robo24_interfaces__rosidl_typesupport_fastrtps_cpp
[27.552s] [ 70%] [32m[1mLinking CXX shared library librobo24_interfaces__rosidl_typesupport_c.so[0m
[27.774s] [ 70%] Built target robo24_interfaces__rosidl_typesupport_c
[27.865s] [ 70%] Built target robo24_interfaces
[27.956s] [ 74%] [34m[1mGenerating Python code for ROS interfaces[0m
[30.096s] [ 74%] Built target robo24_interfaces__py
[30.184s] [ 77%] [32mBuilding C object CMakeFiles/robo24_interfaces__rosidl_generator_py.dir/rosidl_generator_py/robo24_interfaces/srv/_claw_s.c.o[0m
[30.694s] [ 80%] [32m[1mLinking C shared library rosidl_generator_py/robo24_interfaces/librobo24_interfaces__rosidl_generator_py.so[0m
[30.867s] [ 80%] Built target robo24_interfaces__rosidl_generator_py
[30.976s] [ 83%] [32mBuilding C object CMakeFiles/robo24_interfaces__rosidl_typesupport_introspection_c__pyext.dir/rosidl_generator_py/robo24_interfaces/_robo24_interfaces_s.ep.rosidl_typesupport_introspection_c.c.o[0m
[30.987s] [ 87%] [32mBuilding C object CMakeFiles/robo24_interfaces__rosidl_typesupport_fastrtps_c__pyext.dir/rosidl_generator_py/robo24_interfaces/_robo24_interfaces_s.ep.rosidl_typesupport_fastrtps_c.c.o[0m
[31.038s] [ 90%] [32mBuilding C object CMakeFiles/robo24_interfaces__rosidl_typesupport_c__pyext.dir/rosidl_generator_py/robo24_interfaces/_robo24_interfaces_s.ep.rosidl_typesupport_c.c.o[0m
[31.634s] [ 93%] [32m[1mLinking C shared library rosidl_generator_py/robo24_interfaces/robo24_interfaces_s__rosidl_typesupport_c.cpython-310-aarch64-linux-gnu.so[0m
[31.712s] [ 96%] [32m[1mLinking C shared library rosidl_generator_py/robo24_interfaces/robo24_interfaces_s__rosidl_typesupport_introspection_c.cpython-310-aarch64-linux-gnu.so[0m
[31.838s] [100%] [32m[1mLinking C shared library rosidl_generator_py/robo24_interfaces/robo24_interfaces_s__rosidl_typesupport_fastrtps_c.cpython-310-aarch64-linux-gnu.so[0m
[31.875s] [100%] Built target robo24_interfaces__rosidl_typesupport_c__pyext
[31.928s] [100%] Built target robo24_interfaces__rosidl_typesupport_introspection_c__pyext
[32.007s] [100%] Built target robo24_interfaces__rosidl_typesupport_fastrtps_c__pyext
[32.064s] Invoked command in '/home/mike/ros2_ws/build/robo24_interfaces' returned '0': CMAKE_PREFIX_PATH=/home/mike/ros2_ws/install/robo24_stuff:/home/mike/ros2_ws/install/robo24_nav:/home/mike/ros2_ws/install/robo24_localization:/home/mike/ros2_ws/install/robo24_bringup:/opt/ros/humble /usr/bin/cmake --build /home/mike/ros2_ws/build/robo24_interfaces -- -j4 -l4
[32.456s] Invoking command in '/home/mike/ros2_ws/build/robo24_interfaces': CMAKE_PREFIX_PATH=/home/mike/ros2_ws/install/robo24_stuff:/home/mike/ros2_ws/install/robo24_nav:/home/mike/ros2_ws/install/robo24_localization:/home/mike/ros2_ws/install/robo24_bringup:/opt/ros/humble /usr/bin/cmake --install /home/mike/ros2_ws/build/robo24_interfaces
[32.484s] -- Install configuration: ""
[32.487s] -- Installing: /home/mike/ros2_ws/install/robo24_interfaces/share/ament_index/resource_index/rosidl_interfaces/robo24_interfaces
[32.489s] -- Installing: /home/mike/ros2_ws/install/robo24_interfaces/include/robo24_interfaces/robo24_interfaces
[32.491s] -- Installing: /home/mike/ros2_ws/install/robo24_interfaces/include/robo24_interfaces/robo24_interfaces/msg
[32.493s] -- Installing: /home/mike/ros2_ws/install/robo24_interfaces/include/robo24_interfaces/robo24_interfaces/msg/rosidl_generator_c__visibility_control.h
[32.496s] -- Installing: /home/mike/ros2_ws/install/robo24_interfaces/include/robo24_interfaces/robo24_interfaces/srv
[32.497s] -- Installing: /home/mike/ros2_ws/install/robo24_interfaces/include/robo24_interfaces/robo24_interfaces/srv/detail
[32.499s] -- Installing: /home/mike/ros2_ws/install/robo24_interfaces/include/robo24_interfaces/robo24_interfaces/srv/detail/claw__type_support.h
[32.500s] -- Installing: /home/mike/ros2_ws/install/robo24_interfaces/include/robo24_interfaces/robo24_interfaces/srv/detail/claw__struct.h
[32.502s] -- Installing: /home/mike/ros2_ws/install/robo24_interfaces/include/robo24_interfaces/robo24_interfaces/srv/detail/claw__functions.h
[32.503s] -- Installing: /home/mike/ros2_ws/install/robo24_interfaces/include/robo24_interfaces/robo24_interfaces/srv/detail/claw__functions.c
[32.507s] -- Installing: /home/mike/ros2_ws/install/robo24_interfaces/include/robo24_interfaces/robo24_interfaces/srv/claw.h
[32.508s] -- Installing: /home/mike/ros2_ws/install/robo24_interfaces/share/robo24_interfaces/environment/library_path.sh
[32.508s] -- Installing: /home/mike/ros2_ws/install/robo24_interfaces/share/robo24_interfaces/environment/library_path.dsv
[32.509s] -- Installing: /home/mike/ros2_ws/install/robo24_interfaces/lib/librobo24_interfaces__rosidl_generator_c.so
[32.509s] -- Set runtime path of "/home/mike/ros2_ws/install/robo24_interfaces/lib/librobo24_interfaces__rosidl_generator_c.so" to ""
[32.510s] -- Up-to-date: /home/mike/ros2_ws/install/robo24_interfaces/include/robo24_interfaces/robo24_interfaces
[32.510s] -- Up-to-date: /home/mike/ros2_ws/install/robo24_interfaces/include/robo24_interfaces/robo24_interfaces/msg
[32.511s] -- Installing: /home/mike/ros2_ws/install/robo24_interfaces/include/robo24_interfaces/robo24_interfaces/msg/rosidl_typesupport_fastrtps_c__visibility_control.h
[32.512s] -- Up-to-date: /home/mike/ros2_ws/install/robo24_interfaces/include/robo24_interfaces/robo24_interfaces/srv
[32.513s] -- Up-to-date: /home/mike/ros2_ws/install/robo24_interfaces/include/robo24_interfaces/robo24_interfaces/srv/detail
[32.514s] -- Installing: /home/mike/ros2_ws/install/robo24_interfaces/include/robo24_interfaces/robo24_interfaces/srv/detail/claw__rosidl_typesupport_fastrtps_c.h
[32.514s] -- Installing: /home/mike/ros2_ws/install/robo24_interfaces/lib/librobo24_interfaces__rosidl_typesupport_fastrtps_c.so
[32.515s] -- Set runtime path of "/home/mike/ros2_ws/install/robo24_interfaces/lib/librobo24_interfaces__rosidl_typesupport_fastrtps_c.so" to ""
[32.516s] -- Up-to-date: /home/mike/ros2_ws/install/robo24_interfaces/include/robo24_interfaces/robo24_interfaces
[32.516s] -- Up-to-date: /home/mike/ros2_ws/install/robo24_interfaces/include/robo24_interfaces/robo24_interfaces/msg
[32.517s] -- Installing: /home/mike/ros2_ws/install/robo24_interfaces/include/robo24_interfaces/robo24_interfaces/msg/rosidl_typesupport_introspection_c__visibility_control.h
[32.517s] -- Up-to-date: /home/mike/ros2_ws/install/robo24_interfaces/include/robo24_interfaces/robo24_interfaces/srv
[32.518s] -- Up-to-date: /home/mike/ros2_ws/install/robo24_interfaces/include/robo24_interfaces/robo24_interfaces/srv/detail
[32.518s] -- Installing: /home/mike/ros2_ws/install/robo24_interfaces/include/robo24_interfaces/robo24_interfaces/srv/detail/claw__rosidl_typesupport_introspection_c.h
[32.519s] -- Installing: /home/mike/ros2_ws/install/robo24_interfaces/include/robo24_interfaces/robo24_interfaces/srv/detail/claw__type_support.c
[32.519s] -- Installing: /home/mike/ros2_ws/install/robo24_interfaces/lib/librobo24_interfaces__rosidl_typesupport_introspection_c.so
[32.520s] -- Set runtime path of "/home/mike/ros2_ws/install/robo24_interfaces/lib/librobo24_interfaces__rosidl_typesupport_introspection_c.so" to ""
[32.521s] -- Installing: /home/mike/ros2_ws/install/robo24_interfaces/lib/librobo24_interfaces__rosidl_typesupport_c.so
[32.523s] -- Set runtime path of "/home/mike/ros2_ws/install/robo24_interfaces/lib/librobo24_interfaces__rosidl_typesupport_c.so" to ""
[32.524s] -- Up-to-date: /home/mike/ros2_ws/install/robo24_interfaces/include/robo24_interfaces/robo24_interfaces
[32.525s] -- Up-to-date: /home/mike/ros2_ws/install/robo24_interfaces/include/robo24_interfaces/robo24_interfaces/srv
[32.526s] -- Up-to-date: /home/mike/ros2_ws/install/robo24_interfaces/include/robo24_interfaces/robo24_interfaces/srv/detail
[32.526s] -- Installing: /home/mike/ros2_ws/install/robo24_interfaces/include/robo24_interfaces/robo24_interfaces/srv/detail/claw__struct.hpp
[32.527s] -- Installing: /home/mike/ros2_ws/install/robo24_interfaces/include/robo24_interfaces/robo24_interfaces/srv/detail/claw__builder.hpp
[32.528s] -- Installing: /home/mike/ros2_ws/install/robo24_interfaces/include/robo24_interfaces/robo24_interfaces/srv/detail/claw__traits.hpp
[32.528s] -- Installing: /home/mike/ros2_ws/install/robo24_interfaces/include/robo24_interfaces/robo24_interfaces/srv/claw.hpp
[32.530s] -- Up-to-date: /home/mike/ros2_ws/install/robo24_interfaces/include/robo24_interfaces/robo24_interfaces
[32.531s] -- Up-to-date: /home/mike/ros2_ws/install/robo24_interfaces/include/robo24_interfaces/robo24_interfaces/msg
[32.531s] -- Installing: /home/mike/ros2_ws/install/robo24_interfaces/include/robo24_interfaces/robo24_interfaces/msg/rosidl_typesupport_fastrtps_cpp__visibility_control.h
[32.532s] -- Up-to-date: /home/mike/ros2_ws/install/robo24_interfaces/include/robo24_interfaces/robo24_interfaces/srv
[32.533s] -- Up-to-date: /home/mike/ros2_ws/install/robo24_interfaces/include/robo24_interfaces/robo24_interfaces/srv/detail
[32.534s] -- Installing: /home/mike/ros2_ws/install/robo24_interfaces/include/robo24_interfaces/robo24_interfaces/srv/detail/dds_fastrtps
[32.534s] -- Installing: /home/mike/ros2_ws/install/robo24_interfaces/include/robo24_interfaces/robo24_interfaces/srv/detail/claw__rosidl_typesupport_fastrtps_cpp.hpp
[32.535s] -- Installing: /home/mike/ros2_ws/install/robo24_interfaces/lib/librobo24_interfaces__rosidl_typesupport_fastrtps_cpp.so
[32.538s] -- Set runtime path of "/home/mike/ros2_ws/install/robo24_interfaces/lib/librobo24_interfaces__rosidl_typesupport_fastrtps_cpp.so" to ""
[32.540s] -- Up-to-date: /home/mike/ros2_ws/install/robo24_interfaces/include/robo24_interfaces/robo24_interfaces
[32.541s] -- Up-to-date: /home/mike/ros2_ws/install/robo24_interfaces/include/robo24_interfaces/robo24_interfaces/srv
[32.541s] -- Up-to-date: /home/mike/ros2_ws/install/robo24_interfaces/include/robo24_interfaces/robo24_interfaces/srv/detail
[32.542s] -- Installing: /home/mike/ros2_ws/install/robo24_interfaces/include/robo24_interfaces/robo24_interfaces/srv/detail/claw__type_support.cpp
[32.543s] -- Installing: /home/mike/ros2_ws/install/robo24_interfaces/include/robo24_interfaces/robo24_interfaces/srv/detail/claw__rosidl_typesupport_introspection_cpp.hpp
[32.543s] -- Installing: /home/mike/ros2_ws/install/robo24_interfaces/lib/librobo24_interfaces__rosidl_typesupport_introspection_cpp.so
[32.545s] -- Set runtime path of "/home/mike/ros2_ws/install/robo24_interfaces/lib/librobo24_interfaces__rosidl_typesupport_introspection_cpp.so" to ""
[32.546s] -- Installing: /home/mike/ros2_ws/install/robo24_interfaces/lib/librobo24_interfaces__rosidl_typesupport_cpp.so
[32.549s] -- Set runtime path of "/home/mike/ros2_ws/install/robo24_interfaces/lib/librobo24_interfaces__rosidl_typesupport_cpp.so" to ""
[32.549s] -- Installing: /home/mike/ros2_ws/install/robo24_interfaces/share/robo24_interfaces/environment/pythonpath.sh
[32.550s] -- Installing: /home/mike/ros2_ws/install/robo24_interfaces/share/robo24_interfaces/environment/pythonpath.dsv
[32.551s] -- Installing: /home/mike/ros2_ws/install/robo24_interfaces/local/lib/python3.10/dist-packages/robo24_interfaces-0.0.0-py3.10.egg-info
[32.553s] -- Installing: /home/mike/ros2_ws/install/robo24_interfaces/local/lib/python3.10/dist-packages/robo24_interfaces-0.0.0-py3.10.egg-info/SOURCES.txt
[32.554s] -- Installing: /home/mike/ros2_ws/install/robo24_interfaces/local/lib/python3.10/dist-packages/robo24_interfaces-0.0.0-py3.10.egg-info/dependency_links.txt
[32.555s] -- Installing: /home/mike/ros2_ws/install/robo24_interfaces/local/lib/python3.10/dist-packages/robo24_interfaces-0.0.0-py3.10.egg-info/PKG-INFO
[32.556s] -- Installing: /home/mike/ros2_ws/install/robo24_interfaces/local/lib/python3.10/dist-packages/robo24_interfaces-0.0.0-py3.10.egg-info/top_level.txt
[32.558s] -- Installing: /home/mike/ros2_ws/install/robo24_interfaces/local/lib/python3.10/dist-packages/robo24_interfaces
[32.559s] -- Installing: /home/mike/ros2_ws/install/robo24_interfaces/local/lib/python3.10/dist-packages/robo24_interfaces/librobo24_interfaces__rosidl_generator_py.so
[32.560s] -- Installing: /home/mike/ros2_ws/install/robo24_interfaces/local/lib/python3.10/dist-packages/robo24_interfaces/robo24_interfaces_s__rosidl_typesupport_fastrtps_c.cpython-310-aarch64-linux-gnu.so
[32.562s] -- Installing: /home/mike/ros2_ws/install/robo24_interfaces/local/lib/python3.10/dist-packages/robo24_interfaces/_robo24_interfaces_s.ep.rosidl_typesupport_fastrtps_c.c
[32.563s] -- Installing: /home/mike/ros2_ws/install/robo24_interfaces/local/lib/python3.10/dist-packages/robo24_interfaces/robo24_interfaces_s__rosidl_typesupport_introspection_c.cpython-310-aarch64-linux-gnu.so
[32.565s] -- Installing: /home/mike/ros2_ws/install/robo24_interfaces/local/lib/python3.10/dist-packages/robo24_interfaces/robo24_interfaces_s__rosidl_typesupport_c.cpython-310-aarch64-linux-gnu.so
[32.566s] -- Installing: /home/mike/ros2_ws/install/robo24_interfaces/local/lib/python3.10/dist-packages/robo24_interfaces/_robo24_interfaces_s.ep.rosidl_typesupport_introspection_c.c
[32.568s] -- Installing: /home/mike/ros2_ws/install/robo24_interfaces/local/lib/python3.10/dist-packages/robo24_interfaces/_robo24_interfaces_s.ep.rosidl_typesupport_c.c
[32.569s] -- Installing: /home/mike/ros2_ws/install/robo24_interfaces/local/lib/python3.10/dist-packages/robo24_interfaces/srv
[32.570s] -- Installing: /home/mike/ros2_ws/install/robo24_interfaces/local/lib/python3.10/dist-packages/robo24_interfaces/srv/_claw.py
[32.571s] -- Installing: /home/mike/ros2_ws/install/robo24_interfaces/local/lib/python3.10/dist-packages/robo24_interfaces/srv/__init__.py
[32.572s] -- Installing: /home/mike/ros2_ws/install/robo24_interfaces/local/lib/python3.10/dist-packages/robo24_interfaces/srv/_claw_s.c
[32.573s] -- Installing: /home/mike/ros2_ws/install/robo24_interfaces/local/lib/python3.10/dist-packages/robo24_interfaces/__init__.py
[32.797s] Listing '/home/mike/ros2_ws/install/robo24_interfaces/local/lib/python3.10/dist-packages/robo24_interfaces'...
[32.799s] Compiling '/home/mike/ros2_ws/install/robo24_interfaces/local/lib/python3.10/dist-packages/robo24_interfaces/__init__.py'...
[32.800s] Listing '/home/mike/ros2_ws/install/robo24_interfaces/local/lib/python3.10/dist-packages/robo24_interfaces/srv'...
[32.803s] Compiling '/home/mike/ros2_ws/install/robo24_interfaces/local/lib/python3.10/dist-packages/robo24_interfaces/srv/__init__.py'...
[32.804s] Compiling '/home/mike/ros2_ws/install/robo24_interfaces/local/lib/python3.10/dist-packages/robo24_interfaces/srv/_claw.py'...
[32.839s] -- Installing: /home/mike/ros2_ws/install/robo24_interfaces/local/lib/python3.10/dist-packages/robo24_interfaces/robo24_interfaces_s__rosidl_typesupport_fastrtps_c.cpython-310-aarch64-linux-gnu.so
[32.843s] -- Set runtime path of "/home/mike/ros2_ws/install/robo24_interfaces/local/lib/python3.10/dist-packages/robo24_interfaces/robo24_interfaces_s__rosidl_typesupport_fastrtps_c.cpython-310-aarch64-linux-gnu.so" to ""
[32.845s] -- Installing: /home/mike/ros2_ws/install/robo24_interfaces/local/lib/python3.10/dist-packages/robo24_interfaces/robo24_interfaces_s__rosidl_typesupport_introspection_c.cpython-310-aarch64-linux-gnu.so
[32.848s] -- Set runtime path of "/home/mike/ros2_ws/install/robo24_interfaces/local/lib/python3.10/dist-packages/robo24_interfaces/robo24_interfaces_s__rosidl_typesupport_introspection_c.cpython-310-aarch64-linux-gnu.so" to ""
[32.851s] -- Installing: /home/mike/ros2_ws/install/robo24_interfaces/local/lib/python3.10/dist-packages/robo24_interfaces/robo24_interfaces_s__rosidl_typesupport_c.cpython-310-aarch64-linux-gnu.so
[32.854s] -- Set runtime path of "/home/mike/ros2_ws/install/robo24_interfaces/local/lib/python3.10/dist-packages/robo24_interfaces/robo24_interfaces_s__rosidl_typesupport_c.cpython-310-aarch64-linux-gnu.so" to ""
[32.855s] -- Installing: /home/mike/ros2_ws/install/robo24_interfaces/lib/librobo24_interfaces__rosidl_generator_py.so
[32.858s] -- Set runtime path of "/home/mike/ros2_ws/install/robo24_interfaces/lib/librobo24_interfaces__rosidl_generator_py.so" to ""
[32.862s] -- Installing: /home/mike/ros2_ws/install/robo24_interfaces/share/robo24_interfaces/srv/Claw.idl
[32.866s] -- Installing: /home/mike/ros2_ws/install/robo24_interfaces/share/robo24_interfaces/srv/Claw.srv
[32.868s] -- Installing: /home/mike/ros2_ws/install/robo24_interfaces/share/robo24_interfaces/srv/Claw_Request.msg
[32.869s] -- Installing: /home/mike/ros2_ws/install/robo24_interfaces/share/robo24_interfaces/srv/Claw_Response.msg
[32.871s] -- Installing: /home/mike/ros2_ws/install/robo24_interfaces/share/ament_index/resource_index/package_run_dependencies/robo24_interfaces
[32.873s] -- Installing: /home/mike/ros2_ws/install/robo24_interfaces/share/ament_index/resource_index/parent_prefix_path/robo24_interfaces
[32.875s] -- Installing: /home/mike/ros2_ws/install/robo24_interfaces/share/robo24_interfaces/environment/ament_prefix_path.sh
[32.876s] -- Installing: /home/mike/ros2_ws/install/robo24_interfaces/share/robo24_interfaces/environment/ament_prefix_path.dsv
[32.877s] -- Installing: /home/mike/ros2_ws/install/robo24_interfaces/share/robo24_interfaces/environment/path.sh
[32.879s] -- Installing: /home/mike/ros2_ws/install/robo24_interfaces/share/robo24_interfaces/environment/path.dsv
[32.880s] -- Installing: /home/mike/ros2_ws/install/robo24_interfaces/share/robo24_interfaces/local_setup.bash
[32.881s] -- Installing: /home/mike/ros2_ws/install/robo24_interfaces/share/robo24_interfaces/local_setup.sh
[32.883s] -- Installing: /home/mike/ros2_ws/install/robo24_interfaces/share/robo24_interfaces/local_setup.zsh
[32.884s] -- Installing: /home/mike/ros2_ws/install/robo24_interfaces/share/robo24_interfaces/local_setup.dsv
[32.885s] -- Installing: /home/mike/ros2_ws/install/robo24_interfaces/share/robo24_interfaces/package.dsv
[32.888s] -- Installing: /home/mike/ros2_ws/install/robo24_interfaces/share/ament_index/resource_index/packages/robo24_interfaces
[32.889s] -- Installing: /home/mike/ros2_ws/install/robo24_interfaces/share/robo24_interfaces/cmake/export_robo24_interfaces__rosidl_generator_cExport.cmake
[32.891s] -- Installing: /home/mike/ros2_ws/install/robo24_interfaces/share/robo24_interfaces/cmake/export_robo24_interfaces__rosidl_generator_cExport-noconfig.cmake
[32.892s] -- Installing: /home/mike/ros2_ws/install/robo24_interfaces/share/robo24_interfaces/cmake/export_robo24_interfaces__rosidl_typesupport_fastrtps_cExport.cmake
[32.894s] -- Installing: /home/mike/ros2_ws/install/robo24_interfaces/share/robo24_interfaces/cmake/export_robo24_interfaces__rosidl_typesupport_fastrtps_cExport-noconfig.cmake
[32.896s] -- Installing: /home/mike/ros2_ws/install/robo24_interfaces/share/robo24_interfaces/cmake/robo24_interfaces__rosidl_typesupport_introspection_cExport.cmake
[32.897s] -- Installing: /home/mike/ros2_ws/install/robo24_interfaces/share/robo24_interfaces/cmake/robo24_interfaces__rosidl_typesupport_introspection_cExport-noconfig.cmake
[32.899s] -- Installing: /home/mike/ros2_ws/install/robo24_interfaces/share/robo24_interfaces/cmake/robo24_interfaces__rosidl_typesupport_cExport.cmake
[32.901s] -- Installing: /home/mike/ros2_ws/install/robo24_interfaces/share/robo24_interfaces/cmake/robo24_interfaces__rosidl_typesupport_cExport-noconfig.cmake
[32.902s] -- Installing: /home/mike/ros2_ws/install/robo24_interfaces/share/robo24_interfaces/cmake/export_robo24_interfaces__rosidl_generator_cppExport.cmake
[32.904s] -- Installing: /home/mike/ros2_ws/install/robo24_interfaces/share/robo24_interfaces/cmake/export_robo24_interfaces__rosidl_typesupport_fastrtps_cppExport.cmake
[32.906s] -- Installing: /home/mike/ros2_ws/install/robo24_interfaces/share/robo24_interfaces/cmake/export_robo24_interfaces__rosidl_typesupport_fastrtps_cppExport-noconfig.cmake
[32.908s] -- Installing: /home/mike/ros2_ws/install/robo24_interfaces/share/robo24_interfaces/cmake/robo24_interfaces__rosidl_typesupport_introspection_cppExport.cmake
[32.909s] -- Installing: /home/mike/ros2_ws/install/robo24_interfaces/share/robo24_interfaces/cmake/robo24_interfaces__rosidl_typesupport_introspection_cppExport-noconfig.cmake
[32.911s] -- Installing: /home/mike/ros2_ws/install/robo24_interfaces/share/robo24_interfaces/cmake/robo24_interfaces__rosidl_typesupport_cppExport.cmake
[32.912s] -- Installing: /home/mike/ros2_ws/install/robo24_interfaces/share/robo24_interfaces/cmake/robo24_interfaces__rosidl_typesupport_cppExport-noconfig.cmake
[32.914s] -- Installing: /home/mike/ros2_ws/install/robo24_interfaces/share/robo24_interfaces/cmake/export_robo24_interfaces__rosidl_generator_pyExport.cmake
[32.916s] -- Installing: /home/mike/ros2_ws/install/robo24_interfaces/share/robo24_interfaces/cmake/export_robo24_interfaces__rosidl_generator_pyExport-noconfig.cmake
[32.918s] -- Installing: /home/mike/ros2_ws/install/robo24_interfaces/share/robo24_interfaces/cmake/rosidl_cmake-extras.cmake
[32.919s] -- Installing: /home/mike/ros2_ws/install/robo24_interfaces/share/robo24_interfaces/cmake/ament_cmake_export_include_directories-extras.cmake
[32.921s] -- Installing: /home/mike/ros2_ws/install/robo24_interfaces/share/robo24_interfaces/cmake/ament_cmake_export_libraries-extras.cmake
[32.924s] -- Installing: /home/mike/ros2_ws/install/robo24_interfaces/share/robo24_interfaces/cmake/ament_cmake_export_targets-extras.cmake
[32.924s] -- Installing: /home/mike/ros2_ws/install/robo24_interfaces/share/robo24_interfaces/cmake/rosidl_cmake_export_typesupport_targets-extras.cmake
[32.925s] -- Installing: /home/mike/ros2_ws/install/robo24_interfaces/share/robo24_interfaces/cmake/ament_cmake_export_dependencies-extras.cmake
[32.927s] -- Installing: /home/mike/ros2_ws/install/robo24_interfaces/share/robo24_interfaces/cmake/rosidl_cmake_export_typesupport_libraries-extras.cmake
[32.928s] -- Installing: /home/mike/ros2_ws/install/robo24_interfaces/share/robo24_interfaces/cmake/robo24_interfacesConfig.cmake
[32.929s] -- Installing: /home/mike/ros2_ws/install/robo24_interfaces/share/robo24_interfaces/cmake/robo24_interfacesConfig-version.cmake
[32.931s] -- Installing: /home/mike/ros2_ws/install/robo24_interfaces/share/robo24_interfaces/package.xml
[32.939s] Invoked command in '/home/mike/ros2_ws/build/robo24_interfaces' returned '0': CMAKE_PREFIX_PATH=/home/mike/ros2_ws/install/robo24_stuff:/home/mike/ros2_ws/install/robo24_nav:/home/mike/ros2_ws/install/robo24_localization:/home/mike/ros2_ws/install/robo24_bringup:/opt/ros/humble /usr/bin/cmake --install /home/mike/ros2_ws/build/robo24_interfaces
