[3.248s] DEBUG:colcon:Command line arguments: ['/usr/bin/colcon', 'build', '--packages-select', 'wheel_controller']
[3.248s] DEBUG:colcon:Parsed command line arguments: Namespace(log_base=None, log_level=None, verb_name='build', build_base='build', install_base='install', merge_install=False, symlink_install=False, test_result_base=None, continue_on_error=False, executor='parallel', parallel_workers=4, event_handlers=None, ignore_user_meta=False, metas=['./colcon.meta'], base_paths=['.'], packages_ignore=None, packages_ignore_regex=None, paths=None, packages_up_to=None, packages_up_to_regex=None, packages_above=None, packages_above_and_dependencies=None, packages_above_depth=None, packages_select_by_dep=None, packages_skip_by_dep=None, packages_skip_up_to=None, packages_select_build_failed=False, packages_skip_build_finished=False, packages_select_test_failures=False, packages_skip_test_passed=False, packages_select=['wheel_controller'], packages_skip=None, packages_select_regex=None, packages_skip_regex=None, packages_start=None, packages_end=None, allow_overriding=[], cmake_args=None, cmake_target=None, cmake_target_skip_unavailable=False, cmake_clean_cache=False, cmake_clean_first=False, cmake_force_configure=False, ament_cmake_args=None, catkin_cmake_args=None, catkin_skip_building_tests=False, verb_parser=<colcon_defaults.argument_parser.defaults.DefaultArgumentsDecorator object at 0xffffb0e628c0>, verb_extension=<colcon_core.verb.build.BuildVerb object at 0xffffb116eb60>, main=<bound method BuildVerb.main of <colcon_core.verb.build.BuildVerb object at 0xffffb116eb60>>)
[3.415s] Level 1:colcon.colcon_core.package_discovery:discover_packages(colcon_meta) check parameters
[3.415s] Level 1:colcon.colcon_core.package_discovery:discover_packages(recursive) check parameters
[3.415s] Level 1:colcon.colcon_core.package_discovery:discover_packages(ignore) check parameters
[3.415s] Level 1:colcon.colcon_core.package_discovery:discover_packages(path) check parameters
[3.415s] Level 1:colcon.colcon_core.package_discovery:discover_packages(colcon_meta) discover
[3.416s] Level 1:colcon.colcon_core.package_discovery:discover_packages(recursive) discover
[3.416s] INFO:colcon.colcon_core.package_discovery:Crawling recursively for packages in '/home/mike/ros2_ws/src'
[3.416s] Level 1:colcon.colcon_core.package_identification:_identify(.) by extensions ['ignore', 'ignore_ament_install']
[3.417s] Level 1:colcon.colcon_core.package_identification:_identify(.) by extension 'ignore'
[3.417s] Level 1:colcon.colcon_core.package_identification:_identify(.) by extension 'ignore_ament_install'
[3.417s] Level 1:colcon.colcon_core.package_identification:_identify(.) by extensions ['colcon_pkg']
[3.417s] Level 1:colcon.colcon_core.package_identification:_identify(.) by extension 'colcon_pkg'
[3.417s] Level 1:colcon.colcon_core.package_identification:_identify(.) by extensions ['colcon_meta']
[3.418s] Level 1:colcon.colcon_core.package_identification:_identify(.) by extension 'colcon_meta'
[3.418s] Level 1:colcon.colcon_core.package_identification:_identify(.) by extensions ['ros']
[3.418s] Level 1:colcon.colcon_core.package_identification:_identify(.) by extension 'ros'
[3.461s] Level 1:colcon.colcon_core.package_identification:_identify(.) by extensions ['cmake', 'python']
[3.461s] Level 1:colcon.colcon_core.package_identification:_identify(.) by extension 'cmake'
[3.461s] Level 1:colcon.colcon_core.package_identification:_identify(.) by extension 'python'
[3.461s] Level 1:colcon.colcon_core.package_identification:_identify(.) by extensions ['python_setup_py']
[3.461s] Level 1:colcon.colcon_core.package_identification:_identify(.) by extension 'python_setup_py'
[3.462s] Level 1:colcon.colcon_core.package_identification:_identify(build) by extensions ['ignore', 'ignore_ament_install']
[3.462s] Level 1:colcon.colcon_core.package_identification:_identify(build) by extension 'ignore'
[3.462s] Level 1:colcon.colcon_core.package_identification:_identify(build) ignored
[3.463s] Level 1:colcon.colcon_core.package_identification:_identify(install) by extensions ['ignore', 'ignore_ament_install']
[3.463s] Level 1:colcon.colcon_core.package_identification:_identify(install) by extension 'ignore'
[3.463s] Level 1:colcon.colcon_core.package_identification:_identify(install) ignored
[3.464s] Level 1:colcon.colcon_core.package_identification:_identify(log) by extensions ['ignore', 'ignore_ament_install']
[3.464s] Level 1:colcon.colcon_core.package_identification:_identify(log) by extension 'ignore'
[3.464s] Level 1:colcon.colcon_core.package_identification:_identify(log) ignored
[3.465s] Level 1:colcon.colcon_core.package_identification:_identify(my_robot_tutorials) by extensions ['ignore', 'ignore_ament_install']
[3.465s] Level 1:colcon.colcon_core.package_identification:_identify(my_robot_tutorials) by extension 'ignore'
[3.465s] Level 1:colcon.colcon_core.package_identification:_identify(my_robot_tutorials) by extension 'ignore_ament_install'
[3.466s] Level 1:colcon.colcon_core.package_identification:_identify(my_robot_tutorials) by extensions ['colcon_pkg']
[3.466s] Level 1:colcon.colcon_core.package_identification:_identify(my_robot_tutorials) by extension 'colcon_pkg'
[3.466s] Level 1:colcon.colcon_core.package_identification:_identify(my_robot_tutorials) by extensions ['colcon_meta']
[3.466s] Level 1:colcon.colcon_core.package_identification:_identify(my_robot_tutorials) by extension 'colcon_meta'
[3.466s] Level 1:colcon.colcon_core.package_identification:_identify(my_robot_tutorials) by extensions ['ros']
[3.466s] Level 1:colcon.colcon_core.package_identification:_identify(my_robot_tutorials) by extension 'ros'
[3.475s] DEBUG:colcon.colcon_core.package_identification:Package 'my_robot_tutorials' with type 'ros.ament_python' and name 'my_robot_tutorials'
[3.476s] Level 1:colcon.colcon_core.package_identification:_identify(ros2_tutorials_py) by extensions ['ignore', 'ignore_ament_install']
[3.476s] Level 1:colcon.colcon_core.package_identification:_identify(ros2_tutorials_py) by extension 'ignore'
[3.476s] Level 1:colcon.colcon_core.package_identification:_identify(ros2_tutorials_py) by extension 'ignore_ament_install'
[3.476s] Level 1:colcon.colcon_core.package_identification:_identify(ros2_tutorials_py) by extensions ['colcon_pkg']
[3.477s] Level 1:colcon.colcon_core.package_identification:_identify(ros2_tutorials_py) by extension 'colcon_pkg'
[3.477s] Level 1:colcon.colcon_core.package_identification:_identify(ros2_tutorials_py) by extensions ['colcon_meta']
[3.477s] Level 1:colcon.colcon_core.package_identification:_identify(ros2_tutorials_py) by extension 'colcon_meta'
[3.477s] Level 1:colcon.colcon_core.package_identification:_identify(ros2_tutorials_py) by extensions ['ros']
[3.477s] Level 1:colcon.colcon_core.package_identification:_identify(ros2_tutorials_py) by extension 'ros'
[3.479s] DEBUG:colcon.colcon_core.package_identification:Package 'ros2_tutorials_py' with type 'ros.ament_python' and name 'ros2_tutorials_py'
[3.480s] Level 1:colcon.colcon_core.package_identification:_identify(wheel_controller) by extensions ['ignore', 'ignore_ament_install']
[3.480s] Level 1:colcon.colcon_core.package_identification:_identify(wheel_controller) by extension 'ignore'
[3.480s] Level 1:colcon.colcon_core.package_identification:_identify(wheel_controller) by extension 'ignore_ament_install'
[3.481s] Level 1:colcon.colcon_core.package_identification:_identify(wheel_controller) by extensions ['colcon_pkg']
[3.481s] Level 1:colcon.colcon_core.package_identification:_identify(wheel_controller) by extension 'colcon_pkg'
[3.481s] Level 1:colcon.colcon_core.package_identification:_identify(wheel_controller) by extensions ['colcon_meta']
[3.481s] Level 1:colcon.colcon_core.package_identification:_identify(wheel_controller) by extension 'colcon_meta'
[3.481s] Level 1:colcon.colcon_core.package_identification:_identify(wheel_controller) by extensions ['ros']
[3.481s] Level 1:colcon.colcon_core.package_identification:_identify(wheel_controller) by extension 'ros'
[3.483s] DEBUG:colcon.colcon_core.package_identification:Package 'wheel_controller' with type 'ros.ament_python' and name 'wheel_controller'
[3.483s] Level 1:colcon.colcon_core.package_discovery:discover_packages(recursive) using defaults
[3.484s] Level 1:colcon.colcon_core.package_discovery:discover_packages(ignore) discover
[3.484s] Level 1:colcon.colcon_core.package_discovery:discover_packages(ignore) using defaults
[3.484s] Level 1:colcon.colcon_core.package_discovery:discover_packages(path) discover
[3.484s] Level 1:colcon.colcon_core.package_discovery:discover_packages(path) using defaults
[3.694s] INFO:colcon.colcon_core.package_selection:Skipping not selected package 'my_robot_tutorials' in 'my_robot_tutorials'
[3.694s] INFO:colcon.colcon_core.package_selection:Skipping not selected package 'ros2_tutorials_py' in 'ros2_tutorials_py'
[3.783s] Level 1:colcon.colcon_core.package_discovery:discover_packages(prefix_path) check parameters
[3.783s] Level 1:colcon.colcon_core.package_discovery:discover_packages(prefix_path) discover
[3.882s] DEBUG:colcon.colcon_installed_package_information.package_discovery:Found 184 installed packages in /opt/ros/humble
[3.886s] Level 1:colcon.colcon_core.package_discovery:discover_packages(prefix_path) using defaults
[4.143s] Level 5:colcon.colcon_core.verb:set package 'wheel_controller' build argument 'cmake_args' from command line to 'None'
[4.143s] Level 5:colcon.colcon_core.verb:set package 'wheel_controller' build argument 'cmake_target' from command line to 'None'
[4.143s] Level 5:colcon.colcon_core.verb:set package 'wheel_controller' build argument 'cmake_target_skip_unavailable' from command line to 'False'
[4.144s] Level 5:colcon.colcon_core.verb:set package 'wheel_controller' build argument 'cmake_clean_cache' from command line to 'False'
[4.144s] Level 5:colcon.colcon_core.verb:set package 'wheel_controller' build argument 'cmake_clean_first' from command line to 'False'
[4.144s] Level 5:colcon.colcon_core.verb:set package 'wheel_controller' build argument 'cmake_force_configure' from command line to 'False'
[4.144s] Level 5:colcon.colcon_core.verb:set package 'wheel_controller' build argument 'ament_cmake_args' from command line to 'None'
[4.144s] Level 5:colcon.colcon_core.verb:set package 'wheel_controller' build argument 'catkin_cmake_args' from command line to 'None'
[4.144s] Level 5:colcon.colcon_core.verb:set package 'wheel_controller' build argument 'catkin_skip_building_tests' from command line to 'False'
[4.144s] DEBUG:colcon.colcon_core.verb:Building package 'wheel_controller' with the following arguments: {'ament_cmake_args': None, 'build_base': '/home/mike/ros2_ws/src/build/wheel_controller', 'catkin_cmake_args': None, 'catkin_skip_building_tests': False, 'cmake_args': None, 'cmake_clean_cache': False, 'cmake_clean_first': False, 'cmake_force_configure': False, 'cmake_target': None, 'cmake_target_skip_unavailable': False, 'install_base': '/home/mike/ros2_ws/src/install/wheel_controller', 'merge_install': False, 'path': '/home/mike/ros2_ws/src/wheel_controller', 'symlink_install': False, 'test_result_base': None}
[4.189s] INFO:colcon.colcon_core.executor:Executing jobs using 'parallel' executor
[4.236s] DEBUG:colcon.colcon_parallel_executor.executor.parallel:run_until_complete
[4.237s] INFO:colcon.colcon_ros.task.ament_python.build:Building ROS package in '/home/mike/ros2_ws/src/wheel_controller' with build type 'ament_python'
[4.238s] Level 1:colcon.colcon_core.shell:create_environment_hook('wheel_controller', 'ament_prefix_path')
[4.291s] INFO:colcon.colcon_core.plugin_system:Skipping extension 'colcon_core.shell.bat': Not used on non-Windows systems
[4.292s] INFO:colcon.colcon_core.shell:Creating environment hook '/home/mike/ros2_ws/src/install/wheel_controller/share/wheel_controller/hook/ament_prefix_path.ps1'
[4.294s] INFO:colcon.colcon_core.shell:Creating environment descriptor '/home/mike/ros2_ws/src/install/wheel_controller/share/wheel_controller/hook/ament_prefix_path.dsv'
[4.296s] INFO:colcon.colcon_core.shell:Creating environment hook '/home/mike/ros2_ws/src/install/wheel_controller/share/wheel_controller/hook/ament_prefix_path.sh'
[4.345s] INFO:colcon.colcon_core.shell:Skip shell extension 'powershell' for command environment: Not usable outside of PowerShell
[4.345s] DEBUG:colcon.colcon_core.shell:Skip shell extension 'dsv' for command environment
[5.391s] INFO:colcon.colcon_core.task.python.build:Building Python package in '/home/mike/ros2_ws/src/wheel_controller'
[5.436s] INFO:colcon.colcon_core.shell:Skip shell extension 'powershell' for command environment: Not usable outside of PowerShell
[5.436s] DEBUG:colcon.colcon_core.shell:Skip shell extension 'dsv' for command environment
[6.878s] DEBUG:colcon.colcon_core.event_handler.log_command:Invoking command in '/home/mike/ros2_ws/src/wheel_controller': PYTHONPATH=/home/mike/ros2_ws/src/build/wheel_controller/prefix_override:/home/mike/ros2_ws/src/install/wheel_controller/lib/python3.10/site-packages:${PYTHONPATH} /usr/bin/python3 setup.py egg_info --egg-base ../build/wheel_controller build --build-base /home/mike/ros2_ws/src/build/wheel_controller/build install --record /home/mike/ros2_ws/src/build/wheel_controller/install.log --single-version-externally-managed
[7.974s] DEBUG:colcon.colcon_core.event_handler.log_command:Invoked command in '/home/mike/ros2_ws/src/wheel_controller' returned '0': PYTHONPATH=/home/mike/ros2_ws/src/build/wheel_controller/prefix_override:/home/mike/ros2_ws/src/install/wheel_controller/lib/python3.10/site-packages:${PYTHONPATH} /usr/bin/python3 setup.py egg_info --egg-base ../build/wheel_controller build --build-base /home/mike/ros2_ws/src/build/wheel_controller/build install --record /home/mike/ros2_ws/src/build/wheel_controller/install.log --single-version-externally-managed
[8.030s] Level 1:colcon.colcon_core.environment:checking '/home/mike/ros2_ws/src/install/wheel_controller' for CMake module files
[8.032s] Level 1:colcon.colcon_core.environment:checking '/home/mike/ros2_ws/src/install/wheel_controller' for CMake config files
[8.035s] Level 1:colcon.colcon_core.environment:checking '/home/mike/ros2_ws/src/install/wheel_controller/lib'
[8.036s] Level 1:colcon.colcon_core.environment:checking '/home/mike/ros2_ws/src/install/wheel_controller/bin'
[8.037s] Level 1:colcon.colcon_core.environment:checking '/home/mike/ros2_ws/src/install/wheel_controller/lib/pkgconfig/wheel_controller.pc'
[8.037s] Level 1:colcon.colcon_core.environment:checking '/home/mike/ros2_ws/src/install/wheel_controller/lib/python3.10/site-packages'
[8.038s] Level 1:colcon.colcon_core.shell:create_environment_hook('wheel_controller', 'pythonpath')
[8.084s] INFO:colcon.colcon_core.shell:Creating environment hook '/home/mike/ros2_ws/src/install/wheel_controller/share/wheel_controller/hook/pythonpath.ps1'
[8.085s] INFO:colcon.colcon_core.shell:Creating environment descriptor '/home/mike/ros2_ws/src/install/wheel_controller/share/wheel_controller/hook/pythonpath.dsv'
[8.087s] INFO:colcon.colcon_core.shell:Creating environment hook '/home/mike/ros2_ws/src/install/wheel_controller/share/wheel_controller/hook/pythonpath.sh'
[8.089s] Level 1:colcon.colcon_core.environment:checking '/home/mike/ros2_ws/src/install/wheel_controller/bin'
[8.090s] Level 1:colcon.colcon_core.environment:create_environment_scripts_only(wheel_controller)
[8.135s] INFO:colcon.colcon_core.shell:Creating package script '/home/mike/ros2_ws/src/install/wheel_controller/share/wheel_controller/package.ps1'
[8.138s] INFO:colcon.colcon_core.shell:Creating package descriptor '/home/mike/ros2_ws/src/install/wheel_controller/share/wheel_controller/package.dsv'
[8.141s] INFO:colcon.colcon_core.shell:Creating package script '/home/mike/ros2_ws/src/install/wheel_controller/share/wheel_controller/package.sh'
[8.144s] INFO:colcon.colcon_core.shell:Creating package script '/home/mike/ros2_ws/src/install/wheel_controller/share/wheel_controller/package.bash'
[8.147s] INFO:colcon.colcon_core.shell:Creating package script '/home/mike/ros2_ws/src/install/wheel_controller/share/wheel_controller/package.zsh'
[8.150s] Level 1:colcon.colcon_core.environment:create_file_with_runtime_dependencies(/home/mike/ros2_ws/src/install/wheel_controller/share/colcon-core/packages/wheel_controller)
[8.151s] DEBUG:colcon.colcon_parallel_executor.executor.parallel:closing loop
[8.152s] DEBUG:colcon.colcon_parallel_executor.executor.parallel:loop closed
[8.153s] DEBUG:colcon.colcon_parallel_executor.executor.parallel:run_until_complete finished with '0'
[8.153s] DEBUG:colcon.colcon_core.event_reactor:joining thread
[8.217s] INFO:colcon.colcon_core.plugin_system:Skipping extension 'colcon_notification.desktop_notification.notify_send': Could not find 'notify-send'
[8.217s] INFO:colcon.colcon_core.plugin_system:Skipping extension 'colcon_notification.desktop_notification.terminal_notifier': Not used on non-Darwin systems
[8.217s] INFO:colcon.colcon_core.plugin_system:Skipping extension 'colcon_notification.desktop_notification.win32': Not used on non-Windows systems
[8.217s] INFO:colcon.colcon_notification.desktop_notification:Sending desktop notification using 'notify2'
[8.220s] DEBUG:colcon.colcon_notification.desktop_notification.notify2:Failed to initialize notify2: org.freedesktop.DBus.Error.ServiceUnknown: The name org.freedesktop.Notifications was not provided by any .service files
[8.221s] DEBUG:colcon.colcon_core.event_reactor:joined thread
[8.268s] INFO:colcon.colcon_core.shell:Creating prefix script '/home/mike/ros2_ws/src/install/local_setup.ps1'
[8.276s] INFO:colcon.colcon_core.shell:Creating prefix util module '/home/mike/ros2_ws/src/install/_local_setup_util_ps1.py'
[8.282s] INFO:colcon.colcon_core.shell:Creating prefix chain script '/home/mike/ros2_ws/src/install/setup.ps1'
[8.332s] INFO:colcon.colcon_core.shell:Creating prefix script '/home/mike/ros2_ws/src/install/local_setup.sh'
[8.335s] INFO:colcon.colcon_core.shell:Creating prefix util module '/home/mike/ros2_ws/src/install/_local_setup_util_sh.py'
[8.337s] INFO:colcon.colcon_core.shell:Creating prefix chain script '/home/mike/ros2_ws/src/install/setup.sh'
[8.385s] INFO:colcon.colcon_core.shell:Creating prefix script '/home/mike/ros2_ws/src/install/local_setup.bash'
[8.387s] INFO:colcon.colcon_core.shell:Creating prefix chain script '/home/mike/ros2_ws/src/install/setup.bash'
[8.434s] INFO:colcon.colcon_core.shell:Creating prefix script '/home/mike/ros2_ws/src/install/local_setup.zsh'
[8.437s] INFO:colcon.colcon_core.shell:Creating prefix chain script '/home/mike/ros2_ws/src/install/setup.zsh'
