[2.231s] Invoking command in '/home/mike/ros2_ws/build/robo24_interfaces': CMAKE_PREFIX_PATH=${CMAKE_PREFIX_PATH}:/home/mike/ros2_ws/install/robo24_stuff:/home/mike/ros2_ws/install/robo24_nav:/home/mike/ros2_ws/install/robo24_localization:/home/mike/ros2_ws/install/robo24_bringup:/opt/ros/humble /usr/bin/cmake --build /home/mike/ros2_ws/build/robo24_interfaces -- -j4 -l4
[4.114s] [  9%] Built target robo24_interfaces__rosidl_generator_c
[4.117s] [ 12%] Built target robo24_interfaces__cpp
[4.118s] [ 12%] Built target ament_cmake_python_symlink_robo24_interfaces
[4.120s] [ 22%] Built target robo24_interfaces__rosidl_typesupport_introspection_c
[4.122s] [ 32%] Built target robo24_interfaces__rosidl_typesupport_fastrtps_c
[4.124s] [ 41%] Built target robo24_interfaces__rosidl_typesupport_c
[4.126s] [ 51%] Built target robo24_interfaces__rosidl_typesupport_fastrtps_cpp
[4.129s] [ 61%] Built target robo24_interfaces__rosidl_typesupport_introspection_cpp
[4.130s] [ 70%] Built target robo24_interfaces__rosidl_typesupport_cpp
[4.130s] [ 70%] Built target robo24_interfaces
[4.131s] [ 74%] Built target robo24_interfaces__py
[4.131s] [ 80%] Built target robo24_interfaces__rosidl_generator_py
[4.134s] [ 87%] Built target robo24_interfaces__rosidl_typesupport_fastrtps_c__pyext
[4.135s] [ 93%] Built target robo24_interfaces__rosidl_typesupport_introspection_c__pyext
[4.136s] [100%] Built target robo24_interfaces__rosidl_typesupport_c__pyext
[4.137s] running egg_info
[4.137s] writing robo24_interfaces.egg-info/PKG-INFO
[4.138s] writing dependency_links to robo24_interfaces.egg-info/dependency_links.txt
[4.139s] writing top-level names to robo24_interfaces.egg-info/top_level.txt
[4.150s] reading manifest file 'robo24_interfaces.egg-info/SOURCES.txt'
[4.153s] writing manifest file 'robo24_interfaces.egg-info/SOURCES.txt'
[4.286s] [100%] Built target ament_cmake_python_build_robo24_interfaces_egg
[5.647s] Invoked command in '/home/mike/ros2_ws/build/robo24_interfaces' returned '0': CMAKE_PREFIX_PATH=${CMAKE_PREFIX_PATH}:/home/mike/ros2_ws/install/robo24_stuff:/home/mike/ros2_ws/install/robo24_nav:/home/mike/ros2_ws/install/robo24_localization:/home/mike/ros2_ws/install/robo24_bringup:/opt/ros/humble /usr/bin/cmake --build /home/mike/ros2_ws/build/robo24_interfaces -- -j4 -l4
[6.160s] Invoking command in '/home/mike/ros2_ws/build/robo24_interfaces': CMAKE_PREFIX_PATH=${CMAKE_PREFIX_PATH}:/home/mike/ros2_ws/install/robo24_stuff:/home/mike/ros2_ws/install/robo24_nav:/home/mike/ros2_ws/install/robo24_localization:/home/mike/ros2_ws/install/robo24_bringup:/opt/ros/humble /usr/bin/cmake --install /home/mike/ros2_ws/build/robo24_interfaces
[6.204s] -- Install configuration: ""
[6.209s] -- Execute custom install script
[6.212s] -- Up-to-date symlink: /home/mike/ros2_ws/install/robo24_interfaces/share/ament_index/resource_index/rosidl_interfaces/robo24_interfaces
[6.216s] -- Up-to-date symlink: /home/mike/ros2_ws/install/robo24_interfaces/include/robo24_interfaces/robo24_interfaces/msg/rosidl_generator_c__visibility_control.h
[6.218s] -- Up-to-date symlink: /home/mike/ros2_ws/install/robo24_interfaces/include/robo24_interfaces/robo24_interfaces/srv/claw.h
[6.222s] -- Up-to-date symlink: /home/mike/ros2_ws/install/robo24_interfaces/include/robo24_interfaces/robo24_interfaces/srv/detail/claw__functions.h
[6.224s] -- Up-to-date symlink: /home/mike/ros2_ws/install/robo24_interfaces/include/robo24_interfaces/robo24_interfaces/srv/detail/claw__struct.h
[6.227s] -- Up-to-date symlink: /home/mike/ros2_ws/install/robo24_interfaces/include/robo24_interfaces/robo24_interfaces/srv/detail/claw__type_support.h
[6.231s] -- Up-to-date symlink: /home/mike/ros2_ws/install/robo24_interfaces/share/robo24_interfaces/environment/library_path.sh
[6.233s] -- Up-to-date symlink: /home/mike/ros2_ws/install/robo24_interfaces/share/robo24_interfaces/environment/library_path.dsv
[6.237s] -- Up-to-date symlink: /home/mike/ros2_ws/install/robo24_interfaces/include/robo24_interfaces/robo24_interfaces/msg/rosidl_typesupport_fastrtps_c__visibility_control.h
[6.240s] -- Up-to-date symlink: /home/mike/ros2_ws/install/robo24_interfaces/include/robo24_interfaces/robo24_interfaces/srv/detail/claw__rosidl_typesupport_fastrtps_c.h
[6.244s] -- Up-to-date symlink: /home/mike/ros2_ws/install/robo24_interfaces/include/robo24_interfaces/robo24_interfaces/msg/rosidl_typesupport_introspection_c__visibility_control.h
[6.246s] -- Up-to-date symlink: /home/mike/ros2_ws/install/robo24_interfaces/include/robo24_interfaces/robo24_interfaces/srv/detail/claw__rosidl_typesupport_introspection_c.h
[6.250s] -- Up-to-date symlink: /home/mike/ros2_ws/install/robo24_interfaces/include/robo24_interfaces/robo24_interfaces/srv/claw.hpp
[6.252s] -- Up-to-date symlink: /home/mike/ros2_ws/install/robo24_interfaces/include/robo24_interfaces/robo24_interfaces/srv/detail/claw__builder.hpp
[6.255s] -- Up-to-date symlink: /home/mike/ros2_ws/install/robo24_interfaces/include/robo24_interfaces/robo24_interfaces/srv/detail/claw__struct.hpp
[6.257s] -- Up-to-date symlink: /home/mike/ros2_ws/install/robo24_interfaces/include/robo24_interfaces/robo24_interfaces/srv/detail/claw__traits.hpp
[6.262s] -- Up-to-date symlink: /home/mike/ros2_ws/install/robo24_interfaces/include/robo24_interfaces/robo24_interfaces/msg/rosidl_typesupport_fastrtps_cpp__visibility_control.h
[6.265s] -- Up-to-date symlink: /home/mike/ros2_ws/install/robo24_interfaces/include/robo24_interfaces/robo24_interfaces/srv/detail/claw__rosidl_typesupport_fastrtps_cpp.hpp
[6.269s] -- Up-to-date symlink: /home/mike/ros2_ws/install/robo24_interfaces/include/robo24_interfaces/robo24_interfaces/srv/detail/claw__rosidl_typesupport_introspection_cpp.hpp
[6.273s] -- Up-to-date symlink: /home/mike/ros2_ws/install/robo24_interfaces/share/robo24_interfaces/environment/pythonpath.sh
[6.275s] -- Up-to-date symlink: /home/mike/ros2_ws/install/robo24_interfaces/share/robo24_interfaces/environment/pythonpath.dsv
[6.288s] -- Up-to-date symlink: /home/mike/ros2_ws/install/robo24_interfaces/local/lib/python3.10/dist-packages/robo24_interfaces-0.0.0-py3.10.egg-info/PKG-INFO
[6.290s] -- Up-to-date symlink: /home/mike/ros2_ws/install/robo24_interfaces/local/lib/python3.10/dist-packages/robo24_interfaces-0.0.0-py3.10.egg-info/SOURCES.txt
[6.292s] -- Up-to-date symlink: /home/mike/ros2_ws/install/robo24_interfaces/local/lib/python3.10/dist-packages/robo24_interfaces-0.0.0-py3.10.egg-info/dependency_links.txt
[6.295s] -- Up-to-date symlink: /home/mike/ros2_ws/install/robo24_interfaces/local/lib/python3.10/dist-packages/robo24_interfaces-0.0.0-py3.10.egg-info/top_level.txt
[6.302s] -- Up-to-date symlink: /home/mike/ros2_ws/install/robo24_interfaces/local/lib/python3.10/dist-packages/robo24_interfaces/__init__.py
[6.305s] -- Up-to-date symlink: /home/mike/ros2_ws/install/robo24_interfaces/local/lib/python3.10/dist-packages/robo24_interfaces/_robo24_interfaces_s.ep.rosidl_typesupport_c.c
[6.307s] -- Up-to-date symlink: /home/mike/ros2_ws/install/robo24_interfaces/local/lib/python3.10/dist-packages/robo24_interfaces/_robo24_interfaces_s.ep.rosidl_typesupport_fastrtps_c.c
[6.310s] -- Up-to-date symlink: /home/mike/ros2_ws/install/robo24_interfaces/local/lib/python3.10/dist-packages/robo24_interfaces/_robo24_interfaces_s.ep.rosidl_typesupport_introspection_c.c
[6.312s] -- Up-to-date symlink: /home/mike/ros2_ws/install/robo24_interfaces/local/lib/python3.10/dist-packages/robo24_interfaces/librobo24_interfaces__rosidl_generator_py.so
[6.315s] -- Up-to-date symlink: /home/mike/ros2_ws/install/robo24_interfaces/local/lib/python3.10/dist-packages/robo24_interfaces/robo24_interfaces_s__rosidl_typesupport_c.cpython-310-aarch64-linux-gnu.so
[6.317s] -- Up-to-date symlink: /home/mike/ros2_ws/install/robo24_interfaces/local/lib/python3.10/dist-packages/robo24_interfaces/robo24_interfaces_s__rosidl_typesupport_fastrtps_c.cpython-310-aarch64-linux-gnu.so
[6.319s] -- Up-to-date symlink: /home/mike/ros2_ws/install/robo24_interfaces/local/lib/python3.10/dist-packages/robo24_interfaces/robo24_interfaces_s__rosidl_typesupport_introspection_c.cpython-310-aarch64-linux-gnu.so
[6.322s] -- Up-to-date symlink: /home/mike/ros2_ws/install/robo24_interfaces/local/lib/python3.10/dist-packages/robo24_interfaces/srv/__init__.py
[6.326s] -- Up-to-date symlink: /home/mike/ros2_ws/install/robo24_interfaces/local/lib/python3.10/dist-packages/robo24_interfaces/srv/_claw.py
[6.328s] -- Up-to-date symlink: /home/mike/ros2_ws/install/robo24_interfaces/local/lib/python3.10/dist-packages/robo24_interfaces/srv/_claw_s.c
[6.333s] -- Up-to-date symlink: /home/mike/ros2_ws/install/robo24_interfaces/local/lib/python3.10/dist-packages/robo24_interfaces/robo24_interfaces_s__rosidl_typesupport_fastrtps_c.cpython-310-aarch64-linux-gnu.so
[6.336s] -- Up-to-date symlink: /home/mike/ros2_ws/install/robo24_interfaces/local/lib/python3.10/dist-packages/robo24_interfaces/robo24_interfaces_s__rosidl_typesupport_introspection_c.cpython-310-aarch64-linux-gnu.so
[6.342s] -- Up-to-date symlink: /home/mike/ros2_ws/install/robo24_interfaces/local/lib/python3.10/dist-packages/robo24_interfaces/robo24_interfaces_s__rosidl_typesupport_c.cpython-310-aarch64-linux-gnu.so
[6.344s] -- Up-to-date symlink: /home/mike/ros2_ws/install/robo24_interfaces/share/robo24_interfaces/srv/Claw.idl
[6.346s] -- Up-to-date symlink: /home/mike/ros2_ws/install/robo24_interfaces/share/robo24_interfaces/srv/Claw.srv
[6.349s] -- Up-to-date symlink: /home/mike/ros2_ws/install/robo24_interfaces/share/robo24_interfaces/srv/Claw_Request.msg
[6.352s] -- Up-to-date symlink: /home/mike/ros2_ws/install/robo24_interfaces/share/robo24_interfaces/srv/Claw_Response.msg
[6.355s] -- Up-to-date symlink: /home/mike/ros2_ws/install/robo24_interfaces/share/ament_index/resource_index/package_run_dependencies/robo24_interfaces
[6.358s] -- Up-to-date symlink: /home/mike/ros2_ws/install/robo24_interfaces/share/ament_index/resource_index/parent_prefix_path/robo24_interfaces
[6.360s] -- Up-to-date symlink: /home/mike/ros2_ws/install/robo24_interfaces/share/robo24_interfaces/environment/ament_prefix_path.sh
[6.363s] -- Up-to-date symlink: /home/mike/ros2_ws/install/robo24_interfaces/share/robo24_interfaces/environment/ament_prefix_path.dsv
[6.365s] -- Up-to-date symlink: /home/mike/ros2_ws/install/robo24_interfaces/share/robo24_interfaces/environment/path.sh
[6.367s] -- Up-to-date symlink: /home/mike/ros2_ws/install/robo24_interfaces/share/robo24_interfaces/environment/path.dsv
[6.370s] -- Up-to-date symlink: /home/mike/ros2_ws/install/robo24_interfaces/share/robo24_interfaces/local_setup.bash
[6.372s] -- Up-to-date symlink: /home/mike/ros2_ws/install/robo24_interfaces/share/robo24_interfaces/local_setup.sh
[6.375s] -- Up-to-date symlink: /home/mike/ros2_ws/install/robo24_interfaces/share/robo24_interfaces/local_setup.zsh
[6.377s] -- Up-to-date symlink: /home/mike/ros2_ws/install/robo24_interfaces/share/robo24_interfaces/local_setup.dsv
[6.379s] -- Symlinking: /home/mike/ros2_ws/install/robo24_interfaces/share/robo24_interfaces/package.dsv
[6.423s] -- Up-to-date symlink: /home/mike/ros2_ws/install/robo24_interfaces/share/ament_index/resource_index/packages/robo24_interfaces
[6.427s] -- Up-to-date symlink: /home/mike/ros2_ws/install/robo24_interfaces/share/robo24_interfaces/cmake/rosidl_cmake-extras.cmake
[6.430s] -- Up-to-date symlink: /home/mike/ros2_ws/install/robo24_interfaces/share/robo24_interfaces/cmake/ament_cmake_export_include_directories-extras.cmake
[6.434s] -- Up-to-date symlink: /home/mike/ros2_ws/install/robo24_interfaces/share/robo24_interfaces/cmake/ament_cmake_export_libraries-extras.cmake
[6.438s] -- Up-to-date symlink: /home/mike/ros2_ws/install/robo24_interfaces/share/robo24_interfaces/cmake/ament_cmake_export_targets-extras.cmake
[6.440s] -- Up-to-date symlink: /home/mike/ros2_ws/install/robo24_interfaces/share/robo24_interfaces/cmake/rosidl_cmake_export_typesupport_targets-extras.cmake
[6.442s] -- Up-to-date symlink: /home/mike/ros2_ws/install/robo24_interfaces/share/robo24_interfaces/cmake/ament_cmake_export_dependencies-extras.cmake
[6.443s] -- Up-to-date symlink: /home/mike/ros2_ws/install/robo24_interfaces/share/robo24_interfaces/cmake/rosidl_cmake_export_typesupport_libraries-extras.cmake
[6.445s] -- Up-to-date symlink: /home/mike/ros2_ws/install/robo24_interfaces/share/robo24_interfaces/cmake/robo24_interfacesConfig.cmake
[6.449s] -- Up-to-date symlink: /home/mike/ros2_ws/install/robo24_interfaces/share/robo24_interfaces/cmake/robo24_interfacesConfig-version.cmake
[6.449s] -- Up-to-date symlink: /home/mike/ros2_ws/install/robo24_interfaces/share/robo24_interfaces/package.xml
[6.455s] -- Up-to-date: /home/mike/ros2_ws/install/robo24_interfaces/lib/librobo24_interfaces__rosidl_generator_c.so
[6.458s] -- Up-to-date: /home/mike/ros2_ws/install/robo24_interfaces/lib/librobo24_interfaces__rosidl_typesupport_fastrtps_c.so
[6.464s] -- Up-to-date: /home/mike/ros2_ws/install/robo24_interfaces/lib/librobo24_interfaces__rosidl_typesupport_introspection_c.so
[6.470s] -- Up-to-date: /home/mike/ros2_ws/install/robo24_interfaces/lib/librobo24_interfaces__rosidl_typesupport_c.so
[6.479s] -- Up-to-date: /home/mike/ros2_ws/install/robo24_interfaces/lib/librobo24_interfaces__rosidl_typesupport_fastrtps_cpp.so
[6.486s] -- Up-to-date: /home/mike/ros2_ws/install/robo24_interfaces/lib/librobo24_interfaces__rosidl_typesupport_introspection_cpp.so
[6.492s] -- Up-to-date: /home/mike/ros2_ws/install/robo24_interfaces/lib/librobo24_interfaces__rosidl_typesupport_cpp.so
[6.701s] Listing '/home/mike/ros2_ws/install/robo24_interfaces/local/lib/python3.10/dist-packages/robo24_interfaces'...
[6.703s] Listing '/home/mike/ros2_ws/install/robo24_interfaces/local/lib/python3.10/dist-packages/robo24_interfaces/srv'...
[6.738s] -- Up-to-date: /home/mike/ros2_ws/install/robo24_interfaces/lib/librobo24_interfaces__rosidl_generator_py.so
[6.744s] -- Up-to-date: /home/mike/ros2_ws/install/robo24_interfaces/share/robo24_interfaces/cmake/export_robo24_interfaces__rosidl_generator_cExport.cmake
[6.747s] -- Up-to-date: /home/mike/ros2_ws/install/robo24_interfaces/share/robo24_interfaces/cmake/export_robo24_interfaces__rosidl_generator_cExport-noconfig.cmake
[6.753s] -- Up-to-date: /home/mike/ros2_ws/install/robo24_interfaces/share/robo24_interfaces/cmake/export_robo24_interfaces__rosidl_typesupport_fastrtps_cExport.cmake
[6.756s] -- Up-to-date: /home/mike/ros2_ws/install/robo24_interfaces/share/robo24_interfaces/cmake/export_robo24_interfaces__rosidl_typesupport_fastrtps_cExport-noconfig.cmake
[6.766s] -- Up-to-date: /home/mike/ros2_ws/install/robo24_interfaces/share/robo24_interfaces/cmake/robo24_interfaces__rosidl_typesupport_introspection_cExport.cmake
[6.767s] -- Up-to-date: /home/mike/ros2_ws/install/robo24_interfaces/share/robo24_interfaces/cmake/robo24_interfaces__rosidl_typesupport_introspection_cExport-noconfig.cmake
[6.772s] -- Up-to-date: /home/mike/ros2_ws/install/robo24_interfaces/share/robo24_interfaces/cmake/robo24_interfaces__rosidl_typesupport_cExport.cmake
[6.775s] -- Up-to-date: /home/mike/ros2_ws/install/robo24_interfaces/share/robo24_interfaces/cmake/robo24_interfaces__rosidl_typesupport_cExport-noconfig.cmake
[6.780s] -- Up-to-date: /home/mike/ros2_ws/install/robo24_interfaces/share/robo24_interfaces/cmake/export_robo24_interfaces__rosidl_generator_cppExport.cmake
[6.786s] -- Up-to-date: /home/mike/ros2_ws/install/robo24_interfaces/share/robo24_interfaces/cmake/export_robo24_interfaces__rosidl_typesupport_fastrtps_cppExport.cmake
[6.789s] -- Up-to-date: /home/mike/ros2_ws/install/robo24_interfaces/share/robo24_interfaces/cmake/export_robo24_interfaces__rosidl_typesupport_fastrtps_cppExport-noconfig.cmake
[6.794s] -- Up-to-date: /home/mike/ros2_ws/install/robo24_interfaces/share/robo24_interfaces/cmake/robo24_interfaces__rosidl_typesupport_introspection_cppExport.cmake
[6.797s] -- Up-to-date: /home/mike/ros2_ws/install/robo24_interfaces/share/robo24_interfaces/cmake/robo24_interfaces__rosidl_typesupport_introspection_cppExport-noconfig.cmake
[6.802s] -- Up-to-date: /home/mike/ros2_ws/install/robo24_interfaces/share/robo24_interfaces/cmake/robo24_interfaces__rosidl_typesupport_cppExport.cmake
[6.805s] -- Up-to-date: /home/mike/ros2_ws/install/robo24_interfaces/share/robo24_interfaces/cmake/robo24_interfaces__rosidl_typesupport_cppExport-noconfig.cmake
[6.810s] -- Up-to-date: /home/mike/ros2_ws/install/robo24_interfaces/share/robo24_interfaces/cmake/export_robo24_interfaces__rosidl_generator_pyExport.cmake
[6.813s] -- Up-to-date: /home/mike/ros2_ws/install/robo24_interfaces/share/robo24_interfaces/cmake/export_robo24_interfaces__rosidl_generator_pyExport-noconfig.cmake
[6.834s] Invoked command in '/home/mike/ros2_ws/build/robo24_interfaces' returned '0': CMAKE_PREFIX_PATH=${CMAKE_PREFIX_PATH}:/home/mike/ros2_ws/install/robo24_stuff:/home/mike/ros2_ws/install/robo24_nav:/home/mike/ros2_ws/install/robo24_localization:/home/mike/ros2_ws/install/robo24_bringup:/opt/ros/humble /usr/bin/cmake --install /home/mike/ros2_ws/build/robo24_interfaces
