[8.980s] Invoking command in '/home/mike/ros2_ws/src/robo24_nav': PYTHONPATH=/home/mike/ros2_ws/build/robo24_nav/prefix_override:/home/mike/ros2_ws/install/robo24_nav/lib/python3.10/site-packages:${PYTHONPATH} /usr/bin/python3 setup.py egg_info --egg-base ../../build/robo24_nav build --build-base /home/mike/ros2_ws/build/robo24_nav/build install --record /home/mike/ros2_ws/build/robo24_nav/install.log --single-version-externally-managed
[11.188s] running egg_info
[11.192s] creating ../../build/robo24_nav/robo24_nav.egg-info
[11.193s] writing ../../build/robo24_nav/robo24_nav.egg-info/PKG-INFO
[11.194s] writing dependency_links to ../../build/robo24_nav/robo24_nav.egg-info/dependency_links.txt
[11.195s] writing entry points to ../../build/robo24_nav/robo24_nav.egg-info/entry_points.txt
[11.197s] writing requirements to ../../build/robo24_nav/robo24_nav.egg-info/requires.txt
[11.198s] writing top-level names to ../../build/robo24_nav/robo24_nav.egg-info/top_level.txt
[11.200s] writing manifest file '../../build/robo24_nav/robo24_nav.egg-info/SOURCES.txt'
[11.208s] reading manifest file '../../build/robo24_nav/robo24_nav.egg-info/SOURCES.txt'
[11.225s] writing manifest file '../../build/robo24_nav/robo24_nav.egg-info/SOURCES.txt'
[11.226s] running build
[11.226s] running build_py
[11.228s] creating /home/mike/ros2_ws/build/robo24_nav/build
[11.229s] creating /home/mike/ros2_ws/build/robo24_nav/build/lib
[11.229s] creating /home/mike/ros2_ws/build/robo24_nav/build/lib/robo24_nav
[11.243s] copying robo24_nav/robo24_nav_simple_node.py -> /home/mike/ros2_ws/build/robo24_nav/build/lib/robo24_nav
[11.244s] copying robo24_nav/__init__.py -> /home/mike/ros2_ws/build/robo24_nav/build/lib/robo24_nav
[11.245s] running install
[11.246s] running install_lib
[11.247s] creating /home/mike/ros2_ws/install/robo24_nav/lib/python3.10/site-packages/robo24_nav
[11.257s] copying /home/mike/ros2_ws/build/robo24_nav/build/lib/robo24_nav/robo24_nav_simple_node.py -> /home/mike/ros2_ws/install/robo24_nav/lib/python3.10/site-packages/robo24_nav
[11.257s] copying /home/mike/ros2_ws/build/robo24_nav/build/lib/robo24_nav/__init__.py -> /home/mike/ros2_ws/install/robo24_nav/lib/python3.10/site-packages/robo24_nav
[11.261s] byte-compiling /home/mike/ros2_ws/install/robo24_nav/lib/python3.10/site-packages/robo24_nav/robo24_nav_simple_node.py to robo24_nav_simple_node.cpython-310.pyc
[11.262s] byte-compiling /home/mike/ros2_ws/install/robo24_nav/lib/python3.10/site-packages/robo24_nav/__init__.py to __init__.cpython-310.pyc
[11.263s] running install_data
[11.263s] creating /home/mike/ros2_ws/install/robo24_nav/share/ament_index
[11.264s] creating /home/mike/ros2_ws/install/robo24_nav/share/ament_index/resource_index
[11.281s] creating /home/mike/ros2_ws/install/robo24_nav/share/ament_index/resource_index/packages
[11.281s] copying resource/robo24_nav -> /home/mike/ros2_ws/install/robo24_nav/share/ament_index/resource_index/packages
[11.282s] copying package.xml -> /home/mike/ros2_ws/install/robo24_nav/share/robo24_nav
[11.282s] running install_egg_info
[11.283s] Copying ../../build/robo24_nav/robo24_nav.egg-info to /home/mike/ros2_ws/install/robo24_nav/lib/python3.10/site-packages/robo24_nav-0.0.0-py3.10.egg-info
[11.283s] running install_scripts
[11.378s] Installing robo24_nav_simple_node script to /home/mike/ros2_ws/install/robo24_nav/lib/robo24_nav
[11.380s] writing list of installed files to '/home/mike/ros2_ws/build/robo24_nav/install.log'
[13.993s] Invoked command in '/home/mike/ros2_ws/src/robo24_nav' returned '0': PYTHONPATH=/home/mike/ros2_ws/build/robo24_nav/prefix_override:/home/mike/ros2_ws/install/robo24_nav/lib/python3.10/site-packages:${PYTHONPATH} /usr/bin/python3 setup.py egg_info --egg-base ../../build/robo24_nav build --build-base /home/mike/ros2_ws/build/robo24_nav/build install --record /home/mike/ros2_ws/build/robo24_nav/install.log --single-version-externally-managed
