[7.703s] Invoking command in '/home/mike/ros2_ws/build/robo24_bringup': PYTHONPATH=/home/mike/ros2_ws/build/robo24_bringup/prefix_override:/home/mike/ros2_ws/install/robo24_bringup/lib/python3.10/site-packages:${PYTHONPATH} /usr/bin/python3 setup.py develop --editable --build-directory /home/mike/ros2_ws/build/robo24_bringup/build --no-deps install_data
[9.618s] running develop
[10.813s] running egg_info
[10.815s] creating robo24_bringup.egg-info
[10.816s] writing robo24_bringup.egg-info/PKG-INFO
[10.818s] writing dependency_links to robo24_bringup.egg-info/dependency_links.txt
[10.821s] writing entry points to robo24_bringup.egg-info/entry_points.txt
[10.826s] writing requirements to robo24_bringup.egg-info/requires.txt
[10.829s] writing top-level names to robo24_bringup.egg-info/top_level.txt
[10.832s] writing manifest file 'robo24_bringup.egg-info/SOURCES.txt'
[10.846s] reading manifest file 'robo24_bringup.egg-info/SOURCES.txt'
[10.853s] writing manifest file 'robo24_bringup.egg-info/SOURCES.txt'
[10.866s] running build_ext
[10.868s] Creating /home/mike/ros2_ws/install/robo24_bringup/lib/python3.10/site-packages/robo24-bringup.egg-link (link to .)
[10.877s] 
[10.878s] Installed /home/mike/ros2_ws/build/robo24_bringup
[10.879s] running install_data
[10.882s] creating /home/mike/ros2_ws/install/robo24_bringup/share/ament_index
[10.883s] creating /home/mike/ros2_ws/install/robo24_bringup/share/ament_index/resource_index
[10.885s] creating /home/mike/ros2_ws/install/robo24_bringup/share/ament_index/resource_index/packages
[10.894s] copying resource/robo24_bringup -> /home/mike/ros2_ws/install/robo24_bringup/share/ament_index/resource_index/packages
[10.896s] copying package.xml -> /home/mike/ros2_ws/install/robo24_bringup/share/robo24_bringup
[10.901s] creating /home/mike/ros2_ws/install/robo24_bringup/share/robo24_bringup/launch
[10.901s] copying launch/robo24_bringup_launch.py -> /home/mike/ros2_ws/install/robo24_bringup/share/robo24_bringup/launch
[12.078s] Invoked command in '/home/mike/ros2_ws/build/robo24_bringup' returned '0': PYTHONPATH=/home/mike/ros2_ws/build/robo24_bringup/prefix_override:/home/mike/ros2_ws/install/robo24_bringup/lib/python3.10/site-packages:${PYTHONPATH} /usr/bin/python3 setup.py develop --editable --build-directory /home/mike/ros2_ws/build/robo24_bringup/build --no-deps install_data
