[3.850s] DEBUG:colcon:Command line arguments: ['/usr/bin/colcon', 'build']
[3.850s] DEBUG:colcon:Parsed command line arguments: Namespace(log_base=None, log_level=None, verb_name='build', build_base='build', install_base='install', merge_install=False, symlink_install=False, test_result_base=None, continue_on_error=False, executor='parallel', parallel_workers=4, event_handlers=None, ignore_user_meta=False, metas=['./colcon.meta'], base_paths=['.'], packages_ignore=None, packages_ignore_regex=None, paths=None, packages_up_to=None, packages_up_to_regex=None, packages_above=None, packages_above_and_dependencies=None, packages_above_depth=None, packages_select_by_dep=None, packages_skip_by_dep=None, packages_skip_up_to=None, packages_select_build_failed=False, packages_skip_build_finished=False, packages_select_test_failures=False, packages_skip_test_passed=False, packages_select=None, packages_skip=None, packages_select_regex=None, packages_skip_regex=None, packages_start=None, packages_end=None, allow_overriding=[], cmake_args=None, cmake_target=None, cmake_target_skip_unavailable=False, cmake_clean_cache=False, cmake_clean_first=False, cmake_force_configure=False, ament_cmake_args=None, catkin_cmake_args=None, catkin_skip_building_tests=False, verb_parser=<colcon_defaults.argument_parser.defaults.DefaultArgumentsDecorator object at 0xffffa1aaec80>, verb_extension=<colcon_core.verb.build.BuildVerb object at 0xffffa1e06bc0>, main=<bound method BuildVerb.main of <colcon_core.verb.build.BuildVerb object at 0xffffa1e06bc0>>)
[4.042s] Level 1:colcon.colcon_core.package_discovery:discover_packages(colcon_meta) check parameters
[4.042s] Level 1:colcon.colcon_core.package_discovery:discover_packages(recursive) check parameters
[4.043s] Level 1:colcon.colcon_core.package_discovery:discover_packages(ignore) check parameters
[4.043s] Level 1:colcon.colcon_core.package_discovery:discover_packages(path) check parameters
[4.043s] Level 1:colcon.colcon_core.package_discovery:discover_packages(colcon_meta) discover
[4.043s] Level 1:colcon.colcon_core.package_discovery:discover_packages(recursive) discover
[4.043s] INFO:colcon.colcon_core.package_discovery:Crawling recursively for packages in '/home/mike/ros2_ws'
[4.044s] Level 1:colcon.colcon_core.package_identification:_identify(.) by extensions ['ignore', 'ignore_ament_install']
[4.044s] Level 1:colcon.colcon_core.package_identification:_identify(.) by extension 'ignore'
[4.044s] Level 1:colcon.colcon_core.package_identification:_identify(.) by extension 'ignore_ament_install'
[4.045s] Level 1:colcon.colcon_core.package_identification:_identify(.) by extensions ['colcon_pkg']
[4.045s] Level 1:colcon.colcon_core.package_identification:_identify(.) by extension 'colcon_pkg'
[4.045s] Level 1:colcon.colcon_core.package_identification:_identify(.) by extensions ['colcon_meta']
[4.045s] Level 1:colcon.colcon_core.package_identification:_identify(.) by extension 'colcon_meta'
[4.045s] Level 1:colcon.colcon_core.package_identification:_identify(.) by extensions ['ros']
[4.045s] Level 1:colcon.colcon_core.package_identification:_identify(.) by extension 'ros'
[4.091s] Level 1:colcon.colcon_core.package_identification:_identify(.) by extensions ['cmake', 'python']
[4.092s] Level 1:colcon.colcon_core.package_identification:_identify(.) by extension 'cmake'
[4.092s] Level 1:colcon.colcon_core.package_identification:_identify(.) by extension 'python'
[4.092s] Level 1:colcon.colcon_core.package_identification:_identify(.) by extensions ['python_setup_py']
[4.092s] Level 1:colcon.colcon_core.package_identification:_identify(.) by extension 'python_setup_py'
[4.093s] Level 1:colcon.colcon_core.package_identification:_identify(build) by extensions ['ignore', 'ignore_ament_install']
[4.094s] Level 1:colcon.colcon_core.package_identification:_identify(build) by extension 'ignore'
[4.094s] Level 1:colcon.colcon_core.package_identification:_identify(build) ignored
[4.095s] Level 1:colcon.colcon_core.package_identification:_identify(install) by extensions ['ignore', 'ignore_ament_install']
[4.095s] Level 1:colcon.colcon_core.package_identification:_identify(install) by extension 'ignore'
[4.095s] Level 1:colcon.colcon_core.package_identification:_identify(install) ignored
[4.097s] Level 1:colcon.colcon_core.package_identification:_identify(log) by extensions ['ignore', 'ignore_ament_install']
[4.098s] Level 1:colcon.colcon_core.package_identification:_identify(log) by extension 'ignore'
[4.098s] Level 1:colcon.colcon_core.package_identification:_identify(log) ignored
[4.098s] Level 1:colcon.colcon_core.package_identification:_identify(src) by extensions ['ignore', 'ignore_ament_install']
[4.099s] Level 1:colcon.colcon_core.package_identification:_identify(src) by extension 'ignore'
[4.099s] Level 1:colcon.colcon_core.package_identification:_identify(src) by extension 'ignore_ament_install'
[4.099s] Level 1:colcon.colcon_core.package_identification:_identify(src) by extensions ['colcon_pkg']
[4.099s] Level 1:colcon.colcon_core.package_identification:_identify(src) by extension 'colcon_pkg'
[4.099s] Level 1:colcon.colcon_core.package_identification:_identify(src) by extensions ['colcon_meta']
[4.100s] Level 1:colcon.colcon_core.package_identification:_identify(src) by extension 'colcon_meta'
[4.100s] Level 1:colcon.colcon_core.package_identification:_identify(src) by extensions ['ros']
[4.100s] Level 1:colcon.colcon_core.package_identification:_identify(src) by extension 'ros'
[4.100s] Level 1:colcon.colcon_core.package_identification:_identify(src) by extensions ['cmake', 'python']
[4.100s] Level 1:colcon.colcon_core.package_identification:_identify(src) by extension 'cmake'
[4.100s] Level 1:colcon.colcon_core.package_identification:_identify(src) by extension 'python'
[4.101s] Level 1:colcon.colcon_core.package_identification:_identify(src) by extensions ['python_setup_py']
[4.101s] Level 1:colcon.colcon_core.package_identification:_identify(src) by extension 'python_setup_py'
[4.101s] Level 1:colcon.colcon_core.package_identification:_identify(src/log) by extensions ['ignore', 'ignore_ament_install']
[4.102s] Level 1:colcon.colcon_core.package_identification:_identify(src/log) by extension 'ignore'
[4.102s] Level 1:colcon.colcon_core.package_identification:_identify(src/log) ignored
[4.102s] Level 1:colcon.colcon_core.package_identification:_identify(src/robo24_bringup) by extensions ['ignore', 'ignore_ament_install']
[4.103s] Level 1:colcon.colcon_core.package_identification:_identify(src/robo24_bringup) by extension 'ignore'
[4.103s] Level 1:colcon.colcon_core.package_identification:_identify(src/robo24_bringup) by extension 'ignore_ament_install'
[4.103s] Level 1:colcon.colcon_core.package_identification:_identify(src/robo24_bringup) by extensions ['colcon_pkg']
[4.103s] Level 1:colcon.colcon_core.package_identification:_identify(src/robo24_bringup) by extension 'colcon_pkg'
[4.104s] Level 1:colcon.colcon_core.package_identification:_identify(src/robo24_bringup) by extensions ['colcon_meta']
[4.104s] Level 1:colcon.colcon_core.package_identification:_identify(src/robo24_bringup) by extension 'colcon_meta'
[4.104s] Level 1:colcon.colcon_core.package_identification:_identify(src/robo24_bringup) by extensions ['ros']
[4.104s] Level 1:colcon.colcon_core.package_identification:_identify(src/robo24_bringup) by extension 'ros'
[4.113s] DEBUG:colcon.colcon_core.package_identification:Package 'src/robo24_bringup' with type 'ros.ament_python' and name 'robo24_bringup'
[4.114s] Level 1:colcon.colcon_core.package_identification:_identify(src/robo24_localization) by extensions ['ignore', 'ignore_ament_install']
[4.114s] Level 1:colcon.colcon_core.package_identification:_identify(src/robo24_localization) by extension 'ignore'
[4.114s] Level 1:colcon.colcon_core.package_identification:_identify(src/robo24_localization) by extension 'ignore_ament_install'
[4.115s] Level 1:colcon.colcon_core.package_identification:_identify(src/robo24_localization) by extensions ['colcon_pkg']
[4.115s] Level 1:colcon.colcon_core.package_identification:_identify(src/robo24_localization) by extension 'colcon_pkg'
[4.115s] Level 1:colcon.colcon_core.package_identification:_identify(src/robo24_localization) by extensions ['colcon_meta']
[4.115s] Level 1:colcon.colcon_core.package_identification:_identify(src/robo24_localization) by extension 'colcon_meta'
[4.115s] Level 1:colcon.colcon_core.package_identification:_identify(src/robo24_localization) by extensions ['ros']
[4.116s] Level 1:colcon.colcon_core.package_identification:_identify(src/robo24_localization) by extension 'ros'
[4.117s] DEBUG:colcon.colcon_core.package_identification:Package 'src/robo24_localization' with type 'ros.ament_python' and name 'robo24_localization'
[4.118s] Level 1:colcon.colcon_core.package_identification:_identify(src/robo24_nav) by extensions ['ignore', 'ignore_ament_install']
[4.119s] Level 1:colcon.colcon_core.package_identification:_identify(src/robo24_nav) by extension 'ignore'
[4.119s] Level 1:colcon.colcon_core.package_identification:_identify(src/robo24_nav) by extension 'ignore_ament_install'
[4.119s] Level 1:colcon.colcon_core.package_identification:_identify(src/robo24_nav) by extensions ['colcon_pkg']
[4.119s] Level 1:colcon.colcon_core.package_identification:_identify(src/robo24_nav) by extension 'colcon_pkg'
[4.119s] Level 1:colcon.colcon_core.package_identification:_identify(src/robo24_nav) by extensions ['colcon_meta']
[4.120s] Level 1:colcon.colcon_core.package_identification:_identify(src/robo24_nav) by extension 'colcon_meta'
[4.120s] Level 1:colcon.colcon_core.package_identification:_identify(src/robo24_nav) by extensions ['ros']
[4.120s] Level 1:colcon.colcon_core.package_identification:_identify(src/robo24_nav) by extension 'ros'
[4.122s] DEBUG:colcon.colcon_core.package_identification:Package 'src/robo24_nav' with type 'ros.ament_python' and name 'robo24_nav'
[4.122s] Level 1:colcon.colcon_core.package_identification:_identify(src/robo24_wheel_interface) by extensions ['ignore', 'ignore_ament_install']
[4.123s] Level 1:colcon.colcon_core.package_identification:_identify(src/robo24_wheel_interface) by extension 'ignore'
[4.123s] Level 1:colcon.colcon_core.package_identification:_identify(src/robo24_wheel_interface) by extension 'ignore_ament_install'
[4.123s] Level 1:colcon.colcon_core.package_identification:_identify(src/robo24_wheel_interface) by extensions ['colcon_pkg']
[4.124s] Level 1:colcon.colcon_core.package_identification:_identify(src/robo24_wheel_interface) by extension 'colcon_pkg'
[4.124s] Level 1:colcon.colcon_core.package_identification:_identify(src/robo24_wheel_interface) by extensions ['colcon_meta']
[4.124s] Level 1:colcon.colcon_core.package_identification:_identify(src/robo24_wheel_interface) by extension 'colcon_meta'
[4.124s] Level 1:colcon.colcon_core.package_identification:_identify(src/robo24_wheel_interface) by extensions ['ros']
[4.124s] Level 1:colcon.colcon_core.package_identification:_identify(src/robo24_wheel_interface) by extension 'ros'
[4.126s] DEBUG:colcon.colcon_core.package_identification:Package 'src/robo24_wheel_interface' with type 'ros.ament_python' and name 'robo24_wheel_interface'
[4.127s] Level 1:colcon.colcon_core.package_discovery:discover_packages(recursive) using defaults
[4.127s] Level 1:colcon.colcon_core.package_discovery:discover_packages(ignore) discover
[4.127s] Level 1:colcon.colcon_core.package_discovery:discover_packages(ignore) using defaults
[4.127s] Level 1:colcon.colcon_core.package_discovery:discover_packages(path) discover
[4.127s] Level 1:colcon.colcon_core.package_discovery:discover_packages(path) using defaults
[4.472s] Level 1:colcon.colcon_core.package_discovery:discover_packages(prefix_path) check parameters
[4.472s] Level 1:colcon.colcon_core.package_discovery:discover_packages(prefix_path) discover
[4.590s] DEBUG:colcon.colcon_installed_package_information.package_discovery:Found 4 installed packages in /home/mike/ros2_ws/install
[4.651s] DEBUG:colcon.colcon_installed_package_information.package_discovery:Found 253 installed packages in /opt/ros/humble
[4.657s] Level 1:colcon.colcon_core.package_discovery:discover_packages(prefix_path) using defaults
[4.990s] Level 5:colcon.colcon_core.verb:set package 'robo24_bringup' build argument 'cmake_args' from command line to 'None'
[4.991s] Level 5:colcon.colcon_core.verb:set package 'robo24_bringup' build argument 'cmake_target' from command line to 'None'
[4.991s] Level 5:colcon.colcon_core.verb:set package 'robo24_bringup' build argument 'cmake_target_skip_unavailable' from command line to 'False'
[4.991s] Level 5:colcon.colcon_core.verb:set package 'robo24_bringup' build argument 'cmake_clean_cache' from command line to 'False'
[4.991s] Level 5:colcon.colcon_core.verb:set package 'robo24_bringup' build argument 'cmake_clean_first' from command line to 'False'
[4.991s] Level 5:colcon.colcon_core.verb:set package 'robo24_bringup' build argument 'cmake_force_configure' from command line to 'False'
[4.991s] Level 5:colcon.colcon_core.verb:set package 'robo24_bringup' build argument 'ament_cmake_args' from command line to 'None'
[4.991s] Level 5:colcon.colcon_core.verb:set package 'robo24_bringup' build argument 'catkin_cmake_args' from command line to 'None'
[4.991s] Level 5:colcon.colcon_core.verb:set package 'robo24_bringup' build argument 'catkin_skip_building_tests' from command line to 'False'
[4.992s] DEBUG:colcon.colcon_core.verb:Building package 'robo24_bringup' with the following arguments: {'ament_cmake_args': None, 'build_base': '/home/mike/ros2_ws/build/robo24_bringup', 'catkin_cmake_args': None, 'catkin_skip_building_tests': False, 'cmake_args': None, 'cmake_clean_cache': False, 'cmake_clean_first': False, 'cmake_force_configure': False, 'cmake_target': None, 'cmake_target_skip_unavailable': False, 'install_base': '/home/mike/ros2_ws/install/robo24_bringup', 'merge_install': False, 'path': '/home/mike/ros2_ws/src/robo24_bringup', 'symlink_install': False, 'test_result_base': None}
[5.045s] Level 5:colcon.colcon_core.verb:set package 'robo24_localization' build argument 'cmake_args' from command line to 'None'
[5.045s] Level 5:colcon.colcon_core.verb:set package 'robo24_localization' build argument 'cmake_target' from command line to 'None'
[5.045s] Level 5:colcon.colcon_core.verb:set package 'robo24_localization' build argument 'cmake_target_skip_unavailable' from command line to 'False'
[5.045s] Level 5:colcon.colcon_core.verb:set package 'robo24_localization' build argument 'cmake_clean_cache' from command line to 'False'
[5.045s] Level 5:colcon.colcon_core.verb:set package 'robo24_localization' build argument 'cmake_clean_first' from command line to 'False'
[5.046s] Level 5:colcon.colcon_core.verb:set package 'robo24_localization' build argument 'cmake_force_configure' from command line to 'False'
[5.046s] Level 5:colcon.colcon_core.verb:set package 'robo24_localization' build argument 'ament_cmake_args' from command line to 'None'
[5.046s] Level 5:colcon.colcon_core.verb:set package 'robo24_localization' build argument 'catkin_cmake_args' from command line to 'None'
[5.046s] Level 5:colcon.colcon_core.verb:set package 'robo24_localization' build argument 'catkin_skip_building_tests' from command line to 'False'
[5.046s] DEBUG:colcon.colcon_core.verb:Building package 'robo24_localization' with the following arguments: {'ament_cmake_args': None, 'build_base': '/home/mike/ros2_ws/build/robo24_localization', 'catkin_cmake_args': None, 'catkin_skip_building_tests': False, 'cmake_args': None, 'cmake_clean_cache': False, 'cmake_clean_first': False, 'cmake_force_configure': False, 'cmake_target': None, 'cmake_target_skip_unavailable': False, 'install_base': '/home/mike/ros2_ws/install/robo24_localization', 'merge_install': False, 'path': '/home/mike/ros2_ws/src/robo24_localization', 'symlink_install': False, 'test_result_base': None}
[5.099s] Level 5:colcon.colcon_core.verb:set package 'robo24_nav' build argument 'cmake_args' from command line to 'None'
[5.100s] Level 5:colcon.colcon_core.verb:set package 'robo24_nav' build argument 'cmake_target' from command line to 'None'
[5.100s] Level 5:colcon.colcon_core.verb:set package 'robo24_nav' build argument 'cmake_target_skip_unavailable' from command line to 'False'
[5.100s] Level 5:colcon.colcon_core.verb:set package 'robo24_nav' build argument 'cmake_clean_cache' from command line to 'False'
[5.100s] Level 5:colcon.colcon_core.verb:set package 'robo24_nav' build argument 'cmake_clean_first' from command line to 'False'
[5.100s] Level 5:colcon.colcon_core.verb:set package 'robo24_nav' build argument 'cmake_force_configure' from command line to 'False'
[5.100s] Level 5:colcon.colcon_core.verb:set package 'robo24_nav' build argument 'ament_cmake_args' from command line to 'None'
[5.100s] Level 5:colcon.colcon_core.verb:set package 'robo24_nav' build argument 'catkin_cmake_args' from command line to 'None'
[5.100s] Level 5:colcon.colcon_core.verb:set package 'robo24_nav' build argument 'catkin_skip_building_tests' from command line to 'False'
[5.101s] DEBUG:colcon.colcon_core.verb:Building package 'robo24_nav' with the following arguments: {'ament_cmake_args': None, 'build_base': '/home/mike/ros2_ws/build/robo24_nav', 'catkin_cmake_args': None, 'catkin_skip_building_tests': False, 'cmake_args': None, 'cmake_clean_cache': False, 'cmake_clean_first': False, 'cmake_force_configure': False, 'cmake_target': None, 'cmake_target_skip_unavailable': False, 'install_base': '/home/mike/ros2_ws/install/robo24_nav', 'merge_install': False, 'path': '/home/mike/ros2_ws/src/robo24_nav', 'symlink_install': False, 'test_result_base': None}
[5.158s] Level 5:colcon.colcon_core.verb:set package 'robo24_wheel_interface' build argument 'cmake_args' from command line to 'None'
[5.158s] Level 5:colcon.colcon_core.verb:set package 'robo24_wheel_interface' build argument 'cmake_target' from command line to 'None'
[5.158s] Level 5:colcon.colcon_core.verb:set package 'robo24_wheel_interface' build argument 'cmake_target_skip_unavailable' from command line to 'False'
[5.158s] Level 5:colcon.colcon_core.verb:set package 'robo24_wheel_interface' build argument 'cmake_clean_cache' from command line to 'False'
[5.158s] Level 5:colcon.colcon_core.verb:set package 'robo24_wheel_interface' build argument 'cmake_clean_first' from command line to 'False'
[5.158s] Level 5:colcon.colcon_core.verb:set package 'robo24_wheel_interface' build argument 'cmake_force_configure' from command line to 'False'
[5.159s] Level 5:colcon.colcon_core.verb:set package 'robo24_wheel_interface' build argument 'ament_cmake_args' from command line to 'None'
[5.159s] Level 5:colcon.colcon_core.verb:set package 'robo24_wheel_interface' build argument 'catkin_cmake_args' from command line to 'None'
[5.159s] Level 5:colcon.colcon_core.verb:set package 'robo24_wheel_interface' build argument 'catkin_skip_building_tests' from command line to 'False'
[5.159s] DEBUG:colcon.colcon_core.verb:Building package 'robo24_wheel_interface' with the following arguments: {'ament_cmake_args': None, 'build_base': '/home/mike/ros2_ws/build/robo24_wheel_interface', 'catkin_cmake_args': None, 'catkin_skip_building_tests': False, 'cmake_args': None, 'cmake_clean_cache': False, 'cmake_clean_first': False, 'cmake_force_configure': False, 'cmake_target': None, 'cmake_target_skip_unavailable': False, 'install_base': '/home/mike/ros2_ws/install/robo24_wheel_interface', 'merge_install': False, 'path': '/home/mike/ros2_ws/src/robo24_wheel_interface', 'symlink_install': False, 'test_result_base': None}
[5.210s] INFO:colcon.colcon_core.executor:Executing jobs using 'parallel' executor
[5.265s] DEBUG:colcon.colcon_parallel_executor.executor.parallel:run_until_complete
[5.266s] INFO:colcon.colcon_ros.task.ament_python.build:Building ROS package in '/home/mike/ros2_ws/src/robo24_bringup' with build type 'ament_python'
[5.267s] Level 1:colcon.colcon_core.shell:create_environment_hook('robo24_bringup', 'ament_prefix_path')
[5.327s] INFO:colcon.colcon_core.plugin_system:Skipping extension 'colcon_core.shell.bat': Not used on non-Windows systems
[5.328s] INFO:colcon.colcon_core.shell:Creating environment hook '/home/mike/ros2_ws/install/robo24_bringup/share/robo24_bringup/hook/ament_prefix_path.ps1'
[5.331s] INFO:colcon.colcon_core.shell:Creating environment descriptor '/home/mike/ros2_ws/install/robo24_bringup/share/robo24_bringup/hook/ament_prefix_path.dsv'
[5.333s] INFO:colcon.colcon_core.shell:Creating environment hook '/home/mike/ros2_ws/install/robo24_bringup/share/robo24_bringup/hook/ament_prefix_path.sh'
[5.395s] INFO:colcon.colcon_core.shell:Skip shell extension 'powershell' for command environment: Not usable outside of PowerShell
[5.395s] DEBUG:colcon.colcon_core.shell:Skip shell extension 'dsv' for command environment
[5.579s] INFO:colcon.colcon_ros.task.ament_python.build:Building ROS package in '/home/mike/ros2_ws/src/robo24_localization' with build type 'ament_python'
[5.581s] Level 1:colcon.colcon_core.shell:create_environment_hook('robo24_localization', 'ament_prefix_path')
[5.638s] INFO:colcon.colcon_core.shell:Creating environment hook '/home/mike/ros2_ws/install/robo24_localization/share/robo24_localization/hook/ament_prefix_path.ps1'
[5.639s] INFO:colcon.colcon_core.shell:Creating environment descriptor '/home/mike/ros2_ws/install/robo24_localization/share/robo24_localization/hook/ament_prefix_path.dsv'
[5.641s] INFO:colcon.colcon_core.shell:Creating environment hook '/home/mike/ros2_ws/install/robo24_localization/share/robo24_localization/hook/ament_prefix_path.sh'
[5.696s] INFO:colcon.colcon_core.shell:Skip shell extension 'powershell' for command environment: Not usable outside of PowerShell
[5.697s] DEBUG:colcon.colcon_core.shell:Skip shell extension 'dsv' for command environment
[5.877s] INFO:colcon.colcon_ros.task.ament_python.build:Building ROS package in '/home/mike/ros2_ws/src/robo24_nav' with build type 'ament_python'
[5.878s] Level 1:colcon.colcon_core.shell:create_environment_hook('robo24_nav', 'ament_prefix_path')
[5.933s] INFO:colcon.colcon_core.shell:Creating environment hook '/home/mike/ros2_ws/install/robo24_nav/share/robo24_nav/hook/ament_prefix_path.ps1'
[5.935s] INFO:colcon.colcon_core.shell:Creating environment descriptor '/home/mike/ros2_ws/install/robo24_nav/share/robo24_nav/hook/ament_prefix_path.dsv'
[5.937s] INFO:colcon.colcon_core.shell:Creating environment hook '/home/mike/ros2_ws/install/robo24_nav/share/robo24_nav/hook/ament_prefix_path.sh'
[5.996s] INFO:colcon.colcon_core.shell:Skip shell extension 'powershell' for command environment: Not usable outside of PowerShell
[5.996s] DEBUG:colcon.colcon_core.shell:Skip shell extension 'dsv' for command environment
[6.173s] INFO:colcon.colcon_ros.task.ament_python.build:Building ROS package in '/home/mike/ros2_ws/src/robo24_wheel_interface' with build type 'ament_python'
[6.174s] Level 1:colcon.colcon_core.shell:create_environment_hook('robo24_wheel_interface', 'ament_prefix_path')
[6.233s] INFO:colcon.colcon_core.shell:Creating environment hook '/home/mike/ros2_ws/install/robo24_wheel_interface/share/robo24_wheel_interface/hook/ament_prefix_path.ps1'
[6.235s] INFO:colcon.colcon_core.shell:Creating environment descriptor '/home/mike/ros2_ws/install/robo24_wheel_interface/share/robo24_wheel_interface/hook/ament_prefix_path.dsv'
[6.236s] INFO:colcon.colcon_core.shell:Creating environment hook '/home/mike/ros2_ws/install/robo24_wheel_interface/share/robo24_wheel_interface/hook/ament_prefix_path.sh'
[6.292s] INFO:colcon.colcon_core.shell:Skip shell extension 'powershell' for command environment: Not usable outside of PowerShell
[6.292s] DEBUG:colcon.colcon_core.shell:Skip shell extension 'dsv' for command environment
[7.619s] INFO:colcon.colcon_core.task.python.build:Building Python package in '/home/mike/ros2_ws/src/robo24_bringup'
[7.681s] INFO:colcon.colcon_core.shell:Skip shell extension 'powershell' for command environment: Not usable outside of PowerShell
[7.682s] DEBUG:colcon.colcon_core.shell:Skip shell extension 'dsv' for command environment
[9.000s] INFO:colcon.colcon_core.task.python.build:Building Python package in '/home/mike/ros2_ws/src/robo24_localization'
[9.058s] INFO:colcon.colcon_core.shell:Skip shell extension 'powershell' for command environment: Not usable outside of PowerShell
[9.058s] DEBUG:colcon.colcon_core.shell:Skip shell extension 'dsv' for command environment
[10.404s] INFO:colcon.colcon_core.task.python.build:Building Python package in '/home/mike/ros2_ws/src/robo24_nav'
[10.464s] INFO:colcon.colcon_core.shell:Skip shell extension 'powershell' for command environment: Not usable outside of PowerShell
[10.465s] DEBUG:colcon.colcon_core.shell:Skip shell extension 'dsv' for command environment
[11.836s] INFO:colcon.colcon_core.task.python.build:Building Python package in '/home/mike/ros2_ws/src/robo24_wheel_interface'
[11.891s] INFO:colcon.colcon_core.shell:Skip shell extension 'powershell' for command environment: Not usable outside of PowerShell
[11.892s] DEBUG:colcon.colcon_core.shell:Skip shell extension 'dsv' for command environment
[14.487s] DEBUG:colcon.colcon_core.event_handler.log_command:Invoking command in '/home/mike/ros2_ws/src/robo24_localization': PYTHONPATH=/home/mike/ros2_ws/build/robo24_localization/prefix_override:/home/mike/ros2_ws/install/robo24_localization/lib/python3.10/site-packages:${PYTHONPATH} /usr/bin/python3 setup.py egg_info --egg-base ../../build/robo24_localization build --build-base /home/mike/ros2_ws/build/robo24_localization/build install --record /home/mike/ros2_ws/build/robo24_localization/install.log --single-version-externally-managed
[14.605s] DEBUG:colcon.colcon_core.event_handler.log_command:Invoking command in '/home/mike/ros2_ws/src/robo24_nav': PYTHONPATH=/home/mike/ros2_ws/build/robo24_nav/prefix_override:/home/mike/ros2_ws/install/robo24_nav/lib/python3.10/site-packages:${PYTHONPATH} /usr/bin/python3 setup.py egg_info --egg-base ../../build/robo24_nav build --build-base /home/mike/ros2_ws/build/robo24_nav/build install --record /home/mike/ros2_ws/build/robo24_nav/install.log --single-version-externally-managed
[14.627s] DEBUG:colcon.colcon_core.event_handler.log_command:Invoking command in '/home/mike/ros2_ws/src/robo24_wheel_interface': PYTHONPATH=/home/mike/ros2_ws/build/robo24_wheel_interface/prefix_override:/home/mike/ros2_ws/install/robo24_wheel_interface/lib/python3.10/site-packages:${PYTHONPATH} /usr/bin/python3 setup.py egg_info --egg-base ../../build/robo24_wheel_interface build --build-base /home/mike/ros2_ws/build/robo24_wheel_interface/build install --record /home/mike/ros2_ws/build/robo24_wheel_interface/install.log --single-version-externally-managed
[15.051s] DEBUG:colcon.colcon_core.event_handler.log_command:Invoking command in '/home/mike/ros2_ws/src/robo24_bringup': PYTHONPATH=/home/mike/ros2_ws/build/robo24_bringup/prefix_override:/home/mike/ros2_ws/install/robo24_bringup/lib/python3.10/site-packages:${PYTHONPATH} /usr/bin/python3 setup.py egg_info --egg-base ../../build/robo24_bringup build --build-base /home/mike/ros2_ws/build/robo24_bringup/build install --record /home/mike/ros2_ws/build/robo24_bringup/install.log --single-version-externally-managed
[16.664s] DEBUG:colcon.colcon_core.event_handler.log_command:Invoked command in '/home/mike/ros2_ws/src/robo24_localization' returned '0': PYTHONPATH=/home/mike/ros2_ws/build/robo24_localization/prefix_override:/home/mike/ros2_ws/install/robo24_localization/lib/python3.10/site-packages:${PYTHONPATH} /usr/bin/python3 setup.py egg_info --egg-base ../../build/robo24_localization build --build-base /home/mike/ros2_ws/build/robo24_localization/build install --record /home/mike/ros2_ws/build/robo24_localization/install.log --single-version-externally-managed
[16.925s] Level 1:colcon.colcon_core.environment:checking '/home/mike/ros2_ws/install/robo24_localization' for CMake module files
[16.927s] Level 1:colcon.colcon_core.environment:checking '/home/mike/ros2_ws/install/robo24_localization' for CMake config files
[16.932s] Level 1:colcon.colcon_core.environment:checking '/home/mike/ros2_ws/install/robo24_localization/lib'
[16.933s] Level 1:colcon.colcon_core.environment:checking '/home/mike/ros2_ws/install/robo24_localization/bin'
[16.933s] Level 1:colcon.colcon_core.environment:checking '/home/mike/ros2_ws/install/robo24_localization/lib/pkgconfig/robo24_localization.pc'
[16.934s] Level 1:colcon.colcon_core.environment:checking '/home/mike/ros2_ws/install/robo24_localization/lib/python3.10/site-packages'
[16.935s] Level 1:colcon.colcon_core.shell:create_environment_hook('robo24_localization', 'pythonpath')
[17.004s] INFO:colcon.colcon_core.shell:Creating environment hook '/home/mike/ros2_ws/install/robo24_localization/share/robo24_localization/hook/pythonpath.ps1'
[17.006s] INFO:colcon.colcon_core.shell:Creating environment descriptor '/home/mike/ros2_ws/install/robo24_localization/share/robo24_localization/hook/pythonpath.dsv'
[17.008s] INFO:colcon.colcon_core.shell:Creating environment hook '/home/mike/ros2_ws/install/robo24_localization/share/robo24_localization/hook/pythonpath.sh'
[17.011s] Level 1:colcon.colcon_core.environment:checking '/home/mike/ros2_ws/install/robo24_localization/bin'
[17.012s] Level 1:colcon.colcon_core.environment:create_environment_scripts_only(robo24_localization)
[17.089s] INFO:colcon.colcon_core.shell:Creating package script '/home/mike/ros2_ws/install/robo24_localization/share/robo24_localization/package.ps1'
[17.095s] INFO:colcon.colcon_core.shell:Creating package descriptor '/home/mike/ros2_ws/install/robo24_localization/share/robo24_localization/package.dsv'
[17.101s] INFO:colcon.colcon_core.shell:Creating package script '/home/mike/ros2_ws/install/robo24_localization/share/robo24_localization/package.sh'
[17.105s] INFO:colcon.colcon_core.shell:Creating package script '/home/mike/ros2_ws/install/robo24_localization/share/robo24_localization/package.bash'
[17.109s] INFO:colcon.colcon_core.shell:Creating package script '/home/mike/ros2_ws/install/robo24_localization/share/robo24_localization/package.zsh'
[17.113s] Level 1:colcon.colcon_core.environment:create_file_with_runtime_dependencies(/home/mike/ros2_ws/install/robo24_localization/share/colcon-core/packages/robo24_localization)
[17.134s] DEBUG:colcon.colcon_core.event_handler.log_command:Invoked command in '/home/mike/ros2_ws/src/robo24_nav' returned '0': PYTHONPATH=/home/mike/ros2_ws/build/robo24_nav/prefix_override:/home/mike/ros2_ws/install/robo24_nav/lib/python3.10/site-packages:${PYTHONPATH} /usr/bin/python3 setup.py egg_info --egg-base ../../build/robo24_nav build --build-base /home/mike/ros2_ws/build/robo24_nav/build install --record /home/mike/ros2_ws/build/robo24_nav/install.log --single-version-externally-managed
[17.201s] Level 1:colcon.colcon_core.environment:checking '/home/mike/ros2_ws/install/robo24_nav' for CMake module files
[17.207s] Level 1:colcon.colcon_core.environment:checking '/home/mike/ros2_ws/install/robo24_nav' for CMake config files
[17.214s] Level 1:colcon.colcon_core.environment:checking '/home/mike/ros2_ws/install/robo24_nav/lib'
[17.215s] Level 1:colcon.colcon_core.environment:checking '/home/mike/ros2_ws/install/robo24_nav/bin'
[17.215s] Level 1:colcon.colcon_core.environment:checking '/home/mike/ros2_ws/install/robo24_nav/lib/pkgconfig/robo24_nav.pc'
[17.217s] Level 1:colcon.colcon_core.environment:checking '/home/mike/ros2_ws/install/robo24_nav/lib/python3.10/site-packages'
[17.218s] Level 1:colcon.colcon_core.shell:create_environment_hook('robo24_nav', 'pythonpath')
[17.349s] INFO:colcon.colcon_core.shell:Creating environment hook '/home/mike/ros2_ws/install/robo24_nav/share/robo24_nav/hook/pythonpath.ps1'
[17.352s] INFO:colcon.colcon_core.shell:Creating environment descriptor '/home/mike/ros2_ws/install/robo24_nav/share/robo24_nav/hook/pythonpath.dsv'
[17.353s] INFO:colcon.colcon_core.shell:Creating environment hook '/home/mike/ros2_ws/install/robo24_nav/share/robo24_nav/hook/pythonpath.sh'
[17.356s] Level 1:colcon.colcon_core.environment:checking '/home/mike/ros2_ws/install/robo24_nav/bin'
[17.356s] Level 1:colcon.colcon_core.environment:create_environment_scripts_only(robo24_nav)
[17.411s] INFO:colcon.colcon_core.shell:Creating package script '/home/mike/ros2_ws/install/robo24_nav/share/robo24_nav/package.ps1'
[17.413s] INFO:colcon.colcon_core.shell:Creating package descriptor '/home/mike/ros2_ws/install/robo24_nav/share/robo24_nav/package.dsv'
[17.415s] INFO:colcon.colcon_core.shell:Creating package script '/home/mike/ros2_ws/install/robo24_nav/share/robo24_nav/package.sh'
[17.417s] INFO:colcon.colcon_core.shell:Creating package script '/home/mike/ros2_ws/install/robo24_nav/share/robo24_nav/package.bash'
[17.419s] INFO:colcon.colcon_core.shell:Creating package script '/home/mike/ros2_ws/install/robo24_nav/share/robo24_nav/package.zsh'
[17.421s] Level 1:colcon.colcon_core.environment:create_file_with_runtime_dependencies(/home/mike/ros2_ws/install/robo24_nav/share/colcon-core/packages/robo24_nav)
[17.426s] DEBUG:colcon.colcon_core.event_handler.log_command:Invoked command in '/home/mike/ros2_ws/src/robo24_wheel_interface' returned '0': PYTHONPATH=/home/mike/ros2_ws/build/robo24_wheel_interface/prefix_override:/home/mike/ros2_ws/install/robo24_wheel_interface/lib/python3.10/site-packages:${PYTHONPATH} /usr/bin/python3 setup.py egg_info --egg-base ../../build/robo24_wheel_interface build --build-base /home/mike/ros2_ws/build/robo24_wheel_interface/build install --record /home/mike/ros2_ws/build/robo24_wheel_interface/install.log --single-version-externally-managed
[17.479s] Level 1:colcon.colcon_core.environment:checking '/home/mike/ros2_ws/install/robo24_wheel_interface' for CMake module files
[17.481s] Level 1:colcon.colcon_core.environment:checking '/home/mike/ros2_ws/install/robo24_wheel_interface' for CMake config files
[17.485s] Level 1:colcon.colcon_core.environment:checking '/home/mike/ros2_ws/install/robo24_wheel_interface/lib'
[17.485s] Level 1:colcon.colcon_core.environment:checking '/home/mike/ros2_ws/install/robo24_wheel_interface/bin'
[17.486s] Level 1:colcon.colcon_core.environment:checking '/home/mike/ros2_ws/install/robo24_wheel_interface/lib/pkgconfig/robo24_wheel_interface.pc'
[17.487s] Level 1:colcon.colcon_core.environment:checking '/home/mike/ros2_ws/install/robo24_wheel_interface/lib/python3.10/site-packages'
[17.487s] Level 1:colcon.colcon_core.shell:create_environment_hook('robo24_wheel_interface', 'pythonpath')
[17.542s] INFO:colcon.colcon_core.shell:Creating environment hook '/home/mike/ros2_ws/install/robo24_wheel_interface/share/robo24_wheel_interface/hook/pythonpath.ps1'
[17.544s] INFO:colcon.colcon_core.shell:Creating environment descriptor '/home/mike/ros2_ws/install/robo24_wheel_interface/share/robo24_wheel_interface/hook/pythonpath.dsv'
[17.546s] INFO:colcon.colcon_core.shell:Creating environment hook '/home/mike/ros2_ws/install/robo24_wheel_interface/share/robo24_wheel_interface/hook/pythonpath.sh'
[17.549s] Level 1:colcon.colcon_core.environment:checking '/home/mike/ros2_ws/install/robo24_wheel_interface/bin'
[17.550s] Level 1:colcon.colcon_core.environment:create_environment_scripts_only(robo24_wheel_interface)
[17.603s] INFO:colcon.colcon_core.shell:Creating package script '/home/mike/ros2_ws/install/robo24_wheel_interface/share/robo24_wheel_interface/package.ps1'
[17.615s] INFO:colcon.colcon_core.shell:Creating package descriptor '/home/mike/ros2_ws/install/robo24_wheel_interface/share/robo24_wheel_interface/package.dsv'
[17.618s] INFO:colcon.colcon_core.shell:Creating package script '/home/mike/ros2_ws/install/robo24_wheel_interface/share/robo24_wheel_interface/package.sh'
[17.620s] INFO:colcon.colcon_core.shell:Creating package script '/home/mike/ros2_ws/install/robo24_wheel_interface/share/robo24_wheel_interface/package.bash'
[17.622s] INFO:colcon.colcon_core.shell:Creating package script '/home/mike/ros2_ws/install/robo24_wheel_interface/share/robo24_wheel_interface/package.zsh'
[17.624s] Level 1:colcon.colcon_core.environment:create_file_with_runtime_dependencies(/home/mike/ros2_ws/install/robo24_wheel_interface/share/colcon-core/packages/robo24_wheel_interface)
[17.632s] DEBUG:colcon.colcon_core.event_handler.log_command:Invoked command in '/home/mike/ros2_ws/src/robo24_bringup' returned '0': PYTHONPATH=/home/mike/ros2_ws/build/robo24_bringup/prefix_override:/home/mike/ros2_ws/install/robo24_bringup/lib/python3.10/site-packages:${PYTHONPATH} /usr/bin/python3 setup.py egg_info --egg-base ../../build/robo24_bringup build --build-base /home/mike/ros2_ws/build/robo24_bringup/build install --record /home/mike/ros2_ws/build/robo24_bringup/install.log --single-version-externally-managed
[17.686s] Level 1:colcon.colcon_core.environment:checking '/home/mike/ros2_ws/install/robo24_bringup' for CMake module files
[17.688s] Level 1:colcon.colcon_core.environment:checking '/home/mike/ros2_ws/install/robo24_bringup' for CMake config files
[17.712s] Level 1:colcon.colcon_core.environment:checking '/home/mike/ros2_ws/install/robo24_bringup/lib'
[17.713s] Level 1:colcon.colcon_core.environment:checking '/home/mike/ros2_ws/install/robo24_bringup/bin'
[17.714s] Level 1:colcon.colcon_core.environment:checking '/home/mike/ros2_ws/install/robo24_bringup/lib/pkgconfig/robo24_bringup.pc'
[17.716s] Level 1:colcon.colcon_core.environment:checking '/home/mike/ros2_ws/install/robo24_bringup/lib/python3.10/site-packages'
[17.716s] Level 1:colcon.colcon_core.shell:create_environment_hook('robo24_bringup', 'pythonpath')
[17.778s] INFO:colcon.colcon_core.shell:Creating environment hook '/home/mike/ros2_ws/install/robo24_bringup/share/robo24_bringup/hook/pythonpath.ps1'
[17.780s] INFO:colcon.colcon_core.shell:Creating environment descriptor '/home/mike/ros2_ws/install/robo24_bringup/share/robo24_bringup/hook/pythonpath.dsv'
[17.782s] INFO:colcon.colcon_core.shell:Creating environment hook '/home/mike/ros2_ws/install/robo24_bringup/share/robo24_bringup/hook/pythonpath.sh'
[17.784s] Level 1:colcon.colcon_core.environment:checking '/home/mike/ros2_ws/install/robo24_bringup/bin'
[17.785s] Level 1:colcon.colcon_core.environment:create_environment_scripts_only(robo24_bringup)
[17.838s] INFO:colcon.colcon_core.shell:Creating package script '/home/mike/ros2_ws/install/robo24_bringup/share/robo24_bringup/package.ps1'
[17.841s] INFO:colcon.colcon_core.shell:Creating package descriptor '/home/mike/ros2_ws/install/robo24_bringup/share/robo24_bringup/package.dsv'
[17.843s] INFO:colcon.colcon_core.shell:Creating package script '/home/mike/ros2_ws/install/robo24_bringup/share/robo24_bringup/package.sh'
[17.845s] INFO:colcon.colcon_core.shell:Creating package script '/home/mike/ros2_ws/install/robo24_bringup/share/robo24_bringup/package.bash'
[17.847s] INFO:colcon.colcon_core.shell:Creating package script '/home/mike/ros2_ws/install/robo24_bringup/share/robo24_bringup/package.zsh'
[17.848s] Level 1:colcon.colcon_core.environment:create_file_with_runtime_dependencies(/home/mike/ros2_ws/install/robo24_bringup/share/colcon-core/packages/robo24_bringup)
[17.850s] DEBUG:colcon.colcon_parallel_executor.executor.parallel:closing loop
[17.851s] DEBUG:colcon.colcon_parallel_executor.executor.parallel:loop closed
[17.851s] DEBUG:colcon.colcon_parallel_executor.executor.parallel:run_until_complete finished with '0'
[17.852s] DEBUG:colcon.colcon_core.event_reactor:joining thread
[17.925s] INFO:colcon.colcon_core.plugin_system:Skipping extension 'colcon_notification.desktop_notification.notify_send': Could not find 'notify-send'
[17.926s] INFO:colcon.colcon_core.plugin_system:Skipping extension 'colcon_notification.desktop_notification.terminal_notifier': Not used on non-Darwin systems
[17.926s] INFO:colcon.colcon_core.plugin_system:Skipping extension 'colcon_notification.desktop_notification.win32': Not used on non-Windows systems
[17.926s] INFO:colcon.colcon_notification.desktop_notification:Sending desktop notification using 'notify2'
[17.929s] DEBUG:colcon.colcon_notification.desktop_notification.notify2:Failed to initialize notify2: org.freedesktop.DBus.Error.ServiceUnknown: The name org.freedesktop.Notifications was not provided by any .service files
[17.930s] DEBUG:colcon.colcon_core.event_reactor:joined thread
[17.991s] INFO:colcon.colcon_core.shell:Creating prefix script '/home/mike/ros2_ws/install/local_setup.ps1'
[17.995s] INFO:colcon.colcon_core.shell:Creating prefix util module '/home/mike/ros2_ws/install/_local_setup_util_ps1.py'
[18.000s] INFO:colcon.colcon_core.shell:Creating prefix chain script '/home/mike/ros2_ws/install/setup.ps1'
[18.055s] INFO:colcon.colcon_core.shell:Creating prefix script '/home/mike/ros2_ws/install/local_setup.sh'
[18.058s] INFO:colcon.colcon_core.shell:Creating prefix util module '/home/mike/ros2_ws/install/_local_setup_util_sh.py'
[18.060s] INFO:colcon.colcon_core.shell:Creating prefix chain script '/home/mike/ros2_ws/install/setup.sh'
[18.117s] INFO:colcon.colcon_core.shell:Creating prefix script '/home/mike/ros2_ws/install/local_setup.bash'
[18.119s] INFO:colcon.colcon_core.shell:Creating prefix chain script '/home/mike/ros2_ws/install/setup.bash'
[18.175s] INFO:colcon.colcon_core.shell:Creating prefix script '/home/mike/ros2_ws/install/local_setup.zsh'
[18.178s] INFO:colcon.colcon_core.shell:Creating prefix chain script '/home/mike/ros2_ws/install/setup.zsh'
