[8.297s] Invoking command in '/home/mike/ros2_ws/build/robo24_stuff': PYTHONPATH=/home/mike/ros2_ws/build/robo24_stuff/prefix_override:/home/mike/ros2_ws/install/robo24_stuff/lib/python3.10/site-packages:${PYTHONPATH} /usr/bin/python3 setup.py develop --editable --build-directory /home/mike/ros2_ws/build/robo24_stuff/build --no-deps install_data
[10.040s] running develop
[11.198s] running egg_info
[11.202s] writing robo24_stuff.egg-info/PKG-INFO
[11.208s] writing dependency_links to robo24_stuff.egg-info/dependency_links.txt
[11.217s] writing entry points to robo24_stuff.egg-info/entry_points.txt
[11.222s] writing requirements to robo24_stuff.egg-info/requires.txt
[11.231s] writing top-level names to robo24_stuff.egg-info/top_level.txt
[11.238s] reading manifest file 'robo24_stuff.egg-info/SOURCES.txt'
[11.243s] writing manifest file 'robo24_stuff.egg-info/SOURCES.txt'
[11.270s] running build_ext
[11.272s] Creating /home/mike/ros2_ws/install/robo24_stuff/lib/python3.10/site-packages/robo24-stuff.egg-link (link to .)
[11.293s] Installing openmv_serial_node script to /home/mike/ros2_ws/install/robo24_stuff/lib/robo24_stuff
[11.295s] Installing robo24_can_xy_node script to /home/mike/ros2_ws/install/robo24_stuff/lib/robo24_stuff
[11.296s] Installing robo24_diynav_node script to /home/mike/ros2_ws/install/robo24_stuff/lib/robo24_stuff
[11.302s] Installing robo24_teleop_node script to /home/mike/ros2_ws/install/robo24_stuff/lib/robo24_stuff
[11.304s] Installing robo24_wheel_controller_node script to /home/mike/ros2_ws/install/robo24_stuff/lib/robo24_stuff
[11.305s] Installing sensor_serial_node script to /home/mike/ros2_ws/install/robo24_stuff/lib/robo24_stuff
[11.308s] 
[11.309s] Installed /home/mike/ros2_ws/build/robo24_stuff
[11.323s] running install_data
[12.174s] Invoked command in '/home/mike/ros2_ws/build/robo24_stuff' returned '0': PYTHONPATH=/home/mike/ros2_ws/build/robo24_stuff/prefix_override:/home/mike/ros2_ws/install/robo24_stuff/lib/python3.10/site-packages:${PYTHONPATH} /usr/bin/python3 setup.py develop --editable --build-directory /home/mike/ros2_ws/build/robo24_stuff/build --no-deps install_data
