[7.116s] Invoking command in '/home/mike/ros2_ws/build/robo24_localization': PYTHONPATH=/home/mike/ros2_ws/build/robo24_localization/prefix_override:/home/mike/ros2_ws/install/robo24_localization/lib/python3.10/site-packages:${PYTHONPATH} /usr/bin/python3 setup.py develop --editable --build-directory /home/mike/ros2_ws/build/robo24_localization/build --no-deps install_data
[8.852s] running develop
[9.925s] running egg_info
[9.927s] creating robo24_localization.egg-info
[9.930s] writing robo24_localization.egg-info/PKG-INFO
[9.931s] writing dependency_links to robo24_localization.egg-info/dependency_links.txt
[9.935s] writing entry points to robo24_localization.egg-info/entry_points.txt
[9.936s] writing requirements to robo24_localization.egg-info/requires.txt
[9.936s] writing top-level names to robo24_localization.egg-info/top_level.txt
[9.937s] writing manifest file 'robo24_localization.egg-info/SOURCES.txt'
[9.938s] reading manifest file 'robo24_localization.egg-info/SOURCES.txt'
[9.941s] writing manifest file 'robo24_localization.egg-info/SOURCES.txt'
[9.949s] running build_ext
[9.949s] Creating /home/mike/ros2_ws/install/robo24_localization/lib/python3.10/site-packages/robo24-localization.egg-link (link to .)
[9.953s] 
[9.955s] Installed /home/mike/ros2_ws/build/robo24_localization
[9.957s] running install_data
[9.958s] creating /home/mike/ros2_ws/install/robo24_localization/share/ament_index
[9.959s] creating /home/mike/ros2_ws/install/robo24_localization/share/ament_index/resource_index
[9.960s] creating /home/mike/ros2_ws/install/robo24_localization/share/ament_index/resource_index/packages
[9.961s] copying resource/robo24_localization -> /home/mike/ros2_ws/install/robo24_localization/share/ament_index/resource_index/packages
[9.962s] copying package.xml -> /home/mike/ros2_ws/install/robo24_localization/share/robo24_localization
[9.963s] creating /home/mike/ros2_ws/install/robo24_localization/share/robo24_localization/launch
[9.964s] copying launch/robo24_efk_odom_launch.py -> /home/mike/ros2_ws/install/robo24_localization/share/robo24_localization/launch
[9.981s] creating /home/mike/ros2_ws/install/robo24_localization/share/robo24_localization/config
[9.982s] copying config/efk_config.yaml -> /home/mike/ros2_ws/install/robo24_localization/share/robo24_localization/config
[10.150s] Invoked command in '/home/mike/ros2_ws/build/robo24_localization' returned '0': PYTHONPATH=/home/mike/ros2_ws/build/robo24_localization/prefix_override:/home/mike/ros2_ws/install/robo24_localization/lib/python3.10/site-packages:${PYTHONPATH} /usr/bin/python3 setup.py develop --editable --build-directory /home/mike/ros2_ws/build/robo24_localization/build --no-deps install_data
