[3.205s] Invoking command in '/home/mike/ros2_ws/src/robo24_nav': PYTHONPATH=/home/mike/ros2_ws/build/robo24_nav/prefix_override:/home/mike/ros2_ws/install/robo24_nav/lib/python3.10/site-packages:${PYTHONPATH} /usr/bin/python3 setup.py egg_info --egg-base ../../build/robo24_nav build --build-base /home/mike/ros2_ws/build/robo24_nav/build install --record /home/mike/ros2_ws/build/robo24_nav/install.log --single-version-externally-managed
[4.234s] running egg_info
[4.236s] creating ../../build/robo24_nav/robo24_nav.egg-info
[4.236s] writing ../../build/robo24_nav/robo24_nav.egg-info/PKG-INFO
[4.237s] writing dependency_links to ../../build/robo24_nav/robo24_nav.egg-info/dependency_links.txt
[4.238s] writing entry points to ../../build/robo24_nav/robo24_nav.egg-info/entry_points.txt
[4.239s] writing requirements to ../../build/robo24_nav/robo24_nav.egg-info/requires.txt
[4.239s] writing top-level names to ../../build/robo24_nav/robo24_nav.egg-info/top_level.txt
[4.240s] writing manifest file '../../build/robo24_nav/robo24_nav.egg-info/SOURCES.txt'
[4.247s] reading manifest file '../../build/robo24_nav/robo24_nav.egg-info/SOURCES.txt'
[4.251s] writing manifest file '../../build/robo24_nav/robo24_nav.egg-info/SOURCES.txt'
[4.252s] running build
[4.253s] running build_py
[4.255s] creating /home/mike/ros2_ws/build/robo24_nav/build
[4.256s] creating /home/mike/ros2_ws/build/robo24_nav/build/lib
[4.257s] creating /home/mike/ros2_ws/build/robo24_nav/build/lib/robo24_nav
[4.257s] copying robo24_nav/robo24_nav_simple_node.py -> /home/mike/ros2_ws/build/robo24_nav/build/lib/robo24_nav
[4.258s] copying robo24_nav/__init__.py -> /home/mike/ros2_ws/build/robo24_nav/build/lib/robo24_nav
[4.259s] running install
[4.259s] running install_lib
[4.261s] creating /home/mike/ros2_ws/install/robo24_nav/lib/python3.10/site-packages/robo24_nav
[4.261s] copying /home/mike/ros2_ws/build/robo24_nav/build/lib/robo24_nav/robo24_nav_simple_node.py -> /home/mike/ros2_ws/install/robo24_nav/lib/python3.10/site-packages/robo24_nav
[4.262s] copying /home/mike/ros2_ws/build/robo24_nav/build/lib/robo24_nav/__init__.py -> /home/mike/ros2_ws/install/robo24_nav/lib/python3.10/site-packages/robo24_nav
[4.264s] byte-compiling /home/mike/ros2_ws/install/robo24_nav/lib/python3.10/site-packages/robo24_nav/robo24_nav_simple_node.py to robo24_nav_simple_node.cpython-310.pyc
[4.267s] byte-compiling /home/mike/ros2_ws/install/robo24_nav/lib/python3.10/site-packages/robo24_nav/__init__.py to __init__.cpython-310.pyc
[4.267s] running install_data
[4.270s] creating /home/mike/ros2_ws/install/robo24_nav/share/ament_index
[4.270s] creating /home/mike/ros2_ws/install/robo24_nav/share/ament_index/resource_index
[4.271s] creating /home/mike/ros2_ws/install/robo24_nav/share/ament_index/resource_index/packages
[4.271s] copying resource/robo24_nav -> /home/mike/ros2_ws/install/robo24_nav/share/ament_index/resource_index/packages
[4.272s] copying package.xml -> /home/mike/ros2_ws/install/robo24_nav/share/robo24_nav
[4.272s] running install_egg_info
[4.279s] Copying ../../build/robo24_nav/robo24_nav.egg-info to /home/mike/ros2_ws/install/robo24_nav/lib/python3.10/site-packages/robo24_nav-0.0.0-py3.10.egg-info
[4.284s] running install_scripts
[4.359s] Installing robo24_nav_simple_node script to /home/mike/ros2_ws/install/robo24_nav/lib/robo24_nav
[4.360s] writing list of installed files to '/home/mike/ros2_ws/build/robo24_nav/install.log'
[4.478s] Invoked command in '/home/mike/ros2_ws/src/robo24_nav' returned '0': PYTHONPATH=/home/mike/ros2_ws/build/robo24_nav/prefix_override:/home/mike/ros2_ws/install/robo24_nav/lib/python3.10/site-packages:${PYTHONPATH} /usr/bin/python3 setup.py egg_info --egg-base ../../build/robo24_nav build --build-base /home/mike/ros2_ws/build/robo24_nav/build install --record /home/mike/ros2_ws/build/robo24_nav/install.log --single-version-externally-managed
