[11.767s] Invoking command in '/home/mike/ros2_ws/build/openmv': PYTHONPATH=/home/mike/ros2_ws/build/openmv/prefix_override:/home/mike/ros2_ws/install/openmv/lib/python3.10/site-packages:${PYTHONPATH} /usr/bin/python3 setup.py develop --editable --build-directory /home/mike/ros2_ws/build/openmv/build --no-deps install_data
[13.603s] running develop
[14.754s] running egg_info
[14.758s] creating openmv.egg-info
[14.759s] writing openmv.egg-info/PKG-INFO
[14.760s] writing dependency_links to openmv.egg-info/dependency_links.txt
[14.760s] writing entry points to openmv.egg-info/entry_points.txt
[14.761s] writing requirements to openmv.egg-info/requires.txt
[14.764s] writing top-level names to openmv.egg-info/top_level.txt
[14.770s] writing manifest file 'openmv.egg-info/SOURCES.txt'
[14.771s] reading manifest file 'openmv.egg-info/SOURCES.txt'
[14.775s] writing manifest file 'openmv.egg-info/SOURCES.txt'
[14.778s] running build_ext
[14.779s] Creating /home/mike/ros2_ws/install/openmv/lib/python3.10/site-packages/openmv.egg-link (link to .)
[14.783s] Installing openmv_serial_node script to /home/mike/ros2_ws/install/openmv/lib/openmv
[14.787s] 
[14.789s] Installed /home/mike/ros2_ws/build/openmv
[14.790s] running install_data
[14.792s] creating /home/mike/ros2_ws/install/openmv/share/ament_index
[14.793s] creating /home/mike/ros2_ws/install/openmv/share/ament_index/resource_index
[14.794s] creating /home/mike/ros2_ws/install/openmv/share/ament_index/resource_index/packages
[14.796s] error: can't copy 'resource/openmv': doesn't exist or not a regular file
[14.984s] Invoked command in '/home/mike/ros2_ws/build/openmv' returned '1': PYTHONPATH=/home/mike/ros2_ws/build/openmv/prefix_override:/home/mike/ros2_ws/install/openmv/lib/python3.10/site-packages:${PYTHONPATH} /usr/bin/python3 setup.py develop --editable --build-directory /home/mike/ros2_ws/build/openmv/build --no-deps install_data
