[2.626s] Invoking command in '/home/mike/ros2_ws/src/wheel_controller': PYTHONPATH=/home/mike/ros2_ws/src/build/wheel_controller/prefix_override:/home/mike/ros2_ws/src/install/wheel_controller/lib/python3.10/site-packages:${PYTHONPATH} /usr/bin/python3 setup.py egg_info --egg-base ../build/wheel_controller build --build-base /home/mike/ros2_ws/src/build/wheel_controller/build install --record /home/mike/ros2_ws/src/build/wheel_controller/install.log --single-version-externally-managed
[3.478s] running egg_info
[3.480s] writing ../build/wheel_controller/wheel_controller.egg-info/PKG-INFO
[3.481s] writing dependency_links to ../build/wheel_controller/wheel_controller.egg-info/dependency_links.txt
[3.482s] writing entry points to ../build/wheel_controller/wheel_controller.egg-info/entry_points.txt
[3.483s] writing requirements to ../build/wheel_controller/wheel_controller.egg-info/requires.txt
[3.484s] writing top-level names to ../build/wheel_controller/wheel_controller.egg-info/top_level.txt
[3.491s] reading manifest file '../build/wheel_controller/wheel_controller.egg-info/SOURCES.txt'
[3.494s] writing manifest file '../build/wheel_controller/wheel_controller.egg-info/SOURCES.txt'
[3.495s] running build
[3.495s] running build_py
[3.497s] running install
[3.497s] /usr/lib/python3/dist-packages/setuptools/command/install.py:34: SetuptoolsDeprecationWarning: setup.py install is deprecated. Use build and pip and other standards-based tools.
[3.498s]   warnings.warn(
[3.498s] running install_lib
[3.504s] running install_data
[3.506s] running install_egg_info
[3.512s] removing '/home/mike/ros2_ws/src/install/wheel_controller/lib/python3.10/site-packages/wheel_controller-0.0.0-py3.10.egg-info' (and everything under it)
[3.513s] Copying ../build/wheel_controller/wheel_controller.egg-info to /home/mike/ros2_ws/src/install/wheel_controller/lib/python3.10/site-packages/wheel_controller-0.0.0-py3.10.egg-info
[3.518s] running install_scripts
[3.594s] writing list of installed files to '/home/mike/ros2_ws/src/build/wheel_controller/install.log'
[3.706s] Invoked command in '/home/mike/ros2_ws/src/wheel_controller' returned '0': PYTHONPATH=/home/mike/ros2_ws/src/build/wheel_controller/prefix_override:/home/mike/ros2_ws/src/install/wheel_controller/lib/python3.10/site-packages:${PYTHONPATH} /usr/bin/python3 setup.py egg_info --egg-base ../build/wheel_controller build --build-base /home/mike/ros2_ws/src/build/wheel_controller/build install --record /home/mike/ros2_ws/src/build/wheel_controller/install.log --single-version-externally-managed
