[3.557s] DEBUG:colcon:Command line arguments: ['/usr/bin/colcon', 'build', '--symlink-install']
[3.557s] DEBUG:colcon:Parsed command line arguments: Namespace(log_base=None, log_level=None, verb_name='build', build_base='build', install_base='install', merge_install=False, symlink_install=True, test_result_base=None, continue_on_error=False, executor='parallel', parallel_workers=4, event_handlers=None, ignore_user_meta=False, metas=['./colcon.meta'], base_paths=['.'], packages_ignore=None, packages_ignore_regex=None, paths=None, packages_up_to=None, packages_up_to_regex=None, packages_above=None, packages_above_and_dependencies=None, packages_above_depth=None, packages_select_by_dep=None, packages_skip_by_dep=None, packages_skip_up_to=None, packages_select_build_failed=False, packages_skip_build_finished=False, packages_select_test_failures=False, packages_skip_test_passed=False, packages_select=None, packages_skip=None, packages_select_regex=None, packages_skip_regex=None, packages_start=None, packages_end=None, allow_overriding=[], cmake_args=None, cmake_target=None, cmake_target_skip_unavailable=False, cmake_clean_cache=False, cmake_clean_first=False, cmake_force_configure=False, ament_cmake_args=None, catkin_cmake_args=None, catkin_skip_building_tests=False, verb_parser=<colcon_defaults.argument_parser.defaults.DefaultArgumentsDecorator object at 0xffff94286c80>, verb_extension=<colcon_core.verb.build.BuildVerb object at 0xffff9457a110>, main=<bound method BuildVerb.main of <colcon_core.verb.build.BuildVerb object at 0xffff9457a110>>)
[3.735s] Level 1:colcon.colcon_core.package_discovery:discover_packages(colcon_meta) check parameters
[3.736s] Level 1:colcon.colcon_core.package_discovery:discover_packages(recursive) check parameters
[3.736s] Level 1:colcon.colcon_core.package_discovery:discover_packages(ignore) check parameters
[3.736s] Level 1:colcon.colcon_core.package_discovery:discover_packages(path) check parameters
[3.736s] Level 1:colcon.colcon_core.package_discovery:discover_packages(colcon_meta) discover
[3.736s] Level 1:colcon.colcon_core.package_discovery:discover_packages(recursive) discover
[3.736s] INFO:colcon.colcon_core.package_discovery:Crawling recursively for packages in '/home/mike/ros2_ws'
[3.737s] Level 1:colcon.colcon_core.package_identification:_identify(.) by extensions ['ignore', 'ignore_ament_install']
[3.737s] Level 1:colcon.colcon_core.package_identification:_identify(.) by extension 'ignore'
[3.738s] Level 1:colcon.colcon_core.package_identification:_identify(.) by extension 'ignore_ament_install'
[3.738s] Level 1:colcon.colcon_core.package_identification:_identify(.) by extensions ['colcon_pkg']
[3.738s] Level 1:colcon.colcon_core.package_identification:_identify(.) by extension 'colcon_pkg'
[3.738s] Level 1:colcon.colcon_core.package_identification:_identify(.) by extensions ['colcon_meta']
[3.738s] Level 1:colcon.colcon_core.package_identification:_identify(.) by extension 'colcon_meta'
[3.738s] Level 1:colcon.colcon_core.package_identification:_identify(.) by extensions ['ros']
[3.739s] Level 1:colcon.colcon_core.package_identification:_identify(.) by extension 'ros'
[3.786s] Level 1:colcon.colcon_core.package_identification:_identify(.) by extensions ['cmake', 'python']
[3.787s] Level 1:colcon.colcon_core.package_identification:_identify(.) by extension 'cmake'
[3.787s] Level 1:colcon.colcon_core.package_identification:_identify(.) by extension 'python'
[3.787s] Level 1:colcon.colcon_core.package_identification:_identify(.) by extensions ['python_setup_py']
[3.787s] Level 1:colcon.colcon_core.package_identification:_identify(.) by extension 'python_setup_py'
[3.788s] Level 1:colcon.colcon_core.package_identification:_identify(build) by extensions ['ignore', 'ignore_ament_install']
[3.788s] Level 1:colcon.colcon_core.package_identification:_identify(build) by extension 'ignore'
[3.788s] Level 1:colcon.colcon_core.package_identification:_identify(build) ignored
[3.789s] Level 1:colcon.colcon_core.package_identification:_identify(install) by extensions ['ignore', 'ignore_ament_install']
[3.790s] Level 1:colcon.colcon_core.package_identification:_identify(install) by extension 'ignore'
[3.790s] Level 1:colcon.colcon_core.package_identification:_identify(install) ignored
[3.791s] Level 1:colcon.colcon_core.package_identification:_identify(log) by extensions ['ignore', 'ignore_ament_install']
[3.791s] Level 1:colcon.colcon_core.package_identification:_identify(log) by extension 'ignore'
[3.791s] Level 1:colcon.colcon_core.package_identification:_identify(log) ignored
[3.792s] Level 1:colcon.colcon_core.package_identification:_identify(src) by extensions ['ignore', 'ignore_ament_install']
[3.793s] Level 1:colcon.colcon_core.package_identification:_identify(src) by extension 'ignore'
[3.793s] Level 1:colcon.colcon_core.package_identification:_identify(src) by extension 'ignore_ament_install'
[3.793s] Level 1:colcon.colcon_core.package_identification:_identify(src) by extensions ['colcon_pkg']
[3.793s] Level 1:colcon.colcon_core.package_identification:_identify(src) by extension 'colcon_pkg'
[3.794s] Level 1:colcon.colcon_core.package_identification:_identify(src) by extensions ['colcon_meta']
[3.794s] Level 1:colcon.colcon_core.package_identification:_identify(src) by extension 'colcon_meta'
[3.794s] Level 1:colcon.colcon_core.package_identification:_identify(src) by extensions ['ros']
[3.794s] Level 1:colcon.colcon_core.package_identification:_identify(src) by extension 'ros'
[3.794s] Level 1:colcon.colcon_core.package_identification:_identify(src) by extensions ['cmake', 'python']
[3.795s] Level 1:colcon.colcon_core.package_identification:_identify(src) by extension 'cmake'
[3.795s] Level 1:colcon.colcon_core.package_identification:_identify(src) by extension 'python'
[3.795s] Level 1:colcon.colcon_core.package_identification:_identify(src) by extensions ['python_setup_py']
[3.795s] Level 1:colcon.colcon_core.package_identification:_identify(src) by extension 'python_setup_py'
[3.796s] Level 1:colcon.colcon_core.package_identification:_identify(src/build) by extensions ['ignore', 'ignore_ament_install']
[3.796s] Level 1:colcon.colcon_core.package_identification:_identify(src/build) by extension 'ignore'
[3.796s] Level 1:colcon.colcon_core.package_identification:_identify(src/build) ignored
[3.797s] Level 1:colcon.colcon_core.package_identification:_identify(src/install) by extensions ['ignore', 'ignore_ament_install']
[3.797s] Level 1:colcon.colcon_core.package_identification:_identify(src/install) by extension 'ignore'
[3.797s] Level 1:colcon.colcon_core.package_identification:_identify(src/install) ignored
[3.798s] Level 1:colcon.colcon_core.package_identification:_identify(src/log) by extensions ['ignore', 'ignore_ament_install']
[3.798s] Level 1:colcon.colcon_core.package_identification:_identify(src/log) by extension 'ignore'
[3.798s] Level 1:colcon.colcon_core.package_identification:_identify(src/log) ignored
[3.799s] Level 1:colcon.colcon_core.package_identification:_identify(src/robo24_bringup) by extensions ['ignore', 'ignore_ament_install']
[3.799s] Level 1:colcon.colcon_core.package_identification:_identify(src/robo24_bringup) by extension 'ignore'
[3.799s] Level 1:colcon.colcon_core.package_identification:_identify(src/robo24_bringup) by extension 'ignore_ament_install'
[3.800s] Level 1:colcon.colcon_core.package_identification:_identify(src/robo24_bringup) by extensions ['colcon_pkg']
[3.800s] Level 1:colcon.colcon_core.package_identification:_identify(src/robo24_bringup) by extension 'colcon_pkg'
[3.800s] Level 1:colcon.colcon_core.package_identification:_identify(src/robo24_bringup) by extensions ['colcon_meta']
[3.800s] Level 1:colcon.colcon_core.package_identification:_identify(src/robo24_bringup) by extension 'colcon_meta'
[3.800s] Level 1:colcon.colcon_core.package_identification:_identify(src/robo24_bringup) by extensions ['ros']
[3.800s] Level 1:colcon.colcon_core.package_identification:_identify(src/robo24_bringup) by extension 'ros'
[3.809s] DEBUG:colcon.colcon_core.package_identification:Package 'src/robo24_bringup' with type 'ros.ament_python' and name 'robo24_bringup'
[3.810s] Level 1:colcon.colcon_core.package_identification:_identify(src/robo24_wheel_interface) by extensions ['ignore', 'ignore_ament_install']
[3.810s] Level 1:colcon.colcon_core.package_identification:_identify(src/robo24_wheel_interface) by extension 'ignore'
[3.810s] Level 1:colcon.colcon_core.package_identification:_identify(src/robo24_wheel_interface) by extension 'ignore_ament_install'
[3.811s] Level 1:colcon.colcon_core.package_identification:_identify(src/robo24_wheel_interface) by extensions ['colcon_pkg']
[3.811s] Level 1:colcon.colcon_core.package_identification:_identify(src/robo24_wheel_interface) by extension 'colcon_pkg'
[3.811s] Level 1:colcon.colcon_core.package_identification:_identify(src/robo24_wheel_interface) by extensions ['colcon_meta']
[3.811s] Level 1:colcon.colcon_core.package_identification:_identify(src/robo24_wheel_interface) by extension 'colcon_meta'
[3.811s] Level 1:colcon.colcon_core.package_identification:_identify(src/robo24_wheel_interface) by extensions ['ros']
[3.811s] Level 1:colcon.colcon_core.package_identification:_identify(src/robo24_wheel_interface) by extension 'ros'
[3.813s] DEBUG:colcon.colcon_core.package_identification:Package 'src/robo24_wheel_interface' with type 'ros.ament_python' and name 'robo24_wheel_interface'
[3.814s] Level 1:colcon.colcon_core.package_discovery:discover_packages(recursive) using defaults
[3.814s] Level 1:colcon.colcon_core.package_discovery:discover_packages(ignore) discover
[3.814s] Level 1:colcon.colcon_core.package_discovery:discover_packages(ignore) using defaults
[3.814s] Level 1:colcon.colcon_core.package_discovery:discover_packages(path) discover
[3.814s] Level 1:colcon.colcon_core.package_discovery:discover_packages(path) using defaults
[4.128s] Level 1:colcon.colcon_core.package_discovery:discover_packages(prefix_path) check parameters
[4.128s] Level 1:colcon.colcon_core.package_discovery:discover_packages(prefix_path) discover
[4.238s] DEBUG:colcon.colcon_installed_package_information.package_discovery:Found 2 installed packages in /home/mike/ros2_ws/install
[4.293s] DEBUG:colcon.colcon_installed_package_information.package_discovery:Found 192 installed packages in /opt/ros/humble
[4.297s] Level 1:colcon.colcon_core.package_discovery:discover_packages(prefix_path) using defaults
[4.586s] Level 5:colcon.colcon_core.verb:set package 'robo24_bringup' build argument 'cmake_args' from command line to 'None'
[4.587s] Level 5:colcon.colcon_core.verb:set package 'robo24_bringup' build argument 'cmake_target' from command line to 'None'
[4.587s] Level 5:colcon.colcon_core.verb:set package 'robo24_bringup' build argument 'cmake_target_skip_unavailable' from command line to 'False'
[4.587s] Level 5:colcon.colcon_core.verb:set package 'robo24_bringup' build argument 'cmake_clean_cache' from command line to 'False'
[4.587s] Level 5:colcon.colcon_core.verb:set package 'robo24_bringup' build argument 'cmake_clean_first' from command line to 'False'
[4.587s] Level 5:colcon.colcon_core.verb:set package 'robo24_bringup' build argument 'cmake_force_configure' from command line to 'False'
[4.587s] Level 5:colcon.colcon_core.verb:set package 'robo24_bringup' build argument 'ament_cmake_args' from command line to 'None'
[4.588s] Level 5:colcon.colcon_core.verb:set package 'robo24_bringup' build argument 'catkin_cmake_args' from command line to 'None'
[4.588s] Level 5:colcon.colcon_core.verb:set package 'robo24_bringup' build argument 'catkin_skip_building_tests' from command line to 'False'
[4.588s] DEBUG:colcon.colcon_core.verb:Building package 'robo24_bringup' with the following arguments: {'ament_cmake_args': None, 'build_base': '/home/mike/ros2_ws/build/robo24_bringup', 'catkin_cmake_args': None, 'catkin_skip_building_tests': False, 'cmake_args': None, 'cmake_clean_cache': False, 'cmake_clean_first': False, 'cmake_force_configure': False, 'cmake_target': None, 'cmake_target_skip_unavailable': False, 'install_base': '/home/mike/ros2_ws/install/robo24_bringup', 'merge_install': False, 'path': '/home/mike/ros2_ws/src/robo24_bringup', 'symlink_install': True, 'test_result_base': None}
[4.641s] Level 5:colcon.colcon_core.verb:set package 'robo24_wheel_interface' build argument 'cmake_args' from command line to 'None'
[4.641s] Level 5:colcon.colcon_core.verb:set package 'robo24_wheel_interface' build argument 'cmake_target' from command line to 'None'
[4.641s] Level 5:colcon.colcon_core.verb:set package 'robo24_wheel_interface' build argument 'cmake_target_skip_unavailable' from command line to 'False'
[4.641s] Level 5:colcon.colcon_core.verb:set package 'robo24_wheel_interface' build argument 'cmake_clean_cache' from command line to 'False'
[4.641s] Level 5:colcon.colcon_core.verb:set package 'robo24_wheel_interface' build argument 'cmake_clean_first' from command line to 'False'
[4.641s] Level 5:colcon.colcon_core.verb:set package 'robo24_wheel_interface' build argument 'cmake_force_configure' from command line to 'False'
[4.642s] Level 5:colcon.colcon_core.verb:set package 'robo24_wheel_interface' build argument 'ament_cmake_args' from command line to 'None'
[4.642s] Level 5:colcon.colcon_core.verb:set package 'robo24_wheel_interface' build argument 'catkin_cmake_args' from command line to 'None'
[4.642s] Level 5:colcon.colcon_core.verb:set package 'robo24_wheel_interface' build argument 'catkin_skip_building_tests' from command line to 'False'
[4.642s] DEBUG:colcon.colcon_core.verb:Building package 'robo24_wheel_interface' with the following arguments: {'ament_cmake_args': None, 'build_base': '/home/mike/ros2_ws/build/robo24_wheel_interface', 'catkin_cmake_args': None, 'catkin_skip_building_tests': False, 'cmake_args': None, 'cmake_clean_cache': False, 'cmake_clean_first': False, 'cmake_force_configure': False, 'cmake_target': None, 'cmake_target_skip_unavailable': False, 'install_base': '/home/mike/ros2_ws/install/robo24_wheel_interface', 'merge_install': False, 'path': '/home/mike/ros2_ws/src/robo24_wheel_interface', 'symlink_install': True, 'test_result_base': None}
[4.691s] INFO:colcon.colcon_core.executor:Executing jobs using 'parallel' executor
[4.743s] DEBUG:colcon.colcon_parallel_executor.executor.parallel:run_until_complete
[4.744s] INFO:colcon.colcon_ros.task.ament_python.build:Building ROS package in '/home/mike/ros2_ws/src/robo24_bringup' with build type 'ament_python'
[4.745s] Level 1:colcon.colcon_core.shell:create_environment_hook('robo24_bringup', 'ament_prefix_path')
[4.810s] INFO:colcon.colcon_core.plugin_system:Skipping extension 'colcon_core.shell.bat': Not used on non-Windows systems
[4.812s] INFO:colcon.colcon_core.shell:Creating environment hook '/home/mike/ros2_ws/install/robo24_bringup/share/robo24_bringup/hook/ament_prefix_path.ps1'
[4.815s] INFO:colcon.colcon_core.shell:Creating environment descriptor '/home/mike/ros2_ws/install/robo24_bringup/share/robo24_bringup/hook/ament_prefix_path.dsv'
[4.818s] INFO:colcon.colcon_core.shell:Creating environment hook '/home/mike/ros2_ws/install/robo24_bringup/share/robo24_bringup/hook/ament_prefix_path.sh'
[4.874s] INFO:colcon.colcon_core.shell:Skip shell extension 'powershell' for command environment: Not usable outside of PowerShell
[4.874s] DEBUG:colcon.colcon_core.shell:Skip shell extension 'dsv' for command environment
[5.037s] INFO:colcon.colcon_ros.task.ament_python.build:Building ROS package in '/home/mike/ros2_ws/src/robo24_wheel_interface' with build type 'ament_python'
[5.037s] Level 1:colcon.colcon_core.shell:create_environment_hook('robo24_wheel_interface', 'ament_prefix_path')
[5.090s] INFO:colcon.colcon_core.shell:Creating environment hook '/home/mike/ros2_ws/install/robo24_wheel_interface/share/robo24_wheel_interface/hook/ament_prefix_path.ps1'
[5.092s] INFO:colcon.colcon_core.shell:Creating environment descriptor '/home/mike/ros2_ws/install/robo24_wheel_interface/share/robo24_wheel_interface/hook/ament_prefix_path.dsv'
[5.094s] INFO:colcon.colcon_core.shell:Creating environment hook '/home/mike/ros2_ws/install/robo24_wheel_interface/share/robo24_wheel_interface/hook/ament_prefix_path.sh'
[5.146s] INFO:colcon.colcon_core.shell:Skip shell extension 'powershell' for command environment: Not usable outside of PowerShell
[5.147s] DEBUG:colcon.colcon_core.shell:Skip shell extension 'dsv' for command environment
[6.412s] INFO:colcon.colcon_core.task.python.build:Building Python package in '/home/mike/ros2_ws/src/robo24_bringup'
[6.469s] INFO:colcon.colcon_core.shell:Skip shell extension 'powershell' for command environment: Not usable outside of PowerShell
[6.469s] DEBUG:colcon.colcon_core.shell:Skip shell extension 'dsv' for command environment
[7.739s] INFO:colcon.colcon_core.task.python.build:Building Python package in '/home/mike/ros2_ws/src/robo24_wheel_interface'
[7.793s] INFO:colcon.colcon_core.shell:Skip shell extension 'powershell' for command environment: Not usable outside of PowerShell
[7.794s] DEBUG:colcon.colcon_core.shell:Skip shell extension 'dsv' for command environment
[10.163s] DEBUG:colcon.colcon_core.event_handler.log_command:Invoking command in '/home/mike/ros2_ws/build/robo24_bringup': PYTHONPATH=/home/mike/ros2_ws/build/robo24_bringup/prefix_override:/home/mike/ros2_ws/install/robo24_bringup/lib/python3.10/site-packages:${PYTHONPATH} /usr/bin/python3 setup.py develop --editable --build-directory /home/mike/ros2_ws/build/robo24_bringup/build --no-deps install_data
[10.184s] DEBUG:colcon.colcon_core.event_handler.log_command:Invoking command in '/home/mike/ros2_ws/build/robo24_wheel_interface': PYTHONPATH=/home/mike/ros2_ws/build/robo24_wheel_interface/prefix_override:/home/mike/ros2_ws/install/robo24_wheel_interface/lib/python3.10/site-packages:${PYTHONPATH} /usr/bin/python3 setup.py develop --editable --build-directory /home/mike/ros2_ws/build/robo24_wheel_interface/build --no-deps install_data
[12.360s] Level 1:colcon.colcon_core.shell:create_environment_hook('robo24_bringup', 'pythonpath_develop')
[12.362s] DEBUG:colcon.colcon_core.event_handler.log_command:Invoked command in '/home/mike/ros2_ws/build/robo24_bringup' returned '0': PYTHONPATH=/home/mike/ros2_ws/build/robo24_bringup/prefix_override:/home/mike/ros2_ws/install/robo24_bringup/lib/python3.10/site-packages:${PYTHONPATH} /usr/bin/python3 setup.py develop --editable --build-directory /home/mike/ros2_ws/build/robo24_bringup/build --no-deps install_data
[12.470s] INFO:colcon.colcon_core.shell:Creating environment hook '/home/mike/ros2_ws/build/robo24_bringup/share/robo24_bringup/hook/pythonpath_develop.ps1'
[12.472s] INFO:colcon.colcon_core.shell:Creating environment descriptor '/home/mike/ros2_ws/build/robo24_bringup/share/robo24_bringup/hook/pythonpath_develop.dsv'
[12.474s] INFO:colcon.colcon_core.shell:Creating environment hook '/home/mike/ros2_ws/build/robo24_bringup/share/robo24_bringup/hook/pythonpath_develop.sh'
[12.558s] Level 1:colcon.colcon_core.environment:checking '/home/mike/ros2_ws/install/robo24_bringup' for CMake module files
[12.561s] Level 1:colcon.colcon_core.environment:checking '/home/mike/ros2_ws/install/robo24_bringup' for CMake config files
[12.564s] Level 1:colcon.colcon_core.environment:checking '/home/mike/ros2_ws/install/robo24_bringup/lib'
[12.565s] Level 1:colcon.colcon_core.environment:checking '/home/mike/ros2_ws/install/robo24_bringup/bin'
[12.566s] Level 1:colcon.colcon_core.environment:checking '/home/mike/ros2_ws/install/robo24_bringup/lib/pkgconfig/robo24_bringup.pc'
[12.567s] Level 1:colcon.colcon_core.environment:checking '/home/mike/ros2_ws/install/robo24_bringup/lib/python3.10/site-packages'
[12.567s] Level 1:colcon.colcon_core.shell:create_environment_hook('robo24_bringup', 'pythonpath')
[12.617s] INFO:colcon.colcon_core.shell:Creating environment hook '/home/mike/ros2_ws/install/robo24_bringup/share/robo24_bringup/hook/pythonpath.ps1'
[12.620s] INFO:colcon.colcon_core.shell:Creating environment descriptor '/home/mike/ros2_ws/install/robo24_bringup/share/robo24_bringup/hook/pythonpath.dsv'
[12.622s] INFO:colcon.colcon_core.shell:Creating environment hook '/home/mike/ros2_ws/install/robo24_bringup/share/robo24_bringup/hook/pythonpath.sh'
[12.625s] Level 1:colcon.colcon_core.environment:checking '/home/mike/ros2_ws/install/robo24_bringup/bin'
[12.625s] Level 1:colcon.colcon_core.environment:create_environment_scripts_only(robo24_bringup)
[12.677s] INFO:colcon.colcon_core.shell:Creating package script '/home/mike/ros2_ws/install/robo24_bringup/share/robo24_bringup/package.ps1'
[12.682s] INFO:colcon.colcon_core.shell:Creating package descriptor '/home/mike/ros2_ws/install/robo24_bringup/share/robo24_bringup/package.dsv'
[12.686s] INFO:colcon.colcon_core.shell:Creating package script '/home/mike/ros2_ws/install/robo24_bringup/share/robo24_bringup/package.sh'
[12.690s] INFO:colcon.colcon_core.shell:Creating package script '/home/mike/ros2_ws/install/robo24_bringup/share/robo24_bringup/package.bash'
[12.694s] INFO:colcon.colcon_core.shell:Creating package script '/home/mike/ros2_ws/install/robo24_bringup/share/robo24_bringup/package.zsh'
[12.698s] Level 1:colcon.colcon_core.environment:create_file_with_runtime_dependencies(/home/mike/ros2_ws/install/robo24_bringup/share/colcon-core/packages/robo24_bringup)
[12.702s] Level 1:colcon.colcon_core.shell:create_environment_hook('robo24_wheel_interface', 'pythonpath_develop')
[12.705s] DEBUG:colcon.colcon_core.event_handler.log_command:Invoked command in '/home/mike/ros2_ws/build/robo24_wheel_interface' returned '0': PYTHONPATH=/home/mike/ros2_ws/build/robo24_wheel_interface/prefix_override:/home/mike/ros2_ws/install/robo24_wheel_interface/lib/python3.10/site-packages:${PYTHONPATH} /usr/bin/python3 setup.py develop --editable --build-directory /home/mike/ros2_ws/build/robo24_wheel_interface/build --no-deps install_data
[12.757s] INFO:colcon.colcon_core.shell:Creating environment hook '/home/mike/ros2_ws/build/robo24_wheel_interface/share/robo24_wheel_interface/hook/pythonpath_develop.ps1'
[12.759s] INFO:colcon.colcon_core.shell:Creating environment descriptor '/home/mike/ros2_ws/build/robo24_wheel_interface/share/robo24_wheel_interface/hook/pythonpath_develop.dsv'
[12.761s] INFO:colcon.colcon_core.shell:Creating environment hook '/home/mike/ros2_ws/build/robo24_wheel_interface/share/robo24_wheel_interface/hook/pythonpath_develop.sh'
[12.811s] Level 1:colcon.colcon_core.environment:checking '/home/mike/ros2_ws/install/robo24_wheel_interface' for CMake module files
[12.814s] Level 1:colcon.colcon_core.environment:checking '/home/mike/ros2_ws/install/robo24_wheel_interface' for CMake config files
[12.816s] Level 1:colcon.colcon_core.environment:checking '/home/mike/ros2_ws/install/robo24_wheel_interface/lib'
[12.817s] Level 1:colcon.colcon_core.environment:checking '/home/mike/ros2_ws/install/robo24_wheel_interface/bin'
[12.817s] Level 1:colcon.colcon_core.environment:checking '/home/mike/ros2_ws/install/robo24_wheel_interface/lib/pkgconfig/robo24_wheel_interface.pc'
[12.818s] Level 1:colcon.colcon_core.environment:checking '/home/mike/ros2_ws/install/robo24_wheel_interface/lib/python3.10/site-packages'
[12.819s] Level 1:colcon.colcon_core.shell:create_environment_hook('robo24_wheel_interface', 'pythonpath')
[12.867s] INFO:colcon.colcon_core.shell:Creating environment hook '/home/mike/ros2_ws/install/robo24_wheel_interface/share/robo24_wheel_interface/hook/pythonpath.ps1'
[12.869s] INFO:colcon.colcon_core.shell:Creating environment descriptor '/home/mike/ros2_ws/install/robo24_wheel_interface/share/robo24_wheel_interface/hook/pythonpath.dsv'
[12.871s] INFO:colcon.colcon_core.shell:Creating environment hook '/home/mike/ros2_ws/install/robo24_wheel_interface/share/robo24_wheel_interface/hook/pythonpath.sh'
[12.874s] Level 1:colcon.colcon_core.environment:checking '/home/mike/ros2_ws/install/robo24_wheel_interface/bin'
[12.874s] Level 1:colcon.colcon_core.environment:create_environment_scripts_only(robo24_wheel_interface)
[12.922s] INFO:colcon.colcon_core.shell:Creating package script '/home/mike/ros2_ws/install/robo24_wheel_interface/share/robo24_wheel_interface/package.ps1'
[12.924s] INFO:colcon.colcon_core.shell:Creating package descriptor '/home/mike/ros2_ws/install/robo24_wheel_interface/share/robo24_wheel_interface/package.dsv'
[12.927s] INFO:colcon.colcon_core.shell:Creating package script '/home/mike/ros2_ws/install/robo24_wheel_interface/share/robo24_wheel_interface/package.sh'
[12.930s] INFO:colcon.colcon_core.shell:Creating package script '/home/mike/ros2_ws/install/robo24_wheel_interface/share/robo24_wheel_interface/package.bash'
[12.932s] INFO:colcon.colcon_core.shell:Creating package script '/home/mike/ros2_ws/install/robo24_wheel_interface/share/robo24_wheel_interface/package.zsh'
[12.935s] Level 1:colcon.colcon_core.environment:create_file_with_runtime_dependencies(/home/mike/ros2_ws/install/robo24_wheel_interface/share/colcon-core/packages/robo24_wheel_interface)
[12.937s] DEBUG:colcon.colcon_parallel_executor.executor.parallel:closing loop
[12.938s] DEBUG:colcon.colcon_parallel_executor.executor.parallel:loop closed
[12.938s] DEBUG:colcon.colcon_parallel_executor.executor.parallel:run_until_complete finished with '0'
[12.940s] DEBUG:colcon.colcon_core.event_reactor:joining thread
[13.012s] INFO:colcon.colcon_core.plugin_system:Skipping extension 'colcon_notification.desktop_notification.notify_send': Could not find 'notify-send'
[13.013s] INFO:colcon.colcon_core.plugin_system:Skipping extension 'colcon_notification.desktop_notification.terminal_notifier': Not used on non-Darwin systems
[13.013s] INFO:colcon.colcon_core.plugin_system:Skipping extension 'colcon_notification.desktop_notification.win32': Not used on non-Windows systems
[13.013s] INFO:colcon.colcon_notification.desktop_notification:Sending desktop notification using 'notify2'
[13.016s] DEBUG:colcon.colcon_notification.desktop_notification.notify2:Failed to initialize notify2: org.freedesktop.DBus.Error.ServiceUnknown: The name org.freedesktop.Notifications was not provided by any .service files
[13.017s] DEBUG:colcon.colcon_core.event_reactor:joined thread
[13.078s] INFO:colcon.colcon_core.shell:Creating prefix script '/home/mike/ros2_ws/install/local_setup.ps1'
[13.082s] INFO:colcon.colcon_core.shell:Creating prefix util module '/home/mike/ros2_ws/install/_local_setup_util_ps1.py'
[13.091s] INFO:colcon.colcon_core.shell:Creating prefix chain script '/home/mike/ros2_ws/install/setup.ps1'
[13.150s] INFO:colcon.colcon_core.shell:Creating prefix script '/home/mike/ros2_ws/install/local_setup.sh'
[13.154s] INFO:colcon.colcon_core.shell:Creating prefix util module '/home/mike/ros2_ws/install/_local_setup_util_sh.py'
[13.156s] INFO:colcon.colcon_core.shell:Creating prefix chain script '/home/mike/ros2_ws/install/setup.sh'
[13.210s] INFO:colcon.colcon_core.shell:Creating prefix script '/home/mike/ros2_ws/install/local_setup.bash'
[13.213s] INFO:colcon.colcon_core.shell:Creating prefix chain script '/home/mike/ros2_ws/install/setup.bash'
[13.267s] INFO:colcon.colcon_core.shell:Creating prefix script '/home/mike/ros2_ws/install/local_setup.zsh'
[13.271s] INFO:colcon.colcon_core.shell:Creating prefix chain script '/home/mike/ros2_ws/install/setup.zsh'
