[8.684s] Invoking command in '/home/mike/ros2_ws/build/robo24_bringup': PYTHONPATH=/home/mike/ros2_ws/build/robo24_bringup/prefix_override:/home/mike/ros2_ws/install/robo24_bringup/lib/python3.10/site-packages:${PYTHONPATH} /usr/bin/python3 setup.py develop --editable --build-directory /home/mike/ros2_ws/build/robo24_bringup/build --no-deps install_data
[10.425s] running develop
[11.474s] running egg_info
[11.477s] creating robo24_bringup.egg-info
[11.479s] writing robo24_bringup.egg-info/PKG-INFO
[11.480s] writing dependency_links to robo24_bringup.egg-info/dependency_links.txt
[11.480s] writing entry points to robo24_bringup.egg-info/entry_points.txt
[11.486s] writing requirements to robo24_bringup.egg-info/requires.txt
[11.487s] writing top-level names to robo24_bringup.egg-info/top_level.txt
[11.488s] writing manifest file 'robo24_bringup.egg-info/SOURCES.txt'
[11.488s] reading manifest file 'robo24_bringup.egg-info/SOURCES.txt'
[11.490s] writing manifest file 'robo24_bringup.egg-info/SOURCES.txt'
[11.497s] running build_ext
[11.498s] Creating /home/mike/ros2_ws/install/robo24_bringup/lib/python3.10/site-packages/robo24-bringup.egg-link (link to .)
[11.503s] 
[11.504s] Installed /home/mike/ros2_ws/build/robo24_bringup
[11.505s] running install_data
[11.506s] creating /home/mike/ros2_ws/install/robo24_bringup/share/ament_index
[11.507s] creating /home/mike/ros2_ws/install/robo24_bringup/share/ament_index/resource_index
[11.508s] creating /home/mike/ros2_ws/install/robo24_bringup/share/ament_index/resource_index/packages
[11.509s] copying resource/robo24_bringup -> /home/mike/ros2_ws/install/robo24_bringup/share/ament_index/resource_index/packages
[11.514s] copying package.xml -> /home/mike/ros2_ws/install/robo24_bringup/share/robo24_bringup
[11.516s] creating /home/mike/ros2_ws/install/robo24_bringup/share/robo24_bringup/launch
[11.517s] copying launch/robo24_bringup_launch.py -> /home/mike/ros2_ws/install/robo24_bringup/share/robo24_bringup/launch
[11.711s] Invoked command in '/home/mike/ros2_ws/build/robo24_bringup' returned '0': PYTHONPATH=/home/mike/ros2_ws/build/robo24_bringup/prefix_override:/home/mike/ros2_ws/install/robo24_bringup/lib/python3.10/site-packages:${PYTHONPATH} /usr/bin/python3 setup.py develop --editable --build-directory /home/mike/ros2_ws/build/robo24_bringup/build --no-deps install_data
