[7.914s] Invoking command in '/home/mike/ros2_ws/build/robo24_localization': PYTHONPATH=/home/mike/ros2_ws/build/robo24_localization/prefix_override:/home/mike/ros2_ws/install/robo24_localization/lib/python3.10/site-packages:${PYTHONPATH} /usr/bin/python3 setup.py develop --editable --build-directory /home/mike/ros2_ws/build/robo24_localization/build --no-deps install_data
[10.976s] running develop
[12.504s] running egg_info
[12.505s] creating robo24_localization.egg-info
[12.505s] writing robo24_localization.egg-info/PKG-INFO
[12.510s] writing dependency_links to robo24_localization.egg-info/dependency_links.txt
[12.513s] writing entry points to robo24_localization.egg-info/entry_points.txt
[12.516s] writing requirements to robo24_localization.egg-info/requires.txt
[12.518s] writing top-level names to robo24_localization.egg-info/top_level.txt
[12.521s] writing manifest file 'robo24_localization.egg-info/SOURCES.txt'
[12.531s] reading manifest file 'robo24_localization.egg-info/SOURCES.txt'
[12.534s] writing manifest file 'robo24_localization.egg-info/SOURCES.txt'
[12.541s] running build_ext
[12.542s] Creating /home/mike/ros2_ws/install/robo24_localization/lib/python3.10/site-packages/robo24-localization.egg-link (link to .)
[12.548s] 
[12.550s] Installed /home/mike/ros2_ws/build/robo24_localization
[12.551s] running install_data
[12.552s] creating /home/mike/ros2_ws/install/robo24_localization/share/ament_index
[12.553s] creating /home/mike/ros2_ws/install/robo24_localization/share/ament_index/resource_index
[12.555s] creating /home/mike/ros2_ws/install/robo24_localization/share/ament_index/resource_index/packages
[12.558s] copying resource/robo24_localization -> /home/mike/ros2_ws/install/robo24_localization/share/ament_index/resource_index/packages
[12.569s] copying package.xml -> /home/mike/ros2_ws/install/robo24_localization/share/robo24_localization
[12.574s] creating /home/mike/ros2_ws/install/robo24_localization/share/robo24_localization/launch
[12.576s] copying launch/robo24_efk_odom_launch.py -> /home/mike/ros2_ws/install/robo24_localization/share/robo24_localization/launch
[12.586s] creating /home/mike/ros2_ws/install/robo24_localization/share/robo24_localization/config
[12.587s] copying config/efk_config.yaml -> /home/mike/ros2_ws/install/robo24_localization/share/robo24_localization/config
