[11.317s] Invoking command in '/home/mike/ros2_ws/build/robo24_bringup': PYTHONPATH=/home/mike/ros2_ws/build/robo24_bringup/prefix_override:/home/mike/ros2_ws/install/robo24_bringup/lib/python3.10/site-packages:${PYTHONPATH} /usr/bin/python3 setup.py develop --editable --build-directory /home/mike/ros2_ws/build/robo24_bringup/build --no-deps install_data
[14.340s] running develop
[15.721s] running egg_info
[15.721s] creating robo24_bringup.egg-info
[15.722s] writing robo24_bringup.egg-info/PKG-INFO
[15.723s] writing dependency_links to robo24_bringup.egg-info/dependency_links.txt
[15.724s] writing entry points to robo24_bringup.egg-info/entry_points.txt
[15.725s] writing requirements to robo24_bringup.egg-info/requires.txt
[15.725s] writing top-level names to robo24_bringup.egg-info/top_level.txt
[15.726s] writing manifest file 'robo24_bringup.egg-info/SOURCES.txt'
[15.733s] reading manifest file 'robo24_bringup.egg-info/SOURCES.txt'
[15.737s] writing manifest file 'robo24_bringup.egg-info/SOURCES.txt'
[15.745s] running build_ext
[15.746s] Creating /home/mike/ros2_ws/install/robo24_bringup/lib/python3.10/site-packages/robo24-bringup.egg-link (link to .)
[15.749s] 
[15.750s] Installed /home/mike/ros2_ws/build/robo24_bringup
[15.751s] running install_data
[15.751s] creating /home/mike/ros2_ws/install/robo24_bringup/share/ament_index
[15.752s] creating /home/mike/ros2_ws/install/robo24_bringup/share/ament_index/resource_index
[15.753s] creating /home/mike/ros2_ws/install/robo24_bringup/share/ament_index/resource_index/packages
[15.754s] copying resource/robo24_bringup -> /home/mike/ros2_ws/install/robo24_bringup/share/ament_index/resource_index/packages
[15.755s] copying package.xml -> /home/mike/ros2_ws/install/robo24_bringup/share/robo24_bringup
[15.755s] creating /home/mike/ros2_ws/install/robo24_bringup/share/robo24_bringup/launch
[15.757s] copying launch/robo24_bringup_launch.py -> /home/mike/ros2_ws/install/robo24_bringup/share/robo24_bringup/launch
[17.117s] Invoked command in '/home/mike/ros2_ws/build/robo24_bringup' returned '0': PYTHONPATH=/home/mike/ros2_ws/build/robo24_bringup/prefix_override:/home/mike/ros2_ws/install/robo24_bringup/lib/python3.10/site-packages:${PYTHONPATH} /usr/bin/python3 setup.py develop --editable --build-directory /home/mike/ros2_ws/build/robo24_bringup/build --no-deps install_data
