[9.061s] Invoking command in '/home/mike/ros2_ws/build/robo24_nav': PYTHONPATH=/home/mike/ros2_ws/build/robo24_nav/prefix_override:/home/mike/ros2_ws/install/robo24_nav/lib/python3.10/site-packages:${PYTHONPATH} /usr/bin/python3 setup.py develop --uninstall --editable --build-directory /home/mike/ros2_ws/build/robo24_nav/build
[10.722s] running develop
[11.724s] Removing /home/mike/ros2_ws/install/robo24_nav/lib/python3.10/site-packages/robo24-nav.egg-link (link to .)
[12.111s] Invoked command in '/home/mike/ros2_ws/build/robo24_nav' returned '0': PYTHONPATH=/home/mike/ros2_ws/build/robo24_nav/prefix_override:/home/mike/ros2_ws/install/robo24_nav/lib/python3.10/site-packages:${PYTHONPATH} /usr/bin/python3 setup.py develop --uninstall --editable --build-directory /home/mike/ros2_ws/build/robo24_nav/build
[12.122s] Invoking command in '/home/mike/ros2_ws/src/robo24_nav': PYTHONPATH=/home/mike/ros2_ws/build/robo24_nav/prefix_override:/home/mike/ros2_ws/install/robo24_nav/lib/python3.10/site-packages:${PYTHONPATH} /usr/bin/python3 setup.py egg_info --egg-base ../../build/robo24_nav build --build-base /home/mike/ros2_ws/build/robo24_nav/build install --record /home/mike/ros2_ws/build/robo24_nav/install.log --single-version-externally-managed
[13.716s] running egg_info
[13.719s] writing ../../build/robo24_nav/robo24_nav.egg-info/PKG-INFO
[13.720s] writing dependency_links to ../../build/robo24_nav/robo24_nav.egg-info/dependency_links.txt
[13.722s] writing entry points to ../../build/robo24_nav/robo24_nav.egg-info/entry_points.txt
[13.723s] writing requirements to ../../build/robo24_nav/robo24_nav.egg-info/requires.txt
[13.724s] writing top-level names to ../../build/robo24_nav/robo24_nav.egg-info/top_level.txt
[13.734s] reading manifest file '../../build/robo24_nav/robo24_nav.egg-info/SOURCES.txt'
[13.742s] writing manifest file '../../build/robo24_nav/robo24_nav.egg-info/SOURCES.txt'
[13.745s] running build
[13.745s] running build_py
[13.746s] creating /home/mike/ros2_ws/build/robo24_nav/build
[13.746s] creating /home/mike/ros2_ws/build/robo24_nav/build/lib
[13.748s] creating /home/mike/ros2_ws/build/robo24_nav/build/lib/robo24_nav
[13.749s] copying robo24_nav/robo24_nav_simple_node.py -> /home/mike/ros2_ws/build/robo24_nav/build/lib/robo24_nav
[13.749s] copying robo24_nav/__init__.py -> /home/mike/ros2_ws/build/robo24_nav/build/lib/robo24_nav
[13.754s] running install
[13.754s] running install_lib
[13.757s] creating /home/mike/ros2_ws/install/robo24_nav/lib/python3.10/site-packages/robo24_nav
[13.757s] copying /home/mike/ros2_ws/build/robo24_nav/build/lib/robo24_nav/robo24_nav_simple_node.py -> /home/mike/ros2_ws/install/robo24_nav/lib/python3.10/site-packages/robo24_nav
[13.758s] copying /home/mike/ros2_ws/build/robo24_nav/build/lib/robo24_nav/__init__.py -> /home/mike/ros2_ws/install/robo24_nav/lib/python3.10/site-packages/robo24_nav
[13.760s] byte-compiling /home/mike/ros2_ws/install/robo24_nav/lib/python3.10/site-packages/robo24_nav/robo24_nav_simple_node.py to robo24_nav_simple_node.cpython-310.pyc
[13.764s] byte-compiling /home/mike/ros2_ws/install/robo24_nav/lib/python3.10/site-packages/robo24_nav/__init__.py to __init__.cpython-310.pyc
[13.766s] running install_data
[13.775s] running install_egg_info
[13.785s] Copying ../../build/robo24_nav/robo24_nav.egg-info to /home/mike/ros2_ws/install/robo24_nav/lib/python3.10/site-packages/robo24_nav-0.0.0-py3.10.egg-info
[13.801s] running install_scripts
[13.901s] Installing robo24_nav_simple_node script to /home/mike/ros2_ws/install/robo24_nav/lib/robo24_nav
[13.904s] writing list of installed files to '/home/mike/ros2_ws/build/robo24_nav/install.log'
[14.170s] Invoked command in '/home/mike/ros2_ws/src/robo24_nav' returned '0': PYTHONPATH=/home/mike/ros2_ws/build/robo24_nav/prefix_override:/home/mike/ros2_ws/install/robo24_nav/lib/python3.10/site-packages:${PYTHONPATH} /usr/bin/python3 setup.py egg_info --egg-base ../../build/robo24_nav build --build-base /home/mike/ros2_ws/build/robo24_nav/build install --record /home/mike/ros2_ws/build/robo24_nav/install.log --single-version-externally-managed
