[3.610s] DEBUG:colcon:Command line arguments: ['/usr/bin/colcon', 'build']
[3.610s] DEBUG:colcon:Parsed command line arguments: Namespace(log_base=None, log_level=None, verb_name='build', build_base='build', install_base='install', merge_install=False, symlink_install=False, test_result_base=None, continue_on_error=False, executor='parallel', parallel_workers=4, event_handlers=None, ignore_user_meta=False, metas=['./colcon.meta'], base_paths=['.'], packages_ignore=None, packages_ignore_regex=None, paths=None, packages_up_to=None, packages_up_to_regex=None, packages_above=None, packages_above_and_dependencies=None, packages_above_depth=None, packages_select_by_dep=None, packages_skip_by_dep=None, packages_skip_up_to=None, packages_select_build_failed=False, packages_skip_build_finished=False, packages_select_test_failures=False, packages_skip_test_passed=False, packages_select=None, packages_skip=None, packages_select_regex=None, packages_skip_regex=None, packages_start=None, packages_end=None, allow_overriding=[], cmake_args=None, cmake_target=None, cmake_target_skip_unavailable=False, cmake_clean_cache=False, cmake_clean_first=False, cmake_force_configure=False, ament_cmake_args=None, catkin_cmake_args=None, catkin_skip_building_tests=False, verb_parser=<colcon_defaults.argument_parser.defaults.DefaultArgumentsDecorator object at 0xffff8238ae90>, verb_extension=<colcon_core.verb.build.BuildVerb object at 0xffff826a74f0>, main=<bound method BuildVerb.main of <colcon_core.verb.build.BuildVerb object at 0xffff826a74f0>>)
[3.787s] Level 1:colcon.colcon_core.package_discovery:discover_packages(colcon_meta) check parameters
[3.787s] Level 1:colcon.colcon_core.package_discovery:discover_packages(recursive) check parameters
[3.787s] Level 1:colcon.colcon_core.package_discovery:discover_packages(ignore) check parameters
[3.787s] Level 1:colcon.colcon_core.package_discovery:discover_packages(path) check parameters
[3.787s] Level 1:colcon.colcon_core.package_discovery:discover_packages(colcon_meta) discover
[3.788s] Level 1:colcon.colcon_core.package_discovery:discover_packages(recursive) discover
[3.788s] INFO:colcon.colcon_core.package_discovery:Crawling recursively for packages in '/home/mike/ros2_ws'
[3.789s] Level 1:colcon.colcon_core.package_identification:_identify(.) by extensions ['ignore', 'ignore_ament_install']
[3.789s] Level 1:colcon.colcon_core.package_identification:_identify(.) by extension 'ignore'
[3.789s] Level 1:colcon.colcon_core.package_identification:_identify(.) by extension 'ignore_ament_install'
[3.790s] Level 1:colcon.colcon_core.package_identification:_identify(.) by extensions ['colcon_pkg']
[3.790s] Level 1:colcon.colcon_core.package_identification:_identify(.) by extension 'colcon_pkg'
[3.790s] Level 1:colcon.colcon_core.package_identification:_identify(.) by extensions ['colcon_meta']
[3.790s] Level 1:colcon.colcon_core.package_identification:_identify(.) by extension 'colcon_meta'
[3.791s] Level 1:colcon.colcon_core.package_identification:_identify(.) by extensions ['ros']
[3.791s] Level 1:colcon.colcon_core.package_identification:_identify(.) by extension 'ros'
[3.837s] Level 1:colcon.colcon_core.package_identification:_identify(.) by extensions ['cmake', 'python']
[3.838s] Level 1:colcon.colcon_core.package_identification:_identify(.) by extension 'cmake'
[3.838s] Level 1:colcon.colcon_core.package_identification:_identify(.) by extension 'python'
[3.838s] Level 1:colcon.colcon_core.package_identification:_identify(.) by extensions ['python_setup_py']
[3.838s] Level 1:colcon.colcon_core.package_identification:_identify(.) by extension 'python_setup_py'
[3.839s] Level 1:colcon.colcon_core.package_identification:_identify(build) by extensions ['ignore', 'ignore_ament_install']
[3.840s] Level 1:colcon.colcon_core.package_identification:_identify(build) by extension 'ignore'
[3.840s] Level 1:colcon.colcon_core.package_identification:_identify(build) ignored
[3.841s] Level 1:colcon.colcon_core.package_identification:_identify(install) by extensions ['ignore', 'ignore_ament_install']
[3.841s] Level 1:colcon.colcon_core.package_identification:_identify(install) by extension 'ignore'
[3.841s] Level 1:colcon.colcon_core.package_identification:_identify(install) ignored
[3.843s] Level 1:colcon.colcon_core.package_identification:_identify(log) by extensions ['ignore', 'ignore_ament_install']
[3.843s] Level 1:colcon.colcon_core.package_identification:_identify(log) by extension 'ignore'
[3.843s] Level 1:colcon.colcon_core.package_identification:_identify(log) ignored
[3.844s] Level 1:colcon.colcon_core.package_identification:_identify(src) by extensions ['ignore', 'ignore_ament_install']
[3.844s] Level 1:colcon.colcon_core.package_identification:_identify(src) by extension 'ignore'
[3.844s] Level 1:colcon.colcon_core.package_identification:_identify(src) by extension 'ignore_ament_install'
[3.845s] Level 1:colcon.colcon_core.package_identification:_identify(src) by extensions ['colcon_pkg']
[3.845s] Level 1:colcon.colcon_core.package_identification:_identify(src) by extension 'colcon_pkg'
[3.845s] Level 1:colcon.colcon_core.package_identification:_identify(src) by extensions ['colcon_meta']
[3.845s] Level 1:colcon.colcon_core.package_identification:_identify(src) by extension 'colcon_meta'
[3.845s] Level 1:colcon.colcon_core.package_identification:_identify(src) by extensions ['ros']
[3.845s] Level 1:colcon.colcon_core.package_identification:_identify(src) by extension 'ros'
[3.846s] Level 1:colcon.colcon_core.package_identification:_identify(src) by extensions ['cmake', 'python']
[3.846s] Level 1:colcon.colcon_core.package_identification:_identify(src) by extension 'cmake'
[3.846s] Level 1:colcon.colcon_core.package_identification:_identify(src) by extension 'python'
[3.846s] Level 1:colcon.colcon_core.package_identification:_identify(src) by extensions ['python_setup_py']
[3.846s] Level 1:colcon.colcon_core.package_identification:_identify(src) by extension 'python_setup_py'
[3.847s] Level 1:colcon.colcon_core.package_identification:_identify(src/log) by extensions ['ignore', 'ignore_ament_install']
[3.847s] Level 1:colcon.colcon_core.package_identification:_identify(src/log) by extension 'ignore'
[3.847s] Level 1:colcon.colcon_core.package_identification:_identify(src/log) ignored
[3.848s] Level 1:colcon.colcon_core.package_identification:_identify(src/robo24_bringup) by extensions ['ignore', 'ignore_ament_install']
[3.848s] Level 1:colcon.colcon_core.package_identification:_identify(src/robo24_bringup) by extension 'ignore'
[3.849s] Level 1:colcon.colcon_core.package_identification:_identify(src/robo24_bringup) by extension 'ignore_ament_install'
[3.849s] Level 1:colcon.colcon_core.package_identification:_identify(src/robo24_bringup) by extensions ['colcon_pkg']
[3.849s] Level 1:colcon.colcon_core.package_identification:_identify(src/robo24_bringup) by extension 'colcon_pkg'
[3.849s] Level 1:colcon.colcon_core.package_identification:_identify(src/robo24_bringup) by extensions ['colcon_meta']
[3.849s] Level 1:colcon.colcon_core.package_identification:_identify(src/robo24_bringup) by extension 'colcon_meta'
[3.849s] Level 1:colcon.colcon_core.package_identification:_identify(src/robo24_bringup) by extensions ['ros']
[3.850s] Level 1:colcon.colcon_core.package_identification:_identify(src/robo24_bringup) by extension 'ros'
[3.858s] DEBUG:colcon.colcon_core.package_identification:Package 'src/robo24_bringup' with type 'ros.ament_python' and name 'robo24_bringup'
[3.859s] Level 1:colcon.colcon_core.package_identification:_identify(src/robo24_wheel_interface) by extensions ['ignore', 'ignore_ament_install']
[3.859s] Level 1:colcon.colcon_core.package_identification:_identify(src/robo24_wheel_interface) by extension 'ignore'
[3.860s] Level 1:colcon.colcon_core.package_identification:_identify(src/robo24_wheel_interface) by extension 'ignore_ament_install'
[3.860s] Level 1:colcon.colcon_core.package_identification:_identify(src/robo24_wheel_interface) by extensions ['colcon_pkg']
[3.860s] Level 1:colcon.colcon_core.package_identification:_identify(src/robo24_wheel_interface) by extension 'colcon_pkg'
[3.860s] Level 1:colcon.colcon_core.package_identification:_identify(src/robo24_wheel_interface) by extensions ['colcon_meta']
[3.860s] Level 1:colcon.colcon_core.package_identification:_identify(src/robo24_wheel_interface) by extension 'colcon_meta'
[3.861s] Level 1:colcon.colcon_core.package_identification:_identify(src/robo24_wheel_interface) by extensions ['ros']
[3.861s] Level 1:colcon.colcon_core.package_identification:_identify(src/robo24_wheel_interface) by extension 'ros'
[3.863s] DEBUG:colcon.colcon_core.package_identification:Package 'src/robo24_wheel_interface' with type 'ros.ament_python' and name 'robo24_wheel_interface'
[3.863s] Level 1:colcon.colcon_core.package_discovery:discover_packages(recursive) using defaults
[3.864s] Level 1:colcon.colcon_core.package_discovery:discover_packages(ignore) discover
[3.864s] Level 1:colcon.colcon_core.package_discovery:discover_packages(ignore) using defaults
[3.864s] Level 1:colcon.colcon_core.package_discovery:discover_packages(path) discover
[3.864s] Level 1:colcon.colcon_core.package_discovery:discover_packages(path) using defaults
[4.189s] Level 1:colcon.colcon_core.package_discovery:discover_packages(prefix_path) check parameters
[4.190s] Level 1:colcon.colcon_core.package_discovery:discover_packages(prefix_path) discover
[4.299s] DEBUG:colcon.colcon_installed_package_information.package_discovery:Found 2 installed packages in /home/mike/ros2_ws/install
[4.354s] DEBUG:colcon.colcon_installed_package_information.package_discovery:Found 193 installed packages in /opt/ros/humble
[4.358s] Level 1:colcon.colcon_core.package_discovery:discover_packages(prefix_path) using defaults
[4.642s] Level 5:colcon.colcon_core.verb:set package 'robo24_bringup' build argument 'cmake_args' from command line to 'None'
[4.642s] Level 5:colcon.colcon_core.verb:set package 'robo24_bringup' build argument 'cmake_target' from command line to 'None'
[4.643s] Level 5:colcon.colcon_core.verb:set package 'robo24_bringup' build argument 'cmake_target_skip_unavailable' from command line to 'False'
[4.643s] Level 5:colcon.colcon_core.verb:set package 'robo24_bringup' build argument 'cmake_clean_cache' from command line to 'False'
[4.643s] Level 5:colcon.colcon_core.verb:set package 'robo24_bringup' build argument 'cmake_clean_first' from command line to 'False'
[4.643s] Level 5:colcon.colcon_core.verb:set package 'robo24_bringup' build argument 'cmake_force_configure' from command line to 'False'
[4.643s] Level 5:colcon.colcon_core.verb:set package 'robo24_bringup' build argument 'ament_cmake_args' from command line to 'None'
[4.643s] Level 5:colcon.colcon_core.verb:set package 'robo24_bringup' build argument 'catkin_cmake_args' from command line to 'None'
[4.643s] Level 5:colcon.colcon_core.verb:set package 'robo24_bringup' build argument 'catkin_skip_building_tests' from command line to 'False'
[4.643s] DEBUG:colcon.colcon_core.verb:Building package 'robo24_bringup' with the following arguments: {'ament_cmake_args': None, 'build_base': '/home/mike/ros2_ws/build/robo24_bringup', 'catkin_cmake_args': None, 'catkin_skip_building_tests': False, 'cmake_args': None, 'cmake_clean_cache': False, 'cmake_clean_first': False, 'cmake_force_configure': False, 'cmake_target': None, 'cmake_target_skip_unavailable': False, 'install_base': '/home/mike/ros2_ws/install/robo24_bringup', 'merge_install': False, 'path': '/home/mike/ros2_ws/src/robo24_bringup', 'symlink_install': False, 'test_result_base': None}
[4.694s] Level 5:colcon.colcon_core.verb:set package 'robo24_wheel_interface' build argument 'cmake_args' from command line to 'None'
[4.694s] Level 5:colcon.colcon_core.verb:set package 'robo24_wheel_interface' build argument 'cmake_target' from command line to 'None'
[4.694s] Level 5:colcon.colcon_core.verb:set package 'robo24_wheel_interface' build argument 'cmake_target_skip_unavailable' from command line to 'False'
[4.695s] Level 5:colcon.colcon_core.verb:set package 'robo24_wheel_interface' build argument 'cmake_clean_cache' from command line to 'False'
[4.695s] Level 5:colcon.colcon_core.verb:set package 'robo24_wheel_interface' build argument 'cmake_clean_first' from command line to 'False'
[4.695s] Level 5:colcon.colcon_core.verb:set package 'robo24_wheel_interface' build argument 'cmake_force_configure' from command line to 'False'
[4.695s] Level 5:colcon.colcon_core.verb:set package 'robo24_wheel_interface' build argument 'ament_cmake_args' from command line to 'None'
[4.695s] Level 5:colcon.colcon_core.verb:set package 'robo24_wheel_interface' build argument 'catkin_cmake_args' from command line to 'None'
[4.695s] Level 5:colcon.colcon_core.verb:set package 'robo24_wheel_interface' build argument 'catkin_skip_building_tests' from command line to 'False'
[4.695s] DEBUG:colcon.colcon_core.verb:Building package 'robo24_wheel_interface' with the following arguments: {'ament_cmake_args': None, 'build_base': '/home/mike/ros2_ws/build/robo24_wheel_interface', 'catkin_cmake_args': None, 'catkin_skip_building_tests': False, 'cmake_args': None, 'cmake_clean_cache': False, 'cmake_clean_first': False, 'cmake_force_configure': False, 'cmake_target': None, 'cmake_target_skip_unavailable': False, 'install_base': '/home/mike/ros2_ws/install/robo24_wheel_interface', 'merge_install': False, 'path': '/home/mike/ros2_ws/src/robo24_wheel_interface', 'symlink_install': False, 'test_result_base': None}
[4.743s] INFO:colcon.colcon_core.executor:Executing jobs using 'parallel' executor
[4.795s] DEBUG:colcon.colcon_parallel_executor.executor.parallel:run_until_complete
[4.796s] INFO:colcon.colcon_ros.task.ament_python.build:Building ROS package in '/home/mike/ros2_ws/src/robo24_bringup' with build type 'ament_python'
[4.797s] Level 1:colcon.colcon_core.shell:create_environment_hook('robo24_bringup', 'ament_prefix_path')
[4.861s] INFO:colcon.colcon_core.plugin_system:Skipping extension 'colcon_core.shell.bat': Not used on non-Windows systems
[4.862s] INFO:colcon.colcon_core.shell:Creating environment hook '/home/mike/ros2_ws/install/robo24_bringup/share/robo24_bringup/hook/ament_prefix_path.ps1'
[4.865s] INFO:colcon.colcon_core.shell:Creating environment descriptor '/home/mike/ros2_ws/install/robo24_bringup/share/robo24_bringup/hook/ament_prefix_path.dsv'
[4.867s] INFO:colcon.colcon_core.shell:Creating environment hook '/home/mike/ros2_ws/install/robo24_bringup/share/robo24_bringup/hook/ament_prefix_path.sh'
[4.924s] INFO:colcon.colcon_core.shell:Skip shell extension 'powershell' for command environment: Not usable outside of PowerShell
[4.924s] DEBUG:colcon.colcon_core.shell:Skip shell extension 'dsv' for command environment
[5.091s] INFO:colcon.colcon_ros.task.ament_python.build:Building ROS package in '/home/mike/ros2_ws/src/robo24_wheel_interface' with build type 'ament_python'
[5.091s] Level 1:colcon.colcon_core.shell:create_environment_hook('robo24_wheel_interface', 'ament_prefix_path')
[5.144s] INFO:colcon.colcon_core.shell:Creating environment hook '/home/mike/ros2_ws/install/robo24_wheel_interface/share/robo24_wheel_interface/hook/ament_prefix_path.ps1'
[5.146s] INFO:colcon.colcon_core.shell:Creating environment descriptor '/home/mike/ros2_ws/install/robo24_wheel_interface/share/robo24_wheel_interface/hook/ament_prefix_path.dsv'
[5.147s] INFO:colcon.colcon_core.shell:Creating environment hook '/home/mike/ros2_ws/install/robo24_wheel_interface/share/robo24_wheel_interface/hook/ament_prefix_path.sh'
[5.198s] INFO:colcon.colcon_core.shell:Skip shell extension 'powershell' for command environment: Not usable outside of PowerShell
[5.198s] DEBUG:colcon.colcon_core.shell:Skip shell extension 'dsv' for command environment
[6.460s] INFO:colcon.colcon_core.task.python.build:Building Python package in '/home/mike/ros2_ws/src/robo24_bringup'
[6.510s] INFO:colcon.colcon_core.shell:Skip shell extension 'powershell' for command environment: Not usable outside of PowerShell
[6.510s] DEBUG:colcon.colcon_core.shell:Skip shell extension 'dsv' for command environment
[7.754s] INFO:colcon.colcon_core.task.python.build:Building Python package in '/home/mike/ros2_ws/src/robo24_wheel_interface'
[7.805s] INFO:colcon.colcon_core.shell:Skip shell extension 'powershell' for command environment: Not usable outside of PowerShell
[7.806s] DEBUG:colcon.colcon_core.shell:Skip shell extension 'dsv' for command environment
[9.743s] DEBUG:colcon.colcon_core.event_handler.log_command:Invoking command in '/home/mike/ros2_ws/src/robo24_bringup': PYTHONPATH=/home/mike/ros2_ws/build/robo24_bringup/prefix_override:/home/mike/ros2_ws/install/robo24_bringup/lib/python3.10/site-packages:${PYTHONPATH} /usr/bin/python3 setup.py egg_info --egg-base ../../build/robo24_bringup build --build-base /home/mike/ros2_ws/build/robo24_bringup/build install --record /home/mike/ros2_ws/build/robo24_bringup/install.log --single-version-externally-managed
[9.781s] DEBUG:colcon.colcon_core.event_handler.log_command:Invoking command in '/home/mike/ros2_ws/src/robo24_wheel_interface': PYTHONPATH=/home/mike/ros2_ws/build/robo24_wheel_interface/prefix_override:/home/mike/ros2_ws/install/robo24_wheel_interface/lib/python3.10/site-packages:${PYTHONPATH} /usr/bin/python3 setup.py egg_info --egg-base ../../build/robo24_wheel_interface build --build-base /home/mike/ros2_ws/build/robo24_wheel_interface/build install --record /home/mike/ros2_ws/build/robo24_wheel_interface/install.log --single-version-externally-managed
[11.201s] DEBUG:colcon.colcon_core.event_handler.log_command:Invoked command in '/home/mike/ros2_ws/src/robo24_bringup' returned '0': PYTHONPATH=/home/mike/ros2_ws/build/robo24_bringup/prefix_override:/home/mike/ros2_ws/install/robo24_bringup/lib/python3.10/site-packages:${PYTHONPATH} /usr/bin/python3 setup.py egg_info --egg-base ../../build/robo24_bringup build --build-base /home/mike/ros2_ws/build/robo24_bringup/build install --record /home/mike/ros2_ws/build/robo24_bringup/install.log --single-version-externally-managed
[11.304s] Level 1:colcon.colcon_core.environment:checking '/home/mike/ros2_ws/install/robo24_bringup' for CMake module files
[11.306s] Level 1:colcon.colcon_core.environment:checking '/home/mike/ros2_ws/install/robo24_bringup' for CMake config files
[11.310s] Level 1:colcon.colcon_core.environment:checking '/home/mike/ros2_ws/install/robo24_bringup/lib'
[11.310s] Level 1:colcon.colcon_core.environment:checking '/home/mike/ros2_ws/install/robo24_bringup/bin'
[11.311s] Level 1:colcon.colcon_core.environment:checking '/home/mike/ros2_ws/install/robo24_bringup/lib/pkgconfig/robo24_bringup.pc'
[11.312s] Level 1:colcon.colcon_core.environment:checking '/home/mike/ros2_ws/install/robo24_bringup/lib/python3.10/site-packages'
[11.312s] Level 1:colcon.colcon_core.shell:create_environment_hook('robo24_bringup', 'pythonpath')
[11.360s] INFO:colcon.colcon_core.shell:Creating environment hook '/home/mike/ros2_ws/install/robo24_bringup/share/robo24_bringup/hook/pythonpath.ps1'
[11.362s] INFO:colcon.colcon_core.shell:Creating environment descriptor '/home/mike/ros2_ws/install/robo24_bringup/share/robo24_bringup/hook/pythonpath.dsv'
[11.364s] INFO:colcon.colcon_core.shell:Creating environment hook '/home/mike/ros2_ws/install/robo24_bringup/share/robo24_bringup/hook/pythonpath.sh'
[11.367s] Level 1:colcon.colcon_core.environment:checking '/home/mike/ros2_ws/install/robo24_bringup/bin'
[11.367s] Level 1:colcon.colcon_core.environment:create_environment_scripts_only(robo24_bringup)
[11.418s] INFO:colcon.colcon_core.shell:Creating package script '/home/mike/ros2_ws/install/robo24_bringup/share/robo24_bringup/package.ps1'
[11.422s] INFO:colcon.colcon_core.shell:Creating package descriptor '/home/mike/ros2_ws/install/robo24_bringup/share/robo24_bringup/package.dsv'
[11.425s] INFO:colcon.colcon_core.shell:Creating package script '/home/mike/ros2_ws/install/robo24_bringup/share/robo24_bringup/package.sh'
[11.428s] INFO:colcon.colcon_core.shell:Creating package script '/home/mike/ros2_ws/install/robo24_bringup/share/robo24_bringup/package.bash'
[11.431s] INFO:colcon.colcon_core.shell:Creating package script '/home/mike/ros2_ws/install/robo24_bringup/share/robo24_bringup/package.zsh'
[11.434s] Level 1:colcon.colcon_core.environment:create_file_with_runtime_dependencies(/home/mike/ros2_ws/install/robo24_bringup/share/colcon-core/packages/robo24_bringup)
[11.440s] DEBUG:colcon.colcon_core.event_handler.log_command:Invoked command in '/home/mike/ros2_ws/src/robo24_wheel_interface' returned '0': PYTHONPATH=/home/mike/ros2_ws/build/robo24_wheel_interface/prefix_override:/home/mike/ros2_ws/install/robo24_wheel_interface/lib/python3.10/site-packages:${PYTHONPATH} /usr/bin/python3 setup.py egg_info --egg-base ../../build/robo24_wheel_interface build --build-base /home/mike/ros2_ws/build/robo24_wheel_interface/build install --record /home/mike/ros2_ws/build/robo24_wheel_interface/install.log --single-version-externally-managed
[11.496s] Level 1:colcon.colcon_core.environment:checking '/home/mike/ros2_ws/install/robo24_wheel_interface' for CMake module files
[11.499s] Level 1:colcon.colcon_core.environment:checking '/home/mike/ros2_ws/install/robo24_wheel_interface' for CMake config files
[11.502s] Level 1:colcon.colcon_core.environment:checking '/home/mike/ros2_ws/install/robo24_wheel_interface/lib'
[11.503s] Level 1:colcon.colcon_core.environment:checking '/home/mike/ros2_ws/install/robo24_wheel_interface/bin'
[11.503s] Level 1:colcon.colcon_core.environment:checking '/home/mike/ros2_ws/install/robo24_wheel_interface/lib/pkgconfig/robo24_wheel_interface.pc'
[11.504s] Level 1:colcon.colcon_core.environment:checking '/home/mike/ros2_ws/install/robo24_wheel_interface/lib/python3.10/site-packages'
[11.504s] Level 1:colcon.colcon_core.shell:create_environment_hook('robo24_wheel_interface', 'pythonpath')
[11.556s] INFO:colcon.colcon_core.shell:Creating environment hook '/home/mike/ros2_ws/install/robo24_wheel_interface/share/robo24_wheel_interface/hook/pythonpath.ps1'
[11.559s] INFO:colcon.colcon_core.shell:Creating environment descriptor '/home/mike/ros2_ws/install/robo24_wheel_interface/share/robo24_wheel_interface/hook/pythonpath.dsv'
[11.560s] INFO:colcon.colcon_core.shell:Creating environment hook '/home/mike/ros2_ws/install/robo24_wheel_interface/share/robo24_wheel_interface/hook/pythonpath.sh'
[11.563s] Level 1:colcon.colcon_core.environment:checking '/home/mike/ros2_ws/install/robo24_wheel_interface/bin'
[11.563s] Level 1:colcon.colcon_core.environment:create_environment_scripts_only(robo24_wheel_interface)
[11.612s] INFO:colcon.colcon_core.shell:Creating package script '/home/mike/ros2_ws/install/robo24_wheel_interface/share/robo24_wheel_interface/package.ps1'
[11.615s] INFO:colcon.colcon_core.shell:Creating package descriptor '/home/mike/ros2_ws/install/robo24_wheel_interface/share/robo24_wheel_interface/package.dsv'
[11.617s] INFO:colcon.colcon_core.shell:Creating package script '/home/mike/ros2_ws/install/robo24_wheel_interface/share/robo24_wheel_interface/package.sh'
[11.620s] INFO:colcon.colcon_core.shell:Creating package script '/home/mike/ros2_ws/install/robo24_wheel_interface/share/robo24_wheel_interface/package.bash'
[11.622s] INFO:colcon.colcon_core.shell:Creating package script '/home/mike/ros2_ws/install/robo24_wheel_interface/share/robo24_wheel_interface/package.zsh'
[11.623s] Level 1:colcon.colcon_core.environment:create_file_with_runtime_dependencies(/home/mike/ros2_ws/install/robo24_wheel_interface/share/colcon-core/packages/robo24_wheel_interface)
[11.625s] DEBUG:colcon.colcon_parallel_executor.executor.parallel:closing loop
[11.626s] DEBUG:colcon.colcon_parallel_executor.executor.parallel:loop closed
[11.626s] DEBUG:colcon.colcon_parallel_executor.executor.parallel:run_until_complete finished with '0'
[11.627s] DEBUG:colcon.colcon_core.event_reactor:joining thread
[11.697s] INFO:colcon.colcon_core.plugin_system:Skipping extension 'colcon_notification.desktop_notification.notify_send': Could not find 'notify-send'
[11.697s] INFO:colcon.colcon_core.plugin_system:Skipping extension 'colcon_notification.desktop_notification.terminal_notifier': Not used on non-Darwin systems
[11.697s] INFO:colcon.colcon_core.plugin_system:Skipping extension 'colcon_notification.desktop_notification.win32': Not used on non-Windows systems
[11.698s] INFO:colcon.colcon_notification.desktop_notification:Sending desktop notification using 'notify2'
[11.701s] DEBUG:colcon.colcon_notification.desktop_notification.notify2:Failed to initialize notify2: org.freedesktop.DBus.Error.ServiceUnknown: The name org.freedesktop.Notifications was not provided by any .service files
[11.701s] DEBUG:colcon.colcon_core.event_reactor:joined thread
[11.752s] INFO:colcon.colcon_core.shell:Creating prefix script '/home/mike/ros2_ws/install/local_setup.ps1'
[11.756s] INFO:colcon.colcon_core.shell:Creating prefix util module '/home/mike/ros2_ws/install/_local_setup_util_ps1.py'
[11.762s] INFO:colcon.colcon_core.shell:Creating prefix chain script '/home/mike/ros2_ws/install/setup.ps1'
[11.816s] INFO:colcon.colcon_core.shell:Creating prefix script '/home/mike/ros2_ws/install/local_setup.sh'
[11.819s] INFO:colcon.colcon_core.shell:Creating prefix util module '/home/mike/ros2_ws/install/_local_setup_util_sh.py'
[11.822s] INFO:colcon.colcon_core.shell:Creating prefix chain script '/home/mike/ros2_ws/install/setup.sh'
[11.876s] INFO:colcon.colcon_core.shell:Creating prefix script '/home/mike/ros2_ws/install/local_setup.bash'
[11.878s] INFO:colcon.colcon_core.shell:Creating prefix chain script '/home/mike/ros2_ws/install/setup.bash'
[11.932s] INFO:colcon.colcon_core.shell:Creating prefix script '/home/mike/ros2_ws/install/local_setup.zsh'
[11.935s] INFO:colcon.colcon_core.shell:Creating prefix chain script '/home/mike/ros2_ws/install/setup.zsh'
