[8.726s] Invoking command in '/home/mike/ros2_ws/src/robo24_nav': PYTHONPATH=/home/mike/ros2_ws/build/robo24_nav/prefix_override:/home/mike/ros2_ws/install/robo24_nav/lib/python3.10/site-packages:${PYTHONPATH} /usr/bin/python3 setup.py egg_info --egg-base ../../build/robo24_nav build --build-base /home/mike/ros2_ws/build/robo24_nav/build install --record /home/mike/ros2_ws/build/robo24_nav/install.log --single-version-externally-managed
[10.446s] running egg_info
[10.449s] writing ../../build/robo24_nav/robo24_nav.egg-info/PKG-INFO
[10.451s] writing dependency_links to ../../build/robo24_nav/robo24_nav.egg-info/dependency_links.txt
[10.452s] writing entry points to ../../build/robo24_nav/robo24_nav.egg-info/entry_points.txt
[10.453s] writing requirements to ../../build/robo24_nav/robo24_nav.egg-info/requires.txt
[10.454s] writing top-level names to ../../build/robo24_nav/robo24_nav.egg-info/top_level.txt
[10.463s] reading manifest file '../../build/robo24_nav/robo24_nav.egg-info/SOURCES.txt'
[10.469s] writing manifest file '../../build/robo24_nav/robo24_nav.egg-info/SOURCES.txt'
[10.470s] running build
[10.470s] running build_py
[10.471s] running install
[10.473s] running install_lib
[10.484s] running install_data
[10.486s] running install_egg_info
[10.496s] removing '/home/mike/ros2_ws/install/robo24_nav/lib/python3.10/site-packages/robo24_nav-0.0.0-py3.10.egg-info' (and everything under it)
[10.499s] Copying ../../build/robo24_nav/robo24_nav.egg-info to /home/mike/ros2_ws/install/robo24_nav/lib/python3.10/site-packages/robo24_nav-0.0.0-py3.10.egg-info
[10.507s] running install_scripts
[10.675s] Installing robo24_nav_simple_node script to /home/mike/ros2_ws/install/robo24_nav/lib/robo24_nav
[10.677s] writing list of installed files to '/home/mike/ros2_ws/build/robo24_nav/install.log'
[11.255s] Invoked command in '/home/mike/ros2_ws/src/robo24_nav' returned '0': PYTHONPATH=/home/mike/ros2_ws/build/robo24_nav/prefix_override:/home/mike/ros2_ws/install/robo24_nav/lib/python3.10/site-packages:${PYTHONPATH} /usr/bin/python3 setup.py egg_info --egg-base ../../build/robo24_nav build --build-base /home/mike/ros2_ws/build/robo24_nav/build install --record /home/mike/ros2_ws/build/robo24_nav/install.log --single-version-externally-managed
