[8.870s] Invoking command in '/home/mike/ros2_ws/build/robo24_stuff': PYTHONPATH=/home/mike/ros2_ws/build/robo24_stuff/prefix_override:/home/mike/ros2_ws/install/robo24_stuff/lib/python3.10/site-packages:${PYTHONPATH} /usr/bin/python3 setup.py develop --editable --build-directory /home/mike/ros2_ws/build/robo24_stuff/build --no-deps install_data
[10.815s] running develop
[12.165s] running egg_info
[12.167s] writing robo24_stuff.egg-info/PKG-INFO
[12.168s] writing dependency_links to robo24_stuff.egg-info/dependency_links.txt
[12.180s] writing entry points to robo24_stuff.egg-info/entry_points.txt
[12.185s] writing requirements to robo24_stuff.egg-info/requires.txt
[12.185s] writing top-level names to robo24_stuff.egg-info/top_level.txt
[12.194s] reading manifest file 'robo24_stuff.egg-info/SOURCES.txt'
[12.201s] writing manifest file 'robo24_stuff.egg-info/SOURCES.txt'
[12.211s] running build_ext
[12.212s] Creating /home/mike/ros2_ws/install/robo24_stuff/lib/python3.10/site-packages/robo24-stuff.egg-link (link to .)
[12.218s] Installing openmv_serial_node script to /home/mike/ros2_ws/install/robo24_stuff/lib/robo24_stuff
[12.218s] Installing robo24_can_xy_node script to /home/mike/ros2_ws/install/robo24_stuff/lib/robo24_stuff
[12.219s] Installing robo24_diynav_node script to /home/mike/ros2_ws/install/robo24_stuff/lib/robo24_stuff
[12.221s] Installing robo24_teleop_node script to /home/mike/ros2_ws/install/robo24_stuff/lib/robo24_stuff
[12.221s] Installing robo24_wheel_controller_node script to /home/mike/ros2_ws/install/robo24_stuff/lib/robo24_stuff
[12.222s] Installing sensor_serial_node script to /home/mike/ros2_ws/install/robo24_stuff/lib/robo24_stuff
[12.225s] 
[12.226s] Installed /home/mike/ros2_ws/build/robo24_stuff
[12.227s] running install_data
[13.050s] Invoked command in '/home/mike/ros2_ws/build/robo24_stuff' returned '0': PYTHONPATH=/home/mike/ros2_ws/build/robo24_stuff/prefix_override:/home/mike/ros2_ws/install/robo24_stuff/lib/python3.10/site-packages:${PYTHONPATH} /usr/bin/python3 setup.py develop --editable --build-directory /home/mike/ros2_ws/build/robo24_stuff/build --no-deps install_data
