[8.903s] Invoking command in '/home/mike/ros2_ws/build/robo24_wheel_interface': PYTHONPATH=/home/mike/ros2_ws/build/robo24_wheel_interface/prefix_override:/home/mike/ros2_ws/install/robo24_wheel_interface/lib/python3.10/site-packages:${PYTHONPATH} /usr/bin/python3 setup.py develop --editable --build-directory /home/mike/ros2_ws/build/robo24_wheel_interface/build --no-deps install_data
[10.587s] running develop
[12.304s] running egg_info
[12.304s] creating robo24_wheel_interface.egg-info
[12.310s] writing robo24_wheel_interface.egg-info/PKG-INFO
[12.311s] writing dependency_links to robo24_wheel_interface.egg-info/dependency_links.txt
[12.312s] writing entry points to robo24_wheel_interface.egg-info/entry_points.txt
[12.312s] writing requirements to robo24_wheel_interface.egg-info/requires.txt
[12.314s] writing top-level names to robo24_wheel_interface.egg-info/top_level.txt
[12.315s] writing manifest file 'robo24_wheel_interface.egg-info/SOURCES.txt'
[12.344s] reading manifest file 'robo24_wheel_interface.egg-info/SOURCES.txt'
[12.383s] writing manifest file 'robo24_wheel_interface.egg-info/SOURCES.txt'
[12.415s] running build_ext
[12.423s] Creating /home/mike/ros2_ws/install/robo24_wheel_interface/lib/python3.10/site-packages/robo24-wheel-interface.egg-link (link to .)
[12.425s] Installing robo24_diynav_node script to /home/mike/ros2_ws/install/robo24_wheel_interface/lib/robo24_wheel_interface
[12.427s] Installing robo24_teleop_node script to /home/mike/ros2_ws/install/robo24_wheel_interface/lib/robo24_wheel_interface
[12.430s] Installing robo24_wheel_controller_node script to /home/mike/ros2_ws/install/robo24_wheel_interface/lib/robo24_wheel_interface
[12.431s] 
[12.433s] Installed /home/mike/ros2_ws/build/robo24_wheel_interface
[12.435s] running install_data
[12.436s] creating /home/mike/ros2_ws/install/robo24_wheel_interface/share/ament_index
[12.455s] creating /home/mike/ros2_ws/install/robo24_wheel_interface/share/ament_index/resource_index
[12.457s] creating /home/mike/ros2_ws/install/robo24_wheel_interface/share/ament_index/resource_index/packages
[12.459s] copying resource/robo24_wheel_interface -> /home/mike/ros2_ws/install/robo24_wheel_interface/share/ament_index/resource_index/packages
[12.475s] copying package.xml -> /home/mike/ros2_ws/install/robo24_wheel_interface/share/robo24_wheel_interface
[13.220s] Invoked command in '/home/mike/ros2_ws/build/robo24_wheel_interface' returned '0': PYTHONPATH=/home/mike/ros2_ws/build/robo24_wheel_interface/prefix_override:/home/mike/ros2_ws/install/robo24_wheel_interface/lib/python3.10/site-packages:${PYTHONPATH} /usr/bin/python3 setup.py develop --editable --build-directory /home/mike/ros2_ws/build/robo24_wheel_interface/build --no-deps install_data
