[9.300s] Invoking command in '/home/mike/ros2_ws/build/robo24_nav': PYTHONPATH=/home/mike/ros2_ws/build/robo24_nav/prefix_override:/home/mike/ros2_ws/install/robo24_nav/lib/python3.10/site-packages:${PYTHONPATH} /usr/bin/python3 setup.py develop --editable --build-directory /home/mike/ros2_ws/build/robo24_nav/build --no-deps install_data
[12.061s] running develop
[14.072s] running egg_info
[14.073s] creating robo24_nav.egg-info
[14.078s] writing robo24_nav.egg-info/PKG-INFO
[14.078s] writing dependency_links to robo24_nav.egg-info/dependency_links.txt
[14.079s] writing entry points to robo24_nav.egg-info/entry_points.txt
[14.087s] writing requirements to robo24_nav.egg-info/requires.txt
[14.088s] writing top-level names to robo24_nav.egg-info/top_level.txt
[14.089s] writing manifest file 'robo24_nav.egg-info/SOURCES.txt'
[14.103s] reading manifest file 'robo24_nav.egg-info/SOURCES.txt'
[14.107s] writing manifest file 'robo24_nav.egg-info/SOURCES.txt'
[14.119s] running build_ext
[14.121s] Creating /home/mike/ros2_ws/install/robo24_nav/lib/python3.10/site-packages/robo24-nav.egg-link (link to .)
[14.127s] Installing robo24_nav_simple_node script to /home/mike/ros2_ws/install/robo24_nav/lib/robo24_nav
[14.130s] 
[14.133s] Installed /home/mike/ros2_ws/build/robo24_nav
[14.135s] running install_data
[14.136s] creating /home/mike/ros2_ws/install/robo24_nav/share/ament_index
[14.136s] creating /home/mike/ros2_ws/install/robo24_nav/share/ament_index/resource_index
[14.137s] creating /home/mike/ros2_ws/install/robo24_nav/share/ament_index/resource_index/packages
[14.138s] copying resource/robo24_nav -> /home/mike/ros2_ws/install/robo24_nav/share/ament_index/resource_index/packages
[14.138s] copying package.xml -> /home/mike/ros2_ws/install/robo24_nav/share/robo24_nav
[15.473s] Invoked command in '/home/mike/ros2_ws/build/robo24_nav' returned '0': PYTHONPATH=/home/mike/ros2_ws/build/robo24_nav/prefix_override:/home/mike/ros2_ws/install/robo24_nav/lib/python3.10/site-packages:${PYTHONPATH} /usr/bin/python3 setup.py develop --editable --build-directory /home/mike/ros2_ws/build/robo24_nav/build --no-deps install_data
