running develop
running egg_info
creating moonDay24_demo.egg-info
writing moonDay24_demo.egg-info/PKG-INFO
writing dependency_links to moonDay24_demo.egg-info/dependency_links.txt
writing entry points to moonDay24_demo.egg-info/entry_points.txt
writing requirements to moonDay24_demo.egg-info/requires.txt
writing top-level names to moonDay24_demo.egg-info/top_level.txt
writing manifest file 'moonDay24_demo.egg-info/SOURCES.txt'
reading manifest file 'moonDay24_demo.egg-info/SOURCES.txt'
writing manifest file 'moonDay24_demo.egg-info/SOURCES.txt'
running build_ext
Creating /home/mike/ros2_ws/install/moonDay24_demo/lib/python3.10/site-packages/moonDay24-demo.egg-link (link to .)

Installed /home/mike/ros2_ws/build/moonDay24_demo
running install_data
creating /home/mike/ros2_ws/install/moonDay24_demo/share/ament_index
creating /home/mike/ros2_ws/install/moonDay24_demo/share/ament_index/resource_index
creating /home/mike/ros2_ws/install/moonDay24_demo/share/ament_index/resource_index/packages
copying resource/moonDay24_demo -> /home/mike/ros2_ws/install/moonDay24_demo/share/ament_index/resource_index/packages
copying package.xml -> /home/mike/ros2_ws/install/moonDay24_demo/share/moonDay24_demo
