[9.572s] Invoking command in '/home/mike/ros2_ws/build/moonDay24_demo': PYTHONPATH=/home/mike/ros2_ws/build/moonDay24_demo/prefix_override:/home/mike/ros2_ws/install/moonDay24_demo/lib/python3.10/site-packages:${PYTHONPATH} /usr/bin/python3 setup.py develop --editable --build-directory /home/mike/ros2_ws/build/moonDay24_demo/build --no-deps install_data
[11.308s] running develop
[12.431s] running egg_info
[12.434s] creating moonDay24_demo.egg-info
[12.436s] writing moonDay24_demo.egg-info/PKG-INFO
[12.437s] writing dependency_links to moonDay24_demo.egg-info/dependency_links.txt
[12.441s] writing entry points to moonDay24_demo.egg-info/entry_points.txt
[12.441s] writing requirements to moonDay24_demo.egg-info/requires.txt
[12.442s] writing top-level names to moonDay24_demo.egg-info/top_level.txt
[12.442s] writing manifest file 'moonDay24_demo.egg-info/SOURCES.txt'
[12.444s] reading manifest file 'moonDay24_demo.egg-info/SOURCES.txt'
[12.447s] writing manifest file 'moonDay24_demo.egg-info/SOURCES.txt'
[12.455s] running build_ext
[12.456s] Creating /home/mike/ros2_ws/install/moonDay24_demo/lib/python3.10/site-packages/moonDay24-demo.egg-link (link to .)
[12.460s] 
[12.462s] Installed /home/mike/ros2_ws/build/moonDay24_demo
[12.462s] running install_data
[12.463s] creating /home/mike/ros2_ws/install/moonDay24_demo/share/ament_index
[12.464s] creating /home/mike/ros2_ws/install/moonDay24_demo/share/ament_index/resource_index
[12.465s] creating /home/mike/ros2_ws/install/moonDay24_demo/share/ament_index/resource_index/packages
[12.466s] copying resource/moonDay24_demo -> /home/mike/ros2_ws/install/moonDay24_demo/share/ament_index/resource_index/packages
[12.468s] copying package.xml -> /home/mike/ros2_ws/install/moonDay24_demo/share/moonDay24_demo
[12.699s] Invoked command in '/home/mike/ros2_ws/build/moonDay24_demo' returned '0': PYTHONPATH=/home/mike/ros2_ws/build/moonDay24_demo/prefix_override:/home/mike/ros2_ws/install/moonDay24_demo/lib/python3.10/site-packages:${PYTHONPATH} /usr/bin/python3 setup.py develop --editable --build-directory /home/mike/ros2_ws/build/moonDay24_demo/build --no-deps install_data
