[4.444s] Invoking command in '/home/mike/ros2_ws/src/robo24_wheel_interface': PYTHONPATH=/home/mike/ros2_ws/build/robo24_wheel_interface/prefix_override:/home/mike/ros2_ws/install/robo24_wheel_interface/lib/python3.10/site-packages:${PYTHONPATH} /usr/bin/python3 setup.py egg_info --egg-base ../../build/robo24_wheel_interface build --build-base /home/mike/ros2_ws/build/robo24_wheel_interface/build install --record /home/mike/ros2_ws/build/robo24_wheel_interface/install.log --single-version-externally-managed
[5.551s] running egg_info
[5.555s] creating ../../build/robo24_wheel_interface/robo24_wheel_interface.egg-info
[5.556s] writing ../../build/robo24_wheel_interface/robo24_wheel_interface.egg-info/PKG-INFO
[5.558s] writing dependency_links to ../../build/robo24_wheel_interface/robo24_wheel_interface.egg-info/dependency_links.txt
[5.559s] writing entry points to ../../build/robo24_wheel_interface/robo24_wheel_interface.egg-info/entry_points.txt
[5.560s] writing requirements to ../../build/robo24_wheel_interface/robo24_wheel_interface.egg-info/requires.txt
[5.561s] writing top-level names to ../../build/robo24_wheel_interface/robo24_wheel_interface.egg-info/top_level.txt
[5.564s] writing manifest file '../../build/robo24_wheel_interface/robo24_wheel_interface.egg-info/SOURCES.txt'
[5.570s] reading manifest file '../../build/robo24_wheel_interface/robo24_wheel_interface.egg-info/SOURCES.txt'
[5.575s] writing manifest file '../../build/robo24_wheel_interface/robo24_wheel_interface.egg-info/SOURCES.txt'
[5.577s] running build
[5.579s] running build_py
[5.581s] creating /home/mike/ros2_ws/build/robo24_wheel_interface/build
[5.582s] creating /home/mike/ros2_ws/build/robo24_wheel_interface/build/lib
[5.583s] creating /home/mike/ros2_ws/build/robo24_wheel_interface/build/lib/robo24_wheel_interface
[5.584s] copying robo24_wheel_interface/robo24_teleop_node.py -> /home/mike/ros2_ws/build/robo24_wheel_interface/build/lib/robo24_wheel_interface
[5.585s] copying robo24_wheel_interface/gpt.py -> /home/mike/ros2_ws/build/robo24_wheel_interface/build/lib/robo24_wheel_interface
[5.585s] copying robo24_wheel_interface/robo24_controller_node.py -> /home/mike/ros2_ws/build/robo24_wheel_interface/build/lib/robo24_wheel_interface
[5.586s] copying robo24_wheel_interface/__init__.py -> /home/mike/ros2_ws/build/robo24_wheel_interface/build/lib/robo24_wheel_interface
[5.587s] copying robo24_wheel_interface/robo24_wheel_controller_node.py -> /home/mike/ros2_ws/build/robo24_wheel_interface/build/lib/robo24_wheel_interface
[5.587s] running install
[5.588s] running install_lib
[5.592s] creating /home/mike/ros2_ws/install/robo24_wheel_interface/lib/python3.10/site-packages/robo24_wheel_interface
[5.592s] copying /home/mike/ros2_ws/build/robo24_wheel_interface/build/lib/robo24_wheel_interface/robo24_teleop_node.py -> /home/mike/ros2_ws/install/robo24_wheel_interface/lib/python3.10/site-packages/robo24_wheel_interface
[5.594s] copying /home/mike/ros2_ws/build/robo24_wheel_interface/build/lib/robo24_wheel_interface/gpt.py -> /home/mike/ros2_ws/install/robo24_wheel_interface/lib/python3.10/site-packages/robo24_wheel_interface
[5.595s] copying /home/mike/ros2_ws/build/robo24_wheel_interface/build/lib/robo24_wheel_interface/robo24_controller_node.py -> /home/mike/ros2_ws/install/robo24_wheel_interface/lib/python3.10/site-packages/robo24_wheel_interface
[5.596s] copying /home/mike/ros2_ws/build/robo24_wheel_interface/build/lib/robo24_wheel_interface/__init__.py -> /home/mike/ros2_ws/install/robo24_wheel_interface/lib/python3.10/site-packages/robo24_wheel_interface
[5.597s] copying /home/mike/ros2_ws/build/robo24_wheel_interface/build/lib/robo24_wheel_interface/robo24_wheel_controller_node.py -> /home/mike/ros2_ws/install/robo24_wheel_interface/lib/python3.10/site-packages/robo24_wheel_interface
[5.600s] byte-compiling /home/mike/ros2_ws/install/robo24_wheel_interface/lib/python3.10/site-packages/robo24_wheel_interface/robo24_teleop_node.py to robo24_teleop_node.cpython-310.pyc
[5.604s] byte-compiling /home/mike/ros2_ws/install/robo24_wheel_interface/lib/python3.10/site-packages/robo24_wheel_interface/gpt.py to gpt.cpython-310.pyc
[5.605s] byte-compiling /home/mike/ros2_ws/install/robo24_wheel_interface/lib/python3.10/site-packages/robo24_wheel_interface/robo24_controller_node.py to robo24_controller_node.cpython-310.pyc
[5.613s] byte-compiling /home/mike/ros2_ws/install/robo24_wheel_interface/lib/python3.10/site-packages/robo24_wheel_interface/__init__.py to __init__.cpython-310.pyc
[5.615s] byte-compiling /home/mike/ros2_ws/install/robo24_wheel_interface/lib/python3.10/site-packages/robo24_wheel_interface/robo24_wheel_controller_node.py to robo24_wheel_controller_node.cpython-310.pyc
[5.621s] running install_data
[5.623s] creating /home/mike/ros2_ws/install/robo24_wheel_interface/share/ament_index
[5.624s] creating /home/mike/ros2_ws/install/robo24_wheel_interface/share/ament_index/resource_index
[5.625s] creating /home/mike/ros2_ws/install/robo24_wheel_interface/share/ament_index/resource_index/packages
[5.625s] copying resource/robo24_wheel_interface -> /home/mike/ros2_ws/install/robo24_wheel_interface/share/ament_index/resource_index/packages
[5.626s] copying package.xml -> /home/mike/ros2_ws/install/robo24_wheel_interface/share/robo24_wheel_interface
[5.627s] running install_egg_info
[5.635s] Copying ../../build/robo24_wheel_interface/robo24_wheel_interface.egg-info to /home/mike/ros2_ws/install/robo24_wheel_interface/lib/python3.10/site-packages/robo24_wheel_interface-0.0.0-py3.10.egg-info
[5.643s] running install_scripts
[5.761s] Installing robo24_controller_node script to /home/mike/ros2_ws/install/robo24_wheel_interface/lib/robo24_wheel_interface
[5.763s] Installing robo24_teleop_node script to /home/mike/ros2_ws/install/robo24_wheel_interface/lib/robo24_wheel_interface
[5.765s] Installing robo24_wheel_node script to /home/mike/ros2_ws/install/robo24_wheel_interface/lib/robo24_wheel_interface
[5.768s] writing list of installed files to '/home/mike/ros2_ws/build/robo24_wheel_interface/install.log'
[6.099s] Invoked command in '/home/mike/ros2_ws/src/robo24_wheel_interface' returned '0': PYTHONPATH=/home/mike/ros2_ws/build/robo24_wheel_interface/prefix_override:/home/mike/ros2_ws/install/robo24_wheel_interface/lib/python3.10/site-packages:${PYTHONPATH} /usr/bin/python3 setup.py egg_info --egg-base ../../build/robo24_wheel_interface build --build-base /home/mike/ros2_ws/build/robo24_wheel_interface/build install --record /home/mike/ros2_ws/build/robo24_wheel_interface/install.log --single-version-externally-managed
