[9.137s] Invoking command in '/home/mike/ros2_ws/build/robo24_localization': PYTHONPATH=/home/mike/ros2_ws/build/robo24_localization/prefix_override:/home/mike/ros2_ws/install/robo24_localization/lib/python3.10/site-packages:${PYTHONPATH} /usr/bin/python3 setup.py develop --editable --build-directory /home/mike/ros2_ws/build/robo24_localization/build --no-deps install_data
[11.422s] running develop
[12.567s] running egg_info
[12.568s] creating robo24_localization.egg-info
[12.569s] writing robo24_localization.egg-info/PKG-INFO
[12.570s] writing dependency_links to robo24_localization.egg-info/dependency_links.txt
[12.577s] writing entry points to robo24_localization.egg-info/entry_points.txt
[12.578s] writing requirements to robo24_localization.egg-info/requires.txt
[12.579s] writing top-level names to robo24_localization.egg-info/top_level.txt
[12.579s] writing manifest file 'robo24_localization.egg-info/SOURCES.txt'
[12.585s] reading manifest file 'robo24_localization.egg-info/SOURCES.txt'
[12.585s] writing manifest file 'robo24_localization.egg-info/SOURCES.txt'
[12.594s] running build_ext
[12.595s] Creating /home/mike/ros2_ws/install/robo24_localization/lib/python3.10/site-packages/robo24-localization.egg-link (link to .)
[12.604s] 
[12.606s] Installed /home/mike/ros2_ws/build/robo24_localization
[12.607s] running install_data
[12.608s] creating /home/mike/ros2_ws/install/robo24_localization/share/ament_index
[12.614s] creating /home/mike/ros2_ws/install/robo24_localization/share/ament_index/resource_index
[12.621s] creating /home/mike/ros2_ws/install/robo24_localization/share/ament_index/resource_index/packages
[12.622s] copying resource/robo24_localization -> /home/mike/ros2_ws/install/robo24_localization/share/ament_index/resource_index/packages
[12.624s] copying package.xml -> /home/mike/ros2_ws/install/robo24_localization/share/robo24_localization
[12.642s] creating /home/mike/ros2_ws/install/robo24_localization/share/robo24_localization/launch
[12.643s] copying launch/robo24_efk_odom_launch.py -> /home/mike/ros2_ws/install/robo24_localization/share/robo24_localization/launch
[12.644s] creating /home/mike/ros2_ws/install/robo24_localization/share/robo24_localization/config
[12.662s] copying config/efk_config.yaml -> /home/mike/ros2_ws/install/robo24_localization/share/robo24_localization/config
[12.805s] Invoked command in '/home/mike/ros2_ws/build/robo24_localization' returned '0': PYTHONPATH=/home/mike/ros2_ws/build/robo24_localization/prefix_override:/home/mike/ros2_ws/install/robo24_localization/lib/python3.10/site-packages:${PYTHONPATH} /usr/bin/python3 setup.py develop --editable --build-directory /home/mike/ros2_ws/build/robo24_localization/build --no-deps install_data
