[7.805s] Invoking command in '/home/mike/ros2_ws/build/robo24_bringup': PYTHONPATH=/home/mike/ros2_ws/build/robo24_bringup/prefix_override:/home/mike/ros2_ws/install/robo24_bringup/lib/python3.10/site-packages:${PYTHONPATH} /usr/bin/python3 setup.py develop --editable --build-directory /home/mike/ros2_ws/build/robo24_bringup/build --no-deps install_data
[9.600s] running develop
[10.696s] running egg_info
[10.697s] creating robo24_bringup.egg-info
[10.698s] writing robo24_bringup.egg-info/PKG-INFO
[10.719s] writing dependency_links to robo24_bringup.egg-info/dependency_links.txt
[10.729s] writing entry points to robo24_bringup.egg-info/entry_points.txt
[10.730s] writing requirements to robo24_bringup.egg-info/requires.txt
[10.731s] writing top-level names to robo24_bringup.egg-info/top_level.txt
[10.731s] writing manifest file 'robo24_bringup.egg-info/SOURCES.txt'
[10.732s] reading manifest file 'robo24_bringup.egg-info/SOURCES.txt'
[10.732s] writing manifest file 'robo24_bringup.egg-info/SOURCES.txt'
[10.733s] running build_ext
[10.733s] Creating /home/mike/ros2_ws/install/robo24_bringup/lib/python3.10/site-packages/robo24-bringup.egg-link (link to .)
[10.734s] 
[10.735s] Installed /home/mike/ros2_ws/build/robo24_bringup
[10.735s] running install_data
[10.737s] creating /home/mike/ros2_ws/install/robo24_bringup/share/ament_index
[10.738s] creating /home/mike/ros2_ws/install/robo24_bringup/share/ament_index/resource_index
[10.739s] creating /home/mike/ros2_ws/install/robo24_bringup/share/ament_index/resource_index/packages
[10.741s] copying resource/robo24_bringup -> /home/mike/ros2_ws/install/robo24_bringup/share/ament_index/resource_index/packages
[10.742s] copying package.xml -> /home/mike/ros2_ws/install/robo24_bringup/share/robo24_bringup
[10.744s] creating /home/mike/ros2_ws/install/robo24_bringup/share/robo24_bringup/launch
[10.758s] copying launch/robo24_bringup_launch.py -> /home/mike/ros2_ws/install/robo24_bringup/share/robo24_bringup/launch
[11.094s] Invoked command in '/home/mike/ros2_ws/build/robo24_bringup' returned '0': PYTHONPATH=/home/mike/ros2_ws/build/robo24_bringup/prefix_override:/home/mike/ros2_ws/install/robo24_bringup/lib/python3.10/site-packages:${PYTHONPATH} /usr/bin/python3 setup.py develop --editable --build-directory /home/mike/ros2_ws/build/robo24_bringup/build --no-deps install_data
