[3.691s] DEBUG:colcon:Command line arguments: ['/usr/bin/colcon', 'build']
[3.692s] DEBUG:colcon:Parsed command line arguments: Namespace(log_base=None, log_level=None, verb_name='build', build_base='build', install_base='install', merge_install=False, symlink_install=False, test_result_base=None, continue_on_error=False, executor='parallel', parallel_workers=4, event_handlers=None, ignore_user_meta=False, metas=['./colcon.meta'], base_paths=['.'], packages_ignore=None, packages_ignore_regex=None, paths=None, packages_up_to=None, packages_up_to_regex=None, packages_above=None, packages_above_and_dependencies=None, packages_above_depth=None, packages_select_by_dep=None, packages_skip_by_dep=None, packages_skip_up_to=None, packages_select_build_failed=False, packages_skip_build_finished=False, packages_select_test_failures=False, packages_skip_test_passed=False, packages_select=None, packages_skip=None, packages_select_regex=None, packages_skip_regex=None, packages_start=None, packages_end=None, allow_overriding=[], cmake_args=None, cmake_target=None, cmake_target_skip_unavailable=False, cmake_clean_cache=False, cmake_clean_first=False, cmake_force_configure=False, ament_cmake_args=None, catkin_cmake_args=None, catkin_skip_building_tests=False, verb_parser=<colcon_defaults.argument_parser.defaults.DefaultArgumentsDecorator object at 0xffff93adb3a0>, verb_extension=<colcon_core.verb.build.BuildVerb object at 0xffff93df30d0>, main=<bound method BuildVerb.main of <colcon_core.verb.build.BuildVerb object at 0xffff93df30d0>>)
[3.863s] Level 1:colcon.colcon_core.package_discovery:discover_packages(colcon_meta) check parameters
[3.864s] Level 1:colcon.colcon_core.package_discovery:discover_packages(recursive) check parameters
[3.864s] Level 1:colcon.colcon_core.package_discovery:discover_packages(ignore) check parameters
[3.864s] Level 1:colcon.colcon_core.package_discovery:discover_packages(path) check parameters
[3.864s] Level 1:colcon.colcon_core.package_discovery:discover_packages(colcon_meta) discover
[3.865s] Level 1:colcon.colcon_core.package_discovery:discover_packages(recursive) discover
[3.865s] INFO:colcon.colcon_core.package_discovery:Crawling recursively for packages in '/home/mike/ros2_ws'
[3.865s] Level 1:colcon.colcon_core.package_identification:_identify(.) by extensions ['ignore', 'ignore_ament_install']
[3.866s] Level 1:colcon.colcon_core.package_identification:_identify(.) by extension 'ignore'
[3.866s] Level 1:colcon.colcon_core.package_identification:_identify(.) by extension 'ignore_ament_install'
[3.866s] Level 1:colcon.colcon_core.package_identification:_identify(.) by extensions ['colcon_pkg']
[3.866s] Level 1:colcon.colcon_core.package_identification:_identify(.) by extension 'colcon_pkg'
[3.867s] Level 1:colcon.colcon_core.package_identification:_identify(.) by extensions ['colcon_meta']
[3.867s] Level 1:colcon.colcon_core.package_identification:_identify(.) by extension 'colcon_meta'
[3.867s] Level 1:colcon.colcon_core.package_identification:_identify(.) by extensions ['ros']
[3.867s] Level 1:colcon.colcon_core.package_identification:_identify(.) by extension 'ros'
[3.914s] Level 1:colcon.colcon_core.package_identification:_identify(.) by extensions ['cmake', 'python']
[3.915s] Level 1:colcon.colcon_core.package_identification:_identify(.) by extension 'cmake'
[3.915s] Level 1:colcon.colcon_core.package_identification:_identify(.) by extension 'python'
[3.915s] Level 1:colcon.colcon_core.package_identification:_identify(.) by extensions ['python_setup_py']
[3.915s] Level 1:colcon.colcon_core.package_identification:_identify(.) by extension 'python_setup_py'
[3.916s] Level 1:colcon.colcon_core.package_identification:_identify(build) by extensions ['ignore', 'ignore_ament_install']
[3.916s] Level 1:colcon.colcon_core.package_identification:_identify(build) by extension 'ignore'
[3.917s] Level 1:colcon.colcon_core.package_identification:_identify(build) ignored
[3.917s] Level 1:colcon.colcon_core.package_identification:_identify(install) by extensions ['ignore', 'ignore_ament_install']
[3.918s] Level 1:colcon.colcon_core.package_identification:_identify(install) by extension 'ignore'
[3.918s] Level 1:colcon.colcon_core.package_identification:_identify(install) ignored
[3.919s] Level 1:colcon.colcon_core.package_identification:_identify(log) by extensions ['ignore', 'ignore_ament_install']
[3.919s] Level 1:colcon.colcon_core.package_identification:_identify(log) by extension 'ignore'
[3.919s] Level 1:colcon.colcon_core.package_identification:_identify(log) ignored
[3.920s] Level 1:colcon.colcon_core.package_identification:_identify(src) by extensions ['ignore', 'ignore_ament_install']
[3.920s] Level 1:colcon.colcon_core.package_identification:_identify(src) by extension 'ignore'
[3.920s] Level 1:colcon.colcon_core.package_identification:_identify(src) by extension 'ignore_ament_install'
[3.920s] Level 1:colcon.colcon_core.package_identification:_identify(src) by extensions ['colcon_pkg']
[3.921s] Level 1:colcon.colcon_core.package_identification:_identify(src) by extension 'colcon_pkg'
[3.921s] Level 1:colcon.colcon_core.package_identification:_identify(src) by extensions ['colcon_meta']
[3.921s] Level 1:colcon.colcon_core.package_identification:_identify(src) by extension 'colcon_meta'
[3.921s] Level 1:colcon.colcon_core.package_identification:_identify(src) by extensions ['ros']
[3.921s] Level 1:colcon.colcon_core.package_identification:_identify(src) by extension 'ros'
[3.922s] Level 1:colcon.colcon_core.package_identification:_identify(src) by extensions ['cmake', 'python']
[3.922s] Level 1:colcon.colcon_core.package_identification:_identify(src) by extension 'cmake'
[3.922s] Level 1:colcon.colcon_core.package_identification:_identify(src) by extension 'python'
[3.922s] Level 1:colcon.colcon_core.package_identification:_identify(src) by extensions ['python_setup_py']
[3.922s] Level 1:colcon.colcon_core.package_identification:_identify(src) by extension 'python_setup_py'
[3.923s] Level 1:colcon.colcon_core.package_identification:_identify(src/build) by extensions ['ignore', 'ignore_ament_install']
[3.923s] Level 1:colcon.colcon_core.package_identification:_identify(src/build) by extension 'ignore'
[3.923s] Level 1:colcon.colcon_core.package_identification:_identify(src/build) ignored
[3.924s] Level 1:colcon.colcon_core.package_identification:_identify(src/install) by extensions ['ignore', 'ignore_ament_install']
[3.924s] Level 1:colcon.colcon_core.package_identification:_identify(src/install) by extension 'ignore'
[3.924s] Level 1:colcon.colcon_core.package_identification:_identify(src/install) ignored
[3.925s] Level 1:colcon.colcon_core.package_identification:_identify(src/log) by extensions ['ignore', 'ignore_ament_install']
[3.925s] Level 1:colcon.colcon_core.package_identification:_identify(src/log) by extension 'ignore'
[3.925s] Level 1:colcon.colcon_core.package_identification:_identify(src/log) ignored
[3.926s] Level 1:colcon.colcon_core.package_identification:_identify(src/robo24_bringup) by extensions ['ignore', 'ignore_ament_install']
[3.926s] Level 1:colcon.colcon_core.package_identification:_identify(src/robo24_bringup) by extension 'ignore'
[3.926s] Level 1:colcon.colcon_core.package_identification:_identify(src/robo24_bringup) by extension 'ignore_ament_install'
[3.927s] Level 1:colcon.colcon_core.package_identification:_identify(src/robo24_bringup) by extensions ['colcon_pkg']
[3.927s] Level 1:colcon.colcon_core.package_identification:_identify(src/robo24_bringup) by extension 'colcon_pkg'
[3.927s] Level 1:colcon.colcon_core.package_identification:_identify(src/robo24_bringup) by extensions ['colcon_meta']
[3.927s] Level 1:colcon.colcon_core.package_identification:_identify(src/robo24_bringup) by extension 'colcon_meta'
[3.927s] Level 1:colcon.colcon_core.package_identification:_identify(src/robo24_bringup) by extensions ['ros']
[3.927s] Level 1:colcon.colcon_core.package_identification:_identify(src/robo24_bringup) by extension 'ros'
[3.936s] DEBUG:colcon.colcon_core.package_identification:Package 'src/robo24_bringup' with type 'ros.ament_python' and name 'robo24_bringup'
[3.937s] Level 1:colcon.colcon_core.package_identification:_identify(src/robo24_wheel_interface) by extensions ['ignore', 'ignore_ament_install']
[3.937s] Level 1:colcon.colcon_core.package_identification:_identify(src/robo24_wheel_interface) by extension 'ignore'
[3.937s] Level 1:colcon.colcon_core.package_identification:_identify(src/robo24_wheel_interface) by extension 'ignore_ament_install'
[3.938s] Level 1:colcon.colcon_core.package_identification:_identify(src/robo24_wheel_interface) by extensions ['colcon_pkg']
[3.938s] Level 1:colcon.colcon_core.package_identification:_identify(src/robo24_wheel_interface) by extension 'colcon_pkg'
[3.938s] Level 1:colcon.colcon_core.package_identification:_identify(src/robo24_wheel_interface) by extensions ['colcon_meta']
[3.938s] Level 1:colcon.colcon_core.package_identification:_identify(src/robo24_wheel_interface) by extension 'colcon_meta'
[3.938s] Level 1:colcon.colcon_core.package_identification:_identify(src/robo24_wheel_interface) by extensions ['ros']
[3.938s] Level 1:colcon.colcon_core.package_identification:_identify(src/robo24_wheel_interface) by extension 'ros'
[3.941s] DEBUG:colcon.colcon_core.package_identification:Package 'src/robo24_wheel_interface' with type 'ros.ament_python' and name 'robo24_wheel_interface'
[3.941s] Level 1:colcon.colcon_core.package_discovery:discover_packages(recursive) using defaults
[3.941s] Level 1:colcon.colcon_core.package_discovery:discover_packages(ignore) discover
[3.941s] Level 1:colcon.colcon_core.package_discovery:discover_packages(ignore) using defaults
[3.941s] Level 1:colcon.colcon_core.package_discovery:discover_packages(path) discover
[3.942s] Level 1:colcon.colcon_core.package_discovery:discover_packages(path) using defaults
[4.260s] Level 1:colcon.colcon_core.package_discovery:discover_packages(prefix_path) check parameters
[4.261s] Level 1:colcon.colcon_core.package_discovery:discover_packages(prefix_path) discover
[4.363s] DEBUG:colcon.colcon_installed_package_information.package_discovery:Found 2 installed packages in /home/mike/ros2_ws/install
[4.423s] DEBUG:colcon.colcon_installed_package_information.package_discovery:Found 192 installed packages in /opt/ros/humble
[4.428s] Level 1:colcon.colcon_core.package_discovery:discover_packages(prefix_path) using defaults
[4.712s] Level 5:colcon.colcon_core.verb:set package 'robo24_bringup' build argument 'cmake_args' from command line to 'None'
[4.713s] Level 5:colcon.colcon_core.verb:set package 'robo24_bringup' build argument 'cmake_target' from command line to 'None'
[4.713s] Level 5:colcon.colcon_core.verb:set package 'robo24_bringup' build argument 'cmake_target_skip_unavailable' from command line to 'False'
[4.713s] Level 5:colcon.colcon_core.verb:set package 'robo24_bringup' build argument 'cmake_clean_cache' from command line to 'False'
[4.713s] Level 5:colcon.colcon_core.verb:set package 'robo24_bringup' build argument 'cmake_clean_first' from command line to 'False'
[4.713s] Level 5:colcon.colcon_core.verb:set package 'robo24_bringup' build argument 'cmake_force_configure' from command line to 'False'
[4.713s] Level 5:colcon.colcon_core.verb:set package 'robo24_bringup' build argument 'ament_cmake_args' from command line to 'None'
[4.713s] Level 5:colcon.colcon_core.verb:set package 'robo24_bringup' build argument 'catkin_cmake_args' from command line to 'None'
[4.713s] Level 5:colcon.colcon_core.verb:set package 'robo24_bringup' build argument 'catkin_skip_building_tests' from command line to 'False'
[4.714s] DEBUG:colcon.colcon_core.verb:Building package 'robo24_bringup' with the following arguments: {'ament_cmake_args': None, 'build_base': '/home/mike/ros2_ws/build/robo24_bringup', 'catkin_cmake_args': None, 'catkin_skip_building_tests': False, 'cmake_args': None, 'cmake_clean_cache': False, 'cmake_clean_first': False, 'cmake_force_configure': False, 'cmake_target': None, 'cmake_target_skip_unavailable': False, 'install_base': '/home/mike/ros2_ws/install/robo24_bringup', 'merge_install': False, 'path': '/home/mike/ros2_ws/src/robo24_bringup', 'symlink_install': False, 'test_result_base': None}
[4.762s] Level 5:colcon.colcon_core.verb:set package 'robo24_wheel_interface' build argument 'cmake_args' from command line to 'None'
[4.763s] Level 5:colcon.colcon_core.verb:set package 'robo24_wheel_interface' build argument 'cmake_target' from command line to 'None'
[4.763s] Level 5:colcon.colcon_core.verb:set package 'robo24_wheel_interface' build argument 'cmake_target_skip_unavailable' from command line to 'False'
[4.763s] Level 5:colcon.colcon_core.verb:set package 'robo24_wheel_interface' build argument 'cmake_clean_cache' from command line to 'False'
[4.763s] Level 5:colcon.colcon_core.verb:set package 'robo24_wheel_interface' build argument 'cmake_clean_first' from command line to 'False'
[4.763s] Level 5:colcon.colcon_core.verb:set package 'robo24_wheel_interface' build argument 'cmake_force_configure' from command line to 'False'
[4.763s] Level 5:colcon.colcon_core.verb:set package 'robo24_wheel_interface' build argument 'ament_cmake_args' from command line to 'None'
[4.763s] Level 5:colcon.colcon_core.verb:set package 'robo24_wheel_interface' build argument 'catkin_cmake_args' from command line to 'None'
[4.763s] Level 5:colcon.colcon_core.verb:set package 'robo24_wheel_interface' build argument 'catkin_skip_building_tests' from command line to 'False'
[4.763s] DEBUG:colcon.colcon_core.verb:Building package 'robo24_wheel_interface' with the following arguments: {'ament_cmake_args': None, 'build_base': '/home/mike/ros2_ws/build/robo24_wheel_interface', 'catkin_cmake_args': None, 'catkin_skip_building_tests': False, 'cmake_args': None, 'cmake_clean_cache': False, 'cmake_clean_first': False, 'cmake_force_configure': False, 'cmake_target': None, 'cmake_target_skip_unavailable': False, 'install_base': '/home/mike/ros2_ws/install/robo24_wheel_interface', 'merge_install': False, 'path': '/home/mike/ros2_ws/src/robo24_wheel_interface', 'symlink_install': False, 'test_result_base': None}
[4.810s] INFO:colcon.colcon_core.executor:Executing jobs using 'parallel' executor
[4.863s] DEBUG:colcon.colcon_parallel_executor.executor.parallel:run_until_complete
[4.864s] INFO:colcon.colcon_ros.task.ament_python.build:Building ROS package in '/home/mike/ros2_ws/src/robo24_bringup' with build type 'ament_python'
[4.865s] Level 1:colcon.colcon_core.shell:create_environment_hook('robo24_bringup', 'ament_prefix_path')
[4.921s] INFO:colcon.colcon_core.plugin_system:Skipping extension 'colcon_core.shell.bat': Not used on non-Windows systems
[4.922s] INFO:colcon.colcon_core.shell:Creating environment hook '/home/mike/ros2_ws/install/robo24_bringup/share/robo24_bringup/hook/ament_prefix_path.ps1'
[4.924s] INFO:colcon.colcon_core.shell:Creating environment descriptor '/home/mike/ros2_ws/install/robo24_bringup/share/robo24_bringup/hook/ament_prefix_path.dsv'
[4.926s] INFO:colcon.colcon_core.shell:Creating environment hook '/home/mike/ros2_ws/install/robo24_bringup/share/robo24_bringup/hook/ament_prefix_path.sh'
[4.979s] INFO:colcon.colcon_core.shell:Skip shell extension 'powershell' for command environment: Not usable outside of PowerShell
[4.980s] DEBUG:colcon.colcon_core.shell:Skip shell extension 'dsv' for command environment
[5.150s] INFO:colcon.colcon_ros.task.ament_python.build:Building ROS package in '/home/mike/ros2_ws/src/robo24_wheel_interface' with build type 'ament_python'
[5.150s] Level 1:colcon.colcon_core.shell:create_environment_hook('robo24_wheel_interface', 'ament_prefix_path')
[5.204s] INFO:colcon.colcon_core.shell:Creating environment hook '/home/mike/ros2_ws/install/robo24_wheel_interface/share/robo24_wheel_interface/hook/ament_prefix_path.ps1'
[5.206s] INFO:colcon.colcon_core.shell:Creating environment descriptor '/home/mike/ros2_ws/install/robo24_wheel_interface/share/robo24_wheel_interface/hook/ament_prefix_path.dsv'
[5.208s] INFO:colcon.colcon_core.shell:Creating environment hook '/home/mike/ros2_ws/install/robo24_wheel_interface/share/robo24_wheel_interface/hook/ament_prefix_path.sh'
[5.262s] INFO:colcon.colcon_core.shell:Skip shell extension 'powershell' for command environment: Not usable outside of PowerShell
[5.262s] DEBUG:colcon.colcon_core.shell:Skip shell extension 'dsv' for command environment
[6.510s] INFO:colcon.colcon_core.task.python.build:Building Python package in '/home/mike/ros2_ws/src/robo24_bringup'
[6.563s] INFO:colcon.colcon_core.shell:Skip shell extension 'powershell' for command environment: Not usable outside of PowerShell
[6.563s] DEBUG:colcon.colcon_core.shell:Skip shell extension 'dsv' for command environment
[7.800s] INFO:colcon.colcon_core.task.python.build:Building Python package in '/home/mike/ros2_ws/src/robo24_wheel_interface'
[7.854s] INFO:colcon.colcon_core.shell:Skip shell extension 'powershell' for command environment: Not usable outside of PowerShell
[7.854s] DEBUG:colcon.colcon_core.shell:Skip shell extension 'dsv' for command environment
[9.785s] DEBUG:colcon.colcon_core.event_handler.log_command:Invoking command in '/home/mike/ros2_ws/src/robo24_bringup': PYTHONPATH=/home/mike/ros2_ws/build/robo24_bringup/prefix_override:/home/mike/ros2_ws/install/robo24_bringup/lib/python3.10/site-packages:${PYTHONPATH} /usr/bin/python3 setup.py egg_info --egg-base ../../build/robo24_bringup build --build-base /home/mike/ros2_ws/build/robo24_bringup/build install --record /home/mike/ros2_ws/build/robo24_bringup/install.log --single-version-externally-managed
[9.823s] DEBUG:colcon.colcon_core.event_handler.log_command:Invoking command in '/home/mike/ros2_ws/src/robo24_wheel_interface': PYTHONPATH=/home/mike/ros2_ws/build/robo24_wheel_interface/prefix_override:/home/mike/ros2_ws/install/robo24_wheel_interface/lib/python3.10/site-packages:${PYTHONPATH} /usr/bin/python3 setup.py egg_info --egg-base ../../build/robo24_wheel_interface build --build-base /home/mike/ros2_ws/build/robo24_wheel_interface/build install --record /home/mike/ros2_ws/build/robo24_wheel_interface/install.log --single-version-externally-managed
[11.220s] DEBUG:colcon.colcon_core.event_handler.log_command:Invoked command in '/home/mike/ros2_ws/src/robo24_bringup' returned '0': PYTHONPATH=/home/mike/ros2_ws/build/robo24_bringup/prefix_override:/home/mike/ros2_ws/install/robo24_bringup/lib/python3.10/site-packages:${PYTHONPATH} /usr/bin/python3 setup.py egg_info --egg-base ../../build/robo24_bringup build --build-base /home/mike/ros2_ws/build/robo24_bringup/build install --record /home/mike/ros2_ws/build/robo24_bringup/install.log --single-version-externally-managed
[11.383s] Level 1:colcon.colcon_core.environment:checking '/home/mike/ros2_ws/install/robo24_bringup' for CMake module files
[11.385s] Level 1:colcon.colcon_core.environment:checking '/home/mike/ros2_ws/install/robo24_bringup' for CMake config files
[11.389s] Level 1:colcon.colcon_core.environment:checking '/home/mike/ros2_ws/install/robo24_bringup/lib'
[11.390s] Level 1:colcon.colcon_core.environment:checking '/home/mike/ros2_ws/install/robo24_bringup/bin'
[11.390s] Level 1:colcon.colcon_core.environment:checking '/home/mike/ros2_ws/install/robo24_bringup/lib/pkgconfig/robo24_bringup.pc'
[11.391s] Level 1:colcon.colcon_core.environment:checking '/home/mike/ros2_ws/install/robo24_bringup/lib/python3.10/site-packages'
[11.391s] Level 1:colcon.colcon_core.shell:create_environment_hook('robo24_bringup', 'pythonpath')
[11.444s] INFO:colcon.colcon_core.shell:Creating environment hook '/home/mike/ros2_ws/install/robo24_bringup/share/robo24_bringup/hook/pythonpath.ps1'
[11.446s] INFO:colcon.colcon_core.shell:Creating environment descriptor '/home/mike/ros2_ws/install/robo24_bringup/share/robo24_bringup/hook/pythonpath.dsv'
[11.448s] INFO:colcon.colcon_core.shell:Creating environment hook '/home/mike/ros2_ws/install/robo24_bringup/share/robo24_bringup/hook/pythonpath.sh'
[11.451s] Level 1:colcon.colcon_core.environment:checking '/home/mike/ros2_ws/install/robo24_bringup/bin'
[11.451s] Level 1:colcon.colcon_core.environment:create_environment_scripts_only(robo24_bringup)
[11.501s] INFO:colcon.colcon_core.shell:Creating package script '/home/mike/ros2_ws/install/robo24_bringup/share/robo24_bringup/package.ps1'
[11.505s] INFO:colcon.colcon_core.shell:Creating package descriptor '/home/mike/ros2_ws/install/robo24_bringup/share/robo24_bringup/package.dsv'
[11.508s] INFO:colcon.colcon_core.shell:Creating package script '/home/mike/ros2_ws/install/robo24_bringup/share/robo24_bringup/package.sh'
[11.511s] INFO:colcon.colcon_core.shell:Creating package script '/home/mike/ros2_ws/install/robo24_bringup/share/robo24_bringup/package.bash'
[11.514s] INFO:colcon.colcon_core.shell:Creating package script '/home/mike/ros2_ws/install/robo24_bringup/share/robo24_bringup/package.zsh'
[11.517s] Level 1:colcon.colcon_core.environment:create_file_with_runtime_dependencies(/home/mike/ros2_ws/install/robo24_bringup/share/colcon-core/packages/robo24_bringup)
[11.523s] DEBUG:colcon.colcon_core.event_handler.log_command:Invoked command in '/home/mike/ros2_ws/src/robo24_wheel_interface' returned '0': PYTHONPATH=/home/mike/ros2_ws/build/robo24_wheel_interface/prefix_override:/home/mike/ros2_ws/install/robo24_wheel_interface/lib/python3.10/site-packages:${PYTHONPATH} /usr/bin/python3 setup.py egg_info --egg-base ../../build/robo24_wheel_interface build --build-base /home/mike/ros2_ws/build/robo24_wheel_interface/build install --record /home/mike/ros2_ws/build/robo24_wheel_interface/install.log --single-version-externally-managed
[11.573s] Level 1:colcon.colcon_core.environment:checking '/home/mike/ros2_ws/install/robo24_wheel_interface' for CMake module files
[11.575s] Level 1:colcon.colcon_core.environment:checking '/home/mike/ros2_ws/install/robo24_wheel_interface' for CMake config files
[11.579s] Level 1:colcon.colcon_core.environment:checking '/home/mike/ros2_ws/install/robo24_wheel_interface/lib'
[11.579s] Level 1:colcon.colcon_core.environment:checking '/home/mike/ros2_ws/install/robo24_wheel_interface/bin'
[11.579s] Level 1:colcon.colcon_core.environment:checking '/home/mike/ros2_ws/install/robo24_wheel_interface/lib/pkgconfig/robo24_wheel_interface.pc'
[11.580s] Level 1:colcon.colcon_core.environment:checking '/home/mike/ros2_ws/install/robo24_wheel_interface/lib/python3.10/site-packages'
[11.581s] Level 1:colcon.colcon_core.shell:create_environment_hook('robo24_wheel_interface', 'pythonpath')
[11.629s] INFO:colcon.colcon_core.shell:Creating environment hook '/home/mike/ros2_ws/install/robo24_wheel_interface/share/robo24_wheel_interface/hook/pythonpath.ps1'
[11.631s] INFO:colcon.colcon_core.shell:Creating environment descriptor '/home/mike/ros2_ws/install/robo24_wheel_interface/share/robo24_wheel_interface/hook/pythonpath.dsv'
[11.633s] INFO:colcon.colcon_core.shell:Creating environment hook '/home/mike/ros2_ws/install/robo24_wheel_interface/share/robo24_wheel_interface/hook/pythonpath.sh'
[11.636s] Level 1:colcon.colcon_core.environment:checking '/home/mike/ros2_ws/install/robo24_wheel_interface/bin'
[11.636s] Level 1:colcon.colcon_core.environment:create_environment_scripts_only(robo24_wheel_interface)
[11.690s] INFO:colcon.colcon_core.shell:Creating package script '/home/mike/ros2_ws/install/robo24_wheel_interface/share/robo24_wheel_interface/package.ps1'
[11.693s] INFO:colcon.colcon_core.shell:Creating package descriptor '/home/mike/ros2_ws/install/robo24_wheel_interface/share/robo24_wheel_interface/package.dsv'
[11.695s] INFO:colcon.colcon_core.shell:Creating package script '/home/mike/ros2_ws/install/robo24_wheel_interface/share/robo24_wheel_interface/package.sh'
[11.697s] INFO:colcon.colcon_core.shell:Creating package script '/home/mike/ros2_ws/install/robo24_wheel_interface/share/robo24_wheel_interface/package.bash'
[11.699s] INFO:colcon.colcon_core.shell:Creating package script '/home/mike/ros2_ws/install/robo24_wheel_interface/share/robo24_wheel_interface/package.zsh'
[11.701s] Level 1:colcon.colcon_core.environment:create_file_with_runtime_dependencies(/home/mike/ros2_ws/install/robo24_wheel_interface/share/colcon-core/packages/robo24_wheel_interface)
[11.702s] DEBUG:colcon.colcon_parallel_executor.executor.parallel:closing loop
[11.703s] DEBUG:colcon.colcon_parallel_executor.executor.parallel:loop closed
[11.703s] DEBUG:colcon.colcon_parallel_executor.executor.parallel:run_until_complete finished with '0'
[11.704s] DEBUG:colcon.colcon_core.event_reactor:joining thread
[11.791s] INFO:colcon.colcon_core.plugin_system:Skipping extension 'colcon_notification.desktop_notification.notify_send': Could not find 'notify-send'
[11.792s] INFO:colcon.colcon_core.plugin_system:Skipping extension 'colcon_notification.desktop_notification.terminal_notifier': Not used on non-Darwin systems
[11.792s] INFO:colcon.colcon_core.plugin_system:Skipping extension 'colcon_notification.desktop_notification.win32': Not used on non-Windows systems
[11.792s] INFO:colcon.colcon_notification.desktop_notification:Sending desktop notification using 'notify2'
[11.807s] DEBUG:colcon.colcon_notification.desktop_notification.notify2:Failed to initialize notify2: org.freedesktop.DBus.Error.ServiceUnknown: The name org.freedesktop.Notifications was not provided by any .service files
[11.808s] DEBUG:colcon.colcon_core.event_reactor:joined thread
[11.868s] INFO:colcon.colcon_core.shell:Creating prefix script '/home/mike/ros2_ws/install/local_setup.ps1'
[11.872s] INFO:colcon.colcon_core.shell:Creating prefix util module '/home/mike/ros2_ws/install/_local_setup_util_ps1.py'
[11.877s] INFO:colcon.colcon_core.shell:Creating prefix chain script '/home/mike/ros2_ws/install/setup.ps1'
[11.928s] INFO:colcon.colcon_core.shell:Creating prefix script '/home/mike/ros2_ws/install/local_setup.sh'
[11.930s] INFO:colcon.colcon_core.shell:Creating prefix util module '/home/mike/ros2_ws/install/_local_setup_util_sh.py'
[11.933s] INFO:colcon.colcon_core.shell:Creating prefix chain script '/home/mike/ros2_ws/install/setup.sh'
[11.986s] INFO:colcon.colcon_core.shell:Creating prefix script '/home/mike/ros2_ws/install/local_setup.bash'
[11.988s] INFO:colcon.colcon_core.shell:Creating prefix chain script '/home/mike/ros2_ws/install/setup.bash'
[12.051s] INFO:colcon.colcon_core.shell:Creating prefix script '/home/mike/ros2_ws/install/local_setup.zsh'
[12.054s] INFO:colcon.colcon_core.shell:Creating prefix chain script '/home/mike/ros2_ws/install/setup.zsh'
