[9.089s] Invoking command in '/home/mike/ros2_ws/build/robo24_bringup': PYTHONPATH=/home/mike/ros2_ws/build/robo24_bringup/prefix_override:/home/mike/ros2_ws/install/robo24_bringup/lib/python3.10/site-packages:${PYTHONPATH} /usr/bin/python3 setup.py develop --editable --build-directory /home/mike/ros2_ws/build/robo24_bringup/build --no-deps install_data
[10.903s] running develop
[11.902s] running egg_info
[11.902s] creating robo24_bringup.egg-info
[11.904s] writing robo24_bringup.egg-info/PKG-INFO
[11.905s] writing dependency_links to robo24_bringup.egg-info/dependency_links.txt
[11.905s] writing entry points to robo24_bringup.egg-info/entry_points.txt
[11.906s] writing requirements to robo24_bringup.egg-info/requires.txt
[11.907s] writing top-level names to robo24_bringup.egg-info/top_level.txt
[11.907s] writing manifest file 'robo24_bringup.egg-info/SOURCES.txt'
[11.914s] reading manifest file 'robo24_bringup.egg-info/SOURCES.txt'
[11.917s] writing manifest file 'robo24_bringup.egg-info/SOURCES.txt'
[11.925s] running build_ext
[11.926s] Creating /home/mike/ros2_ws/install/robo24_bringup/lib/python3.10/site-packages/robo24-bringup.egg-link (link to .)
[11.930s] 
[11.932s] Installed /home/mike/ros2_ws/build/robo24_bringup
[11.932s] running install_data
[11.933s] creating /home/mike/ros2_ws/install/robo24_bringup/share/ament_index
[11.934s] creating /home/mike/ros2_ws/install/robo24_bringup/share/ament_index/resource_index
[11.935s] creating /home/mike/ros2_ws/install/robo24_bringup/share/ament_index/resource_index/packages
[11.935s] copying resource/robo24_bringup -> /home/mike/ros2_ws/install/robo24_bringup/share/ament_index/resource_index/packages
[11.937s] copying package.xml -> /home/mike/ros2_ws/install/robo24_bringup/share/robo24_bringup
[11.938s] creating /home/mike/ros2_ws/install/robo24_bringup/share/robo24_bringup/launch
[11.939s] copying launch/robo24_bringup_launch.py -> /home/mike/ros2_ws/install/robo24_bringup/share/robo24_bringup/launch
[12.145s] Invoked command in '/home/mike/ros2_ws/build/robo24_bringup' returned '0': PYTHONPATH=/home/mike/ros2_ws/build/robo24_bringup/prefix_override:/home/mike/ros2_ws/install/robo24_bringup/lib/python3.10/site-packages:${PYTHONPATH} /usr/bin/python3 setup.py develop --editable --build-directory /home/mike/ros2_ws/build/robo24_bringup/build --no-deps install_data
