[0.260s] Invoking command in '/home/mike/ros2_ws/build/robo24_interfaces': CMAKE_PREFIX_PATH=/home/mike/ros2_ws/install/robo24_stuff:/home/mike/ros2_ws/install/robo24_nav:/home/mike/ros2_ws/install/robo24_localization:/home/mike/ros2_ws/install/robo24_bringup:/opt/ros/humble /usr/bin/cmake /home/mike/ros2_ws/src/robo24_interfaces -DCMAKE_INSTALL_PREFIX=/home/mike/ros2_ws/install/robo24_interfaces
[0.316s] -- Found ament_cmake: 1.3.6 (/opt/ros/humble/share/ament_cmake/cmake)
[1.007s] -- Found rosidl_default_generators: 1.2.0 (/opt/ros/humble/share/rosidl_default_generators/cmake)
[1.015s] -- Using all available rosidl_typesupport_c: rosidl_typesupport_fastrtps_c;rosidl_typesupport_introspection_c
[1.027s] -- Found rosidl_adapter: 3.1.5 (/opt/ros/humble/share/rosidl_adapter/cmake)
[1.189s] -- Using all available rosidl_typesupport_cpp: rosidl_typesupport_fastrtps_cpp;rosidl_typesupport_introspection_cpp
[2.059s] [31mCMake Error at /opt/ros/humble/share/rosidl_adapter/cmake/rosidl_adapt_interfaces.cmake:59 (message):
[2.060s]   execute_process(/usr/bin/python3.10 -m rosidl_adapter --package-name
[2.060s]   robo24_interfaces --arguments-file
[2.061s]   /home/mike/ros2_ws/build/robo24_interfaces/rosidl_adapter__arguments__robo24_interfaces.json
[2.061s]   --output-dir
[2.061s]   /home/mike/ros2_ws/build/robo24_interfaces/rosidl_adapter/robo24_interfaces
[2.062s]   --output-file
[2.062s]   /home/mike/ros2_ws/build/robo24_interfaces/rosidl_adapter/robo24_interfaces.idls)
[2.062s]   returned error code 1:
[2.063s] 
[2.064s]   Traceback (most recent call last):
[2.064s] 
[2.064s]     File "/usr/lib/python3.10/runpy.py", line 196, in _run_module_as_main
[2.065s]       return _run_code(code, main_globals, None,
[2.065s]     File "/usr/lib/python3.10/runpy.py", line 86, in _run_code
[2.066s]       exec(code, run_globals)
[2.066s]     File "/opt/ros/humble/local/lib/python3.10/dist-packages/rosidl_adapter/__main__.py", line 19, in <module>
[2.067s]       sys.exit(main())
[2.067s]     File "/opt/ros/humble/local/lib/python3.10/dist-packages/rosidl_adapter/main.py", line 53, in main
[2.068s]       abs_idl_file = convert_to_idl(
[2.069s]     File "/opt/ros/humble/local/lib/python3.10/dist-packages/rosidl_adapter/__init__.py", line 24, in convert_to_idl
[2.071s]       return convert_srv_to_idl(
[2.072s]     File "/opt/ros/humble/local/lib/python3.10/dist-packages/rosidl_adapter/srv/__init__.py", line 28, in convert_srv_to_idl
[2.073s]       srv = parse_service_string(package_name, input_file.stem, content)
[2.075s]     File "/opt/ros/humble/local/lib/python3.10/dist-packages/rosidl_adapter/parser.py", line 859, in parse_service_string
[2.076s]       request_message = parse_message_string(
[2.076s]     File "/opt/ros/humble/local/lib/python3.10/dist-packages/rosidl_adapter/parser.py", line 544, in parse_message_string
[2.077s]       msg = MessageSpecification(pkg_name, msg_name, fields, constants)
[2.077s]     File "/opt/ros/humble/local/lib/python3.10/dist-packages/rosidl_adapter/parser.py", line 388, in __init__
[2.078s]       self.base_type = BaseType(
[2.078s]     File "/opt/ros/humble/local/lib/python3.10/dist-packages/rosidl_adapter/parser.py", line 205, in __init__
[2.078s]       raise InvalidResourceName(
[2.079s] 
[2.079s]   rosidl_adapter.parser.InvalidResourceName: 'claw_Request' is an invalid
[2.080s]   message name.  It should have the pattern '^[A-Z][A-Za-z0-9]*$'
[2.080s] 
[2.081s] Call Stack (most recent call first):
[2.082s]   /opt/ros/humble/share/rosidl_cmake/cmake/rosidl_generate_interfaces.cmake:130 (rosidl_adapt_interfaces)
[2.083s]   CMakeLists.txt:17 (rosidl_generate_interfaces)
[2.084s] 
[2.085s] [0m
[2.085s] -- Configuring incomplete, errors occurred!
[2.086s] See also "/home/mike/ros2_ws/build/robo24_interfaces/CMakeFiles/CMakeOutput.log".
[2.089s] Invoked command in '/home/mike/ros2_ws/build/robo24_interfaces' returned '1': CMAKE_PREFIX_PATH=/home/mike/ros2_ws/install/robo24_stuff:/home/mike/ros2_ws/install/robo24_nav:/home/mike/ros2_ws/install/robo24_localization:/home/mike/ros2_ws/install/robo24_bringup:/opt/ros/humble /usr/bin/cmake /home/mike/ros2_ws/src/robo24_interfaces -DCMAKE_INSTALL_PREFIX=/home/mike/ros2_ws/install/robo24_interfaces
