[9.224s] Invoking command in '/home/mike/ros2_ws/src/robo24_localization': PYTHONPATH=/home/mike/ros2_ws/build/robo24_localization/prefix_override:/home/mike/ros2_ws/install/robo24_localization/lib/python3.10/site-packages:${PYTHONPATH} /usr/bin/python3 setup.py egg_info --egg-base ../../build/robo24_localization build --build-base /home/mike/ros2_ws/build/robo24_localization/build install --record /home/mike/ros2_ws/build/robo24_localization/install.log --single-version-externally-managed
[11.124s] running egg_info
[11.131s] writing ../../build/robo24_localization/robo24_localization.egg-info/PKG-INFO
[11.136s] writing dependency_links to ../../build/robo24_localization/robo24_localization.egg-info/dependency_links.txt
[11.140s] writing entry points to ../../build/robo24_localization/robo24_localization.egg-info/entry_points.txt
[11.144s] writing requirements to ../../build/robo24_localization/robo24_localization.egg-info/requires.txt
[11.147s] writing top-level names to ../../build/robo24_localization/robo24_localization.egg-info/top_level.txt
[11.166s] reading manifest file '../../build/robo24_localization/robo24_localization.egg-info/SOURCES.txt'
[11.175s] writing manifest file '../../build/robo24_localization/robo24_localization.egg-info/SOURCES.txt'
[11.179s] running build
[11.180s] running build_py
[11.184s] running install
[11.189s] running install_lib
[11.199s] running install_data
[11.206s] copying config/efk_config.yaml -> /home/mike/ros2_ws/install/robo24_localization/share/robo24_localization/config
[11.209s] running install_egg_info
[11.226s] removing '/home/mike/ros2_ws/install/robo24_localization/lib/python3.10/site-packages/robo24_localization-0.0.0-py3.10.egg-info' (and everything under it)
[11.231s] Copying ../../build/robo24_localization/robo24_localization.egg-info to /home/mike/ros2_ws/install/robo24_localization/lib/python3.10/site-packages/robo24_localization-0.0.0-py3.10.egg-info
[11.248s] running install_scripts
[11.368s] writing list of installed files to '/home/mike/ros2_ws/build/robo24_localization/install.log'
[11.997s] Invoked command in '/home/mike/ros2_ws/src/robo24_localization' returned '0': PYTHONPATH=/home/mike/ros2_ws/build/robo24_localization/prefix_override:/home/mike/ros2_ws/install/robo24_localization/lib/python3.10/site-packages:${PYTHONPATH} /usr/bin/python3 setup.py egg_info --egg-base ../../build/robo24_localization build --build-base /home/mike/ros2_ws/build/robo24_localization/build install --record /home/mike/ros2_ws/build/robo24_localization/install.log --single-version-externally-managed
