[7.838s] Invoking command in '/home/mike/ros2_ws/build/robo24_wheel_interface': PYTHONPATH=/home/mike/ros2_ws/build/robo24_wheel_interface/prefix_override:/home/mike/ros2_ws/install/robo24_wheel_interface/lib/python3.10/site-packages:${PYTHONPATH} /usr/bin/python3 setup.py develop --editable --build-directory /home/mike/ros2_ws/build/robo24_wheel_interface/build --no-deps install_data
[9.774s] running develop
[11.201s] running egg_info
[11.202s] creating robo24_wheel_interface.egg-info
[11.202s] writing robo24_wheel_interface.egg-info/PKG-INFO
[11.203s] writing dependency_links to robo24_wheel_interface.egg-info/dependency_links.txt
[11.205s] writing entry points to robo24_wheel_interface.egg-info/entry_points.txt
[11.205s] writing requirements to robo24_wheel_interface.egg-info/requires.txt
[11.206s] writing top-level names to robo24_wheel_interface.egg-info/top_level.txt
[11.207s] writing manifest file 'robo24_wheel_interface.egg-info/SOURCES.txt'
[11.221s] reading manifest file 'robo24_wheel_interface.egg-info/SOURCES.txt'
[11.222s] writing manifest file 'robo24_wheel_interface.egg-info/SOURCES.txt'
[11.228s] running build_ext
[11.228s] Creating /home/mike/ros2_ws/install/robo24_wheel_interface/lib/python3.10/site-packages/robo24-wheel-interface.egg-link (link to .)
[11.233s] Installing robo24_diynav_node script to /home/mike/ros2_ws/install/robo24_wheel_interface/lib/robo24_wheel_interface
[11.234s] Installing robo24_teleop_node script to /home/mike/ros2_ws/install/robo24_wheel_interface/lib/robo24_wheel_interface
[11.235s] Installing robo24_wheel_controller_node script to /home/mike/ros2_ws/install/robo24_wheel_interface/lib/robo24_wheel_interface
[11.237s] 
[11.238s] Installed /home/mike/ros2_ws/build/robo24_wheel_interface
[11.242s] running install_data
[11.242s] creating /home/mike/ros2_ws/install/robo24_wheel_interface/share/ament_index
[11.244s] creating /home/mike/ros2_ws/install/robo24_wheel_interface/share/ament_index/resource_index
[11.245s] creating /home/mike/ros2_ws/install/robo24_wheel_interface/share/ament_index/resource_index/packages
[11.246s] copying resource/robo24_wheel_interface -> /home/mike/ros2_ws/install/robo24_wheel_interface/share/ament_index/resource_index/packages
[11.261s] copying package.xml -> /home/mike/ros2_ws/install/robo24_wheel_interface/share/robo24_wheel_interface
[11.416s] Invoked command in '/home/mike/ros2_ws/build/robo24_wheel_interface' returned '0': PYTHONPATH=/home/mike/ros2_ws/build/robo24_wheel_interface/prefix_override:/home/mike/ros2_ws/install/robo24_wheel_interface/lib/python3.10/site-packages:${PYTHONPATH} /usr/bin/python3 setup.py develop --editable --build-directory /home/mike/ros2_ws/build/robo24_wheel_interface/build --no-deps install_data
