[8.735s] Invoking command in '/home/mike/ros2_ws/build/robo24_stuff': PYTHONPATH=/home/mike/ros2_ws/build/robo24_stuff/prefix_override:/home/mike/ros2_ws/install/robo24_stuff/lib/python3.10/site-packages:${PYTHONPATH} /usr/bin/python3 setup.py develop --editable --build-directory /home/mike/ros2_ws/build/robo24_stuff/build --no-deps install_data
[10.487s] running develop
[11.901s] running egg_info
[11.903s] writing robo24_stuff.egg-info/PKG-INFO
[11.904s] writing dependency_links to robo24_stuff.egg-info/dependency_links.txt
[11.906s] writing entry points to robo24_stuff.egg-info/entry_points.txt
[11.907s] writing requirements to robo24_stuff.egg-info/requires.txt
[11.909s] writing top-level names to robo24_stuff.egg-info/top_level.txt
[11.914s] reading manifest file 'robo24_stuff.egg-info/SOURCES.txt'
[11.917s] writing manifest file 'robo24_stuff.egg-info/SOURCES.txt'
[11.924s] running build_ext
[11.925s] Creating /home/mike/ros2_ws/install/robo24_stuff/lib/python3.10/site-packages/robo24-stuff.egg-link (link to .)
[11.929s] Installing openmv_serial_node script to /home/mike/ros2_ws/install/robo24_stuff/lib/robo24_stuff
[11.930s] Installing robo24_can_xy_node script to /home/mike/ros2_ws/install/robo24_stuff/lib/robo24_stuff
[11.932s] Installing robo24_diynav_node script to /home/mike/ros2_ws/install/robo24_stuff/lib/robo24_stuff
[11.933s] Installing robo24_teleop_node script to /home/mike/ros2_ws/install/robo24_stuff/lib/robo24_stuff
[11.934s] Installing robo24_wheel_controller_node script to /home/mike/ros2_ws/install/robo24_stuff/lib/robo24_stuff
[11.935s] Installing sensor_serial_node script to /home/mike/ros2_ws/install/robo24_stuff/lib/robo24_stuff
[11.938s] 
[11.940s] Installed /home/mike/ros2_ws/build/robo24_stuff
[11.941s] running install_data
[11.942s] copying launch/robo24_bringup_launch.py -> /home/mike/ros2_ws/install/robo24_stuff/share/robo24_stuff/launch
[12.566s] Invoked command in '/home/mike/ros2_ws/build/robo24_stuff' returned '0': PYTHONPATH=/home/mike/ros2_ws/build/robo24_stuff/prefix_override:/home/mike/ros2_ws/install/robo24_stuff/lib/python3.10/site-packages:${PYTHONPATH} /usr/bin/python3 setup.py develop --editable --build-directory /home/mike/ros2_ws/build/robo24_stuff/build --no-deps install_data
