[4.954s] Invoking command in '/home/mike/ros2_ws/build/robo24_bringup': PYTHONPATH=/home/mike/ros2_ws/build/robo24_bringup/prefix_override:/home/mike/ros2_ws/install/robo24_bringup/lib/python3.10/site-packages:${PYTHONPATH} /usr/bin/python3 setup.py develop --uninstall --editable --build-directory /home/mike/ros2_ws/build/robo24_bringup/build
[6.183s] running develop
[6.864s] Removing /home/mike/ros2_ws/install/robo24_bringup/lib/python3.10/site-packages/robo24-bringup.egg-link (link to .)
[7.116s] Invoked command in '/home/mike/ros2_ws/build/robo24_bringup' returned '0': PYTHONPATH=/home/mike/ros2_ws/build/robo24_bringup/prefix_override:/home/mike/ros2_ws/install/robo24_bringup/lib/python3.10/site-packages:${PYTHONPATH} /usr/bin/python3 setup.py develop --uninstall --editable --build-directory /home/mike/ros2_ws/build/robo24_bringup/build
[7.127s] Invoking command in '/home/mike/ros2_ws/src/robo24_bringup': PYTHONPATH=/home/mike/ros2_ws/build/robo24_bringup/prefix_override:/home/mike/ros2_ws/install/robo24_bringup/lib/python3.10/site-packages:${PYTHONPATH} /usr/bin/python3 setup.py egg_info --egg-base ../../build/robo24_bringup build --build-base /home/mike/ros2_ws/build/robo24_bringup/build install --record /home/mike/ros2_ws/build/robo24_bringup/install.log --single-version-externally-managed
[8.265s] running egg_info
[8.267s] writing ../../build/robo24_bringup/robo24_bringup.egg-info/PKG-INFO
[8.268s] writing dependency_links to ../../build/robo24_bringup/robo24_bringup.egg-info/dependency_links.txt
[8.269s] writing entry points to ../../build/robo24_bringup/robo24_bringup.egg-info/entry_points.txt
[8.269s] writing requirements to ../../build/robo24_bringup/robo24_bringup.egg-info/requires.txt
[8.270s] writing top-level names to ../../build/robo24_bringup/robo24_bringup.egg-info/top_level.txt
[8.281s] reading manifest file '../../build/robo24_bringup/robo24_bringup.egg-info/SOURCES.txt'
[8.285s] adding license file 'LICENSE'
[8.287s] writing manifest file '../../build/robo24_bringup/robo24_bringup.egg-info/SOURCES.txt'
[8.288s] running build
[8.289s] running build_py
[8.290s] creating /home/mike/ros2_ws/build/robo24_bringup/build
[8.291s] creating /home/mike/ros2_ws/build/robo24_bringup/build/lib
[8.292s] creating /home/mike/ros2_ws/build/robo24_bringup/build/lib/robo24_bringup
[8.292s] copying robo24_bringup/__init__.py -> /home/mike/ros2_ws/build/robo24_bringup/build/lib/robo24_bringup
[8.293s] running install
[8.294s] running install_lib
[8.296s] creating /home/mike/ros2_ws/install/robo24_bringup/lib/python3.10/site-packages/robo24_bringup
[8.296s] copying /home/mike/ros2_ws/build/robo24_bringup/build/lib/robo24_bringup/__init__.py -> /home/mike/ros2_ws/install/robo24_bringup/lib/python3.10/site-packages/robo24_bringup
[8.299s] byte-compiling /home/mike/ros2_ws/install/robo24_bringup/lib/python3.10/site-packages/robo24_bringup/__init__.py to __init__.cpython-310.pyc
[8.300s] running install_data
[8.300s] running install_egg_info
[8.309s] Copying ../../build/robo24_bringup/robo24_bringup.egg-info to /home/mike/ros2_ws/install/robo24_bringup/lib/python3.10/site-packages/robo24_bringup-0.0.0-py3.10.egg-info
[8.317s] running install_scripts
[8.412s] writing list of installed files to '/home/mike/ros2_ws/build/robo24_bringup/install.log'
[8.577s] Invoked command in '/home/mike/ros2_ws/src/robo24_bringup' returned '0': PYTHONPATH=/home/mike/ros2_ws/build/robo24_bringup/prefix_override:/home/mike/ros2_ws/install/robo24_bringup/lib/python3.10/site-packages:${PYTHONPATH} /usr/bin/python3 setup.py egg_info --egg-base ../../build/robo24_bringup build --build-base /home/mike/ros2_ws/build/robo24_bringup/build install --record /home/mike/ros2_ws/build/robo24_bringup/install.log --single-version-externally-managed
