running egg_info
creating ../../build/robo24_stuff/robo24_stuff.egg-info
writing ../../build/robo24_stuff/robo24_stuff.egg-info/PKG-INFO
writing dependency_links to ../../build/robo24_stuff/robo24_stuff.egg-info/dependency_links.txt
writing entry points to ../../build/robo24_stuff/robo24_stuff.egg-info/entry_points.txt
writing requirements to ../../build/robo24_stuff/robo24_stuff.egg-info/requires.txt
writing top-level names to ../../build/robo24_stuff/robo24_stuff.egg-info/top_level.txt
writing manifest file '../../build/robo24_stuff/robo24_stuff.egg-info/SOURCES.txt'
reading manifest file '../../build/robo24_stuff/robo24_stuff.egg-info/SOURCES.txt'
writing manifest file '../../build/robo24_stuff/robo24_stuff.egg-info/SOURCES.txt'
running build
running build_py
creating /home/mike/ros2_ws/build/robo24_stuff/build
creating /home/mike/ros2_ws/build/robo24_stuff/build/lib
creating /home/mike/ros2_ws/build/robo24_stuff/build/lib/robo24_stuff
copying robo24_stuff/robo24_teleop_node.py -> /home/mike/ros2_ws/build/robo24_stuff/build/lib/robo24_stuff
copying robo24_stuff/openmv_serial_node.py -> /home/mike/ros2_ws/build/robo24_stuff/build/lib/robo24_stuff
copying robo24_stuff/robo24_can_xy_node.py -> /home/mike/ros2_ws/build/robo24_stuff/build/lib/robo24_stuff
copying robo24_stuff/sensor_serial_node.py -> /home/mike/ros2_ws/build/robo24_stuff/build/lib/robo24_stuff
copying robo24_stuff/robo24_diynav_node.py -> /home/mike/ros2_ws/build/robo24_stuff/build/lib/robo24_stuff
copying robo24_stuff/__init__.py -> /home/mike/ros2_ws/build/robo24_stuff/build/lib/robo24_stuff
copying robo24_stuff/robo24_wheel_controller_node.py -> /home/mike/ros2_ws/build/robo24_stuff/build/lib/robo24_stuff
running install
running install_lib
creating /home/mike/ros2_ws/install/robo24_stuff/lib/python3.10/site-packages/robo24_stuff
copying /home/mike/ros2_ws/build/robo24_stuff/build/lib/robo24_stuff/robo24_teleop_node.py -> /home/mike/ros2_ws/install/robo24_stuff/lib/python3.10/site-packages/robo24_stuff
copying /home/mike/ros2_ws/build/robo24_stuff/build/lib/robo24_stuff/openmv_serial_node.py -> /home/mike/ros2_ws/install/robo24_stuff/lib/python3.10/site-packages/robo24_stuff
copying /home/mike/ros2_ws/build/robo24_stuff/build/lib/robo24_stuff/robo24_can_xy_node.py -> /home/mike/ros2_ws/install/robo24_stuff/lib/python3.10/site-packages/robo24_stuff
copying /home/mike/ros2_ws/build/robo24_stuff/build/lib/robo24_stuff/sensor_serial_node.py -> /home/mike/ros2_ws/install/robo24_stuff/lib/python3.10/site-packages/robo24_stuff
copying /home/mike/ros2_ws/build/robo24_stuff/build/lib/robo24_stuff/robo24_diynav_node.py -> /home/mike/ros2_ws/install/robo24_stuff/lib/python3.10/site-packages/robo24_stuff
copying /home/mike/ros2_ws/build/robo24_stuff/build/lib/robo24_stuff/__init__.py -> /home/mike/ros2_ws/install/robo24_stuff/lib/python3.10/site-packages/robo24_stuff
copying /home/mike/ros2_ws/build/robo24_stuff/build/lib/robo24_stuff/robo24_wheel_controller_node.py -> /home/mike/ros2_ws/install/robo24_stuff/lib/python3.10/site-packages/robo24_stuff
byte-compiling /home/mike/ros2_ws/install/robo24_stuff/lib/python3.10/site-packages/robo24_stuff/robo24_teleop_node.py to robo24_teleop_node.cpython-310.pyc
byte-compiling /home/mike/ros2_ws/install/robo24_stuff/lib/python3.10/site-packages/robo24_stuff/openmv_serial_node.py to openmv_serial_node.cpython-310.pyc
byte-compiling /home/mike/ros2_ws/install/robo24_stuff/lib/python3.10/site-packages/robo24_stuff/robo24_can_xy_node.py to robo24_can_xy_node.cpython-310.pyc
byte-compiling /home/mike/ros2_ws/install/robo24_stuff/lib/python3.10/site-packages/robo24_stuff/sensor_serial_node.py to sensor_serial_node.cpython-310.pyc
byte-compiling /home/mike/ros2_ws/install/robo24_stuff/lib/python3.10/site-packages/robo24_stuff/robo24_diynav_node.py to robo24_diynav_node.cpython-310.pyc
byte-compiling /home/mike/ros2_ws/install/robo24_stuff/lib/python3.10/site-packages/robo24_stuff/__init__.py to __init__.cpython-310.pyc
byte-compiling /home/mike/ros2_ws/install/robo24_stuff/lib/python3.10/site-packages/robo24_stuff/robo24_wheel_controller_node.py to robo24_wheel_controller_node.cpython-310.pyc
running install_data
creating /home/mike/ros2_ws/install/robo24_stuff/share/ament_index
creating /home/mike/ros2_ws/install/robo24_stuff/share/ament_index/resource_index
creating /home/mike/ros2_ws/install/robo24_stuff/share/ament_index/resource_index/packages
copying resource/robo24_stuff -> /home/mike/ros2_ws/install/robo24_stuff/share/ament_index/resource_index/packages
copying package.xml -> /home/mike/ros2_ws/install/robo24_stuff/share/robo24_stuff
creating /home/mike/ros2_ws/install/robo24_stuff/share/robo24_stuff/launch
copying launch/robo24_bringup_launch.py -> /home/mike/ros2_ws/install/robo24_stuff/share/robo24_stuff/launch
running install_egg_info
Copying ../../build/robo24_stuff/robo24_stuff.egg-info to /home/mike/ros2_ws/install/robo24_stuff/lib/python3.10/site-packages/robo24_stuff-0.0.0-py3.10.egg-info
running install_scripts
Installing openmv_serial_node script to /home/mike/ros2_ws/install/robo24_stuff/lib/robo24_stuff
Installing robo24_can_xy_node script to /home/mike/ros2_ws/install/robo24_stuff/lib/robo24_stuff
Installing robo24_diynav_node script to /home/mike/ros2_ws/install/robo24_stuff/lib/robo24_stuff
Installing robo24_teleop_node script to /home/mike/ros2_ws/install/robo24_stuff/lib/robo24_stuff
Installing robo24_wheel_controller_node script to /home/mike/ros2_ws/install/robo24_stuff/lib/robo24_stuff
Installing sensor_serial_node script to /home/mike/ros2_ws/install/robo24_stuff/lib/robo24_stuff
writing list of installed files to '/home/mike/ros2_ws/build/robo24_stuff/install.log'
