[6.131s] DEBUG:colcon:Command line arguments: ['/usr/bin/colcon', 'list', '-p', '--base-paths', '/home/mike/ros2_ws']
[6.131s] DEBUG:colcon:Parsed command line arguments: Namespace(log_base=None, log_level=None, verb_name='list', build_base='build', ignore_user_meta=False, metas=['./colcon.meta'], base_paths=['/home/mike/ros2_ws'], packages_ignore=None, packages_ignore_regex=None, paths=None, packages_up_to=None, packages_up_to_regex=None, packages_above=None, packages_above_and_dependencies=None, packages_above_depth=None, packages_select_by_dep=None, packages_skip_by_dep=None, packages_skip_up_to=None, packages_select_build_failed=False, packages_skip_build_finished=False, packages_select_test_failures=False, packages_skip_test_passed=False, packages_select=None, packages_skip=None, packages_select_regex=None, packages_skip_regex=None, packages_start=None, packages_end=None, allow_overriding=[], topological_order=False, names_only=False, paths_only=True, topological_graph=False, topological_graph_dot=False, topological_graph_density=False, topological_graph_legend=False, topological_graph_dot_cluster=False, topological_graph_dot_include_skipped=False, verb_parser=<colcon_defaults.argument_parser.defaults.DefaultArgumentsDecorator object at 0xffffa7f823b0>, verb_extension=<colcon_package_information.verb.list.ListVerb object at 0xffffa7f46aa0>, main=<bound method ListVerb.main of <colcon_package_information.verb.list.ListVerb object at 0xffffa7f46aa0>>)
[6.317s] Level 1:colcon.colcon_core.package_discovery:discover_packages(colcon_meta) check parameters
[6.325s] Level 1:colcon.colcon_core.package_discovery:discover_packages(recursive) check parameters
[6.325s] Level 1:colcon.colcon_core.package_discovery:discover_packages(ignore) check parameters
[6.326s] Level 1:colcon.colcon_core.package_discovery:discover_packages(path) check parameters
[6.326s] Level 1:colcon.colcon_core.package_discovery:discover_packages(recursive) discover
[6.326s] INFO:colcon.colcon_core.package_discovery:Crawling recursively for packages in '/home/mike/ros2_ws'
[6.327s] Level 1:colcon.colcon_core.package_identification:_identify(/home/mike/ros2_ws) by extensions ['ignore', 'ignore_ament_install']
[6.327s] Level 1:colcon.colcon_core.package_identification:_identify(/home/mike/ros2_ws) by extension 'ignore'
[6.328s] Level 1:colcon.colcon_core.package_identification:_identify(/home/mike/ros2_ws) by extension 'ignore_ament_install'
[6.328s] Level 1:colcon.colcon_core.package_identification:_identify(/home/mike/ros2_ws) by extensions ['colcon_pkg']
[6.328s] Level 1:colcon.colcon_core.package_identification:_identify(/home/mike/ros2_ws) by extension 'colcon_pkg'
[6.329s] Level 1:colcon.colcon_core.package_identification:_identify(/home/mike/ros2_ws) by extensions ['colcon_meta']
[6.329s] Level 1:colcon.colcon_core.package_identification:_identify(/home/mike/ros2_ws) by extension 'colcon_meta'
[6.329s] Level 1:colcon.colcon_core.package_identification:_identify(/home/mike/ros2_ws) by extensions ['ros']
[6.329s] Level 1:colcon.colcon_core.package_identification:_identify(/home/mike/ros2_ws) by extension 'ros'
[6.379s] Level 1:colcon.colcon_core.package_identification:_identify(/home/mike/ros2_ws) by extensions ['cmake', 'python']
[6.380s] Level 1:colcon.colcon_core.package_identification:_identify(/home/mike/ros2_ws) by extension 'cmake'
[6.380s] Level 1:colcon.colcon_core.package_identification:_identify(/home/mike/ros2_ws) by extension 'python'
[6.380s] Level 1:colcon.colcon_core.package_identification:_identify(/home/mike/ros2_ws) by extensions ['python_setup_py']
[6.380s] Level 1:colcon.colcon_core.package_identification:_identify(/home/mike/ros2_ws) by extension 'python_setup_py'
[6.381s] Level 1:colcon.colcon_core.package_identification:_identify(/home/mike/ros2_ws/build) by extensions ['ignore', 'ignore_ament_install']
[6.381s] Level 1:colcon.colcon_core.package_identification:_identify(/home/mike/ros2_ws/build) by extension 'ignore'
[6.381s] Level 1:colcon.colcon_core.package_identification:_identify(/home/mike/ros2_ws/build) ignored
[6.382s] Level 1:colcon.colcon_core.package_identification:_identify(/home/mike/ros2_ws/install) by extensions ['ignore', 'ignore_ament_install']
[6.383s] Level 1:colcon.colcon_core.package_identification:_identify(/home/mike/ros2_ws/install) by extension 'ignore'
[6.383s] Level 1:colcon.colcon_core.package_identification:_identify(/home/mike/ros2_ws/install) ignored
[6.383s] Level 1:colcon.colcon_core.package_identification:_identify(/home/mike/ros2_ws/log) by extensions ['ignore', 'ignore_ament_install']
[6.384s] Level 1:colcon.colcon_core.package_identification:_identify(/home/mike/ros2_ws/log) by extension 'ignore'
[6.384s] Level 1:colcon.colcon_core.package_identification:_identify(/home/mike/ros2_ws/log) ignored
[6.384s] Level 1:colcon.colcon_core.package_identification:_identify(/home/mike/ros2_ws/src) by extensions ['ignore', 'ignore_ament_install']
[6.385s] Level 1:colcon.colcon_core.package_identification:_identify(/home/mike/ros2_ws/src) by extension 'ignore'
[6.385s] Level 1:colcon.colcon_core.package_identification:_identify(/home/mike/ros2_ws/src) by extension 'ignore_ament_install'
[6.385s] Level 1:colcon.colcon_core.package_identification:_identify(/home/mike/ros2_ws/src) by extensions ['colcon_pkg']
[6.385s] Level 1:colcon.colcon_core.package_identification:_identify(/home/mike/ros2_ws/src) by extension 'colcon_pkg'
[6.385s] Level 1:colcon.colcon_core.package_identification:_identify(/home/mike/ros2_ws/src) by extensions ['colcon_meta']
[6.386s] Level 1:colcon.colcon_core.package_identification:_identify(/home/mike/ros2_ws/src) by extension 'colcon_meta'
[6.386s] Level 1:colcon.colcon_core.package_identification:_identify(/home/mike/ros2_ws/src) by extensions ['ros']
[6.386s] Level 1:colcon.colcon_core.package_identification:_identify(/home/mike/ros2_ws/src) by extension 'ros'
[6.386s] Level 1:colcon.colcon_core.package_identification:_identify(/home/mike/ros2_ws/src) by extensions ['cmake', 'python']
[6.386s] Level 1:colcon.colcon_core.package_identification:_identify(/home/mike/ros2_ws/src) by extension 'cmake'
[6.387s] Level 1:colcon.colcon_core.package_identification:_identify(/home/mike/ros2_ws/src) by extension 'python'
[6.387s] Level 1:colcon.colcon_core.package_identification:_identify(/home/mike/ros2_ws/src) by extensions ['python_setup_py']
[6.387s] Level 1:colcon.colcon_core.package_identification:_identify(/home/mike/ros2_ws/src) by extension 'python_setup_py'
[6.388s] Level 1:colcon.colcon_core.package_identification:_identify(/home/mike/ros2_ws/src/build) by extensions ['ignore', 'ignore_ament_install']
[6.388s] Level 1:colcon.colcon_core.package_identification:_identify(/home/mike/ros2_ws/src/build) by extension 'ignore'
[6.388s] Level 1:colcon.colcon_core.package_identification:_identify(/home/mike/ros2_ws/src/build) ignored
[6.389s] Level 1:colcon.colcon_core.package_identification:_identify(/home/mike/ros2_ws/src/install) by extensions ['ignore', 'ignore_ament_install']
[6.389s] Level 1:colcon.colcon_core.package_identification:_identify(/home/mike/ros2_ws/src/install) by extension 'ignore'
[6.389s] Level 1:colcon.colcon_core.package_identification:_identify(/home/mike/ros2_ws/src/install) ignored
[6.390s] Level 1:colcon.colcon_core.package_identification:_identify(/home/mike/ros2_ws/src/log) by extensions ['ignore', 'ignore_ament_install']
[6.390s] Level 1:colcon.colcon_core.package_identification:_identify(/home/mike/ros2_ws/src/log) by extension 'ignore'
[6.390s] Level 1:colcon.colcon_core.package_identification:_identify(/home/mike/ros2_ws/src/log) ignored
[6.391s] Level 1:colcon.colcon_core.package_identification:_identify(/home/mike/ros2_ws/src/robo24_bringup) by extensions ['ignore', 'ignore_ament_install']
[6.391s] Level 1:colcon.colcon_core.package_identification:_identify(/home/mike/ros2_ws/src/robo24_bringup) by extension 'ignore'
[6.392s] Level 1:colcon.colcon_core.package_identification:_identify(/home/mike/ros2_ws/src/robo24_bringup) by extension 'ignore_ament_install'
[6.392s] Level 1:colcon.colcon_core.package_identification:_identify(/home/mike/ros2_ws/src/robo24_bringup) by extensions ['colcon_pkg']
[6.392s] Level 1:colcon.colcon_core.package_identification:_identify(/home/mike/ros2_ws/src/robo24_bringup) by extension 'colcon_pkg'
[6.392s] Level 1:colcon.colcon_core.package_identification:_identify(/home/mike/ros2_ws/src/robo24_bringup) by extensions ['colcon_meta']
[6.393s] Level 1:colcon.colcon_core.package_identification:_identify(/home/mike/ros2_ws/src/robo24_bringup) by extension 'colcon_meta'
[6.393s] Level 1:colcon.colcon_core.package_identification:_identify(/home/mike/ros2_ws/src/robo24_bringup) by extensions ['ros']
[6.393s] Level 1:colcon.colcon_core.package_identification:_identify(/home/mike/ros2_ws/src/robo24_bringup) by extension 'ros'
[6.402s] DEBUG:colcon.colcon_core.package_identification:Package '/home/mike/ros2_ws/src/robo24_bringup' with type 'ros.ament_python' and name 'robo24_bringup'
[6.403s] Level 1:colcon.colcon_core.package_identification:_identify(/home/mike/ros2_ws/src/robo24_wheel_interface) by extensions ['ignore', 'ignore_ament_install']
[6.403s] Level 1:colcon.colcon_core.package_identification:_identify(/home/mike/ros2_ws/src/robo24_wheel_interface) by extension 'ignore'
[6.403s] Level 1:colcon.colcon_core.package_identification:_identify(/home/mike/ros2_ws/src/robo24_wheel_interface) by extension 'ignore_ament_install'
[6.404s] Level 1:colcon.colcon_core.package_identification:_identify(/home/mike/ros2_ws/src/robo24_wheel_interface) by extensions ['colcon_pkg']
[6.404s] Level 1:colcon.colcon_core.package_identification:_identify(/home/mike/ros2_ws/src/robo24_wheel_interface) by extension 'colcon_pkg'
[6.404s] Level 1:colcon.colcon_core.package_identification:_identify(/home/mike/ros2_ws/src/robo24_wheel_interface) by extensions ['colcon_meta']
[6.404s] Level 1:colcon.colcon_core.package_identification:_identify(/home/mike/ros2_ws/src/robo24_wheel_interface) by extension 'colcon_meta'
[6.404s] Level 1:colcon.colcon_core.package_identification:_identify(/home/mike/ros2_ws/src/robo24_wheel_interface) by extensions ['ros']
[6.404s] Level 1:colcon.colcon_core.package_identification:_identify(/home/mike/ros2_ws/src/robo24_wheel_interface) by extension 'ros'
[6.407s] DEBUG:colcon.colcon_core.package_identification:Package '/home/mike/ros2_ws/src/robo24_wheel_interface' with type 'ros.ament_python' and name 'robo24_wheel_interface'
[6.407s] Level 1:colcon.colcon_core.package_discovery:discover_packages(recursive) using defaults
