[7.368s] Invoking command in '/home/mike/ros2_ws/build/robo24_localization': PYTHONPATH=/home/mike/ros2_ws/build/robo24_localization/prefix_override:/home/mike/ros2_ws/install/robo24_localization/lib/python3.10/site-packages:${PYTHONPATH} /usr/bin/python3 setup.py develop --editable --build-directory /home/mike/ros2_ws/build/robo24_localization/build --no-deps install_data
[9.223s] running develop
[10.508s] running egg_info
[10.509s] creating robo24_localization.egg-info
[10.509s] writing robo24_localization.egg-info/PKG-INFO
[10.510s] writing dependency_links to robo24_localization.egg-info/dependency_links.txt
[10.514s] writing entry points to robo24_localization.egg-info/entry_points.txt
[10.523s] writing requirements to robo24_localization.egg-info/requires.txt
[10.523s] writing top-level names to robo24_localization.egg-info/top_level.txt
[10.523s] writing manifest file 'robo24_localization.egg-info/SOURCES.txt'
[10.524s] reading manifest file 'robo24_localization.egg-info/SOURCES.txt'
[10.526s] writing manifest file 'robo24_localization.egg-info/SOURCES.txt'
[10.536s] running build_ext
[10.537s] Creating /home/mike/ros2_ws/install/robo24_localization/lib/python3.10/site-packages/robo24-localization.egg-link (link to .)
[10.541s] 
[10.542s] Installed /home/mike/ros2_ws/build/robo24_localization
[10.543s] running install_data
[10.544s] creating /home/mike/ros2_ws/install/robo24_localization/share/ament_index
[10.544s] creating /home/mike/ros2_ws/install/robo24_localization/share/ament_index/resource_index
[10.545s] creating /home/mike/ros2_ws/install/robo24_localization/share/ament_index/resource_index/packages
[10.545s] copying resource/robo24_localization -> /home/mike/ros2_ws/install/robo24_localization/share/ament_index/resource_index/packages
[10.547s] copying package.xml -> /home/mike/ros2_ws/install/robo24_localization/share/robo24_localization
[10.549s] creating /home/mike/ros2_ws/install/robo24_localization/share/robo24_localization/launch
[10.555s] copying launch/robo24_efk_odom_launch.py -> /home/mike/ros2_ws/install/robo24_localization/share/robo24_localization/launch
[10.556s] creating /home/mike/ros2_ws/install/robo24_localization/share/robo24_localization/config
[10.557s] copying config/efk_config.yaml -> /home/mike/ros2_ws/install/robo24_localization/share/robo24_localization/config
[11.501s] Invoked command in '/home/mike/ros2_ws/build/robo24_localization' returned '0': PYTHONPATH=/home/mike/ros2_ws/build/robo24_localization/prefix_override:/home/mike/ros2_ws/install/robo24_localization/lib/python3.10/site-packages:${PYTHONPATH} /usr/bin/python3 setup.py develop --editable --build-directory /home/mike/ros2_ws/build/robo24_localization/build --no-deps install_data
