[9.464s] Invoking command in '/home/mike/ros2_ws/src/robo24_bringup': PYTHONPATH=/home/mike/ros2_ws/build/robo24_bringup/prefix_override:/home/mike/ros2_ws/install/robo24_bringup/lib/python3.10/site-packages:${PYTHONPATH} /usr/bin/python3 setup.py egg_info --egg-base ../../build/robo24_bringup build --build-base /home/mike/ros2_ws/build/robo24_bringup/build install --record /home/mike/ros2_ws/build/robo24_bringup/install.log --single-version-externally-managed
[11.976s] running egg_info
[11.981s] creating ../../build/robo24_bringup/robo24_bringup.egg-info
[11.982s] writing ../../build/robo24_bringup/robo24_bringup.egg-info/PKG-INFO
[11.985s] writing dependency_links to ../../build/robo24_bringup/robo24_bringup.egg-info/dependency_links.txt
[11.987s] writing entry points to ../../build/robo24_bringup/robo24_bringup.egg-info/entry_points.txt
[11.989s] writing requirements to ../../build/robo24_bringup/robo24_bringup.egg-info/requires.txt
[11.992s] writing top-level names to ../../build/robo24_bringup/robo24_bringup.egg-info/top_level.txt
[11.998s] writing manifest file '../../build/robo24_bringup/robo24_bringup.egg-info/SOURCES.txt'
[12.009s] reading manifest file '../../build/robo24_bringup/robo24_bringup.egg-info/SOURCES.txt'
[12.010s] adding license file 'LICENSE'
[12.015s] writing manifest file '../../build/robo24_bringup/robo24_bringup.egg-info/SOURCES.txt'
[12.017s] running build
[12.017s] running build_py
[12.023s] creating /home/mike/ros2_ws/build/robo24_bringup/build
[12.024s] creating /home/mike/ros2_ws/build/robo24_bringup/build/lib
[12.025s] creating /home/mike/ros2_ws/build/robo24_bringup/build/lib/robo24_bringup
[12.025s] copying robo24_bringup/__init__.py -> /home/mike/ros2_ws/build/robo24_bringup/build/lib/robo24_bringup
[12.027s] running install
[12.027s] running install_lib
[12.035s] creating /home/mike/ros2_ws/install/robo24_bringup/lib/python3.10/site-packages/robo24_bringup
[12.048s] copying /home/mike/ros2_ws/build/robo24_bringup/build/lib/robo24_bringup/__init__.py -> /home/mike/ros2_ws/install/robo24_bringup/lib/python3.10/site-packages/robo24_bringup
[12.053s] byte-compiling /home/mike/ros2_ws/install/robo24_bringup/lib/python3.10/site-packages/robo24_bringup/__init__.py to __init__.cpython-310.pyc
[12.056s] running install_data
[12.066s] creating /home/mike/ros2_ws/install/robo24_bringup/share/ament_index
[12.067s] creating /home/mike/ros2_ws/install/robo24_bringup/share/ament_index/resource_index
[12.068s] creating /home/mike/ros2_ws/install/robo24_bringup/share/ament_index/resource_index/packages
[12.068s] copying resource/robo24_bringup -> /home/mike/ros2_ws/install/robo24_bringup/share/ament_index/resource_index/packages
[12.084s] copying package.xml -> /home/mike/ros2_ws/install/robo24_bringup/share/robo24_bringup
[12.085s] creating /home/mike/ros2_ws/install/robo24_bringup/share/robo24_bringup/launch
[12.085s] copying launch/robo24_bringup_launch.py -> /home/mike/ros2_ws/install/robo24_bringup/share/robo24_bringup/launch
[12.086s] running install_egg_info
[12.110s] Copying ../../build/robo24_bringup/robo24_bringup.egg-info to /home/mike/ros2_ws/install/robo24_bringup/lib/python3.10/site-packages/robo24_bringup-0.0.0-py3.10.egg-info
[12.125s] running install_scripts
[12.423s] writing list of installed files to '/home/mike/ros2_ws/build/robo24_bringup/install.log'
[15.071s] Invoked command in '/home/mike/ros2_ws/src/robo24_bringup' returned '0': PYTHONPATH=/home/mike/ros2_ws/build/robo24_bringup/prefix_override:/home/mike/ros2_ws/install/robo24_bringup/lib/python3.10/site-packages:${PYTHONPATH} /usr/bin/python3 setup.py egg_info --egg-base ../../build/robo24_bringup build --build-base /home/mike/ros2_ws/build/robo24_bringup/build install --record /home/mike/ros2_ws/build/robo24_bringup/install.log --single-version-externally-managed
