[9.394s] Invoking command in '/home/mike/ros2_ws/src/robo24_bringup': PYTHONPATH=/home/mike/ros2_ws/build/robo24_bringup/prefix_override:/home/mike/ros2_ws/install/robo24_bringup/lib/python3.10/site-packages:${PYTHONPATH} /usr/bin/python3 setup.py egg_info --egg-base ../../build/robo24_bringup build --build-base /home/mike/ros2_ws/build/robo24_bringup/build install --record /home/mike/ros2_ws/build/robo24_bringup/install.log --single-version-externally-managed
[11.018s] running egg_info
[11.021s] writing ../../build/robo24_bringup/robo24_bringup.egg-info/PKG-INFO
[11.023s] writing dependency_links to ../../build/robo24_bringup/robo24_bringup.egg-info/dependency_links.txt
[11.024s] writing entry points to ../../build/robo24_bringup/robo24_bringup.egg-info/entry_points.txt
[11.025s] writing requirements to ../../build/robo24_bringup/robo24_bringup.egg-info/requires.txt
[11.026s] writing top-level names to ../../build/robo24_bringup/robo24_bringup.egg-info/top_level.txt
[11.036s] reading manifest file '../../build/robo24_bringup/robo24_bringup.egg-info/SOURCES.txt'
[11.038s] adding license file 'LICENSE'
[11.042s] writing manifest file '../../build/robo24_bringup/robo24_bringup.egg-info/SOURCES.txt'
[11.043s] running build
[11.044s] running build_py
[11.046s] running install
[11.046s] running install_lib
[11.050s] running install_data
[11.054s] running install_egg_info
[11.063s] removing '/home/mike/ros2_ws/install/robo24_bringup/lib/python3.10/site-packages/robo24_bringup-0.0.0-py3.10.egg-info' (and everything under it)
[11.064s] Copying ../../build/robo24_bringup/robo24_bringup.egg-info to /home/mike/ros2_ws/install/robo24_bringup/lib/python3.10/site-packages/robo24_bringup-0.0.0-py3.10.egg-info
[11.072s] running install_scripts
[11.190s] writing list of installed files to '/home/mike/ros2_ws/build/robo24_bringup/install.log'
[11.458s] Invoked command in '/home/mike/ros2_ws/src/robo24_bringup' returned '0': PYTHONPATH=/home/mike/ros2_ws/build/robo24_bringup/prefix_override:/home/mike/ros2_ws/install/robo24_bringup/lib/python3.10/site-packages:${PYTHONPATH} /usr/bin/python3 setup.py egg_info --egg-base ../../build/robo24_bringup build --build-base /home/mike/ros2_ws/build/robo24_bringup/build install --record /home/mike/ros2_ws/build/robo24_bringup/install.log --single-version-externally-managed
