[11.037s] Invoking command in '/home/mike/ros2_ws/build/robo24_stuff': PYTHONPATH=/home/mike/ros2_ws/build/robo24_stuff/prefix_override:/home/mike/ros2_ws/install/robo24_stuff/lib/python3.10/site-packages:${PYTHONPATH} /usr/bin/python3 setup.py develop --editable --build-directory /home/mike/ros2_ws/build/robo24_stuff/build --no-deps install_data
[12.898s] running develop
[14.243s] running egg_info
[14.247s] creating robo24_stuff.egg-info
[14.248s] writing robo24_stuff.egg-info/PKG-INFO
[14.249s] writing dependency_links to robo24_stuff.egg-info/dependency_links.txt
[14.249s] writing entry points to robo24_stuff.egg-info/entry_points.txt
[14.250s] writing requirements to robo24_stuff.egg-info/requires.txt
[14.251s] writing top-level names to robo24_stuff.egg-info/top_level.txt
[14.251s] writing manifest file 'robo24_stuff.egg-info/SOURCES.txt'
[14.257s] reading manifest file 'robo24_stuff.egg-info/SOURCES.txt'
[14.264s] writing manifest file 'robo24_stuff.egg-info/SOURCES.txt'
[14.268s] running build_ext
[14.270s] Creating /home/mike/ros2_ws/install/robo24_stuff/lib/python3.10/site-packages/robo24-stuff.egg-link (link to .)
[14.274s] 
[14.276s] Installed /home/mike/ros2_ws/build/robo24_stuff
[14.276s] running install_data
[14.277s] creating /home/mike/ros2_ws/install/robo24_stuff/share/ament_index
[14.282s] creating /home/mike/ros2_ws/install/robo24_stuff/share/ament_index/resource_index
[14.283s] creating /home/mike/ros2_ws/install/robo24_stuff/share/ament_index/resource_index/packages
[14.284s] copying resource/robo24_stuff -> /home/mike/ros2_ws/install/robo24_stuff/share/ament_index/resource_index/packages
[14.285s] copying package.xml -> /home/mike/ros2_ws/install/robo24_stuff/share/robo24_stuff
[14.481s] Invoked command in '/home/mike/ros2_ws/build/robo24_stuff' returned '0': PYTHONPATH=/home/mike/ros2_ws/build/robo24_stuff/prefix_override:/home/mike/ros2_ws/install/robo24_stuff/lib/python3.10/site-packages:${PYTHONPATH} /usr/bin/python3 setup.py develop --editable --build-directory /home/mike/ros2_ws/build/robo24_stuff/build --no-deps install_data
