[8.704s] Invoking command in '/home/mike/ros2_ws/build/robo24_nav': PYTHONPATH=/home/mike/ros2_ws/build/robo24_nav/prefix_override:/home/mike/ros2_ws/install/robo24_nav/lib/python3.10/site-packages:${PYTHONPATH} /usr/bin/python3 setup.py develop --uninstall --editable --build-directory /home/mike/ros2_ws/build/robo24_nav/build
[10.631s] running develop
[11.874s] Removing /home/mike/ros2_ws/install/robo24_nav/lib/python3.10/site-packages/robo24-nav.egg-link (link to .)
[12.127s] Invoked command in '/home/mike/ros2_ws/build/robo24_nav' returned '0': PYTHONPATH=/home/mike/ros2_ws/build/robo24_nav/prefix_override:/home/mike/ros2_ws/install/robo24_nav/lib/python3.10/site-packages:${PYTHONPATH} /usr/bin/python3 setup.py develop --uninstall --editable --build-directory /home/mike/ros2_ws/build/robo24_nav/build
[12.136s] Invoking command in '/home/mike/ros2_ws/src/robo24_nav': PYTHONPATH=/home/mike/ros2_ws/build/robo24_nav/prefix_override:/home/mike/ros2_ws/install/robo24_nav/lib/python3.10/site-packages:${PYTHONPATH} /usr/bin/python3 setup.py egg_info --egg-base ../../build/robo24_nav build --build-base /home/mike/ros2_ws/build/robo24_nav/build install --record /home/mike/ros2_ws/build/robo24_nav/install.log --single-version-externally-managed
[13.785s] running egg_info
[13.788s] writing ../../build/robo24_nav/robo24_nav.egg-info/PKG-INFO
[13.790s] writing dependency_links to ../../build/robo24_nav/robo24_nav.egg-info/dependency_links.txt
[13.790s] writing entry points to ../../build/robo24_nav/robo24_nav.egg-info/entry_points.txt
[13.794s] writing requirements to ../../build/robo24_nav/robo24_nav.egg-info/requires.txt
[13.794s] writing top-level names to ../../build/robo24_nav/robo24_nav.egg-info/top_level.txt
[13.801s] reading manifest file '../../build/robo24_nav/robo24_nav.egg-info/SOURCES.txt'
[13.807s] writing manifest file '../../build/robo24_nav/robo24_nav.egg-info/SOURCES.txt'
[13.808s] running build
[13.809s] running build_py
[13.813s] creating /home/mike/ros2_ws/build/robo24_nav/build
[13.814s] creating /home/mike/ros2_ws/build/robo24_nav/build/lib
[13.814s] creating /home/mike/ros2_ws/build/robo24_nav/build/lib/robo24_nav
[13.815s] copying robo24_nav/robo24_nav_simple_node.py -> /home/mike/ros2_ws/build/robo24_nav/build/lib/robo24_nav
[13.816s] copying robo24_nav/__init__.py -> /home/mike/ros2_ws/build/robo24_nav/build/lib/robo24_nav
[13.816s] running install
[13.825s] running install_lib
[13.826s] creating /home/mike/ros2_ws/install/robo24_nav/lib/python3.10/site-packages/robo24_nav
[13.826s] copying /home/mike/ros2_ws/build/robo24_nav/build/lib/robo24_nav/robo24_nav_simple_node.py -> /home/mike/ros2_ws/install/robo24_nav/lib/python3.10/site-packages/robo24_nav
[13.834s] copying /home/mike/ros2_ws/build/robo24_nav/build/lib/robo24_nav/__init__.py -> /home/mike/ros2_ws/install/robo24_nav/lib/python3.10/site-packages/robo24_nav
[13.836s] byte-compiling /home/mike/ros2_ws/install/robo24_nav/lib/python3.10/site-packages/robo24_nav/robo24_nav_simple_node.py to robo24_nav_simple_node.cpython-310.pyc
[13.837s] byte-compiling /home/mike/ros2_ws/install/robo24_nav/lib/python3.10/site-packages/robo24_nav/__init__.py to __init__.cpython-310.pyc
[13.837s] running install_data
[13.838s] running install_egg_info
[13.841s] Copying ../../build/robo24_nav/robo24_nav.egg-info to /home/mike/ros2_ws/install/robo24_nav/lib/python3.10/site-packages/robo24_nav-0.0.0-py3.10.egg-info
[13.847s] running install_scripts
[13.946s] Installing robo24_nav_simple_node script to /home/mike/ros2_ws/install/robo24_nav/lib/robo24_nav
[13.948s] writing list of installed files to '/home/mike/ros2_ws/build/robo24_nav/install.log'
[14.133s] Invoked command in '/home/mike/ros2_ws/src/robo24_nav' returned '0': PYTHONPATH=/home/mike/ros2_ws/build/robo24_nav/prefix_override:/home/mike/ros2_ws/install/robo24_nav/lib/python3.10/site-packages:${PYTHONPATH} /usr/bin/python3 setup.py egg_info --egg-base ../../build/robo24_nav build --build-base /home/mike/ros2_ws/build/robo24_nav/build install --record /home/mike/ros2_ws/build/robo24_nav/install.log --single-version-externally-managed
