[4.916s] Invoking command in '/home/mike/ros2_ws/build/robo24_bringup': PYTHONPATH=/home/mike/ros2_ws/build/robo24_bringup/prefix_override:/home/mike/ros2_ws/install/robo24_bringup/lib/python3.10/site-packages:${PYTHONPATH} /usr/bin/python3 setup.py develop --uninstall --editable --build-directory /home/mike/ros2_ws/build/robo24_bringup/build
[6.125s] running develop
[6.813s] Removing /home/mike/ros2_ws/install/robo24_bringup/lib/python3.10/site-packages/robo24-bringup.egg-link (link to .)
[7.001s] Invoked command in '/home/mike/ros2_ws/build/robo24_bringup' returned '0': PYTHONPATH=/home/mike/ros2_ws/build/robo24_bringup/prefix_override:/home/mike/ros2_ws/install/robo24_bringup/lib/python3.10/site-packages:${PYTHONPATH} /usr/bin/python3 setup.py develop --uninstall --editable --build-directory /home/mike/ros2_ws/build/robo24_bringup/build
[7.016s] Invoking command in '/home/mike/ros2_ws/src/robo24_bringup': PYTHONPATH=/home/mike/ros2_ws/build/robo24_bringup/prefix_override:/home/mike/ros2_ws/install/robo24_bringup/lib/python3.10/site-packages:${PYTHONPATH} /usr/bin/python3 setup.py egg_info --egg-base ../../build/robo24_bringup build --build-base /home/mike/ros2_ws/build/robo24_bringup/build install --record /home/mike/ros2_ws/build/robo24_bringup/install.log --single-version-externally-managed
[8.211s] running egg_info
[8.213s] writing ../../build/robo24_bringup/robo24_bringup.egg-info/PKG-INFO
[8.215s] writing dependency_links to ../../build/robo24_bringup/robo24_bringup.egg-info/dependency_links.txt
[8.216s] writing entry points to ../../build/robo24_bringup/robo24_bringup.egg-info/entry_points.txt
[8.217s] writing requirements to ../../build/robo24_bringup/robo24_bringup.egg-info/requires.txt
[8.217s] writing top-level names to ../../build/robo24_bringup/robo24_bringup.egg-info/top_level.txt
[8.225s] reading manifest file '../../build/robo24_bringup/robo24_bringup.egg-info/SOURCES.txt'
[8.227s] adding license file 'LICENSE'
[8.230s] writing manifest file '../../build/robo24_bringup/robo24_bringup.egg-info/SOURCES.txt'
[8.231s] running build
[8.232s] running build_py
[8.233s] running install
[8.235s] running install_lib
[8.238s] creating /home/mike/ros2_ws/install/robo24_bringup/lib/python3.10/site-packages/robo24_bringup
[8.239s] copying /home/mike/ros2_ws/build/robo24_bringup/build/lib/robo24_bringup/__init__.py -> /home/mike/ros2_ws/install/robo24_bringup/lib/python3.10/site-packages/robo24_bringup
[8.241s] byte-compiling /home/mike/ros2_ws/install/robo24_bringup/lib/python3.10/site-packages/robo24_bringup/__init__.py to __init__.cpython-310.pyc
[8.243s] running install_data
[8.245s] running install_egg_info
[8.252s] Copying ../../build/robo24_bringup/robo24_bringup.egg-info to /home/mike/ros2_ws/install/robo24_bringup/lib/python3.10/site-packages/robo24_bringup-0.0.0-py3.10.egg-info
[8.259s] running install_scripts
[8.346s] writing list of installed files to '/home/mike/ros2_ws/build/robo24_bringup/install.log'
[8.510s] Invoked command in '/home/mike/ros2_ws/src/robo24_bringup' returned '0': PYTHONPATH=/home/mike/ros2_ws/build/robo24_bringup/prefix_override:/home/mike/ros2_ws/install/robo24_bringup/lib/python3.10/site-packages:${PYTHONPATH} /usr/bin/python3 setup.py egg_info --egg-base ../../build/robo24_bringup build --build-base /home/mike/ros2_ws/build/robo24_bringup/build install --record /home/mike/ros2_ws/build/robo24_bringup/install.log --single-version-externally-managed
