[9.254s] Invoking command in '/home/mike/ros2_ws/build/robo24_bringup': PYTHONPATH=/home/mike/ros2_ws/build/robo24_bringup/prefix_override:/home/mike/ros2_ws/install/robo24_bringup/lib/python3.10/site-packages:${PYTHONPATH} /usr/bin/python3 setup.py develop --editable --build-directory /home/mike/ros2_ws/build/robo24_bringup/build --no-deps install_data
[12.067s] running develop
[13.251s] running egg_info
[13.255s] creating robo24_bringup.egg-info
[13.256s] writing robo24_bringup.egg-info/PKG-INFO
[13.256s] writing dependency_links to robo24_bringup.egg-info/dependency_links.txt
[13.257s] writing entry points to robo24_bringup.egg-info/entry_points.txt
[13.257s] writing requirements to robo24_bringup.egg-info/requires.txt
[13.258s] writing top-level names to robo24_bringup.egg-info/top_level.txt
[13.268s] writing manifest file 'robo24_bringup.egg-info/SOURCES.txt'
[13.269s] reading manifest file 'robo24_bringup.egg-info/SOURCES.txt'
[13.269s] writing manifest file 'robo24_bringup.egg-info/SOURCES.txt'
[13.275s] running build_ext
[13.277s] Creating /home/mike/ros2_ws/install/robo24_bringup/lib/python3.10/site-packages/robo24-bringup.egg-link (link to .)
[13.282s] 
[13.284s] Installed /home/mike/ros2_ws/build/robo24_bringup
[13.286s] running install_data
[13.288s] creating /home/mike/ros2_ws/install/robo24_bringup/share/ament_index
[13.289s] creating /home/mike/ros2_ws/install/robo24_bringup/share/ament_index/resource_index
[13.290s] creating /home/mike/ros2_ws/install/robo24_bringup/share/ament_index/resource_index/packages
[13.312s] copying resource/robo24_bringup -> /home/mike/ros2_ws/install/robo24_bringup/share/ament_index/resource_index/packages
[13.313s] copying package.xml -> /home/mike/ros2_ws/install/robo24_bringup/share/robo24_bringup
[13.314s] creating /home/mike/ros2_ws/install/robo24_bringup/share/robo24_bringup/launch
[13.316s] copying launch/robo24_bringup_launch.py -> /home/mike/ros2_ws/install/robo24_bringup/share/robo24_bringup/launch
[13.856s] Invoked command in '/home/mike/ros2_ws/build/robo24_bringup' returned '0': PYTHONPATH=/home/mike/ros2_ws/build/robo24_bringup/prefix_override:/home/mike/ros2_ws/install/robo24_bringup/lib/python3.10/site-packages:${PYTHONPATH} /usr/bin/python3 setup.py develop --editable --build-directory /home/mike/ros2_ws/build/robo24_bringup/build --no-deps install_data
