[8.085s] Invoking command in '/home/mike/ros2_ws/build/robo24_bringup': PYTHONPATH=/home/mike/ros2_ws/build/robo24_bringup/prefix_override:/home/mike/ros2_ws/install/robo24_bringup/lib/python3.10/site-packages:${PYTHONPATH} /usr/bin/python3 setup.py develop --editable --build-directory /home/mike/ros2_ws/build/robo24_bringup/build --no-deps install_data
[9.654s] running develop
[10.356s] running egg_info
[10.356s] creating robo24_bringup.egg-info
[10.357s] writing robo24_bringup.egg-info/PKG-INFO
[10.358s] writing dependency_links to robo24_bringup.egg-info/dependency_links.txt
[10.359s] writing entry points to robo24_bringup.egg-info/entry_points.txt
[10.360s] writing requirements to robo24_bringup.egg-info/requires.txt
[10.361s] writing top-level names to robo24_bringup.egg-info/top_level.txt
[10.362s] writing manifest file 'robo24_bringup.egg-info/SOURCES.txt'
[10.375s] reading manifest file 'robo24_bringup.egg-info/SOURCES.txt'
[10.377s] writing manifest file 'robo24_bringup.egg-info/SOURCES.txt'
[10.389s] running build_ext
[10.389s] Creating /home/mike/ros2_ws/install/robo24_bringup/lib/python3.10/site-packages/robo24-bringup.egg-link (link to .)
[10.394s] 
[10.395s] Installed /home/mike/ros2_ws/build/robo24_bringup
[10.396s] running install_data
[10.396s] creating /home/mike/ros2_ws/install/robo24_bringup/share/ament_index
[10.397s] creating /home/mike/ros2_ws/install/robo24_bringup/share/ament_index/resource_index
[10.398s] creating /home/mike/ros2_ws/install/robo24_bringup/share/ament_index/resource_index/packages
[10.399s] copying resource/robo24_bringup -> /home/mike/ros2_ws/install/robo24_bringup/share/ament_index/resource_index/packages
[10.399s] copying package.xml -> /home/mike/ros2_ws/install/robo24_bringup/share/robo24_bringup
[10.401s] creating /home/mike/ros2_ws/install/robo24_bringup/share/robo24_bringup/launch
[10.402s] copying launch/robo24_bringup_launch.py -> /home/mike/ros2_ws/install/robo24_bringup/share/robo24_bringup/launch
[10.667s] Invoked command in '/home/mike/ros2_ws/build/robo24_bringup' returned '0': PYTHONPATH=/home/mike/ros2_ws/build/robo24_bringup/prefix_override:/home/mike/ros2_ws/install/robo24_bringup/lib/python3.10/site-packages:${PYTHONPATH} /usr/bin/python3 setup.py develop --editable --build-directory /home/mike/ros2_ws/build/robo24_bringup/build --no-deps install_data
