[9.447s] Invoking command in '/home/mike/ros2_ws/build/robo24_bringup': PYTHONPATH=/home/mike/ros2_ws/build/robo24_bringup/prefix_override:/home/mike/ros2_ws/install/robo24_bringup/lib/python3.10/site-packages:${PYTHONPATH} /usr/bin/python3 setup.py develop --editable --build-directory /home/mike/ros2_ws/build/robo24_bringup/build --no-deps install_data
[13.285s] running develop
[15.541s] running egg_info
[15.545s] creating robo24_bringup.egg-info
[15.546s] writing robo24_bringup.egg-info/PKG-INFO
[15.551s] writing dependency_links to robo24_bringup.egg-info/dependency_links.txt
[15.558s] writing entry points to robo24_bringup.egg-info/entry_points.txt
[15.573s] writing requirements to robo24_bringup.egg-info/requires.txt
[15.574s] writing top-level names to robo24_bringup.egg-info/top_level.txt
[15.574s] writing manifest file 'robo24_bringup.egg-info/SOURCES.txt'
[15.584s] reading manifest file 'robo24_bringup.egg-info/SOURCES.txt'
[15.598s] writing manifest file 'robo24_bringup.egg-info/SOURCES.txt'
[15.617s] running build_ext
[15.622s] Creating /home/mike/ros2_ws/install/robo24_bringup/lib/python3.10/site-packages/robo24-bringup.egg-link (link to .)
[15.624s] 
[15.634s] Installed /home/mike/ros2_ws/build/robo24_bringup
[15.635s] running install_data
[15.637s] creating /home/mike/ros2_ws/install/robo24_bringup/share/ament_index
[15.641s] creating /home/mike/ros2_ws/install/robo24_bringup/share/ament_index/resource_index
[15.652s] creating /home/mike/ros2_ws/install/robo24_bringup/share/ament_index/resource_index/packages
[15.656s] copying resource/robo24_bringup -> /home/mike/ros2_ws/install/robo24_bringup/share/ament_index/resource_index/packages
[15.660s] copying package.xml -> /home/mike/ros2_ws/install/robo24_bringup/share/robo24_bringup
[15.665s] creating /home/mike/ros2_ws/install/robo24_bringup/share/robo24_bringup/launch
[15.675s] copying launch/robo24_bringup_launch.py -> /home/mike/ros2_ws/install/robo24_bringup/share/robo24_bringup/launch
[17.758s] Invoked command in '/home/mike/ros2_ws/build/robo24_bringup' returned '0': PYTHONPATH=/home/mike/ros2_ws/build/robo24_bringup/prefix_override:/home/mike/ros2_ws/install/robo24_bringup/lib/python3.10/site-packages:${PYTHONPATH} /usr/bin/python3 setup.py develop --editable --build-directory /home/mike/ros2_ws/build/robo24_bringup/build --no-deps install_data
