[3.386s] Invoking command in '/home/mike/ros2_ws/build/robo24_stuff': PYTHONPATH=/home/mike/ros2_ws/build/robo24_stuff/prefix_override:/home/mike/ros2_ws/install/robo24_stuff/lib/python3.10/site-packages:${PYTHONPATH} /usr/bin/python3 setup.py develop --editable --build-directory /home/mike/ros2_ws/build/robo24_stuff/build --no-deps install_data
[4.559s] running develop
[5.217s] running egg_info
[5.218s] writing robo24_stuff.egg-info/PKG-INFO
[5.219s] writing dependency_links to robo24_stuff.egg-info/dependency_links.txt
[5.220s] writing entry points to robo24_stuff.egg-info/entry_points.txt
[5.220s] writing requirements to robo24_stuff.egg-info/requires.txt
[5.221s] writing top-level names to robo24_stuff.egg-info/top_level.txt
[5.229s] reading manifest file 'robo24_stuff.egg-info/SOURCES.txt'
[5.232s] writing manifest file 'robo24_stuff.egg-info/SOURCES.txt'
[5.239s] running build_ext
[5.239s] Creating /home/mike/ros2_ws/install/robo24_stuff/lib/python3.10/site-packages/robo24-stuff.egg-link (link to .)
[5.243s] Installing openmv_serial_node script to /home/mike/ros2_ws/install/robo24_stuff/lib/robo24_stuff
[5.244s] Installing robo24_can_xy_node script to /home/mike/ros2_ws/install/robo24_stuff/lib/robo24_stuff
[5.244s] Installing robo24_diynav_node script to /home/mike/ros2_ws/install/robo24_stuff/lib/robo24_stuff
[5.245s] Installing robo24_teleop_node script to /home/mike/ros2_ws/install/robo24_stuff/lib/robo24_stuff
[5.246s] Installing robo24_wheel_controller_node script to /home/mike/ros2_ws/install/robo24_stuff/lib/robo24_stuff
[5.247s] Installing sensor_serial_node script to /home/mike/ros2_ws/install/robo24_stuff/lib/robo24_stuff
[5.248s] 
[5.249s] Installed /home/mike/ros2_ws/build/robo24_stuff
[5.249s] running install_data
[5.386s] Invoked command in '/home/mike/ros2_ws/build/robo24_stuff' returned '0': PYTHONPATH=/home/mike/ros2_ws/build/robo24_stuff/prefix_override:/home/mike/ros2_ws/install/robo24_stuff/lib/python3.10/site-packages:${PYTHONPATH} /usr/bin/python3 setup.py develop --editable --build-directory /home/mike/ros2_ws/build/robo24_stuff/build --no-deps install_data
