[4.822s] Invoking command in '/home/mike/ros2_ws/build/robo24_stuff': PYTHONPATH=/home/mike/ros2_ws/build/robo24_stuff/prefix_override:/home/mike/ros2_ws/install/robo24_stuff/lib/python3.10/site-packages:${PYTHONPATH} /usr/bin/python3 setup.py develop --editable --build-directory /home/mike/ros2_ws/build/robo24_stuff/build --no-deps install_data
[5.969s] running develop
[6.621s] running egg_info
[6.622s] writing robo24_stuff.egg-info/PKG-INFO
[6.623s] writing dependency_links to robo24_stuff.egg-info/dependency_links.txt
[6.624s] writing entry points to robo24_stuff.egg-info/entry_points.txt
[6.625s] writing requirements to robo24_stuff.egg-info/requires.txt
[6.626s] writing top-level names to robo24_stuff.egg-info/top_level.txt
[6.634s] reading manifest file 'robo24_stuff.egg-info/SOURCES.txt'
[6.638s] writing manifest file 'robo24_stuff.egg-info/SOURCES.txt'
[6.644s] running build_ext
[6.644s] Creating /home/mike/ros2_ws/install/robo24_stuff/lib/python3.10/site-packages/robo24-stuff.egg-link (link to .)
[6.648s] Installing openmv_serial_node script to /home/mike/ros2_ws/install/robo24_stuff/lib/robo24_stuff
[6.649s] Installing robo24_can_xy_node script to /home/mike/ros2_ws/install/robo24_stuff/lib/robo24_stuff
[6.650s] Installing robo24_diynav_node script to /home/mike/ros2_ws/install/robo24_stuff/lib/robo24_stuff
[6.651s] Installing robo24_diyslam_node script to /home/mike/ros2_ws/install/robo24_stuff/lib/robo24_stuff
[6.652s] Installing robo24_imu_serial_node script to /home/mike/ros2_ws/install/robo24_stuff/lib/robo24_stuff
[6.653s] Installing robo24_teleop_node script to /home/mike/ros2_ws/install/robo24_stuff/lib/robo24_stuff
[6.653s] Installing robo24_wheel_controller_node script to /home/mike/ros2_ws/install/robo24_stuff/lib/robo24_stuff
[6.654s] Installing sensor_serial_node script to /home/mike/ros2_ws/install/robo24_stuff/lib/robo24_stuff
[6.655s] 
[6.656s] Installed /home/mike/ros2_ws/build/robo24_stuff
[6.656s] running install_data
[6.787s] Invoked command in '/home/mike/ros2_ws/build/robo24_stuff' returned '0': PYTHONPATH=/home/mike/ros2_ws/build/robo24_stuff/prefix_override:/home/mike/ros2_ws/install/robo24_stuff/lib/python3.10/site-packages:${PYTHONPATH} /usr/bin/python3 setup.py develop --editable --build-directory /home/mike/ros2_ws/build/robo24_stuff/build --no-deps install_data
