[7.994s] Invoking command in '/home/mike/ros2_ws/build/moonday24_demo': PYTHONPATH=/home/mike/ros2_ws/build/moonday24_demo/prefix_override:/home/mike/ros2_ws/install/moonday24_demo/lib/python3.10/site-packages:${PYTHONPATH} /usr/bin/python3 setup.py develop --editable --build-directory /home/mike/ros2_ws/build/moonday24_demo/build --no-deps install_data
[9.873s] running develop
[10.990s] running egg_info
[10.991s] creating moonday24_demo.egg-info
[10.992s] writing moonday24_demo.egg-info/PKG-INFO
[10.993s] writing dependency_links to moonday24_demo.egg-info/dependency_links.txt
[10.994s] writing entry points to moonday24_demo.egg-info/entry_points.txt
[10.995s] writing requirements to moonday24_demo.egg-info/requires.txt
[10.996s] writing top-level names to moonday24_demo.egg-info/top_level.txt
[10.997s] writing manifest file 'moonday24_demo.egg-info/SOURCES.txt'
[11.004s] reading manifest file 'moonday24_demo.egg-info/SOURCES.txt'
[11.008s] writing manifest file 'moonday24_demo.egg-info/SOURCES.txt'
[11.015s] running build_ext
[11.016s] Creating /home/mike/ros2_ws/install/moonday24_demo/lib/python3.10/site-packages/moonday24-demo.egg-link (link to .)
[11.021s] Installing moonday24_pcd_node script to /home/mike/ros2_ws/install/moonday24_demo/lib/moonday24_demo
[11.022s] Installing sensor_serial_node script to /home/mike/ros2_ws/install/moonday24_demo/lib/moonday24_demo
[11.024s] 
[11.025s] Installed /home/mike/ros2_ws/build/moonday24_demo
[11.026s] running install_data
[11.026s] creating /home/mike/ros2_ws/install/moonday24_demo/share/ament_index
[11.027s] creating /home/mike/ros2_ws/install/moonday24_demo/share/ament_index/resource_index
[11.029s] creating /home/mike/ros2_ws/install/moonday24_demo/share/ament_index/resource_index/packages
[11.030s] copying resource/moonday24_demo -> /home/mike/ros2_ws/install/moonday24_demo/share/ament_index/resource_index/packages
[11.031s] copying package.xml -> /home/mike/ros2_ws/install/moonday24_demo/share/moonday24_demo
[11.226s] Invoked command in '/home/mike/ros2_ws/build/moonday24_demo' returned '0': PYTHONPATH=/home/mike/ros2_ws/build/moonday24_demo/prefix_override:/home/mike/ros2_ws/install/moonday24_demo/lib/python3.10/site-packages:${PYTHONPATH} /usr/bin/python3 setup.py develop --editable --build-directory /home/mike/ros2_ws/build/moonday24_demo/build --no-deps install_data
