[8.854s] Invoking command in '/home/mike/ros2_ws/src/robo24_localization': PYTHONPATH=/home/mike/ros2_ws/build/robo24_localization/prefix_override:/home/mike/ros2_ws/install/robo24_localization/lib/python3.10/site-packages:${PYTHONPATH} /usr/bin/python3 setup.py egg_info --egg-base ../../build/robo24_localization build --build-base /home/mike/ros2_ws/build/robo24_localization/build install --record /home/mike/ros2_ws/build/robo24_localization/install.log --single-version-externally-managed
[10.641s] running egg_info
[10.644s] writing ../../build/robo24_localization/robo24_localization.egg-info/PKG-INFO
[10.647s] writing dependency_links to ../../build/robo24_localization/robo24_localization.egg-info/dependency_links.txt
[10.648s] writing entry points to ../../build/robo24_localization/robo24_localization.egg-info/entry_points.txt
[10.649s] writing requirements to ../../build/robo24_localization/robo24_localization.egg-info/requires.txt
[10.653s] writing top-level names to ../../build/robo24_localization/robo24_localization.egg-info/top_level.txt
[10.659s] reading manifest file '../../build/robo24_localization/robo24_localization.egg-info/SOURCES.txt'
[10.664s] writing manifest file '../../build/robo24_localization/robo24_localization.egg-info/SOURCES.txt'
[10.667s] running build
[10.667s] running build_py
[10.669s] running install
[10.669s] running install_lib
[10.675s] running install_data
[10.678s] copying config/efk_config.yaml -> /home/mike/ros2_ws/install/robo24_localization/share/robo24_localization/config
[10.680s] running install_egg_info
[10.690s] removing '/home/mike/ros2_ws/install/robo24_localization/lib/python3.10/site-packages/robo24_localization-0.0.0-py3.10.egg-info' (and everything under it)
[10.692s] Copying ../../build/robo24_localization/robo24_localization.egg-info to /home/mike/ros2_ws/install/robo24_localization/lib/python3.10/site-packages/robo24_localization-0.0.0-py3.10.egg-info
[10.701s] running install_scripts
[10.804s] writing list of installed files to '/home/mike/ros2_ws/build/robo24_localization/install.log'
[10.995s] Invoked command in '/home/mike/ros2_ws/src/robo24_localization' returned '0': PYTHONPATH=/home/mike/ros2_ws/build/robo24_localization/prefix_override:/home/mike/ros2_ws/install/robo24_localization/lib/python3.10/site-packages:${PYTHONPATH} /usr/bin/python3 setup.py egg_info --egg-base ../../build/robo24_localization build --build-base /home/mike/ros2_ws/build/robo24_localization/build install --record /home/mike/ros2_ws/build/robo24_localization/install.log --single-version-externally-managed
