[4.914s] Invoking command in '/home/mike/ros2_ws/src/robo24_bringup': PYTHONPATH=/home/mike/ros2_ws/build/robo24_bringup/prefix_override:/home/mike/ros2_ws/install/robo24_bringup/lib/python3.10/site-packages:${PYTHONPATH} /usr/bin/python3 setup.py egg_info --egg-base ../../build/robo24_bringup build --build-base /home/mike/ros2_ws/build/robo24_bringup/build install --record /home/mike/ros2_ws/build/robo24_bringup/install.log --single-version-externally-managed
[6.094s] running egg_info
[6.098s] writing ../../build/robo24_bringup/robo24_bringup.egg-info/PKG-INFO
[6.101s] writing dependency_links to ../../build/robo24_bringup/robo24_bringup.egg-info/dependency_links.txt
[6.102s] writing entry points to ../../build/robo24_bringup/robo24_bringup.egg-info/entry_points.txt
[6.103s] writing requirements to ../../build/robo24_bringup/robo24_bringup.egg-info/requires.txt
[6.104s] writing top-level names to ../../build/robo24_bringup/robo24_bringup.egg-info/top_level.txt
[6.112s] reading manifest file '../../build/robo24_bringup/robo24_bringup.egg-info/SOURCES.txt'
[6.114s] adding license file 'LICENSE'
[6.117s] writing manifest file '../../build/robo24_bringup/robo24_bringup.egg-info/SOURCES.txt'
[6.118s] running build
[6.119s] running build_py
[6.120s] running install
[6.120s] running install_lib
[6.126s] running install_data
[6.128s] running install_egg_info
[6.136s] removing '/home/mike/ros2_ws/install/robo24_bringup/lib/python3.10/site-packages/robo24_bringup-0.0.0-py3.10.egg-info' (and everything under it)
[6.138s] Copying ../../build/robo24_bringup/robo24_bringup.egg-info to /home/mike/ros2_ws/install/robo24_bringup/lib/python3.10/site-packages/robo24_bringup-0.0.0-py3.10.egg-info
[6.146s] running install_scripts
[6.247s] writing list of installed files to '/home/mike/ros2_ws/build/robo24_bringup/install.log'
[6.620s] Invoked command in '/home/mike/ros2_ws/src/robo24_bringup' returned '0': PYTHONPATH=/home/mike/ros2_ws/build/robo24_bringup/prefix_override:/home/mike/ros2_ws/install/robo24_bringup/lib/python3.10/site-packages:${PYTHONPATH} /usr/bin/python3 setup.py egg_info --egg-base ../../build/robo24_bringup build --build-base /home/mike/ros2_ws/build/robo24_bringup/build install --record /home/mike/ros2_ws/build/robo24_bringup/install.log --single-version-externally-managed
