[3.279s] Invoking command in '/home/mike/ros2_ws/build/robo24_interfaces': CMAKE_PREFIX_PATH=${CMAKE_PREFIX_PATH}:/home/mike/ros2_ws/install/robo24_stuff:/home/mike/ros2_ws/install/robo24_nav:/home/mike/ros2_ws/install/robo24_localization:/home/mike/ros2_ws/install/robo24_bringup:/opt/ros/humble /usr/bin/cmake /home/mike/ros2_ws/src/robo24_interfaces -DAMENT_CMAKE_SYMLINK_INSTALL=1 -DCMAKE_INSTALL_PREFIX=/home/mike/ros2_ws/install/robo24_interfaces
[3.918s] -- The C compiler identification is GNU 11.4.0
[4.407s] -- The CXX compiler identification is GNU 11.4.0
[4.446s] -- Detecting C compiler ABI info
[4.801s] -- Detecting C compiler ABI info - done
[4.828s] -- Check for working C compiler: /usr/bin/cc - skipped
[4.830s] -- Detecting C compile features
[4.832s] -- Detecting C compile features - done
[4.845s] -- Detecting CXX compiler ABI info
[5.447s] -- Detecting CXX compiler ABI info - done
[5.492s] -- Check for working CXX compiler: /usr/bin/c++ - skipped
[5.497s] -- Detecting CXX compile features
[5.502s] -- Detecting CXX compile features - done
[5.549s] -- Found ament_cmake: 1.3.8 (/opt/ros/humble/share/ament_cmake/cmake)
[6.621s] -- Found Python3: /usr/bin/python3 (found version "3.10.12") found components: Interpreter 
[7.044s] -- Override CMake install command with custom implementation using symlinks instead of copying resources
[7.535s] -- Found rosidl_default_generators: 1.2.0 (/opt/ros/humble/share/rosidl_default_generators/cmake)
[7.547s] -- Using all available rosidl_typesupport_c: rosidl_typesupport_fastrtps_c;rosidl_typesupport_introspection_c
[7.630s] -- Found rosidl_adapter: 3.1.5 (/opt/ros/humble/share/rosidl_adapter/cmake)
[8.101s] -- Using all available rosidl_typesupport_cpp: rosidl_typesupport_fastrtps_cpp;rosidl_typesupport_introspection_cpp
[10.041s] -- Found ament_cmake_ros: 0.10.0 (/opt/ros/humble/share/ament_cmake_ros/cmake)
[11.509s] -- Using all available rosidl_typesupport_c: rosidl_typesupport_fastrtps_c;rosidl_typesupport_introspection_c
[12.649s] -- Using all available rosidl_typesupport_cpp: rosidl_typesupport_fastrtps_cpp;rosidl_typesupport_introspection_cpp
[12.761s] -- Found PythonInterp: /usr/bin/python3 (found suitable version "3.10.12", minimum required is "3.6") 
[12.784s] -- Found python_cmake_module: 0.10.0 (/opt/ros/humble/share/python_cmake_module/cmake)
[12.905s] -- Found PythonLibs: /usr/lib/aarch64-linux-gnu/libpython3.10.so (found suitable version "3.10.12", minimum required is "3.5") 
[12.905s] -- Using PYTHON_EXECUTABLE: /usr/bin/python3
[12.906s] -- Using PYTHON_INCLUDE_DIRS: /usr/include/python3.10
[12.906s] -- Using PYTHON_LIBRARIES: /usr/lib/aarch64-linux-gnu/libpython3.10.so
[13.008s] -- Found PythonExtra: .so  
[13.198s] -- Found ament_lint_auto: 0.12.10 (/opt/ros/humble/share/ament_lint_auto/cmake)
[13.404s] -- Added test 'lint_cmake' to check CMake code style
[13.414s] -- Added test 'xmllint' to check XML markup files
[13.439s] -- Configuring done
[13.604s] -- Generating done
[13.618s] -- Build files have been written to: /home/mike/ros2_ws/build/robo24_interfaces
