[10.044s] Invoking command in '/home/mike/ros2_ws/build/robo24_localization': PYTHONPATH=/home/mike/ros2_ws/build/robo24_localization/prefix_override:/home/mike/ros2_ws/install/robo24_localization/lib/python3.10/site-packages:${PYTHONPATH} /usr/bin/python3 setup.py develop --editable --build-directory /home/mike/ros2_ws/build/robo24_localization/build --no-deps install_data
[12.585s] running develop
[13.767s] running egg_info
[13.768s] creating robo24_localization.egg-info
[13.768s] writing robo24_localization.egg-info/PKG-INFO
[13.769s] writing dependency_links to robo24_localization.egg-info/dependency_links.txt
[13.769s] writing entry points to robo24_localization.egg-info/entry_points.txt
[13.772s] writing requirements to robo24_localization.egg-info/requires.txt
[13.775s] writing top-level names to robo24_localization.egg-info/top_level.txt
[13.776s] writing manifest file 'robo24_localization.egg-info/SOURCES.txt'
[13.777s] reading manifest file 'robo24_localization.egg-info/SOURCES.txt'
[13.777s] writing manifest file 'robo24_localization.egg-info/SOURCES.txt'
[13.781s] running build_ext
[13.782s] Creating /home/mike/ros2_ws/install/robo24_localization/lib/python3.10/site-packages/robo24-localization.egg-link (link to .)
[13.786s] 
[13.789s] Installed /home/mike/ros2_ws/build/robo24_localization
[13.796s] running install_data
[13.798s] creating /home/mike/ros2_ws/install/robo24_localization/share/ament_index
[13.800s] creating /home/mike/ros2_ws/install/robo24_localization/share/ament_index/resource_index
[13.802s] creating /home/mike/ros2_ws/install/robo24_localization/share/ament_index/resource_index/packages
[13.826s] copying resource/robo24_localization -> /home/mike/ros2_ws/install/robo24_localization/share/ament_index/resource_index/packages
[13.847s] copying package.xml -> /home/mike/ros2_ws/install/robo24_localization/share/robo24_localization
[13.855s] creating /home/mike/ros2_ws/install/robo24_localization/share/robo24_localization/launch
[13.865s] copying launch/robo24_efk_odom_launch.py -> /home/mike/ros2_ws/install/robo24_localization/share/robo24_localization/launch
[13.873s] creating /home/mike/ros2_ws/install/robo24_localization/share/robo24_localization/config
[13.880s] copying config/efk_config.yaml -> /home/mike/ros2_ws/install/robo24_localization/share/robo24_localization/config
[15.352s] Invoked command in '/home/mike/ros2_ws/build/robo24_localization' returned '0': PYTHONPATH=/home/mike/ros2_ws/build/robo24_localization/prefix_override:/home/mike/ros2_ws/install/robo24_localization/lib/python3.10/site-packages:${PYTHONPATH} /usr/bin/python3 setup.py develop --editable --build-directory /home/mike/ros2_ws/build/robo24_localization/build --no-deps install_data
