[8.693s] Invoking command in '/home/mike/ros2_ws/build/robo24_nav': PYTHONPATH=/home/mike/ros2_ws/build/robo24_nav/prefix_override:/home/mike/ros2_ws/install/robo24_nav/lib/python3.10/site-packages:${PYTHONPATH} /usr/bin/python3 setup.py develop --editable --build-directory /home/mike/ros2_ws/build/robo24_nav/build --no-deps install_data
[10.402s] running develop
[11.392s] running egg_info
[11.396s] creating robo24_nav.egg-info
[11.396s] writing robo24_nav.egg-info/PKG-INFO
[11.397s] writing dependency_links to robo24_nav.egg-info/dependency_links.txt
[11.397s] writing entry points to robo24_nav.egg-info/entry_points.txt
[11.403s] writing requirements to robo24_nav.egg-info/requires.txt
[11.404s] writing top-level names to robo24_nav.egg-info/top_level.txt
[11.405s] writing manifest file 'robo24_nav.egg-info/SOURCES.txt'
[11.406s] reading manifest file 'robo24_nav.egg-info/SOURCES.txt'
[11.409s] writing manifest file 'robo24_nav.egg-info/SOURCES.txt'
[11.418s] running build_ext
[11.419s] Creating /home/mike/ros2_ws/install/robo24_nav/lib/python3.10/site-packages/robo24-nav.egg-link (link to .)
[11.426s] Installing robo24_nav_simple_node script to /home/mike/ros2_ws/install/robo24_nav/lib/robo24_nav
[11.427s] 
[11.430s] Installed /home/mike/ros2_ws/build/robo24_nav
[11.432s] running install_data
[11.435s] creating /home/mike/ros2_ws/install/robo24_nav/share/ament_index
[11.436s] creating /home/mike/ros2_ws/install/robo24_nav/share/ament_index/resource_index
[11.437s] creating /home/mike/ros2_ws/install/robo24_nav/share/ament_index/resource_index/packages
[11.439s] copying resource/robo24_nav -> /home/mike/ros2_ws/install/robo24_nav/share/ament_index/resource_index/packages
[11.464s] copying package.xml -> /home/mike/ros2_ws/install/robo24_nav/share/robo24_nav
[11.630s] Invoked command in '/home/mike/ros2_ws/build/robo24_nav' returned '0': PYTHONPATH=/home/mike/ros2_ws/build/robo24_nav/prefix_override:/home/mike/ros2_ws/install/robo24_nav/lib/python3.10/site-packages:${PYTHONPATH} /usr/bin/python3 setup.py develop --editable --build-directory /home/mike/ros2_ws/build/robo24_nav/build --no-deps install_data
