[4.821s] Invoking command in '/home/mike/ros2_ws/build/robo24_stuff': PYTHONPATH=/home/mike/ros2_ws/build/robo24_stuff/prefix_override:/home/mike/ros2_ws/install/robo24_stuff/lib/python3.10/site-packages:${PYTHONPATH} /usr/bin/python3 setup.py develop --editable --build-directory /home/mike/ros2_ws/build/robo24_stuff/build --no-deps install_data
[6.057s] running develop
[6.718s] running egg_info
[6.718s] writing robo24_stuff.egg-info/PKG-INFO
[6.719s] writing dependency_links to robo24_stuff.egg-info/dependency_links.txt
[6.720s] writing entry points to robo24_stuff.egg-info/entry_points.txt
[6.721s] writing requirements to robo24_stuff.egg-info/requires.txt
[6.722s] writing top-level names to robo24_stuff.egg-info/top_level.txt
[6.730s] reading manifest file 'robo24_stuff.egg-info/SOURCES.txt'
[6.734s] writing manifest file 'robo24_stuff.egg-info/SOURCES.txt'
[6.741s] running build_ext
[6.742s] Creating /home/mike/ros2_ws/install/robo24_stuff/lib/python3.10/site-packages/robo24-stuff.egg-link (link to .)
[6.746s] Installing openmv_serial_node script to /home/mike/ros2_ws/install/robo24_stuff/lib/robo24_stuff
[6.747s] Installing robo24_can_xy_node script to /home/mike/ros2_ws/install/robo24_stuff/lib/robo24_stuff
[6.748s] Installing robo24_diynav_node script to /home/mike/ros2_ws/install/robo24_stuff/lib/robo24_stuff
[6.748s] Installing robo24_diyslam_node script to /home/mike/ros2_ws/install/robo24_stuff/lib/robo24_stuff
[6.749s] Installing robo24_imu_serial_node script to /home/mike/ros2_ws/install/robo24_stuff/lib/robo24_stuff
[6.750s] Installing robo24_teleop_node script to /home/mike/ros2_ws/install/robo24_stuff/lib/robo24_stuff
[6.751s] Installing robo24_wheel_controller_node script to /home/mike/ros2_ws/install/robo24_stuff/lib/robo24_stuff
[6.752s] Installing sensor_serial_node script to /home/mike/ros2_ws/install/robo24_stuff/lib/robo24_stuff
[6.753s] 
[6.753s] Installed /home/mike/ros2_ws/build/robo24_stuff
[6.754s] running install_data
[6.887s] Invoked command in '/home/mike/ros2_ws/build/robo24_stuff' returned '0': PYTHONPATH=/home/mike/ros2_ws/build/robo24_stuff/prefix_override:/home/mike/ros2_ws/install/robo24_stuff/lib/python3.10/site-packages:${PYTHONPATH} /usr/bin/python3 setup.py develop --editable --build-directory /home/mike/ros2_ws/build/robo24_stuff/build --no-deps install_data
