[5.480s] Invoking command in '/home/mike/ros2_ws/build/sensor_interface': PYTHONPATH=/home/mike/ros2_ws/build/sensor_interface/prefix_override:/home/mike/ros2_ws/install/sensor_interface/lib/python3.10/site-packages:${PYTHONPATH} /usr/bin/python3 setup.py develop --editable --build-directory /home/mike/ros2_ws/build/sensor_interface/build --no-deps install_data
[6.979s] running develop
[7.886s] running egg_info
[7.887s] creating sensor_interface.egg-info
[7.888s] writing sensor_interface.egg-info/PKG-INFO
[7.890s] writing dependency_links to sensor_interface.egg-info/dependency_links.txt
[7.891s] writing entry points to sensor_interface.egg-info/entry_points.txt
[7.892s] writing requirements to sensor_interface.egg-info/requires.txt
[7.898s] writing top-level names to sensor_interface.egg-info/top_level.txt
[7.899s] writing manifest file 'sensor_interface.egg-info/SOURCES.txt'
[7.902s] reading manifest file 'sensor_interface.egg-info/SOURCES.txt'
[7.906s] writing manifest file 'sensor_interface.egg-info/SOURCES.txt'
[7.915s] running build_ext
[7.916s] Creating /home/mike/ros2_ws/install/sensor_interface/lib/python3.10/site-packages/sensor-interface.egg-link (link to .)
[7.924s] Installing sensor_serial_node script to /home/mike/ros2_ws/install/sensor_interface/lib/sensor_interface
[7.925s] 
[7.926s] Installed /home/mike/ros2_ws/build/sensor_interface
[7.927s] running install_data
[7.932s] creating /home/mike/ros2_ws/install/sensor_interface/share/ament_index
[7.933s] creating /home/mike/ros2_ws/install/sensor_interface/share/ament_index/resource_index
[7.934s] creating /home/mike/ros2_ws/install/sensor_interface/share/ament_index/resource_index/packages
[7.940s] copying resource/sensor_interface -> /home/mike/ros2_ws/install/sensor_interface/share/ament_index/resource_index/packages
[7.943s] copying package.xml -> /home/mike/ros2_ws/install/sensor_interface/share/sensor_interface
[8.135s] Invoked command in '/home/mike/ros2_ws/build/sensor_interface' returned '0': PYTHONPATH=/home/mike/ros2_ws/build/sensor_interface/prefix_override:/home/mike/ros2_ws/install/sensor_interface/lib/python3.10/site-packages:${PYTHONPATH} /usr/bin/python3 setup.py develop --editable --build-directory /home/mike/ros2_ws/build/sensor_interface/build --no-deps install_data
