[6.432s] Invoking command in '/home/mike/ros2_ws/build/robo24_stuff': PYTHONPATH=/home/mike/ros2_ws/build/robo24_stuff/prefix_override:/home/mike/ros2_ws/install/robo24_stuff/lib/python3.10/site-packages:${PYTHONPATH} /usr/bin/python3 setup.py develop --editable --build-directory /home/mike/ros2_ws/build/robo24_stuff/build --no-deps install_data
[7.778s] running develop
[8.544s] running egg_info
[8.544s] writing robo24_stuff.egg-info/PKG-INFO
[8.546s] writing dependency_links to robo24_stuff.egg-info/dependency_links.txt
[8.547s] writing entry points to robo24_stuff.egg-info/entry_points.txt
[8.549s] writing requirements to robo24_stuff.egg-info/requires.txt
[8.550s] writing top-level names to robo24_stuff.egg-info/top_level.txt
[8.558s] reading manifest file 'robo24_stuff.egg-info/SOURCES.txt'
[8.562s] writing manifest file 'robo24_stuff.egg-info/SOURCES.txt'
[8.569s] running build_ext
[8.569s] Creating /home/mike/ros2_ws/install/robo24_stuff/lib/python3.10/site-packages/robo24-stuff.egg-link (link to .)
[8.573s] Installing openmv_serial_node script to /home/mike/ros2_ws/install/robo24_stuff/lib/robo24_stuff
[8.574s] Installing robo24_can_xy_node script to /home/mike/ros2_ws/install/robo24_stuff/lib/robo24_stuff
[8.575s] Installing robo24_diynav_node script to /home/mike/ros2_ws/install/robo24_stuff/lib/robo24_stuff
[8.576s] Installing robo24_diyslam_node script to /home/mike/ros2_ws/install/robo24_stuff/lib/robo24_stuff
[8.577s] Installing robo24_imu_serial_node script to /home/mike/ros2_ws/install/robo24_stuff/lib/robo24_stuff
[8.578s] Installing robo24_teleop_node script to /home/mike/ros2_ws/install/robo24_stuff/lib/robo24_stuff
[8.579s] Installing robo24_watch_serial_node script to /home/mike/ros2_ws/install/robo24_stuff/lib/robo24_stuff
[8.579s] Installing robo24_wheel_controller_node script to /home/mike/ros2_ws/install/robo24_stuff/lib/robo24_stuff
[8.580s] Installing sensor_serial_node script to /home/mike/ros2_ws/install/robo24_stuff/lib/robo24_stuff
[8.582s] 
[8.582s] Installed /home/mike/ros2_ws/build/robo24_stuff
[8.583s] running install_data
[8.738s] Invoked command in '/home/mike/ros2_ws/build/robo24_stuff' returned '0': PYTHONPATH=/home/mike/ros2_ws/build/robo24_stuff/prefix_override:/home/mike/ros2_ws/install/robo24_stuff/lib/python3.10/site-packages:${PYTHONPATH} /usr/bin/python3 setup.py develop --editable --build-directory /home/mike/ros2_ws/build/robo24_stuff/build --no-deps install_data
