[3.834s] DEBUG:colcon:Command line arguments: ['/usr/bin/colcon', 'build', '--packages-select', 'robo24_interfaces']
[3.835s] DEBUG:colcon:Parsed command line arguments: Namespace(log_base=None, log_level=None, verb_name='build', build_base='build', install_base='install', merge_install=False, symlink_install=False, test_result_base=None, continue_on_error=False, executor='parallel', parallel_workers=4, event_handlers=None, ignore_user_meta=False, metas=['./colcon.meta'], base_paths=['.'], packages_ignore=None, packages_ignore_regex=None, paths=None, packages_up_to=None, packages_up_to_regex=None, packages_above=None, packages_above_and_dependencies=None, packages_above_depth=None, packages_select_by_dep=None, packages_skip_by_dep=None, packages_skip_up_to=None, packages_select_build_failed=False, packages_skip_build_finished=False, packages_select_test_failures=False, packages_skip_test_passed=False, packages_select=['robo24_interfaces'], packages_skip=None, packages_select_regex=None, packages_skip_regex=None, packages_start=None, packages_end=None, allow_overriding=[], cmake_args=None, cmake_target=None, cmake_target_skip_unavailable=False, cmake_clean_cache=False, cmake_clean_first=False, cmake_force_configure=False, ament_cmake_args=None, catkin_cmake_args=None, catkin_skip_building_tests=False, verb_parser=<colcon_defaults.argument_parser.defaults.DefaultArgumentsDecorator object at 0xffff87d8b5e0>, verb_extension=<colcon_core.verb.build.BuildVerb object at 0xffff880a7190>, main=<bound method BuildVerb.main of <colcon_core.verb.build.BuildVerb object at 0xffff880a7190>>)
[4.024s] Level 1:colcon.colcon_core.package_discovery:discover_packages(colcon_meta) check parameters
[4.024s] Level 1:colcon.colcon_core.package_discovery:discover_packages(recursive) check parameters
[4.024s] Level 1:colcon.colcon_core.package_discovery:discover_packages(ignore) check parameters
[4.025s] Level 1:colcon.colcon_core.package_discovery:discover_packages(path) check parameters
[4.025s] Level 1:colcon.colcon_core.package_discovery:discover_packages(colcon_meta) discover
[4.025s] Level 1:colcon.colcon_core.package_discovery:discover_packages(recursive) discover
[4.025s] INFO:colcon.colcon_core.package_discovery:Crawling recursively for packages in '/home/mike/ros2_ws'
[4.026s] Level 1:colcon.colcon_core.package_identification:_identify(.) by extensions ['ignore', 'ignore_ament_install']
[4.026s] Level 1:colcon.colcon_core.package_identification:_identify(.) by extension 'ignore'
[4.026s] Level 1:colcon.colcon_core.package_identification:_identify(.) by extension 'ignore_ament_install'
[4.027s] Level 1:colcon.colcon_core.package_identification:_identify(.) by extensions ['colcon_pkg']
[4.027s] Level 1:colcon.colcon_core.package_identification:_identify(.) by extension 'colcon_pkg'
[4.027s] Level 1:colcon.colcon_core.package_identification:_identify(.) by extensions ['colcon_meta']
[4.027s] Level 1:colcon.colcon_core.package_identification:_identify(.) by extension 'colcon_meta'
[4.027s] Level 1:colcon.colcon_core.package_identification:_identify(.) by extensions ['ros']
[4.027s] Level 1:colcon.colcon_core.package_identification:_identify(.) by extension 'ros'
[4.071s] Level 1:colcon.colcon_core.package_identification:_identify(.) by extensions ['cmake', 'python']
[4.071s] Level 1:colcon.colcon_core.package_identification:_identify(.) by extension 'cmake'
[4.072s] Level 1:colcon.colcon_core.package_identification:_identify(.) by extension 'python'
[4.072s] Level 1:colcon.colcon_core.package_identification:_identify(.) by extensions ['python_setup_py']
[4.072s] Level 1:colcon.colcon_core.package_identification:_identify(.) by extension 'python_setup_py'
[4.073s] Level 1:colcon.colcon_core.package_identification:_identify(build) by extensions ['ignore', 'ignore_ament_install']
[4.073s] Level 1:colcon.colcon_core.package_identification:_identify(build) by extension 'ignore'
[4.073s] Level 1:colcon.colcon_core.package_identification:_identify(build) ignored
[4.074s] Level 1:colcon.colcon_core.package_identification:_identify(install) by extensions ['ignore', 'ignore_ament_install']
[4.074s] Level 1:colcon.colcon_core.package_identification:_identify(install) by extension 'ignore'
[4.074s] Level 1:colcon.colcon_core.package_identification:_identify(install) ignored
[4.077s] Level 1:colcon.colcon_core.package_identification:_identify(log) by extensions ['ignore', 'ignore_ament_install']
[4.077s] Level 1:colcon.colcon_core.package_identification:_identify(log) by extension 'ignore'
[4.078s] Level 1:colcon.colcon_core.package_identification:_identify(log) ignored
[4.078s] Level 1:colcon.colcon_core.package_identification:_identify(src) by extensions ['ignore', 'ignore_ament_install']
[4.078s] Level 1:colcon.colcon_core.package_identification:_identify(src) by extension 'ignore'
[4.079s] Level 1:colcon.colcon_core.package_identification:_identify(src) by extension 'ignore_ament_install'
[4.079s] Level 1:colcon.colcon_core.package_identification:_identify(src) by extensions ['colcon_pkg']
[4.079s] Level 1:colcon.colcon_core.package_identification:_identify(src) by extension 'colcon_pkg'
[4.079s] Level 1:colcon.colcon_core.package_identification:_identify(src) by extensions ['colcon_meta']
[4.079s] Level 1:colcon.colcon_core.package_identification:_identify(src) by extension 'colcon_meta'
[4.080s] Level 1:colcon.colcon_core.package_identification:_identify(src) by extensions ['ros']
[4.080s] Level 1:colcon.colcon_core.package_identification:_identify(src) by extension 'ros'
[4.080s] Level 1:colcon.colcon_core.package_identification:_identify(src) by extensions ['cmake', 'python']
[4.080s] Level 1:colcon.colcon_core.package_identification:_identify(src) by extension 'cmake'
[4.080s] Level 1:colcon.colcon_core.package_identification:_identify(src) by extension 'python'
[4.081s] Level 1:colcon.colcon_core.package_identification:_identify(src) by extensions ['python_setup_py']
[4.081s] Level 1:colcon.colcon_core.package_identification:_identify(src) by extension 'python_setup_py'
[4.081s] Level 1:colcon.colcon_core.package_identification:_identify(src/log) by extensions ['ignore', 'ignore_ament_install']
[4.082s] Level 1:colcon.colcon_core.package_identification:_identify(src/log) by extension 'ignore'
[4.082s] Level 1:colcon.colcon_core.package_identification:_identify(src/log) ignored
[4.082s] Level 1:colcon.colcon_core.package_identification:_identify(src/robo24_bringup) by extensions ['ignore', 'ignore_ament_install']
[4.083s] Level 1:colcon.colcon_core.package_identification:_identify(src/robo24_bringup) by extension 'ignore'
[4.083s] Level 1:colcon.colcon_core.package_identification:_identify(src/robo24_bringup) by extension 'ignore_ament_install'
[4.083s] Level 1:colcon.colcon_core.package_identification:_identify(src/robo24_bringup) by extensions ['colcon_pkg']
[4.083s] Level 1:colcon.colcon_core.package_identification:_identify(src/robo24_bringup) by extension 'colcon_pkg'
[4.083s] Level 1:colcon.colcon_core.package_identification:_identify(src/robo24_bringup) by extensions ['colcon_meta']
[4.083s] Level 1:colcon.colcon_core.package_identification:_identify(src/robo24_bringup) by extension 'colcon_meta'
[4.084s] Level 1:colcon.colcon_core.package_identification:_identify(src/robo24_bringup) by extensions ['ros']
[4.084s] Level 1:colcon.colcon_core.package_identification:_identify(src/robo24_bringup) by extension 'ros'
[4.092s] DEBUG:colcon.colcon_core.package_identification:Package 'src/robo24_bringup' with type 'ros.ament_python' and name 'robo24_bringup'
[4.093s] Level 1:colcon.colcon_core.package_identification:_identify(src/robo24_interfaces) by extensions ['ignore', 'ignore_ament_install']
[4.093s] Level 1:colcon.colcon_core.package_identification:_identify(src/robo24_interfaces) by extension 'ignore'
[4.094s] Level 1:colcon.colcon_core.package_identification:_identify(src/robo24_interfaces) by extension 'ignore_ament_install'
[4.094s] Level 1:colcon.colcon_core.package_identification:_identify(src/robo24_interfaces) by extensions ['colcon_pkg']
[4.094s] Level 1:colcon.colcon_core.package_identification:_identify(src/robo24_interfaces) by extension 'colcon_pkg'
[4.094s] Level 1:colcon.colcon_core.package_identification:_identify(src/robo24_interfaces) by extensions ['colcon_meta']
[4.095s] Level 1:colcon.colcon_core.package_identification:_identify(src/robo24_interfaces) by extension 'colcon_meta'
[4.095s] Level 1:colcon.colcon_core.package_identification:_identify(src/robo24_interfaces) by extensions ['ros']
[4.095s] Level 1:colcon.colcon_core.package_identification:_identify(src/robo24_interfaces) by extension 'ros'
[4.097s] DEBUG:colcon.colcon_core.package_identification:Package 'src/robo24_interfaces' with type 'ros.ament_cmake' and name 'robo24_interfaces'
[4.098s] Level 1:colcon.colcon_core.package_identification:_identify(src/robo24_localization) by extensions ['ignore', 'ignore_ament_install']
[4.098s] Level 1:colcon.colcon_core.package_identification:_identify(src/robo24_localization) by extension 'ignore'
[4.098s] Level 1:colcon.colcon_core.package_identification:_identify(src/robo24_localization) by extension 'ignore_ament_install'
[4.099s] Level 1:colcon.colcon_core.package_identification:_identify(src/robo24_localization) by extensions ['colcon_pkg']
[4.099s] Level 1:colcon.colcon_core.package_identification:_identify(src/robo24_localization) by extension 'colcon_pkg'
[4.099s] Level 1:colcon.colcon_core.package_identification:_identify(src/robo24_localization) by extensions ['colcon_meta']
[4.099s] Level 1:colcon.colcon_core.package_identification:_identify(src/robo24_localization) by extension 'colcon_meta'
[4.099s] Level 1:colcon.colcon_core.package_identification:_identify(src/robo24_localization) by extensions ['ros']
[4.099s] Level 1:colcon.colcon_core.package_identification:_identify(src/robo24_localization) by extension 'ros'
[4.101s] DEBUG:colcon.colcon_core.package_identification:Package 'src/robo24_localization' with type 'ros.ament_python' and name 'robo24_localization'
[4.102s] Level 1:colcon.colcon_core.package_identification:_identify(src/robo24_nav) by extensions ['ignore', 'ignore_ament_install']
[4.102s] Level 1:colcon.colcon_core.package_identification:_identify(src/robo24_nav) by extension 'ignore'
[4.102s] Level 1:colcon.colcon_core.package_identification:_identify(src/robo24_nav) by extension 'ignore_ament_install'
[4.103s] Level 1:colcon.colcon_core.package_identification:_identify(src/robo24_nav) by extensions ['colcon_pkg']
[4.103s] Level 1:colcon.colcon_core.package_identification:_identify(src/robo24_nav) by extension 'colcon_pkg'
[4.103s] Level 1:colcon.colcon_core.package_identification:_identify(src/robo24_nav) by extensions ['colcon_meta']
[4.103s] Level 1:colcon.colcon_core.package_identification:_identify(src/robo24_nav) by extension 'colcon_meta'
[4.103s] Level 1:colcon.colcon_core.package_identification:_identify(src/robo24_nav) by extensions ['ros']
[4.103s] Level 1:colcon.colcon_core.package_identification:_identify(src/robo24_nav) by extension 'ros'
[4.105s] DEBUG:colcon.colcon_core.package_identification:Package 'src/robo24_nav' with type 'ros.ament_python' and name 'robo24_nav'
[4.106s] Level 1:colcon.colcon_core.package_identification:_identify(src/robo24_stuff) by extensions ['ignore', 'ignore_ament_install']
[4.106s] Level 1:colcon.colcon_core.package_identification:_identify(src/robo24_stuff) by extension 'ignore'
[4.107s] Level 1:colcon.colcon_core.package_identification:_identify(src/robo24_stuff) by extension 'ignore_ament_install'
[4.107s] Level 1:colcon.colcon_core.package_identification:_identify(src/robo24_stuff) by extensions ['colcon_pkg']
[4.107s] Level 1:colcon.colcon_core.package_identification:_identify(src/robo24_stuff) by extension 'colcon_pkg'
[4.107s] Level 1:colcon.colcon_core.package_identification:_identify(src/robo24_stuff) by extensions ['colcon_meta']
[4.107s] Level 1:colcon.colcon_core.package_identification:_identify(src/robo24_stuff) by extension 'colcon_meta'
[4.107s] Level 1:colcon.colcon_core.package_identification:_identify(src/robo24_stuff) by extensions ['ros']
[4.108s] Level 1:colcon.colcon_core.package_identification:_identify(src/robo24_stuff) by extension 'ros'
[4.109s] DEBUG:colcon.colcon_core.package_identification:Package 'src/robo24_stuff' with type 'ros.ament_python' and name 'robo24_stuff'
[4.110s] Level 1:colcon.colcon_core.package_discovery:discover_packages(recursive) using defaults
[4.110s] Level 1:colcon.colcon_core.package_discovery:discover_packages(ignore) discover
[4.110s] Level 1:colcon.colcon_core.package_discovery:discover_packages(ignore) using defaults
[4.110s] Level 1:colcon.colcon_core.package_discovery:discover_packages(path) discover
[4.110s] Level 1:colcon.colcon_core.package_discovery:discover_packages(path) using defaults
[4.357s] INFO:colcon.colcon_core.package_selection:Skipping not selected package 'robo24_bringup' in 'src/robo24_bringup'
[4.357s] INFO:colcon.colcon_core.package_selection:Skipping not selected package 'robo24_localization' in 'src/robo24_localization'
[4.357s] INFO:colcon.colcon_core.package_selection:Skipping not selected package 'robo24_nav' in 'src/robo24_nav'
[4.358s] INFO:colcon.colcon_core.package_selection:Skipping not selected package 'robo24_stuff' in 'src/robo24_stuff'
[4.472s] Level 1:colcon.colcon_core.package_discovery:discover_packages(prefix_path) check parameters
[4.472s] Level 1:colcon.colcon_core.package_discovery:discover_packages(prefix_path) discover
[4.591s] DEBUG:colcon.colcon_installed_package_information.package_discovery:Found 5 installed packages in /home/mike/ros2_ws/install
[4.650s] DEBUG:colcon.colcon_installed_package_information.package_discovery:Found 253 installed packages in /opt/ros/humble
[4.655s] Level 1:colcon.colcon_core.package_discovery:discover_packages(prefix_path) using defaults
[4.992s] Level 5:colcon.colcon_core.verb:set package 'robo24_interfaces' build argument 'cmake_args' from command line to 'None'
[4.992s] Level 5:colcon.colcon_core.verb:set package 'robo24_interfaces' build argument 'cmake_target' from command line to 'None'
[4.992s] Level 5:colcon.colcon_core.verb:set package 'robo24_interfaces' build argument 'cmake_target_skip_unavailable' from command line to 'False'
[4.993s] Level 5:colcon.colcon_core.verb:set package 'robo24_interfaces' build argument 'cmake_clean_cache' from command line to 'False'
[4.993s] Level 5:colcon.colcon_core.verb:set package 'robo24_interfaces' build argument 'cmake_clean_first' from command line to 'False'
[4.993s] Level 5:colcon.colcon_core.verb:set package 'robo24_interfaces' build argument 'cmake_force_configure' from command line to 'False'
[4.993s] Level 5:colcon.colcon_core.verb:set package 'robo24_interfaces' build argument 'ament_cmake_args' from command line to 'None'
[4.993s] Level 5:colcon.colcon_core.verb:set package 'robo24_interfaces' build argument 'catkin_cmake_args' from command line to 'None'
[4.993s] Level 5:colcon.colcon_core.verb:set package 'robo24_interfaces' build argument 'catkin_skip_building_tests' from command line to 'False'
[4.993s] DEBUG:colcon.colcon_core.verb:Building package 'robo24_interfaces' with the following arguments: {'ament_cmake_args': None, 'build_base': '/home/mike/ros2_ws/build/robo24_interfaces', 'catkin_cmake_args': None, 'catkin_skip_building_tests': False, 'cmake_args': None, 'cmake_clean_cache': False, 'cmake_clean_first': False, 'cmake_force_configure': False, 'cmake_target': None, 'cmake_target_skip_unavailable': False, 'install_base': '/home/mike/ros2_ws/install/robo24_interfaces', 'merge_install': False, 'path': '/home/mike/ros2_ws/src/robo24_interfaces', 'symlink_install': False, 'test_result_base': None}
[5.045s] INFO:colcon.colcon_core.executor:Executing jobs using 'parallel' executor
[5.099s] DEBUG:colcon.colcon_parallel_executor.executor.parallel:run_until_complete
[5.099s] INFO:colcon.colcon_ros.task.ament_cmake.build:Building ROS package in '/home/mike/ros2_ws/src/robo24_interfaces' with build type 'ament_cmake'
[5.100s] INFO:colcon.colcon_cmake.task.cmake.build:Building CMake package in '/home/mike/ros2_ws/src/robo24_interfaces'
[5.164s] INFO:colcon.colcon_core.plugin_system:Skipping extension 'colcon_core.shell.bat': Not used on non-Windows systems
[5.165s] INFO:colcon.colcon_core.shell:Skip shell extension 'powershell' for command environment: Not usable outside of PowerShell
[5.165s] DEBUG:colcon.colcon_core.shell:Skip shell extension 'dsv' for command environment
[5.368s] DEBUG:colcon.colcon_core.event_handler.log_command:Invoking command in '/home/mike/ros2_ws/build/robo24_interfaces': CMAKE_PREFIX_PATH=${CMAKE_PREFIX_PATH}:/home/mike/ros2_ws/install/robo24_stuff:/home/mike/ros2_ws/install/robo24_nav:/home/mike/ros2_ws/install/robo24_localization:/home/mike/ros2_ws/install/robo24_bringup:/opt/ros/humble /usr/bin/cmake /home/mike/ros2_ws/src/robo24_interfaces -DCMAKE_INSTALL_PREFIX=/home/mike/ros2_ws/install/robo24_interfaces
[10.167s] DEBUG:colcon.colcon_core.event_handler.log_command:Invoked command in '/home/mike/ros2_ws/build/robo24_interfaces' returned '0': CMAKE_PREFIX_PATH=${CMAKE_PREFIX_PATH}:/home/mike/ros2_ws/install/robo24_stuff:/home/mike/ros2_ws/install/robo24_nav:/home/mike/ros2_ws/install/robo24_localization:/home/mike/ros2_ws/install/robo24_bringup:/opt/ros/humble /usr/bin/cmake /home/mike/ros2_ws/src/robo24_interfaces -DCMAKE_INSTALL_PREFIX=/home/mike/ros2_ws/install/robo24_interfaces
[10.177s] DEBUG:colcon.colcon_core.event_handler.log_command:Invoking command in '/home/mike/ros2_ws/build/robo24_interfaces': CMAKE_PREFIX_PATH=${CMAKE_PREFIX_PATH}:/home/mike/ros2_ws/install/robo24_stuff:/home/mike/ros2_ws/install/robo24_nav:/home/mike/ros2_ws/install/robo24_localization:/home/mike/ros2_ws/install/robo24_bringup:/opt/ros/humble /usr/bin/cmake --build /home/mike/ros2_ws/build/robo24_interfaces -- -j4 -l4
[10.458s] DEBUG:colcon.colcon_core.event_handler.log_command:Invoked command in '/home/mike/ros2_ws/build/robo24_interfaces' returned '2': CMAKE_PREFIX_PATH=${CMAKE_PREFIX_PATH}:/home/mike/ros2_ws/install/robo24_stuff:/home/mike/ros2_ws/install/robo24_nav:/home/mike/ros2_ws/install/robo24_localization:/home/mike/ros2_ws/install/robo24_bringup:/opt/ros/humble /usr/bin/cmake --build /home/mike/ros2_ws/build/robo24_interfaces -- -j4 -l4
[10.877s] Level 1:colcon.colcon_core.environment:create_environment_scripts_only(robo24_interfaces)
[10.940s] Level 1:colcon.colcon_core.environment:checking '/home/mike/ros2_ws/install/robo24_interfaces' for CMake module files
[10.944s] Level 1:colcon.colcon_core.environment:checking '/home/mike/ros2_ws/install/robo24_interfaces' for CMake config files
[10.948s] Level 1:colcon.colcon_core.shell:create_environment_hook('robo24_interfaces', 'cmake_prefix_path')
[11.000s] INFO:colcon.colcon_core.shell:Creating environment hook '/home/mike/ros2_ws/install/robo24_interfaces/share/robo24_interfaces/hook/cmake_prefix_path.ps1'
[11.003s] INFO:colcon.colcon_core.shell:Creating environment descriptor '/home/mike/ros2_ws/install/robo24_interfaces/share/robo24_interfaces/hook/cmake_prefix_path.dsv'
[11.005s] INFO:colcon.colcon_core.shell:Creating environment hook '/home/mike/ros2_ws/install/robo24_interfaces/share/robo24_interfaces/hook/cmake_prefix_path.sh'
[11.009s] Level 1:colcon.colcon_core.environment:checking '/home/mike/ros2_ws/install/robo24_interfaces/lib'
[11.010s] Level 1:colcon.colcon_core.shell:create_environment_hook('robo24_interfaces', 'ld_library_path_lib')
[11.062s] INFO:colcon.colcon_core.shell:Creating environment hook '/home/mike/ros2_ws/install/robo24_interfaces/share/robo24_interfaces/hook/ld_library_path_lib.ps1'
[11.064s] INFO:colcon.colcon_core.shell:Creating environment descriptor '/home/mike/ros2_ws/install/robo24_interfaces/share/robo24_interfaces/hook/ld_library_path_lib.dsv'
[11.066s] INFO:colcon.colcon_core.shell:Creating environment hook '/home/mike/ros2_ws/install/robo24_interfaces/share/robo24_interfaces/hook/ld_library_path_lib.sh'
[11.068s] Level 1:colcon.colcon_core.environment:checking '/home/mike/ros2_ws/install/robo24_interfaces/bin'
[11.068s] Level 1:colcon.colcon_core.environment:checking '/home/mike/ros2_ws/install/robo24_interfaces/lib/pkgconfig/robo24_interfaces.pc'
[11.069s] Level 1:colcon.colcon_core.environment:checking '/home/mike/ros2_ws/install/robo24_interfaces/lib/python3.10/site-packages'
[11.070s] Level 1:colcon.colcon_core.environment:checking '/home/mike/ros2_ws/install/robo24_interfaces/bin'
[11.127s] INFO:colcon.colcon_core.shell:Creating package script '/home/mike/ros2_ws/install/robo24_interfaces/share/robo24_interfaces/package.ps1'
[11.131s] INFO:colcon.colcon_core.shell:Creating package descriptor '/home/mike/ros2_ws/install/robo24_interfaces/share/robo24_interfaces/package.dsv'
[11.133s] INFO:colcon.colcon_core.shell:Creating package script '/home/mike/ros2_ws/install/robo24_interfaces/share/robo24_interfaces/package.sh'
[11.137s] INFO:colcon.colcon_core.shell:Creating package script '/home/mike/ros2_ws/install/robo24_interfaces/share/robo24_interfaces/package.bash'
[11.140s] INFO:colcon.colcon_core.shell:Creating package script '/home/mike/ros2_ws/install/robo24_interfaces/share/robo24_interfaces/package.zsh'
[11.143s] Level 1:colcon.colcon_core.environment:create_file_with_runtime_dependencies(/home/mike/ros2_ws/install/robo24_interfaces/share/colcon-core/packages/robo24_interfaces)
[11.155s] DEBUG:colcon.colcon_parallel_executor.executor.parallel:closing loop
[11.156s] DEBUG:colcon.colcon_parallel_executor.executor.parallel:loop closed
[11.156s] DEBUG:colcon.colcon_parallel_executor.executor.parallel:run_until_complete finished with '2'
[11.156s] DEBUG:colcon.colcon_core.event_reactor:joining thread
[11.236s] INFO:colcon.colcon_core.plugin_system:Skipping extension 'colcon_notification.desktop_notification.notify_send': Could not find 'notify-send'
[11.236s] INFO:colcon.colcon_core.plugin_system:Skipping extension 'colcon_notification.desktop_notification.terminal_notifier': Not used on non-Darwin systems
[11.236s] INFO:colcon.colcon_core.plugin_system:Skipping extension 'colcon_notification.desktop_notification.win32': Not used on non-Windows systems
[11.236s] INFO:colcon.colcon_notification.desktop_notification:Sending desktop notification using 'notify2'
[11.239s] DEBUG:colcon.colcon_notification.desktop_notification.notify2:Failed to initialize notify2: org.freedesktop.DBus.Error.ServiceUnknown: The name org.freedesktop.Notifications was not provided by any .service files
[11.240s] DEBUG:colcon.colcon_core.event_reactor:joined thread
[11.296s] INFO:colcon.colcon_core.shell:Creating prefix script '/home/mike/ros2_ws/install/local_setup.ps1'
[11.300s] INFO:colcon.colcon_core.shell:Creating prefix util module '/home/mike/ros2_ws/install/_local_setup_util_ps1.py'
[11.307s] INFO:colcon.colcon_core.shell:Creating prefix chain script '/home/mike/ros2_ws/install/setup.ps1'
[11.364s] INFO:colcon.colcon_core.shell:Creating prefix script '/home/mike/ros2_ws/install/local_setup.sh'
[11.367s] INFO:colcon.colcon_core.shell:Creating prefix util module '/home/mike/ros2_ws/install/_local_setup_util_sh.py'
[11.370s] INFO:colcon.colcon_core.shell:Creating prefix chain script '/home/mike/ros2_ws/install/setup.sh'
[11.428s] INFO:colcon.colcon_core.shell:Creating prefix script '/home/mike/ros2_ws/install/local_setup.bash'
[11.430s] INFO:colcon.colcon_core.shell:Creating prefix chain script '/home/mike/ros2_ws/install/setup.bash'
[11.486s] INFO:colcon.colcon_core.shell:Creating prefix script '/home/mike/ros2_ws/install/local_setup.zsh'
[11.489s] INFO:colcon.colcon_core.shell:Creating prefix chain script '/home/mike/ros2_ws/install/setup.zsh'
