[9.432s] Invoking command in '/home/mike/ros2_ws/build/robo24_bringup': PYTHONPATH=/home/mike/ros2_ws/build/robo24_bringup/prefix_override:/home/mike/ros2_ws/install/robo24_bringup/lib/python3.10/site-packages:${PYTHONPATH} /usr/bin/python3 setup.py develop --editable --build-directory /home/mike/ros2_ws/build/robo24_bringup/build --no-deps install_data
[11.169s] running develop
[12.435s] running egg_info
[12.437s] creating robo24_bringup.egg-info
[12.469s] writing robo24_bringup.egg-info/PKG-INFO
[12.470s] writing dependency_links to robo24_bringup.egg-info/dependency_links.txt
[12.472s] writing entry points to robo24_bringup.egg-info/entry_points.txt
[12.473s] writing requirements to robo24_bringup.egg-info/requires.txt
[12.475s] writing top-level names to robo24_bringup.egg-info/top_level.txt
[12.476s] writing manifest file 'robo24_bringup.egg-info/SOURCES.txt'
[12.485s] reading manifest file 'robo24_bringup.egg-info/SOURCES.txt'
[12.490s] writing manifest file 'robo24_bringup.egg-info/SOURCES.txt'
[12.532s] running build_ext
[12.533s] Creating /home/mike/ros2_ws/install/robo24_bringup/lib/python3.10/site-packages/robo24-bringup.egg-link (link to .)
[12.547s] 
[12.553s] Installed /home/mike/ros2_ws/build/robo24_bringup
[12.559s] running install_data
[12.579s] creating /home/mike/ros2_ws/install/robo24_bringup/share/ament_index
[12.581s] creating /home/mike/ros2_ws/install/robo24_bringup/share/ament_index/resource_index
[12.587s] creating /home/mike/ros2_ws/install/robo24_bringup/share/ament_index/resource_index/packages
[12.593s] copying resource/robo24_bringup -> /home/mike/ros2_ws/install/robo24_bringup/share/ament_index/resource_index/packages
[12.603s] copying package.xml -> /home/mike/ros2_ws/install/robo24_bringup/share/robo24_bringup
[12.606s] creating /home/mike/ros2_ws/install/robo24_bringup/share/robo24_bringup/launch
[12.607s] copying launch/robo24_bringup_launch.py -> /home/mike/ros2_ws/install/robo24_bringup/share/robo24_bringup/launch
[13.780s] Invoked command in '/home/mike/ros2_ws/build/robo24_bringup' returned '0': PYTHONPATH=/home/mike/ros2_ws/build/robo24_bringup/prefix_override:/home/mike/ros2_ws/install/robo24_bringup/lib/python3.10/site-packages:${PYTHONPATH} /usr/bin/python3 setup.py develop --editable --build-directory /home/mike/ros2_ws/build/robo24_bringup/build --no-deps install_data
