[4.885s] Invoking command in '/home/mike/ros2_ws/build/robo24_stuff': PYTHONPATH=/home/mike/ros2_ws/build/robo24_stuff/prefix_override:/home/mike/ros2_ws/install/robo24_stuff/lib/python3.10/site-packages:${PYTHONPATH} /usr/bin/python3 setup.py develop --editable --build-directory /home/mike/ros2_ws/build/robo24_stuff/build --no-deps install_data
[6.035s] running develop
[6.704s] running egg_info
[6.706s] writing robo24_stuff.egg-info/PKG-INFO
[6.707s] writing dependency_links to robo24_stuff.egg-info/dependency_links.txt
[6.709s] writing entry points to robo24_stuff.egg-info/entry_points.txt
[6.710s] writing requirements to robo24_stuff.egg-info/requires.txt
[6.710s] writing top-level names to robo24_stuff.egg-info/top_level.txt
[6.717s] reading manifest file 'robo24_stuff.egg-info/SOURCES.txt'
[6.720s] writing manifest file 'robo24_stuff.egg-info/SOURCES.txt'
[6.727s] running build_ext
[6.728s] Creating /home/mike/ros2_ws/install/robo24_stuff/lib/python3.10/site-packages/robo24-stuff.egg-link (link to .)
[6.732s] Installing openmv_serial_node script to /home/mike/ros2_ws/install/robo24_stuff/lib/robo24_stuff
[6.732s] Installing robo24_can_xy_node script to /home/mike/ros2_ws/install/robo24_stuff/lib/robo24_stuff
[6.733s] Installing robo24_diynav_node script to /home/mike/ros2_ws/install/robo24_stuff/lib/robo24_stuff
[6.734s] Installing robo24_diyslam_node script to /home/mike/ros2_ws/install/robo24_stuff/lib/robo24_stuff
[6.735s] Installing robo24_imu_serial_node script to /home/mike/ros2_ws/install/robo24_stuff/lib/robo24_stuff
[6.736s] Installing robo24_teleop_node script to /home/mike/ros2_ws/install/robo24_stuff/lib/robo24_stuff
[6.737s] Installing robo24_wheel_controller_node script to /home/mike/ros2_ws/install/robo24_stuff/lib/robo24_stuff
[6.738s] Installing sensor_serial_node script to /home/mike/ros2_ws/install/robo24_stuff/lib/robo24_stuff
[6.739s] 
[6.739s] Installed /home/mike/ros2_ws/build/robo24_stuff
[6.740s] running install_data
[6.874s] Invoked command in '/home/mike/ros2_ws/build/robo24_stuff' returned '0': PYTHONPATH=/home/mike/ros2_ws/build/robo24_stuff/prefix_override:/home/mike/ros2_ws/install/robo24_stuff/lib/python3.10/site-packages:${PYTHONPATH} /usr/bin/python3 setup.py develop --editable --build-directory /home/mike/ros2_ws/build/robo24_stuff/build --no-deps install_data
