[8.111s] Invoking command in '/home/mike/ros2_ws/build/moonday24_demo': PYTHONPATH=/home/mike/ros2_ws/build/moonday24_demo/prefix_override:/home/mike/ros2_ws/install/moonday24_demo/lib/python3.10/site-packages:${PYTHONPATH} /usr/bin/python3 setup.py develop --editable --build-directory /home/mike/ros2_ws/build/moonday24_demo/build --no-deps install_data
[9.946s] running develop
[11.193s] running egg_info
[11.194s] creating moonday24_demo.egg-info
[11.194s] writing moonday24_demo.egg-info/PKG-INFO
[11.200s] writing dependency_links to moonday24_demo.egg-info/dependency_links.txt
[11.201s] writing entry points to moonday24_demo.egg-info/entry_points.txt
[11.202s] writing requirements to moonday24_demo.egg-info/requires.txt
[11.202s] writing top-level names to moonday24_demo.egg-info/top_level.txt
[11.203s] writing manifest file 'moonday24_demo.egg-info/SOURCES.txt'
[11.205s] reading manifest file 'moonday24_demo.egg-info/SOURCES.txt'
[11.209s] writing manifest file 'moonday24_demo.egg-info/SOURCES.txt'
[11.216s] running build_ext
[11.217s] Creating /home/mike/ros2_ws/install/moonday24_demo/lib/python3.10/site-packages/moonday24-demo.egg-link (link to .)
[11.221s] 
[11.223s] Installed /home/mike/ros2_ws/build/moonday24_demo
[11.224s] running install_data
[11.225s] creating /home/mike/ros2_ws/install/moonday24_demo/share/ament_index
[11.226s] creating /home/mike/ros2_ws/install/moonday24_demo/share/ament_index/resource_index
[11.227s] creating /home/mike/ros2_ws/install/moonday24_demo/share/ament_index/resource_index/packages
[11.236s] error: can't copy 'resource/moonday24_demo': doesn't exist or not a regular file
[12.260s] Invoked command in '/home/mike/ros2_ws/build/moonday24_demo' returned '1': PYTHONPATH=/home/mike/ros2_ws/build/moonday24_demo/prefix_override:/home/mike/ros2_ws/install/moonday24_demo/lib/python3.10/site-packages:${PYTHONPATH} /usr/bin/python3 setup.py develop --editable --build-directory /home/mike/ros2_ws/build/moonday24_demo/build --no-deps install_data
