[9.410s] Invoking command in '/home/mike/ros2_ws/build/robo24_bringup': PYTHONPATH=/home/mike/ros2_ws/build/robo24_bringup/prefix_override:/home/mike/ros2_ws/install/robo24_bringup/lib/python3.10/site-packages:${PYTHONPATH} /usr/bin/python3 setup.py develop --editable --build-directory /home/mike/ros2_ws/build/robo24_bringup/build --no-deps install_data
[12.426s] running develop
[14.384s] running egg_info
[14.388s] creating robo24_bringup.egg-info
[14.388s] writing robo24_bringup.egg-info/PKG-INFO
[14.389s] writing dependency_links to robo24_bringup.egg-info/dependency_links.txt
[14.389s] writing entry points to robo24_bringup.egg-info/entry_points.txt
[14.390s] writing requirements to robo24_bringup.egg-info/requires.txt
[14.390s] writing top-level names to robo24_bringup.egg-info/top_level.txt
[14.397s] writing manifest file 'robo24_bringup.egg-info/SOURCES.txt'
[14.397s] reading manifest file 'robo24_bringup.egg-info/SOURCES.txt'
[14.405s] writing manifest file 'robo24_bringup.egg-info/SOURCES.txt'
[14.409s] running build_ext
[14.410s] Creating /home/mike/ros2_ws/install/robo24_bringup/lib/python3.10/site-packages/robo24-bringup.egg-link (link to .)
[14.417s] 
[14.418s] Installed /home/mike/ros2_ws/build/robo24_bringup
[14.419s] running install_data
[14.420s] creating /home/mike/ros2_ws/install/robo24_bringup/share/ament_index
[14.422s] creating /home/mike/ros2_ws/install/robo24_bringup/share/ament_index/resource_index
[14.423s] creating /home/mike/ros2_ws/install/robo24_bringup/share/ament_index/resource_index/packages
[14.440s] copying resource/robo24_bringup -> /home/mike/ros2_ws/install/robo24_bringup/share/ament_index/resource_index/packages
[14.453s] copying package.xml -> /home/mike/ros2_ws/install/robo24_bringup/share/robo24_bringup
[14.453s] creating /home/mike/ros2_ws/install/robo24_bringup/share/robo24_bringup/launch
[14.454s] copying launch/robo24_bringup_launch.py -> /home/mike/ros2_ws/install/robo24_bringup/share/robo24_bringup/launch
[14.649s] Invoked command in '/home/mike/ros2_ws/build/robo24_bringup' returned '0': PYTHONPATH=/home/mike/ros2_ws/build/robo24_bringup/prefix_override:/home/mike/ros2_ws/install/robo24_bringup/lib/python3.10/site-packages:${PYTHONPATH} /usr/bin/python3 setup.py develop --editable --build-directory /home/mike/ros2_ws/build/robo24_bringup/build --no-deps install_data
