running egg_info
creating ../../build/robo24_nav/robo24_nav.egg-info
writing ../../build/robo24_nav/robo24_nav.egg-info/PKG-INFO
writing dependency_links to ../../build/robo24_nav/robo24_nav.egg-info/dependency_links.txt
writing entry points to ../../build/robo24_nav/robo24_nav.egg-info/entry_points.txt
writing requirements to ../../build/robo24_nav/robo24_nav.egg-info/requires.txt
writing top-level names to ../../build/robo24_nav/robo24_nav.egg-info/top_level.txt
writing manifest file '../../build/robo24_nav/robo24_nav.egg-info/SOURCES.txt'
reading manifest file '../../build/robo24_nav/robo24_nav.egg-info/SOURCES.txt'
writing manifest file '../../build/robo24_nav/robo24_nav.egg-info/SOURCES.txt'
running build
running build_py
creating /home/mike/ros2_ws/build/robo24_nav/build
creating /home/mike/ros2_ws/build/robo24_nav/build/lib
creating /home/mike/ros2_ws/build/robo24_nav/build/lib/robo24_nav
copying robo24_nav/robo24_nav_simple_node.py -> /home/mike/ros2_ws/build/robo24_nav/build/lib/robo24_nav
copying robo24_nav/__init__.py -> /home/mike/ros2_ws/build/robo24_nav/build/lib/robo24_nav
running install
running install_lib
creating /home/mike/ros2_ws/install/robo24_nav/lib/python3.10/site-packages/robo24_nav
copying /home/mike/ros2_ws/build/robo24_nav/build/lib/robo24_nav/robo24_nav_simple_node.py -> /home/mike/ros2_ws/install/robo24_nav/lib/python3.10/site-packages/robo24_nav
copying /home/mike/ros2_ws/build/robo24_nav/build/lib/robo24_nav/__init__.py -> /home/mike/ros2_ws/install/robo24_nav/lib/python3.10/site-packages/robo24_nav
byte-compiling /home/mike/ros2_ws/install/robo24_nav/lib/python3.10/site-packages/robo24_nav/robo24_nav_simple_node.py to robo24_nav_simple_node.cpython-310.pyc
byte-compiling /home/mike/ros2_ws/install/robo24_nav/lib/python3.10/site-packages/robo24_nav/__init__.py to __init__.cpython-310.pyc
running install_data
creating /home/mike/ros2_ws/install/robo24_nav/share/ament_index
creating /home/mike/ros2_ws/install/robo24_nav/share/ament_index/resource_index
creating /home/mike/ros2_ws/install/robo24_nav/share/ament_index/resource_index/packages
copying resource/robo24_nav -> /home/mike/ros2_ws/install/robo24_nav/share/ament_index/resource_index/packages
copying package.xml -> /home/mike/ros2_ws/install/robo24_nav/share/robo24_nav
running install_egg_info
Copying ../../build/robo24_nav/robo24_nav.egg-info to /home/mike/ros2_ws/install/robo24_nav/lib/python3.10/site-packages/robo24_nav-0.0.0-py3.10.egg-info
running install_scripts
Installing robo24_nav_simple_node script to /home/mike/ros2_ws/install/robo24_nav/lib/robo24_nav
writing list of installed files to '/home/mike/ros2_ws/build/robo24_nav/install.log'
