[8.933s] Invoking command in '/home/mike/ros2_ws/build/robo24_localization': PYTHONPATH=/home/mike/ros2_ws/build/robo24_localization/prefix_override:/home/mike/ros2_ws/install/robo24_localization/lib/python3.10/site-packages:${PYTHONPATH} /usr/bin/python3 setup.py develop --editable --build-directory /home/mike/ros2_ws/build/robo24_localization/build --no-deps install_data
[10.855s] running develop
[11.931s] running egg_info
[11.933s] creating robo24_localization.egg-info
[11.934s] writing robo24_localization.egg-info/PKG-INFO
[11.935s] writing dependency_links to robo24_localization.egg-info/dependency_links.txt
[11.936s] writing entry points to robo24_localization.egg-info/entry_points.txt
[11.940s] writing requirements to robo24_localization.egg-info/requires.txt
[11.941s] writing top-level names to robo24_localization.egg-info/top_level.txt
[11.944s] writing manifest file 'robo24_localization.egg-info/SOURCES.txt'
[11.959s] reading manifest file 'robo24_localization.egg-info/SOURCES.txt'
[11.965s] writing manifest file 'robo24_localization.egg-info/SOURCES.txt'
[11.978s] running build_ext
[11.982s] Creating /home/mike/ros2_ws/install/robo24_localization/lib/python3.10/site-packages/robo24-localization.egg-link (link to .)
[11.999s] 
[12.001s] Installed /home/mike/ros2_ws/build/robo24_localization
[12.019s] running install_data
[12.021s] creating /home/mike/ros2_ws/install/robo24_localization/share/ament_index
[12.052s] creating /home/mike/ros2_ws/install/robo24_localization/share/ament_index/resource_index
[12.066s] creating /home/mike/ros2_ws/install/robo24_localization/share/ament_index/resource_index/packages
[12.083s] copying resource/robo24_localization -> /home/mike/ros2_ws/install/robo24_localization/share/ament_index/resource_index/packages
[12.085s] copying package.xml -> /home/mike/ros2_ws/install/robo24_localization/share/robo24_localization
[12.086s] creating /home/mike/ros2_ws/install/robo24_localization/share/robo24_localization/launch
[12.088s] copying launch/robo24_efk_odom_launch.py -> /home/mike/ros2_ws/install/robo24_localization/share/robo24_localization/launch
[12.688s] Invoked command in '/home/mike/ros2_ws/build/robo24_localization' returned '0': PYTHONPATH=/home/mike/ros2_ws/build/robo24_localization/prefix_override:/home/mike/ros2_ws/install/robo24_localization/lib/python3.10/site-packages:${PYTHONPATH} /usr/bin/python3 setup.py develop --editable --build-directory /home/mike/ros2_ws/build/robo24_localization/build --no-deps install_data
