[9.431s] Invoking command in '/home/mike/ros2_ws/build/robo24_localization': PYTHONPATH=/home/mike/ros2_ws/build/robo24_localization/prefix_override:/home/mike/ros2_ws/install/robo24_localization/lib/python3.10/site-packages:${PYTHONPATH} /usr/bin/python3 setup.py develop --uninstall --editable --build-directory /home/mike/ros2_ws/build/robo24_localization/build
[11.272s] running develop
[12.574s] Removing /home/mike/ros2_ws/install/robo24_localization/lib/python3.10/site-packages/robo24-localization.egg-link (link to .)
[12.799s] Invoked command in '/home/mike/ros2_ws/build/robo24_localization' returned '0': PYTHONPATH=/home/mike/ros2_ws/build/robo24_localization/prefix_override:/home/mike/ros2_ws/install/robo24_localization/lib/python3.10/site-packages:${PYTHONPATH} /usr/bin/python3 setup.py develop --uninstall --editable --build-directory /home/mike/ros2_ws/build/robo24_localization/build
[12.802s] Invoking command in '/home/mike/ros2_ws/src/robo24_localization': PYTHONPATH=/home/mike/ros2_ws/build/robo24_localization/prefix_override:/home/mike/ros2_ws/install/robo24_localization/lib/python3.10/site-packages:${PYTHONPATH} /usr/bin/python3 setup.py egg_info --egg-base ../../build/robo24_localization build --build-base /home/mike/ros2_ws/build/robo24_localization/build install --record /home/mike/ros2_ws/build/robo24_localization/install.log --single-version-externally-managed
[15.206s] running egg_info
[15.210s] writing ../../build/robo24_localization/robo24_localization.egg-info/PKG-INFO
[15.217s] writing dependency_links to ../../build/robo24_localization/robo24_localization.egg-info/dependency_links.txt
[15.222s] writing entry points to ../../build/robo24_localization/robo24_localization.egg-info/entry_points.txt
[15.225s] writing requirements to ../../build/robo24_localization/robo24_localization.egg-info/requires.txt
[15.239s] writing top-level names to ../../build/robo24_localization/robo24_localization.egg-info/top_level.txt
[15.262s] reading manifest file '../../build/robo24_localization/robo24_localization.egg-info/SOURCES.txt'
[15.264s] writing manifest file '../../build/robo24_localization/robo24_localization.egg-info/SOURCES.txt'
[15.267s] running build
[15.270s] running build_py
[15.271s] creating /home/mike/ros2_ws/build/robo24_localization/build
[15.275s] creating /home/mike/ros2_ws/build/robo24_localization/build/lib
[15.275s] creating /home/mike/ros2_ws/build/robo24_localization/build/lib/robo24_localization
[15.276s] copying robo24_localization/__init__.py -> /home/mike/ros2_ws/build/robo24_localization/build/lib/robo24_localization
[15.295s] running install
[15.297s] running install_lib
[15.305s] creating /home/mike/ros2_ws/install/robo24_localization/lib/python3.10/site-packages/robo24_localization
[15.306s] copying /home/mike/ros2_ws/build/robo24_localization/build/lib/robo24_localization/__init__.py -> /home/mike/ros2_ws/install/robo24_localization/lib/python3.10/site-packages/robo24_localization
[15.306s] byte-compiling /home/mike/ros2_ws/install/robo24_localization/lib/python3.10/site-packages/robo24_localization/__init__.py to __init__.cpython-310.pyc
[15.307s] running install_data
[15.307s] running install_egg_info
[15.311s] Copying ../../build/robo24_localization/robo24_localization.egg-info to /home/mike/ros2_ws/install/robo24_localization/lib/python3.10/site-packages/robo24_localization-0.0.0-py3.10.egg-info
[15.313s] running install_scripts
[15.417s] writing list of installed files to '/home/mike/ros2_ws/build/robo24_localization/install.log'
[16.443s] Invoked command in '/home/mike/ros2_ws/src/robo24_localization' returned '0': PYTHONPATH=/home/mike/ros2_ws/build/robo24_localization/prefix_override:/home/mike/ros2_ws/install/robo24_localization/lib/python3.10/site-packages:${PYTHONPATH} /usr/bin/python3 setup.py egg_info --egg-base ../../build/robo24_localization build --build-base /home/mike/ros2_ws/build/robo24_localization/build install --record /home/mike/ros2_ws/build/robo24_localization/install.log --single-version-externally-managed
