[6.900s] Invoking command in '/home/mike/ros2_ws/src/robo24_bringup': PYTHONPATH=/home/mike/ros2_ws/build/robo24_bringup/prefix_override:/home/mike/ros2_ws/install/robo24_bringup/lib/python3.10/site-packages:${PYTHONPATH} /usr/bin/python3 setup.py egg_info --egg-base ../../build/robo24_bringup build --build-base /home/mike/ros2_ws/build/robo24_bringup/build install --record /home/mike/ros2_ws/build/robo24_bringup/install.log --single-version-externally-managed
[8.288s] running egg_info
[8.292s] creating ../../build/robo24_bringup/robo24_bringup.egg-info
[8.292s] writing ../../build/robo24_bringup/robo24_bringup.egg-info/PKG-INFO
[8.296s] writing dependency_links to ../../build/robo24_bringup/robo24_bringup.egg-info/dependency_links.txt
[8.297s] writing entry points to ../../build/robo24_bringup/robo24_bringup.egg-info/entry_points.txt
[8.302s] writing requirements to ../../build/robo24_bringup/robo24_bringup.egg-info/requires.txt
[8.303s] writing top-level names to ../../build/robo24_bringup/robo24_bringup.egg-info/top_level.txt
[8.304s] writing manifest file '../../build/robo24_bringup/robo24_bringup.egg-info/SOURCES.txt'
[8.307s] reading manifest file '../../build/robo24_bringup/robo24_bringup.egg-info/SOURCES.txt'
[8.308s] adding license file 'LICENSE'
[8.311s] writing manifest file '../../build/robo24_bringup/robo24_bringup.egg-info/SOURCES.txt'
[8.312s] running build
[8.313s] running build_py
[8.314s] creating /home/mike/ros2_ws/build/robo24_bringup/build
[8.317s] creating /home/mike/ros2_ws/build/robo24_bringup/build/lib
[8.318s] creating /home/mike/ros2_ws/build/robo24_bringup/build/lib/robo24_bringup
[8.318s] copying robo24_bringup/__init__.py -> /home/mike/ros2_ws/build/robo24_bringup/build/lib/robo24_bringup
[8.319s] running install
[8.319s] running install_lib
[8.327s] creating /home/mike/ros2_ws/install/robo24_bringup/lib/python3.10/site-packages/robo24_bringup
[8.328s] copying /home/mike/ros2_ws/build/robo24_bringup/build/lib/robo24_bringup/__init__.py -> /home/mike/ros2_ws/install/robo24_bringup/lib/python3.10/site-packages/robo24_bringup
[8.334s] byte-compiling /home/mike/ros2_ws/install/robo24_bringup/lib/python3.10/site-packages/robo24_bringup/__init__.py to __init__.cpython-310.pyc
[8.335s] running install_data
[8.338s] creating /home/mike/ros2_ws/install/robo24_bringup/share/ament_index
[8.339s] creating /home/mike/ros2_ws/install/robo24_bringup/share/ament_index/resource_index
[8.348s] creating /home/mike/ros2_ws/install/robo24_bringup/share/ament_index/resource_index/packages
[8.349s] copying resource/robo24_bringup -> /home/mike/ros2_ws/install/robo24_bringup/share/ament_index/resource_index/packages
[8.351s] copying package.xml -> /home/mike/ros2_ws/install/robo24_bringup/share/robo24_bringup
[8.355s] creating /home/mike/ros2_ws/install/robo24_bringup/share/robo24_bringup/launch
[8.367s] copying launch/robo24_bringup_launch.py -> /home/mike/ros2_ws/install/robo24_bringup/share/robo24_bringup/launch
[8.368s] running install_egg_info
[8.372s] Copying ../../build/robo24_bringup/robo24_bringup.egg-info to /home/mike/ros2_ws/install/robo24_bringup/lib/python3.10/site-packages/robo24_bringup-0.0.0-py3.10.egg-info
[8.378s] running install_scripts
[8.502s] writing list of installed files to '/home/mike/ros2_ws/build/robo24_bringup/install.log'
[8.653s] Invoked command in '/home/mike/ros2_ws/src/robo24_bringup' returned '0': PYTHONPATH=/home/mike/ros2_ws/build/robo24_bringup/prefix_override:/home/mike/ros2_ws/install/robo24_bringup/lib/python3.10/site-packages:${PYTHONPATH} /usr/bin/python3 setup.py egg_info --egg-base ../../build/robo24_bringup build --build-base /home/mike/ros2_ws/build/robo24_bringup/build install --record /home/mike/ros2_ws/build/robo24_bringup/install.log --single-version-externally-managed
