[7.814s] Invoking command in '/home/mike/ros2_ws/src/robo24_localization': PYTHONPATH=/home/mike/ros2_ws/build/robo24_localization/prefix_override:/home/mike/ros2_ws/install/robo24_localization/lib/python3.10/site-packages:${PYTHONPATH} /usr/bin/python3 setup.py egg_info --egg-base ../../build/robo24_localization build --build-base /home/mike/ros2_ws/build/robo24_localization/build install --record /home/mike/ros2_ws/build/robo24_localization/install.log --single-version-externally-managed
[9.805s] running egg_info
[9.808s] creating ../../build/robo24_localization/robo24_localization.egg-info
[9.811s] writing ../../build/robo24_localization/robo24_localization.egg-info/PKG-INFO
[9.812s] writing dependency_links to ../../build/robo24_localization/robo24_localization.egg-info/dependency_links.txt
[9.818s] writing entry points to ../../build/robo24_localization/robo24_localization.egg-info/entry_points.txt
[9.819s] writing requirements to ../../build/robo24_localization/robo24_localization.egg-info/requires.txt
[9.819s] writing top-level names to ../../build/robo24_localization/robo24_localization.egg-info/top_level.txt
[9.820s] writing manifest file '../../build/robo24_localization/robo24_localization.egg-info/SOURCES.txt'
[9.823s] reading manifest file '../../build/robo24_localization/robo24_localization.egg-info/SOURCES.txt'
[9.827s] writing manifest file '../../build/robo24_localization/robo24_localization.egg-info/SOURCES.txt'
[9.828s] running build
[9.831s] running build_py
[9.831s] creating /home/mike/ros2_ws/build/robo24_localization/build
[9.837s] creating /home/mike/ros2_ws/build/robo24_localization/build/lib
[9.838s] creating /home/mike/ros2_ws/build/robo24_localization/build/lib/robo24_localization
[9.838s] copying robo24_localization/__init__.py -> /home/mike/ros2_ws/build/robo24_localization/build/lib/robo24_localization
[9.839s] running install
[9.840s] running install_lib
[9.840s] creating /home/mike/ros2_ws/install/robo24_localization/lib/python3.10/site-packages/robo24_localization
[9.847s] copying /home/mike/ros2_ws/build/robo24_localization/build/lib/robo24_localization/__init__.py -> /home/mike/ros2_ws/install/robo24_localization/lib/python3.10/site-packages/robo24_localization
[9.851s] byte-compiling /home/mike/ros2_ws/install/robo24_localization/lib/python3.10/site-packages/robo24_localization/__init__.py to __init__.cpython-310.pyc
[9.857s] running install_data
[9.858s] creating /home/mike/ros2_ws/install/robo24_localization/share/ament_index
[9.859s] creating /home/mike/ros2_ws/install/robo24_localization/share/ament_index/resource_index
[9.860s] creating /home/mike/ros2_ws/install/robo24_localization/share/ament_index/resource_index/packages
[9.860s] copying resource/robo24_localization -> /home/mike/ros2_ws/install/robo24_localization/share/ament_index/resource_index/packages
[9.867s] copying package.xml -> /home/mike/ros2_ws/install/robo24_localization/share/robo24_localization
[9.868s] creating /home/mike/ros2_ws/install/robo24_localization/share/robo24_localization/launch
[9.872s] copying launch/robo24_efk_odom_launch.py -> /home/mike/ros2_ws/install/robo24_localization/share/robo24_localization/launch
[9.872s] creating /home/mike/ros2_ws/install/robo24_localization/share/robo24_localization/config
[9.873s] copying config/efk_config.yaml -> /home/mike/ros2_ws/install/robo24_localization/share/robo24_localization/config
[9.874s] running install_egg_info
[9.876s] Copying ../../build/robo24_localization/robo24_localization.egg-info to /home/mike/ros2_ws/install/robo24_localization/lib/python3.10/site-packages/robo24_localization-0.0.0-py3.10.egg-info
[9.877s] running install_scripts
[9.973s] writing list of installed files to '/home/mike/ros2_ws/build/robo24_localization/install.log'
[10.172s] Invoked command in '/home/mike/ros2_ws/src/robo24_localization' returned '0': PYTHONPATH=/home/mike/ros2_ws/build/robo24_localization/prefix_override:/home/mike/ros2_ws/install/robo24_localization/lib/python3.10/site-packages:${PYTHONPATH} /usr/bin/python3 setup.py egg_info --egg-base ../../build/robo24_localization build --build-base /home/mike/ros2_ws/build/robo24_localization/build install --record /home/mike/ros2_ws/build/robo24_localization/install.log --single-version-externally-managed
