[12.493s] Invoking command in '/home/mike/ros2_ws/build/robo24_stuff': PYTHONPATH=/home/mike/ros2_ws/build/robo24_stuff/prefix_override:/home/mike/ros2_ws/install/robo24_stuff/lib/python3.10/site-packages:${PYTHONPATH} /usr/bin/python3 setup.py develop --editable --build-directory /home/mike/ros2_ws/build/robo24_stuff/build --no-deps install_data
[14.446s] running develop
[17.210s] running egg_info
[17.211s] writing robo24_stuff.egg-info/PKG-INFO
[17.212s] writing dependency_links to robo24_stuff.egg-info/dependency_links.txt
[17.214s] writing entry points to robo24_stuff.egg-info/entry_points.txt
[17.215s] writing requirements to robo24_stuff.egg-info/requires.txt
[17.216s] writing top-level names to robo24_stuff.egg-info/top_level.txt
[17.229s] reading manifest file 'robo24_stuff.egg-info/SOURCES.txt'
[17.237s] writing manifest file 'robo24_stuff.egg-info/SOURCES.txt'
[17.253s] running build_ext
[17.253s] Creating /home/mike/ros2_ws/install/robo24_stuff/lib/python3.10/site-packages/robo24-stuff.egg-link (link to .)
[17.261s] Installing openmv_serial_node script to /home/mike/ros2_ws/install/robo24_stuff/lib/robo24_stuff
[17.261s] Installing robo24_can_xy_node script to /home/mike/ros2_ws/install/robo24_stuff/lib/robo24_stuff
[17.263s] Installing robo24_diynav_node script to /home/mike/ros2_ws/install/robo24_stuff/lib/robo24_stuff
[17.273s] Installing robo24_teleop_node script to /home/mike/ros2_ws/install/robo24_stuff/lib/robo24_stuff
[17.274s] Installing robo24_wheel_controller_node script to /home/mike/ros2_ws/install/robo24_stuff/lib/robo24_stuff
[17.284s] Installing sensor_serial_node script to /home/mike/ros2_ws/install/robo24_stuff/lib/robo24_stuff
[17.285s] 
[17.287s] Installed /home/mike/ros2_ws/build/robo24_stuff
[17.303s] running install_data
[18.659s] Invoked command in '/home/mike/ros2_ws/build/robo24_stuff' returned '0': PYTHONPATH=/home/mike/ros2_ws/build/robo24_stuff/prefix_override:/home/mike/ros2_ws/install/robo24_stuff/lib/python3.10/site-packages:${PYTHONPATH} /usr/bin/python3 setup.py develop --editable --build-directory /home/mike/ros2_ws/build/robo24_stuff/build --no-deps install_data
