running develop
running egg_info
creating robo24_stuff.egg-info
writing robo24_stuff.egg-info/PKG-INFO
writing dependency_links to robo24_stuff.egg-info/dependency_links.txt
writing entry points to robo24_stuff.egg-info/entry_points.txt
writing requirements to robo24_stuff.egg-info/requires.txt
writing top-level names to robo24_stuff.egg-info/top_level.txt
writing manifest file 'robo24_stuff.egg-info/SOURCES.txt'
reading manifest file 'robo24_stuff.egg-info/SOURCES.txt'
writing manifest file 'robo24_stuff.egg-info/SOURCES.txt'
running build_ext
Creating /home/mike/ros2_ws/install/robo24_stuff/lib/python3.10/site-packages/robo24-stuff.egg-link (link to .)

Installed /home/mike/ros2_ws/build/robo24_stuff
running install_data
creating /home/mike/ros2_ws/install/robo24_stuff/share/ament_index
creating /home/mike/ros2_ws/install/robo24_stuff/share/ament_index/resource_index
creating /home/mike/ros2_ws/install/robo24_stuff/share/ament_index/resource_index/packages
copying resource/robo24_stuff -> /home/mike/ros2_ws/install/robo24_stuff/share/ament_index/resource_index/packages
copying package.xml -> /home/mike/ros2_ws/install/robo24_stuff/share/robo24_stuff
