[4.881s] Invoking command in '/home/mike/ros2_ws/src/robo24_bringup': PYTHONPATH=/home/mike/ros2_ws/build/robo24_bringup/prefix_override:/home/mike/ros2_ws/install/robo24_bringup/lib/python3.10/site-packages:${PYTHONPATH} /usr/bin/python3 setup.py egg_info --egg-base ../../build/robo24_bringup build --build-base /home/mike/ros2_ws/build/robo24_bringup/build install --record /home/mike/ros2_ws/build/robo24_bringup/install.log --single-version-externally-managed
[6.012s] running egg_info
[6.014s] writing ../../build/robo24_bringup/robo24_bringup.egg-info/PKG-INFO
[6.015s] writing dependency_links to ../../build/robo24_bringup/robo24_bringup.egg-info/dependency_links.txt
[6.016s] writing entry points to ../../build/robo24_bringup/robo24_bringup.egg-info/entry_points.txt
[6.017s] writing requirements to ../../build/robo24_bringup/robo24_bringup.egg-info/requires.txt
[6.018s] writing top-level names to ../../build/robo24_bringup/robo24_bringup.egg-info/top_level.txt
[6.029s] reading manifest file '../../build/robo24_bringup/robo24_bringup.egg-info/SOURCES.txt'
[6.030s] adding license file 'LICENSE'
[6.033s] writing manifest file '../../build/robo24_bringup/robo24_bringup.egg-info/SOURCES.txt'
[6.034s] running build
[6.035s] running build_py
[6.035s] running install
[6.037s] running install_lib
[6.043s] running install_data
[6.044s] running install_egg_info
[6.057s] removing '/home/mike/ros2_ws/install/robo24_bringup/lib/python3.10/site-packages/robo24_bringup-0.0.0-py3.10.egg-info' (and everything under it)
[6.059s] Copying ../../build/robo24_bringup/robo24_bringup.egg-info to /home/mike/ros2_ws/install/robo24_bringup/lib/python3.10/site-packages/robo24_bringup-0.0.0-py3.10.egg-info
[6.062s] running install_scripts
[6.150s] writing list of installed files to '/home/mike/ros2_ws/build/robo24_bringup/install.log'
[6.315s] Invoked command in '/home/mike/ros2_ws/src/robo24_bringup' returned '0': PYTHONPATH=/home/mike/ros2_ws/build/robo24_bringup/prefix_override:/home/mike/ros2_ws/install/robo24_bringup/lib/python3.10/site-packages:${PYTHONPATH} /usr/bin/python3 setup.py egg_info --egg-base ../../build/robo24_bringup build --build-base /home/mike/ros2_ws/build/robo24_bringup/build install --record /home/mike/ros2_ws/build/robo24_bringup/install.log --single-version-externally-managed
