running develop
running egg_info
creating openmv_interface.egg-info
writing openmv_interface.egg-info/PKG-INFO
writing dependency_links to openmv_interface.egg-info/dependency_links.txt
writing entry points to openmv_interface.egg-info/entry_points.txt
writing requirements to openmv_interface.egg-info/requires.txt
writing top-level names to openmv_interface.egg-info/top_level.txt
writing manifest file 'openmv_interface.egg-info/SOURCES.txt'
reading manifest file 'openmv_interface.egg-info/SOURCES.txt'
writing manifest file 'openmv_interface.egg-info/SOURCES.txt'
running build_ext
Creating /home/mike/ros2_ws/install/openmv_interface/lib/python3.10/site-packages/openmv-interface.egg-link (link to .)
Installing openmv_serial_node script to /home/mike/ros2_ws/install/openmv_interface/lib/openmv_interface

Installed /home/mike/ros2_ws/build/openmv_interface
running install_data
creating /home/mike/ros2_ws/install/openmv_interface/share/ament_index
creating /home/mike/ros2_ws/install/openmv_interface/share/ament_index/resource_index
creating /home/mike/ros2_ws/install/openmv_interface/share/ament_index/resource_index/packages
copying resource/openmv_interface -> /home/mike/ros2_ws/install/openmv_interface/share/ament_index/resource_index/packages
copying package.xml -> /home/mike/ros2_ws/install/openmv_interface/share/openmv_interface
