[10.011s] Invoking command in '/home/mike/ros2_ws/build/openmv_interface': PYTHONPATH=/home/mike/ros2_ws/build/openmv_interface/prefix_override:/home/mike/ros2_ws/install/openmv_interface/lib/python3.10/site-packages:${PYTHONPATH} /usr/bin/python3 setup.py develop --editable --build-directory /home/mike/ros2_ws/build/openmv_interface/build --no-deps install_data
[13.189s] running develop
[14.947s] running egg_info
[14.947s] creating openmv_interface.egg-info
[14.948s] writing openmv_interface.egg-info/PKG-INFO
[14.949s] writing dependency_links to openmv_interface.egg-info/dependency_links.txt
[14.950s] writing entry points to openmv_interface.egg-info/entry_points.txt
[14.951s] writing requirements to openmv_interface.egg-info/requires.txt
[14.952s] writing top-level names to openmv_interface.egg-info/top_level.txt
[14.952s] writing manifest file 'openmv_interface.egg-info/SOURCES.txt'
[14.959s] reading manifest file 'openmv_interface.egg-info/SOURCES.txt'
[14.963s] writing manifest file 'openmv_interface.egg-info/SOURCES.txt'
[14.979s] running build_ext
[14.980s] Creating /home/mike/ros2_ws/install/openmv_interface/lib/python3.10/site-packages/openmv-interface.egg-link (link to .)
[14.980s] Installing openmv_serial_node script to /home/mike/ros2_ws/install/openmv_interface/lib/openmv_interface
[14.981s] 
[14.981s] Installed /home/mike/ros2_ws/build/openmv_interface
[14.981s] running install_data
[14.992s] creating /home/mike/ros2_ws/install/openmv_interface/share/ament_index
[14.993s] creating /home/mike/ros2_ws/install/openmv_interface/share/ament_index/resource_index
[14.995s] creating /home/mike/ros2_ws/install/openmv_interface/share/ament_index/resource_index/packages
[14.996s] copying resource/openmv_interface -> /home/mike/ros2_ws/install/openmv_interface/share/ament_index/resource_index/packages
[15.000s] copying package.xml -> /home/mike/ros2_ws/install/openmv_interface/share/openmv_interface
[15.407s] Invoked command in '/home/mike/ros2_ws/build/openmv_interface' returned '0': PYTHONPATH=/home/mike/ros2_ws/build/openmv_interface/prefix_override:/home/mike/ros2_ws/install/openmv_interface/lib/python3.10/site-packages:${PYTHONPATH} /usr/bin/python3 setup.py develop --editable --build-directory /home/mike/ros2_ws/build/openmv_interface/build --no-deps install_data
