[2.199s] Invoking command in '/home/mike/ros2_ws/build/robo24_interfaces': CMAKE_PREFIX_PATH=${CMAKE_PREFIX_PATH}:/home/mike/ros2_ws/install/robo24_stuff:/home/mike/ros2_ws/install/robo24_nav:/home/mike/ros2_ws/install/robo24_localization:/home/mike/ros2_ws/install/robo24_bringup:/opt/ros/humble /usr/bin/cmake --build /home/mike/ros2_ws/build/robo24_interfaces -- -j4 -l4
[4.138s] [  9%] Built target robo24_interfaces__rosidl_generator_c
[4.141s] [ 12%] Built target robo24_interfaces__cpp
[4.143s] [ 12%] Built target ament_cmake_python_symlink_robo24_interfaces
[4.145s] [ 22%] Built target robo24_interfaces__rosidl_typesupport_fastrtps_c
[4.146s] [ 32%] Built target robo24_interfaces__rosidl_typesupport_introspection_c
[4.149s] [ 41%] Built target robo24_interfaces__rosidl_typesupport_c
[4.150s] [ 51%] Built target robo24_interfaces__rosidl_typesupport_fastrtps_cpp
[4.150s] [ 61%] Built target robo24_interfaces__rosidl_typesupport_introspection_cpp
[4.151s] [ 70%] Built target robo24_interfaces__rosidl_typesupport_cpp
[4.151s] [ 70%] Built target robo24_interfaces
[4.152s] [ 74%] Built target robo24_interfaces__py
[4.152s] [ 80%] Built target robo24_interfaces__rosidl_generator_py
[4.153s] [ 87%] Built target robo24_interfaces__rosidl_typesupport_introspection_c__pyext
[4.153s] [ 93%] Built target robo24_interfaces__rosidl_typesupport_fastrtps_c__pyext
[4.154s] [100%] Built target robo24_interfaces__rosidl_typesupport_c__pyext
[4.155s] running egg_info
[4.155s] writing robo24_interfaces.egg-info/PKG-INFO
[4.155s] writing dependency_links to robo24_interfaces.egg-info/dependency_links.txt
[4.156s] writing top-level names to robo24_interfaces.egg-info/top_level.txt
[4.156s] reading manifest file 'robo24_interfaces.egg-info/SOURCES.txt'
[4.156s] writing manifest file 'robo24_interfaces.egg-info/SOURCES.txt'
[4.157s] [100%] Built target ament_cmake_python_build_robo24_interfaces_egg
[5.624s] Invoked command in '/home/mike/ros2_ws/build/robo24_interfaces' returned '0': CMAKE_PREFIX_PATH=${CMAKE_PREFIX_PATH}:/home/mike/ros2_ws/install/robo24_stuff:/home/mike/ros2_ws/install/robo24_nav:/home/mike/ros2_ws/install/robo24_localization:/home/mike/ros2_ws/install/robo24_bringup:/opt/ros/humble /usr/bin/cmake --build /home/mike/ros2_ws/build/robo24_interfaces -- -j4 -l4
[6.109s] Invoking command in '/home/mike/ros2_ws/build/robo24_interfaces': CMAKE_PREFIX_PATH=${CMAKE_PREFIX_PATH}:/home/mike/ros2_ws/install/robo24_stuff:/home/mike/ros2_ws/install/robo24_nav:/home/mike/ros2_ws/install/robo24_localization:/home/mike/ros2_ws/install/robo24_bringup:/opt/ros/humble /usr/bin/cmake --install /home/mike/ros2_ws/build/robo24_interfaces
[6.147s] -- Install configuration: ""
[6.149s] -- Execute custom install script
[6.151s] -- Up-to-date symlink: /home/mike/ros2_ws/install/robo24_interfaces/share/ament_index/resource_index/rosidl_interfaces/robo24_interfaces
[6.155s] -- Up-to-date symlink: /home/mike/ros2_ws/install/robo24_interfaces/include/robo24_interfaces/robo24_interfaces/msg/rosidl_generator_c__visibility_control.h
[6.158s] -- Up-to-date symlink: /home/mike/ros2_ws/install/robo24_interfaces/include/robo24_interfaces/robo24_interfaces/srv/claw.h
[6.161s] -- Up-to-date symlink: /home/mike/ros2_ws/install/robo24_interfaces/include/robo24_interfaces/robo24_interfaces/srv/detail/claw__functions.h
[6.161s] -- Up-to-date symlink: /home/mike/ros2_ws/install/robo24_interfaces/include/robo24_interfaces/robo24_interfaces/srv/detail/claw__struct.h
[6.162s] -- Up-to-date symlink: /home/mike/ros2_ws/install/robo24_interfaces/include/robo24_interfaces/robo24_interfaces/srv/detail/claw__type_support.h
[6.164s] -- Up-to-date symlink: /home/mike/ros2_ws/install/robo24_interfaces/share/robo24_interfaces/environment/library_path.sh
[6.168s] -- Up-to-date symlink: /home/mike/ros2_ws/install/robo24_interfaces/share/robo24_interfaces/environment/library_path.dsv
[6.173s] -- Up-to-date symlink: /home/mike/ros2_ws/install/robo24_interfaces/include/robo24_interfaces/robo24_interfaces/msg/rosidl_typesupport_fastrtps_c__visibility_control.h
[6.175s] -- Up-to-date symlink: /home/mike/ros2_ws/install/robo24_interfaces/include/robo24_interfaces/robo24_interfaces/srv/detail/claw__rosidl_typesupport_fastrtps_c.h
[6.180s] -- Up-to-date symlink: /home/mike/ros2_ws/install/robo24_interfaces/include/robo24_interfaces/robo24_interfaces/msg/rosidl_typesupport_introspection_c__visibility_control.h
[6.182s] -- Up-to-date symlink: /home/mike/ros2_ws/install/robo24_interfaces/include/robo24_interfaces/robo24_interfaces/srv/detail/claw__rosidl_typesupport_introspection_c.h
[6.186s] -- Up-to-date symlink: /home/mike/ros2_ws/install/robo24_interfaces/include/robo24_interfaces/robo24_interfaces/srv/claw.hpp
[6.188s] -- Up-to-date symlink: /home/mike/ros2_ws/install/robo24_interfaces/include/robo24_interfaces/robo24_interfaces/srv/detail/claw__builder.hpp
[6.191s] -- Up-to-date symlink: /home/mike/ros2_ws/install/robo24_interfaces/include/robo24_interfaces/robo24_interfaces/srv/detail/claw__struct.hpp
[6.193s] -- Up-to-date symlink: /home/mike/ros2_ws/install/robo24_interfaces/include/robo24_interfaces/robo24_interfaces/srv/detail/claw__traits.hpp
[6.198s] -- Up-to-date symlink: /home/mike/ros2_ws/install/robo24_interfaces/include/robo24_interfaces/robo24_interfaces/msg/rosidl_typesupport_fastrtps_cpp__visibility_control.h
[6.201s] -- Up-to-date symlink: /home/mike/ros2_ws/install/robo24_interfaces/include/robo24_interfaces/robo24_interfaces/srv/detail/claw__rosidl_typesupport_fastrtps_cpp.hpp
[6.204s] -- Up-to-date symlink: /home/mike/ros2_ws/install/robo24_interfaces/include/robo24_interfaces/robo24_interfaces/srv/detail/claw__rosidl_typesupport_introspection_cpp.hpp
[6.207s] -- Up-to-date symlink: /home/mike/ros2_ws/install/robo24_interfaces/share/robo24_interfaces/environment/pythonpath.sh
[6.209s] -- Up-to-date symlink: /home/mike/ros2_ws/install/robo24_interfaces/share/robo24_interfaces/environment/pythonpath.dsv
[6.213s] -- Up-to-date symlink: /home/mike/ros2_ws/install/robo24_interfaces/local/lib/python3.10/dist-packages/robo24_interfaces-0.0.0-py3.10.egg-info/PKG-INFO
[6.215s] -- Up-to-date symlink: /home/mike/ros2_ws/install/robo24_interfaces/local/lib/python3.10/dist-packages/robo24_interfaces-0.0.0-py3.10.egg-info/SOURCES.txt
[6.217s] -- Up-to-date symlink: /home/mike/ros2_ws/install/robo24_interfaces/local/lib/python3.10/dist-packages/robo24_interfaces-0.0.0-py3.10.egg-info/dependency_links.txt
[6.220s] -- Up-to-date symlink: /home/mike/ros2_ws/install/robo24_interfaces/local/lib/python3.10/dist-packages/robo24_interfaces-0.0.0-py3.10.egg-info/top_level.txt
[6.226s] -- Up-to-date symlink: /home/mike/ros2_ws/install/robo24_interfaces/local/lib/python3.10/dist-packages/robo24_interfaces/__init__.py
[6.229s] -- Up-to-date symlink: /home/mike/ros2_ws/install/robo24_interfaces/local/lib/python3.10/dist-packages/robo24_interfaces/_robo24_interfaces_s.ep.rosidl_typesupport_c.c
[6.232s] -- Up-to-date symlink: /home/mike/ros2_ws/install/robo24_interfaces/local/lib/python3.10/dist-packages/robo24_interfaces/_robo24_interfaces_s.ep.rosidl_typesupport_fastrtps_c.c
[6.236s] -- Up-to-date symlink: /home/mike/ros2_ws/install/robo24_interfaces/local/lib/python3.10/dist-packages/robo24_interfaces/_robo24_interfaces_s.ep.rosidl_typesupport_introspection_c.c
[6.238s] -- Up-to-date symlink: /home/mike/ros2_ws/install/robo24_interfaces/local/lib/python3.10/dist-packages/robo24_interfaces/librobo24_interfaces__rosidl_generator_py.so
[6.241s] -- Up-to-date symlink: /home/mike/ros2_ws/install/robo24_interfaces/local/lib/python3.10/dist-packages/robo24_interfaces/robo24_interfaces_s__rosidl_typesupport_c.cpython-310-aarch64-linux-gnu.so
[6.243s] -- Up-to-date symlink: /home/mike/ros2_ws/install/robo24_interfaces/local/lib/python3.10/dist-packages/robo24_interfaces/robo24_interfaces_s__rosidl_typesupport_fastrtps_c.cpython-310-aarch64-linux-gnu.so
[6.246s] -- Up-to-date symlink: /home/mike/ros2_ws/install/robo24_interfaces/local/lib/python3.10/dist-packages/robo24_interfaces/robo24_interfaces_s__rosidl_typesupport_introspection_c.cpython-310-aarch64-linux-gnu.so
[6.249s] -- Up-to-date symlink: /home/mike/ros2_ws/install/robo24_interfaces/local/lib/python3.10/dist-packages/robo24_interfaces/srv/__init__.py
[6.252s] -- Up-to-date symlink: /home/mike/ros2_ws/install/robo24_interfaces/local/lib/python3.10/dist-packages/robo24_interfaces/srv/_claw.py
[6.254s] -- Up-to-date symlink: /home/mike/ros2_ws/install/robo24_interfaces/local/lib/python3.10/dist-packages/robo24_interfaces/srv/_claw_s.c
[6.257s] -- Up-to-date symlink: /home/mike/ros2_ws/install/robo24_interfaces/local/lib/python3.10/dist-packages/robo24_interfaces/robo24_interfaces_s__rosidl_typesupport_fastrtps_c.cpython-310-aarch64-linux-gnu.so
[6.260s] -- Up-to-date symlink: /home/mike/ros2_ws/install/robo24_interfaces/local/lib/python3.10/dist-packages/robo24_interfaces/robo24_interfaces_s__rosidl_typesupport_introspection_c.cpython-310-aarch64-linux-gnu.so
[6.263s] -- Up-to-date symlink: /home/mike/ros2_ws/install/robo24_interfaces/local/lib/python3.10/dist-packages/robo24_interfaces/robo24_interfaces_s__rosidl_typesupport_c.cpython-310-aarch64-linux-gnu.so
[6.266s] -- Up-to-date symlink: /home/mike/ros2_ws/install/robo24_interfaces/share/robo24_interfaces/srv/Claw.idl
[6.269s] -- Up-to-date symlink: /home/mike/ros2_ws/install/robo24_interfaces/share/robo24_interfaces/srv/Claw.srv
[6.272s] -- Up-to-date symlink: /home/mike/ros2_ws/install/robo24_interfaces/share/robo24_interfaces/srv/Claw_Request.msg
[6.275s] -- Up-to-date symlink: /home/mike/ros2_ws/install/robo24_interfaces/share/robo24_interfaces/srv/Claw_Response.msg
[6.277s] -- Up-to-date symlink: /home/mike/ros2_ws/install/robo24_interfaces/share/ament_index/resource_index/package_run_dependencies/robo24_interfaces
[6.280s] -- Up-to-date symlink: /home/mike/ros2_ws/install/robo24_interfaces/share/ament_index/resource_index/parent_prefix_path/robo24_interfaces
[6.282s] -- Up-to-date symlink: /home/mike/ros2_ws/install/robo24_interfaces/share/robo24_interfaces/environment/ament_prefix_path.sh
[6.285s] -- Up-to-date symlink: /home/mike/ros2_ws/install/robo24_interfaces/share/robo24_interfaces/environment/ament_prefix_path.dsv
[6.287s] -- Up-to-date symlink: /home/mike/ros2_ws/install/robo24_interfaces/share/robo24_interfaces/environment/path.sh
[6.290s] -- Up-to-date symlink: /home/mike/ros2_ws/install/robo24_interfaces/share/robo24_interfaces/environment/path.dsv
[6.292s] -- Up-to-date symlink: /home/mike/ros2_ws/install/robo24_interfaces/share/robo24_interfaces/local_setup.bash
[6.294s] -- Up-to-date symlink: /home/mike/ros2_ws/install/robo24_interfaces/share/robo24_interfaces/local_setup.sh
[6.297s] -- Up-to-date symlink: /home/mike/ros2_ws/install/robo24_interfaces/share/robo24_interfaces/local_setup.zsh
[6.299s] -- Up-to-date symlink: /home/mike/ros2_ws/install/robo24_interfaces/share/robo24_interfaces/local_setup.dsv
[6.301s] -- Symlinking: /home/mike/ros2_ws/install/robo24_interfaces/share/robo24_interfaces/package.dsv
[6.343s] -- Up-to-date symlink: /home/mike/ros2_ws/install/robo24_interfaces/share/ament_index/resource_index/packages/robo24_interfaces
[6.347s] -- Up-to-date symlink: /home/mike/ros2_ws/install/robo24_interfaces/share/robo24_interfaces/cmake/rosidl_cmake-extras.cmake
[6.350s] -- Up-to-date symlink: /home/mike/ros2_ws/install/robo24_interfaces/share/robo24_interfaces/cmake/ament_cmake_export_include_directories-extras.cmake
[6.354s] -- Up-to-date symlink: /home/mike/ros2_ws/install/robo24_interfaces/share/robo24_interfaces/cmake/ament_cmake_export_libraries-extras.cmake
[6.359s] -- Up-to-date symlink: /home/mike/ros2_ws/install/robo24_interfaces/share/robo24_interfaces/cmake/ament_cmake_export_targets-extras.cmake
[6.363s] -- Up-to-date symlink: /home/mike/ros2_ws/install/robo24_interfaces/share/robo24_interfaces/cmake/rosidl_cmake_export_typesupport_targets-extras.cmake
[6.369s] -- Up-to-date symlink: /home/mike/ros2_ws/install/robo24_interfaces/share/robo24_interfaces/cmake/ament_cmake_export_dependencies-extras.cmake
[6.374s] -- Up-to-date symlink: /home/mike/ros2_ws/install/robo24_interfaces/share/robo24_interfaces/cmake/rosidl_cmake_export_typesupport_libraries-extras.cmake
[6.378s] -- Up-to-date symlink: /home/mike/ros2_ws/install/robo24_interfaces/share/robo24_interfaces/cmake/robo24_interfacesConfig.cmake
[6.382s] -- Up-to-date symlink: /home/mike/ros2_ws/install/robo24_interfaces/share/robo24_interfaces/cmake/robo24_interfacesConfig-version.cmake
[6.386s] -- Up-to-date symlink: /home/mike/ros2_ws/install/robo24_interfaces/share/robo24_interfaces/package.xml
[6.390s] -- Up-to-date: /home/mike/ros2_ws/install/robo24_interfaces/lib/librobo24_interfaces__rosidl_generator_c.so
[6.396s] -- Up-to-date: /home/mike/ros2_ws/install/robo24_interfaces/lib/librobo24_interfaces__rosidl_typesupport_fastrtps_c.so
[6.402s] -- Up-to-date: /home/mike/ros2_ws/install/robo24_interfaces/lib/librobo24_interfaces__rosidl_typesupport_introspection_c.so
[6.405s] -- Up-to-date: /home/mike/ros2_ws/install/robo24_interfaces/lib/librobo24_interfaces__rosidl_typesupport_c.so
[6.407s] -- Up-to-date: /home/mike/ros2_ws/install/robo24_interfaces/lib/librobo24_interfaces__rosidl_typesupport_fastrtps_cpp.so
[6.410s] -- Up-to-date: /home/mike/ros2_ws/install/robo24_interfaces/lib/librobo24_interfaces__rosidl_typesupport_introspection_cpp.so
[6.413s] -- Up-to-date: /home/mike/ros2_ws/install/robo24_interfaces/lib/librobo24_interfaces__rosidl_typesupport_cpp.so
[6.610s] Listing '/home/mike/ros2_ws/install/robo24_interfaces/local/lib/python3.10/dist-packages/robo24_interfaces'...
[6.612s] Listing '/home/mike/ros2_ws/install/robo24_interfaces/local/lib/python3.10/dist-packages/robo24_interfaces/srv'...
[6.641s] -- Up-to-date: /home/mike/ros2_ws/install/robo24_interfaces/lib/librobo24_interfaces__rosidl_generator_py.so
[6.643s] -- Up-to-date: /home/mike/ros2_ws/install/robo24_interfaces/share/robo24_interfaces/cmake/export_robo24_interfaces__rosidl_generator_cExport.cmake
[6.644s] -- Up-to-date: /home/mike/ros2_ws/install/robo24_interfaces/share/robo24_interfaces/cmake/export_robo24_interfaces__rosidl_generator_cExport-noconfig.cmake
[6.644s] -- Up-to-date: /home/mike/ros2_ws/install/robo24_interfaces/share/robo24_interfaces/cmake/export_robo24_interfaces__rosidl_typesupport_fastrtps_cExport.cmake
[6.645s] -- Up-to-date: /home/mike/ros2_ws/install/robo24_interfaces/share/robo24_interfaces/cmake/export_robo24_interfaces__rosidl_typesupport_fastrtps_cExport-noconfig.cmake
[6.646s] -- Up-to-date: /home/mike/ros2_ws/install/robo24_interfaces/share/robo24_interfaces/cmake/robo24_interfaces__rosidl_typesupport_introspection_cExport.cmake
[6.647s] -- Up-to-date: /home/mike/ros2_ws/install/robo24_interfaces/share/robo24_interfaces/cmake/robo24_interfaces__rosidl_typesupport_introspection_cExport-noconfig.cmake
[6.648s] -- Up-to-date: /home/mike/ros2_ws/install/robo24_interfaces/share/robo24_interfaces/cmake/robo24_interfaces__rosidl_typesupport_cExport.cmake
[6.648s] -- Up-to-date: /home/mike/ros2_ws/install/robo24_interfaces/share/robo24_interfaces/cmake/robo24_interfaces__rosidl_typesupport_cExport-noconfig.cmake
[6.649s] -- Up-to-date: /home/mike/ros2_ws/install/robo24_interfaces/share/robo24_interfaces/cmake/export_robo24_interfaces__rosidl_generator_cppExport.cmake
[6.650s] -- Up-to-date: /home/mike/ros2_ws/install/robo24_interfaces/share/robo24_interfaces/cmake/export_robo24_interfaces__rosidl_typesupport_fastrtps_cppExport.cmake
[6.651s] -- Up-to-date: /home/mike/ros2_ws/install/robo24_interfaces/share/robo24_interfaces/cmake/export_robo24_interfaces__rosidl_typesupport_fastrtps_cppExport-noconfig.cmake
[6.651s] -- Up-to-date: /home/mike/ros2_ws/install/robo24_interfaces/share/robo24_interfaces/cmake/robo24_interfaces__rosidl_typesupport_introspection_cppExport.cmake
[6.652s] -- Up-to-date: /home/mike/ros2_ws/install/robo24_interfaces/share/robo24_interfaces/cmake/robo24_interfaces__rosidl_typesupport_introspection_cppExport-noconfig.cmake
[6.653s] -- Up-to-date: /home/mike/ros2_ws/install/robo24_interfaces/share/robo24_interfaces/cmake/robo24_interfaces__rosidl_typesupport_cppExport.cmake
[6.654s] -- Up-to-date: /home/mike/ros2_ws/install/robo24_interfaces/share/robo24_interfaces/cmake/robo24_interfaces__rosidl_typesupport_cppExport-noconfig.cmake
[6.678s] -- Up-to-date: /home/mike/ros2_ws/install/robo24_interfaces/share/robo24_interfaces/cmake/export_robo24_interfaces__rosidl_generator_pyExport.cmake
[6.679s] -- Up-to-date: /home/mike/ros2_ws/install/robo24_interfaces/share/robo24_interfaces/cmake/export_robo24_interfaces__rosidl_generator_pyExport-noconfig.cmake
[6.680s] Invoked command in '/home/mike/ros2_ws/build/robo24_interfaces' returned '0': CMAKE_PREFIX_PATH=${CMAKE_PREFIX_PATH}:/home/mike/ros2_ws/install/robo24_stuff:/home/mike/ros2_ws/install/robo24_nav:/home/mike/ros2_ws/install/robo24_localization:/home/mike/ros2_ws/install/robo24_bringup:/opt/ros/humble /usr/bin/cmake --install /home/mike/ros2_ws/build/robo24_interfaces
