[5.223s] Invoking command in '/home/mike/ros2_ws/src/robo24_bringup': PYTHONPATH=/home/mike/ros2_ws/build/robo24_bringup/prefix_override:/home/mike/ros2_ws/install/robo24_bringup/lib/python3.10/site-packages:${PYTHONPATH} /usr/bin/python3 setup.py egg_info --egg-base ../../build/robo24_bringup build --build-base /home/mike/ros2_ws/build/robo24_bringup/build install --record /home/mike/ros2_ws/build/robo24_bringup/install.log --single-version-externally-managed
[6.480s] running egg_info
[6.484s] creating ../../build/robo24_bringup/robo24_bringup.egg-info
[6.484s] writing ../../build/robo24_bringup/robo24_bringup.egg-info/PKG-INFO
[6.490s] writing dependency_links to ../../build/robo24_bringup/robo24_bringup.egg-info/dependency_links.txt
[6.491s] writing entry points to ../../build/robo24_bringup/robo24_bringup.egg-info/entry_points.txt
[6.491s] writing requirements to ../../build/robo24_bringup/robo24_bringup.egg-info/requires.txt
[6.492s] writing top-level names to ../../build/robo24_bringup/robo24_bringup.egg-info/top_level.txt
[6.492s] writing manifest file '../../build/robo24_bringup/robo24_bringup.egg-info/SOURCES.txt'
[6.497s] reading manifest file '../../build/robo24_bringup/robo24_bringup.egg-info/SOURCES.txt'
[6.499s] adding license file 'LICENSE'
[6.502s] writing manifest file '../../build/robo24_bringup/robo24_bringup.egg-info/SOURCES.txt'
[6.502s] running build
[6.506s] running build_py
[6.507s] creating /home/mike/ros2_ws/build/robo24_bringup/build
[6.507s] creating /home/mike/ros2_ws/build/robo24_bringup/build/lib
[6.508s] creating /home/mike/ros2_ws/build/robo24_bringup/build/lib/robo24_bringup
[6.509s] copying robo24_bringup/__init__.py -> /home/mike/ros2_ws/build/robo24_bringup/build/lib/robo24_bringup
[6.509s] running install
[6.510s] running install_lib
[6.511s] creating /home/mike/ros2_ws/install/robo24_bringup/lib/python3.10/site-packages/robo24_bringup
[6.511s] copying /home/mike/ros2_ws/build/robo24_bringup/build/lib/robo24_bringup/__init__.py -> /home/mike/ros2_ws/install/robo24_bringup/lib/python3.10/site-packages/robo24_bringup
[6.514s] byte-compiling /home/mike/ros2_ws/install/robo24_bringup/lib/python3.10/site-packages/robo24_bringup/__init__.py to __init__.cpython-310.pyc
[6.515s] running install_data
[6.518s] creating /home/mike/ros2_ws/install/robo24_bringup/share/ament_index
[6.519s] creating /home/mike/ros2_ws/install/robo24_bringup/share/ament_index/resource_index
[6.520s] creating /home/mike/ros2_ws/install/robo24_bringup/share/ament_index/resource_index/packages
[6.521s] copying resource/robo24_bringup -> /home/mike/ros2_ws/install/robo24_bringup/share/ament_index/resource_index/packages
[6.522s] copying package.xml -> /home/mike/ros2_ws/install/robo24_bringup/share/robo24_bringup
[6.523s] creating /home/mike/ros2_ws/install/robo24_bringup/share/robo24_bringup/launch
[6.533s] copying launch/robo24_bringup_launch.py -> /home/mike/ros2_ws/install/robo24_bringup/share/robo24_bringup/launch
[6.533s] running install_egg_info
[6.534s] Copying ../../build/robo24_bringup/robo24_bringup.egg-info to /home/mike/ros2_ws/install/robo24_bringup/lib/python3.10/site-packages/robo24_bringup-0.0.0-py3.10.egg-info
[6.539s] running install_scripts
[6.660s] writing list of installed files to '/home/mike/ros2_ws/build/robo24_bringup/install.log'
[7.045s] Invoked command in '/home/mike/ros2_ws/src/robo24_bringup' returned '0': PYTHONPATH=/home/mike/ros2_ws/build/robo24_bringup/prefix_override:/home/mike/ros2_ws/install/robo24_bringup/lib/python3.10/site-packages:${PYTHONPATH} /usr/bin/python3 setup.py egg_info --egg-base ../../build/robo24_bringup build --build-base /home/mike/ros2_ws/build/robo24_bringup/build install --record /home/mike/ros2_ws/build/robo24_bringup/install.log --single-version-externally-managed
