running egg_info
creating ../build/wheel_controller/wheel_controller.egg-info
writing ../build/wheel_controller/wheel_controller.egg-info/PKG-INFO
writing dependency_links to ../build/wheel_controller/wheel_controller.egg-info/dependency_links.txt
writing entry points to ../build/wheel_controller/wheel_controller.egg-info/entry_points.txt
writing requirements to ../build/wheel_controller/wheel_controller.egg-info/requires.txt
writing top-level names to ../build/wheel_controller/wheel_controller.egg-info/top_level.txt
writing manifest file '../build/wheel_controller/wheel_controller.egg-info/SOURCES.txt'
reading manifest file '../build/wheel_controller/wheel_controller.egg-info/SOURCES.txt'
writing manifest file '../build/wheel_controller/wheel_controller.egg-info/SOURCES.txt'
running build
running build_py
creating /home/mike/ros2_ws/src/build/wheel_controller/build
creating /home/mike/ros2_ws/src/build/wheel_controller/build/lib
creating /home/mike/ros2_ws/src/build/wheel_controller/build/lib/wheel_controller
copying wheel_controller/__init__.py -> /home/mike/ros2_ws/src/build/wheel_controller/build/lib/wheel_controller
copying wheel_controller/wheel_controller_node.py -> /home/mike/ros2_ws/src/build/wheel_controller/build/lib/wheel_controller
running install
/usr/lib/python3/dist-packages/setuptools/command/install.py:34: SetuptoolsDeprecationWarning: setup.py install is deprecated. Use build and pip and other standards-based tools.
  warnings.warn(
running install_lib
creating /home/mike/ros2_ws/src/install/wheel_controller/lib/python3.10/site-packages/wheel_controller
copying /home/mike/ros2_ws/src/build/wheel_controller/build/lib/wheel_controller/__init__.py -> /home/mike/ros2_ws/src/install/wheel_controller/lib/python3.10/site-packages/wheel_controller
copying /home/mike/ros2_ws/src/build/wheel_controller/build/lib/wheel_controller/wheel_controller_node.py -> /home/mike/ros2_ws/src/install/wheel_controller/lib/python3.10/site-packages/wheel_controller
byte-compiling /home/mike/ros2_ws/src/install/wheel_controller/lib/python3.10/site-packages/wheel_controller/__init__.py to __init__.cpython-310.pyc
byte-compiling /home/mike/ros2_ws/src/install/wheel_controller/lib/python3.10/site-packages/wheel_controller/wheel_controller_node.py to wheel_controller_node.cpython-310.pyc
running install_data
creating /home/mike/ros2_ws/src/install/wheel_controller/share/ament_index
creating /home/mike/ros2_ws/src/install/wheel_controller/share/ament_index/resource_index
creating /home/mike/ros2_ws/src/install/wheel_controller/share/ament_index/resource_index/packages
copying resource/wheel_controller -> /home/mike/ros2_ws/src/install/wheel_controller/share/ament_index/resource_index/packages
copying package.xml -> /home/mike/ros2_ws/src/install/wheel_controller/share/wheel_controller
running install_egg_info
Copying ../build/wheel_controller/wheel_controller.egg-info to /home/mike/ros2_ws/src/install/wheel_controller/lib/python3.10/site-packages/wheel_controller-0.0.0-py3.10.egg-info
running install_scripts
writing list of installed files to '/home/mike/ros2_ws/src/build/wheel_controller/install.log'
