[3.588s] DEBUG:colcon:Command line arguments: ['/usr/bin/colcon', 'build', '--symlink-install']
[3.588s] DEBUG:colcon:Parsed command line arguments: Namespace(log_base=None, log_level=None, verb_name='build', build_base='build', install_base='install', merge_install=False, symlink_install=True, test_result_base=None, continue_on_error=False, executor='parallel', parallel_workers=4, event_handlers=None, ignore_user_meta=False, metas=['./colcon.meta'], base_paths=['.'], packages_ignore=None, packages_ignore_regex=None, paths=None, packages_up_to=None, packages_up_to_regex=None, packages_above=None, packages_above_and_dependencies=None, packages_above_depth=None, packages_select_by_dep=None, packages_skip_by_dep=None, packages_skip_up_to=None, packages_select_build_failed=False, packages_skip_build_finished=False, packages_select_test_failures=False, packages_skip_test_passed=False, packages_select=None, packages_skip=None, packages_select_regex=None, packages_skip_regex=None, packages_start=None, packages_end=None, allow_overriding=[], cmake_args=None, cmake_target=None, cmake_target_skip_unavailable=False, cmake_clean_cache=False, cmake_clean_first=False, cmake_force_configure=False, ament_cmake_args=None, catkin_cmake_args=None, catkin_skip_building_tests=False, verb_parser=<colcon_defaults.argument_parser.defaults.DefaultArgumentsDecorator object at 0xffffad0e7010>, verb_extension=<colcon_core.verb.build.BuildVerb object at 0xffffad3de320>, main=<bound method BuildVerb.main of <colcon_core.verb.build.BuildVerb object at 0xffffad3de320>>)
[3.768s] Level 1:colcon.colcon_core.package_discovery:discover_packages(colcon_meta) check parameters
[3.768s] Level 1:colcon.colcon_core.package_discovery:discover_packages(recursive) check parameters
[3.769s] Level 1:colcon.colcon_core.package_discovery:discover_packages(ignore) check parameters
[3.769s] Level 1:colcon.colcon_core.package_discovery:discover_packages(path) check parameters
[3.769s] Level 1:colcon.colcon_core.package_discovery:discover_packages(colcon_meta) discover
[3.769s] Level 1:colcon.colcon_core.package_discovery:discover_packages(recursive) discover
[3.769s] INFO:colcon.colcon_core.package_discovery:Crawling recursively for packages in '/home/mike/ros2_ws'
[3.770s] Level 1:colcon.colcon_core.package_identification:_identify(.) by extensions ['ignore', 'ignore_ament_install']
[3.770s] Level 1:colcon.colcon_core.package_identification:_identify(.) by extension 'ignore'
[3.770s] Level 1:colcon.colcon_core.package_identification:_identify(.) by extension 'ignore_ament_install'
[3.771s] Level 1:colcon.colcon_core.package_identification:_identify(.) by extensions ['colcon_pkg']
[3.771s] Level 1:colcon.colcon_core.package_identification:_identify(.) by extension 'colcon_pkg'
[3.771s] Level 1:colcon.colcon_core.package_identification:_identify(.) by extensions ['colcon_meta']
[3.771s] Level 1:colcon.colcon_core.package_identification:_identify(.) by extension 'colcon_meta'
[3.771s] Level 1:colcon.colcon_core.package_identification:_identify(.) by extensions ['ros']
[3.771s] Level 1:colcon.colcon_core.package_identification:_identify(.) by extension 'ros'
[3.818s] Level 1:colcon.colcon_core.package_identification:_identify(.) by extensions ['cmake', 'python']
[3.818s] Level 1:colcon.colcon_core.package_identification:_identify(.) by extension 'cmake'
[3.819s] Level 1:colcon.colcon_core.package_identification:_identify(.) by extension 'python'
[3.819s] Level 1:colcon.colcon_core.package_identification:_identify(.) by extensions ['python_setup_py']
[3.819s] Level 1:colcon.colcon_core.package_identification:_identify(.) by extension 'python_setup_py'
[3.820s] Level 1:colcon.colcon_core.package_identification:_identify(build) by extensions ['ignore', 'ignore_ament_install']
[3.821s] Level 1:colcon.colcon_core.package_identification:_identify(build) by extension 'ignore'
[3.821s] Level 1:colcon.colcon_core.package_identification:_identify(build) ignored
[3.822s] Level 1:colcon.colcon_core.package_identification:_identify(install) by extensions ['ignore', 'ignore_ament_install']
[3.822s] Level 1:colcon.colcon_core.package_identification:_identify(install) by extension 'ignore'
[3.823s] Level 1:colcon.colcon_core.package_identification:_identify(install) ignored
[3.824s] Level 1:colcon.colcon_core.package_identification:_identify(log) by extensions ['ignore', 'ignore_ament_install']
[3.824s] Level 1:colcon.colcon_core.package_identification:_identify(log) by extension 'ignore'
[3.825s] Level 1:colcon.colcon_core.package_identification:_identify(log) ignored
[3.825s] Level 1:colcon.colcon_core.package_identification:_identify(src) by extensions ['ignore', 'ignore_ament_install']
[3.825s] Level 1:colcon.colcon_core.package_identification:_identify(src) by extension 'ignore'
[3.826s] Level 1:colcon.colcon_core.package_identification:_identify(src) by extension 'ignore_ament_install'
[3.826s] Level 1:colcon.colcon_core.package_identification:_identify(src) by extensions ['colcon_pkg']
[3.826s] Level 1:colcon.colcon_core.package_identification:_identify(src) by extension 'colcon_pkg'
[3.826s] Level 1:colcon.colcon_core.package_identification:_identify(src) by extensions ['colcon_meta']
[3.826s] Level 1:colcon.colcon_core.package_identification:_identify(src) by extension 'colcon_meta'
[3.827s] Level 1:colcon.colcon_core.package_identification:_identify(src) by extensions ['ros']
[3.827s] Level 1:colcon.colcon_core.package_identification:_identify(src) by extension 'ros'
[3.827s] Level 1:colcon.colcon_core.package_identification:_identify(src) by extensions ['cmake', 'python']
[3.827s] Level 1:colcon.colcon_core.package_identification:_identify(src) by extension 'cmake'
[3.827s] Level 1:colcon.colcon_core.package_identification:_identify(src) by extension 'python'
[3.828s] Level 1:colcon.colcon_core.package_identification:_identify(src) by extensions ['python_setup_py']
[3.828s] Level 1:colcon.colcon_core.package_identification:_identify(src) by extension 'python_setup_py'
[3.828s] Level 1:colcon.colcon_core.package_identification:_identify(src/build) by extensions ['ignore', 'ignore_ament_install']
[3.829s] Level 1:colcon.colcon_core.package_identification:_identify(src/build) by extension 'ignore'
[3.829s] Level 1:colcon.colcon_core.package_identification:_identify(src/build) ignored
[3.830s] Level 1:colcon.colcon_core.package_identification:_identify(src/install) by extensions ['ignore', 'ignore_ament_install']
[3.830s] Level 1:colcon.colcon_core.package_identification:_identify(src/install) by extension 'ignore'
[3.830s] Level 1:colcon.colcon_core.package_identification:_identify(src/install) ignored
[3.831s] Level 1:colcon.colcon_core.package_identification:_identify(src/log) by extensions ['ignore', 'ignore_ament_install']
[3.831s] Level 1:colcon.colcon_core.package_identification:_identify(src/log) by extension 'ignore'
[3.831s] Level 1:colcon.colcon_core.package_identification:_identify(src/log) ignored
[3.832s] Level 1:colcon.colcon_core.package_identification:_identify(src/robo24_bringup) by extensions ['ignore', 'ignore_ament_install']
[3.832s] Level 1:colcon.colcon_core.package_identification:_identify(src/robo24_bringup) by extension 'ignore'
[3.833s] Level 1:colcon.colcon_core.package_identification:_identify(src/robo24_bringup) by extension 'ignore_ament_install'
[3.833s] Level 1:colcon.colcon_core.package_identification:_identify(src/robo24_bringup) by extensions ['colcon_pkg']
[3.833s] Level 1:colcon.colcon_core.package_identification:_identify(src/robo24_bringup) by extension 'colcon_pkg'
[3.833s] Level 1:colcon.colcon_core.package_identification:_identify(src/robo24_bringup) by extensions ['colcon_meta']
[3.833s] Level 1:colcon.colcon_core.package_identification:_identify(src/robo24_bringup) by extension 'colcon_meta'
[3.833s] Level 1:colcon.colcon_core.package_identification:_identify(src/robo24_bringup) by extensions ['ros']
[3.834s] Level 1:colcon.colcon_core.package_identification:_identify(src/robo24_bringup) by extension 'ros'
[3.842s] DEBUG:colcon.colcon_core.package_identification:Package 'src/robo24_bringup' with type 'ros.ament_python' and name 'robo24_bringup'
[3.843s] Level 1:colcon.colcon_core.package_identification:_identify(src/robo24_wheel_interface) by extensions ['ignore', 'ignore_ament_install']
[3.843s] Level 1:colcon.colcon_core.package_identification:_identify(src/robo24_wheel_interface) by extension 'ignore'
[3.844s] Level 1:colcon.colcon_core.package_identification:_identify(src/robo24_wheel_interface) by extension 'ignore_ament_install'
[3.844s] Level 1:colcon.colcon_core.package_identification:_identify(src/robo24_wheel_interface) by extensions ['colcon_pkg']
[3.844s] Level 1:colcon.colcon_core.package_identification:_identify(src/robo24_wheel_interface) by extension 'colcon_pkg'
[3.844s] Level 1:colcon.colcon_core.package_identification:_identify(src/robo24_wheel_interface) by extensions ['colcon_meta']
[3.844s] Level 1:colcon.colcon_core.package_identification:_identify(src/robo24_wheel_interface) by extension 'colcon_meta'
[3.845s] Level 1:colcon.colcon_core.package_identification:_identify(src/robo24_wheel_interface) by extensions ['ros']
[3.845s] Level 1:colcon.colcon_core.package_identification:_identify(src/robo24_wheel_interface) by extension 'ros'
[3.847s] DEBUG:colcon.colcon_core.package_identification:Package 'src/robo24_wheel_interface' with type 'ros.ament_python' and name 'robo24_wheel_interface'
[3.847s] Level 1:colcon.colcon_core.package_discovery:discover_packages(recursive) using defaults
[3.847s] Level 1:colcon.colcon_core.package_discovery:discover_packages(ignore) discover
[3.848s] Level 1:colcon.colcon_core.package_discovery:discover_packages(ignore) using defaults
[3.848s] Level 1:colcon.colcon_core.package_discovery:discover_packages(path) discover
[3.848s] Level 1:colcon.colcon_core.package_discovery:discover_packages(path) using defaults
[4.168s] Level 1:colcon.colcon_core.package_discovery:discover_packages(prefix_path) check parameters
[4.168s] Level 1:colcon.colcon_core.package_discovery:discover_packages(prefix_path) discover
[4.274s] DEBUG:colcon.colcon_installed_package_information.package_discovery:Found 2 installed packages in /home/mike/ros2_ws/install
[4.332s] DEBUG:colcon.colcon_installed_package_information.package_discovery:Found 192 installed packages in /opt/ros/humble
[4.336s] Level 1:colcon.colcon_core.package_discovery:discover_packages(prefix_path) using defaults
[4.617s] Level 5:colcon.colcon_core.verb:set package 'robo24_bringup' build argument 'cmake_args' from command line to 'None'
[4.617s] Level 5:colcon.colcon_core.verb:set package 'robo24_bringup' build argument 'cmake_target' from command line to 'None'
[4.617s] Level 5:colcon.colcon_core.verb:set package 'robo24_bringup' build argument 'cmake_target_skip_unavailable' from command line to 'False'
[4.617s] Level 5:colcon.colcon_core.verb:set package 'robo24_bringup' build argument 'cmake_clean_cache' from command line to 'False'
[4.618s] Level 5:colcon.colcon_core.verb:set package 'robo24_bringup' build argument 'cmake_clean_first' from command line to 'False'
[4.618s] Level 5:colcon.colcon_core.verb:set package 'robo24_bringup' build argument 'cmake_force_configure' from command line to 'False'
[4.618s] Level 5:colcon.colcon_core.verb:set package 'robo24_bringup' build argument 'ament_cmake_args' from command line to 'None'
[4.618s] Level 5:colcon.colcon_core.verb:set package 'robo24_bringup' build argument 'catkin_cmake_args' from command line to 'None'
[4.618s] Level 5:colcon.colcon_core.verb:set package 'robo24_bringup' build argument 'catkin_skip_building_tests' from command line to 'False'
[4.618s] DEBUG:colcon.colcon_core.verb:Building package 'robo24_bringup' with the following arguments: {'ament_cmake_args': None, 'build_base': '/home/mike/ros2_ws/build/robo24_bringup', 'catkin_cmake_args': None, 'catkin_skip_building_tests': False, 'cmake_args': None, 'cmake_clean_cache': False, 'cmake_clean_first': False, 'cmake_force_configure': False, 'cmake_target': None, 'cmake_target_skip_unavailable': False, 'install_base': '/home/mike/ros2_ws/install/robo24_bringup', 'merge_install': False, 'path': '/home/mike/ros2_ws/src/robo24_bringup', 'symlink_install': True, 'test_result_base': None}
[4.670s] Level 5:colcon.colcon_core.verb:set package 'robo24_wheel_interface' build argument 'cmake_args' from command line to 'None'
[4.670s] Level 5:colcon.colcon_core.verb:set package 'robo24_wheel_interface' build argument 'cmake_target' from command line to 'None'
[4.670s] Level 5:colcon.colcon_core.verb:set package 'robo24_wheel_interface' build argument 'cmake_target_skip_unavailable' from command line to 'False'
[4.670s] Level 5:colcon.colcon_core.verb:set package 'robo24_wheel_interface' build argument 'cmake_clean_cache' from command line to 'False'
[4.671s] Level 5:colcon.colcon_core.verb:set package 'robo24_wheel_interface' build argument 'cmake_clean_first' from command line to 'False'
[4.671s] Level 5:colcon.colcon_core.verb:set package 'robo24_wheel_interface' build argument 'cmake_force_configure' from command line to 'False'
[4.671s] Level 5:colcon.colcon_core.verb:set package 'robo24_wheel_interface' build argument 'ament_cmake_args' from command line to 'None'
[4.671s] Level 5:colcon.colcon_core.verb:set package 'robo24_wheel_interface' build argument 'catkin_cmake_args' from command line to 'None'
[4.671s] Level 5:colcon.colcon_core.verb:set package 'robo24_wheel_interface' build argument 'catkin_skip_building_tests' from command line to 'False'
[4.671s] DEBUG:colcon.colcon_core.verb:Building package 'robo24_wheel_interface' with the following arguments: {'ament_cmake_args': None, 'build_base': '/home/mike/ros2_ws/build/robo24_wheel_interface', 'catkin_cmake_args': None, 'catkin_skip_building_tests': False, 'cmake_args': None, 'cmake_clean_cache': False, 'cmake_clean_first': False, 'cmake_force_configure': False, 'cmake_target': None, 'cmake_target_skip_unavailable': False, 'install_base': '/home/mike/ros2_ws/install/robo24_wheel_interface', 'merge_install': False, 'path': '/home/mike/ros2_ws/src/robo24_wheel_interface', 'symlink_install': True, 'test_result_base': None}
[4.719s] INFO:colcon.colcon_core.executor:Executing jobs using 'parallel' executor
[4.772s] DEBUG:colcon.colcon_parallel_executor.executor.parallel:run_until_complete
[4.773s] INFO:colcon.colcon_ros.task.ament_python.build:Building ROS package in '/home/mike/ros2_ws/src/robo24_bringup' with build type 'ament_python'
[4.773s] Level 1:colcon.colcon_core.shell:create_environment_hook('robo24_bringup', 'ament_prefix_path')
[4.829s] INFO:colcon.colcon_core.plugin_system:Skipping extension 'colcon_core.shell.bat': Not used on non-Windows systems
[4.830s] INFO:colcon.colcon_core.shell:Creating environment hook '/home/mike/ros2_ws/install/robo24_bringup/share/robo24_bringup/hook/ament_prefix_path.ps1'
[4.832s] INFO:colcon.colcon_core.shell:Creating environment descriptor '/home/mike/ros2_ws/install/robo24_bringup/share/robo24_bringup/hook/ament_prefix_path.dsv'
[4.835s] INFO:colcon.colcon_core.shell:Creating environment hook '/home/mike/ros2_ws/install/robo24_bringup/share/robo24_bringup/hook/ament_prefix_path.sh'
[4.895s] INFO:colcon.colcon_core.shell:Skip shell extension 'powershell' for command environment: Not usable outside of PowerShell
[4.895s] DEBUG:colcon.colcon_core.shell:Skip shell extension 'dsv' for command environment
[5.052s] INFO:colcon.colcon_ros.task.ament_python.build:Building ROS package in '/home/mike/ros2_ws/src/robo24_wheel_interface' with build type 'ament_python'
[5.053s] Level 1:colcon.colcon_core.shell:create_environment_hook('robo24_wheel_interface', 'ament_prefix_path')
[5.114s] INFO:colcon.colcon_core.shell:Creating environment hook '/home/mike/ros2_ws/install/robo24_wheel_interface/share/robo24_wheel_interface/hook/ament_prefix_path.ps1'
[5.116s] INFO:colcon.colcon_core.shell:Creating environment descriptor '/home/mike/ros2_ws/install/robo24_wheel_interface/share/robo24_wheel_interface/hook/ament_prefix_path.dsv'
[5.118s] INFO:colcon.colcon_core.shell:Creating environment hook '/home/mike/ros2_ws/install/robo24_wheel_interface/share/robo24_wheel_interface/hook/ament_prefix_path.sh'
[5.169s] INFO:colcon.colcon_core.shell:Skip shell extension 'powershell' for command environment: Not usable outside of PowerShell
[5.169s] DEBUG:colcon.colcon_core.shell:Skip shell extension 'dsv' for command environment
[6.435s] INFO:colcon.colcon_core.task.python.build:Building Python package in '/home/mike/ros2_ws/src/robo24_bringup'
[6.487s] INFO:colcon.colcon_core.shell:Skip shell extension 'powershell' for command environment: Not usable outside of PowerShell
[6.487s] DEBUG:colcon.colcon_core.shell:Skip shell extension 'dsv' for command environment
[7.752s] INFO:colcon.colcon_core.task.python.build:Building Python package in '/home/mike/ros2_ws/src/robo24_wheel_interface'
[7.804s] INFO:colcon.colcon_core.shell:Skip shell extension 'powershell' for command environment: Not usable outside of PowerShell
[7.804s] DEBUG:colcon.colcon_core.shell:Skip shell extension 'dsv' for command environment
[9.772s] DEBUG:colcon.colcon_core.event_handler.log_command:Invoking command in '/home/mike/ros2_ws/build/robo24_bringup': PYTHONPATH=/home/mike/ros2_ws/build/robo24_bringup/prefix_override:/home/mike/ros2_ws/install/robo24_bringup/lib/python3.10/site-packages:${PYTHONPATH} /usr/bin/python3 setup.py develop --editable --build-directory /home/mike/ros2_ws/build/robo24_bringup/build --no-deps install_data
[9.794s] DEBUG:colcon.colcon_core.event_handler.log_command:Invoking command in '/home/mike/ros2_ws/build/robo24_wheel_interface': PYTHONPATH=/home/mike/ros2_ws/build/robo24_wheel_interface/prefix_override:/home/mike/ros2_ws/install/robo24_wheel_interface/lib/python3.10/site-packages:${PYTHONPATH} /usr/bin/python3 setup.py develop --editable --build-directory /home/mike/ros2_ws/build/robo24_wheel_interface/build --no-deps install_data
[11.927s] Level 1:colcon.colcon_core.shell:create_environment_hook('robo24_bringup', 'pythonpath_develop')
[11.929s] DEBUG:colcon.colcon_core.event_handler.log_command:Invoked command in '/home/mike/ros2_ws/build/robo24_bringup' returned '0': PYTHONPATH=/home/mike/ros2_ws/build/robo24_bringup/prefix_override:/home/mike/ros2_ws/install/robo24_bringup/lib/python3.10/site-packages:${PYTHONPATH} /usr/bin/python3 setup.py develop --editable --build-directory /home/mike/ros2_ws/build/robo24_bringup/build --no-deps install_data
[11.981s] INFO:colcon.colcon_core.shell:Creating environment hook '/home/mike/ros2_ws/build/robo24_bringup/share/robo24_bringup/hook/pythonpath_develop.ps1'
[11.983s] INFO:colcon.colcon_core.shell:Creating environment descriptor '/home/mike/ros2_ws/build/robo24_bringup/share/robo24_bringup/hook/pythonpath_develop.dsv'
[11.985s] INFO:colcon.colcon_core.shell:Creating environment hook '/home/mike/ros2_ws/build/robo24_bringup/share/robo24_bringup/hook/pythonpath_develop.sh'
[12.047s] Level 1:colcon.colcon_core.environment:checking '/home/mike/ros2_ws/install/robo24_bringup' for CMake module files
[12.050s] Level 1:colcon.colcon_core.environment:checking '/home/mike/ros2_ws/install/robo24_bringup' for CMake config files
[12.053s] Level 1:colcon.colcon_core.environment:checking '/home/mike/ros2_ws/install/robo24_bringup/lib'
[12.055s] Level 1:colcon.colcon_core.environment:checking '/home/mike/ros2_ws/install/robo24_bringup/bin'
[12.055s] Level 1:colcon.colcon_core.environment:checking '/home/mike/ros2_ws/install/robo24_bringup/lib/pkgconfig/robo24_bringup.pc'
[12.056s] Level 1:colcon.colcon_core.environment:checking '/home/mike/ros2_ws/install/robo24_bringup/lib/python3.10/site-packages'
[12.057s] Level 1:colcon.colcon_core.shell:create_environment_hook('robo24_bringup', 'pythonpath')
[12.125s] INFO:colcon.colcon_core.shell:Creating environment hook '/home/mike/ros2_ws/install/robo24_bringup/share/robo24_bringup/hook/pythonpath.ps1'
[12.127s] INFO:colcon.colcon_core.shell:Creating environment descriptor '/home/mike/ros2_ws/install/robo24_bringup/share/robo24_bringup/hook/pythonpath.dsv'
[12.129s] INFO:colcon.colcon_core.shell:Creating environment hook '/home/mike/ros2_ws/install/robo24_bringup/share/robo24_bringup/hook/pythonpath.sh'
[12.132s] Level 1:colcon.colcon_core.environment:checking '/home/mike/ros2_ws/install/robo24_bringup/bin'
[12.133s] Level 1:colcon.colcon_core.environment:create_environment_scripts_only(robo24_bringup)
[12.199s] INFO:colcon.colcon_core.shell:Creating package script '/home/mike/ros2_ws/install/robo24_bringup/share/robo24_bringup/package.ps1'
[12.203s] INFO:colcon.colcon_core.shell:Creating package descriptor '/home/mike/ros2_ws/install/robo24_bringup/share/robo24_bringup/package.dsv'
[12.205s] INFO:colcon.colcon_core.shell:Creating package script '/home/mike/ros2_ws/install/robo24_bringup/share/robo24_bringup/package.sh'
[12.209s] INFO:colcon.colcon_core.shell:Creating package script '/home/mike/ros2_ws/install/robo24_bringup/share/robo24_bringup/package.bash'
[12.212s] INFO:colcon.colcon_core.shell:Creating package script '/home/mike/ros2_ws/install/robo24_bringup/share/robo24_bringup/package.zsh'
[12.215s] Level 1:colcon.colcon_core.environment:create_file_with_runtime_dependencies(/home/mike/ros2_ws/install/robo24_bringup/share/colcon-core/packages/robo24_bringup)
[12.219s] Level 1:colcon.colcon_core.shell:create_environment_hook('robo24_wheel_interface', 'pythonpath_develop')
[12.221s] DEBUG:colcon.colcon_core.event_handler.log_command:Invoked command in '/home/mike/ros2_ws/build/robo24_wheel_interface' returned '0': PYTHONPATH=/home/mike/ros2_ws/build/robo24_wheel_interface/prefix_override:/home/mike/ros2_ws/install/robo24_wheel_interface/lib/python3.10/site-packages:${PYTHONPATH} /usr/bin/python3 setup.py develop --editable --build-directory /home/mike/ros2_ws/build/robo24_wheel_interface/build --no-deps install_data
[12.272s] INFO:colcon.colcon_core.shell:Creating environment hook '/home/mike/ros2_ws/build/robo24_wheel_interface/share/robo24_wheel_interface/hook/pythonpath_develop.ps1'
[12.275s] INFO:colcon.colcon_core.shell:Creating environment descriptor '/home/mike/ros2_ws/build/robo24_wheel_interface/share/robo24_wheel_interface/hook/pythonpath_develop.dsv'
[12.277s] INFO:colcon.colcon_core.shell:Creating environment hook '/home/mike/ros2_ws/build/robo24_wheel_interface/share/robo24_wheel_interface/hook/pythonpath_develop.sh'
[12.328s] Level 1:colcon.colcon_core.environment:checking '/home/mike/ros2_ws/install/robo24_wheel_interface' for CMake module files
[12.330s] Level 1:colcon.colcon_core.environment:checking '/home/mike/ros2_ws/install/robo24_wheel_interface' for CMake config files
[12.333s] Level 1:colcon.colcon_core.environment:checking '/home/mike/ros2_ws/install/robo24_wheel_interface/lib'
[12.334s] Level 1:colcon.colcon_core.environment:checking '/home/mike/ros2_ws/install/robo24_wheel_interface/bin'
[12.334s] Level 1:colcon.colcon_core.environment:checking '/home/mike/ros2_ws/install/robo24_wheel_interface/lib/pkgconfig/robo24_wheel_interface.pc'
[12.335s] Level 1:colcon.colcon_core.environment:checking '/home/mike/ros2_ws/install/robo24_wheel_interface/lib/python3.10/site-packages'
[12.335s] Level 1:colcon.colcon_core.shell:create_environment_hook('robo24_wheel_interface', 'pythonpath')
[12.384s] INFO:colcon.colcon_core.shell:Creating environment hook '/home/mike/ros2_ws/install/robo24_wheel_interface/share/robo24_wheel_interface/hook/pythonpath.ps1'
[12.387s] INFO:colcon.colcon_core.shell:Creating environment descriptor '/home/mike/ros2_ws/install/robo24_wheel_interface/share/robo24_wheel_interface/hook/pythonpath.dsv'
[12.389s] INFO:colcon.colcon_core.shell:Creating environment hook '/home/mike/ros2_ws/install/robo24_wheel_interface/share/robo24_wheel_interface/hook/pythonpath.sh'
[12.392s] Level 1:colcon.colcon_core.environment:checking '/home/mike/ros2_ws/install/robo24_wheel_interface/bin'
[12.393s] Level 1:colcon.colcon_core.environment:create_environment_scripts_only(robo24_wheel_interface)
[12.442s] INFO:colcon.colcon_core.shell:Creating package script '/home/mike/ros2_ws/install/robo24_wheel_interface/share/robo24_wheel_interface/package.ps1'
[12.445s] INFO:colcon.colcon_core.shell:Creating package descriptor '/home/mike/ros2_ws/install/robo24_wheel_interface/share/robo24_wheel_interface/package.dsv'
[12.447s] INFO:colcon.colcon_core.shell:Creating package script '/home/mike/ros2_ws/install/robo24_wheel_interface/share/robo24_wheel_interface/package.sh'
[12.449s] INFO:colcon.colcon_core.shell:Creating package script '/home/mike/ros2_ws/install/robo24_wheel_interface/share/robo24_wheel_interface/package.bash'
[12.451s] INFO:colcon.colcon_core.shell:Creating package script '/home/mike/ros2_ws/install/robo24_wheel_interface/share/robo24_wheel_interface/package.zsh'
[12.453s] Level 1:colcon.colcon_core.environment:create_file_with_runtime_dependencies(/home/mike/ros2_ws/install/robo24_wheel_interface/share/colcon-core/packages/robo24_wheel_interface)
[12.455s] DEBUG:colcon.colcon_parallel_executor.executor.parallel:closing loop
[12.456s] DEBUG:colcon.colcon_parallel_executor.executor.parallel:loop closed
[12.457s] DEBUG:colcon.colcon_parallel_executor.executor.parallel:run_until_complete finished with '0'
[12.457s] DEBUG:colcon.colcon_core.event_reactor:joining thread
[12.526s] INFO:colcon.colcon_core.plugin_system:Skipping extension 'colcon_notification.desktop_notification.notify_send': Could not find 'notify-send'
[12.526s] INFO:colcon.colcon_core.plugin_system:Skipping extension 'colcon_notification.desktop_notification.terminal_notifier': Not used on non-Darwin systems
[12.526s] INFO:colcon.colcon_core.plugin_system:Skipping extension 'colcon_notification.desktop_notification.win32': Not used on non-Windows systems
[12.526s] INFO:colcon.colcon_notification.desktop_notification:Sending desktop notification using 'notify2'
[12.529s] DEBUG:colcon.colcon_notification.desktop_notification.notify2:Failed to initialize notify2: org.freedesktop.DBus.Error.ServiceUnknown: The name org.freedesktop.Notifications was not provided by any .service files
[12.530s] DEBUG:colcon.colcon_core.event_reactor:joined thread
[12.605s] INFO:colcon.colcon_core.shell:Creating prefix script '/home/mike/ros2_ws/install/local_setup.ps1'
[12.609s] INFO:colcon.colcon_core.shell:Creating prefix util module '/home/mike/ros2_ws/install/_local_setup_util_ps1.py'
[12.615s] INFO:colcon.colcon_core.shell:Creating prefix chain script '/home/mike/ros2_ws/install/setup.ps1'
[12.693s] INFO:colcon.colcon_core.shell:Creating prefix script '/home/mike/ros2_ws/install/local_setup.sh'
[12.697s] INFO:colcon.colcon_core.shell:Creating prefix util module '/home/mike/ros2_ws/install/_local_setup_util_sh.py'
[12.700s] INFO:colcon.colcon_core.shell:Creating prefix chain script '/home/mike/ros2_ws/install/setup.sh'
[12.758s] INFO:colcon.colcon_core.shell:Creating prefix script '/home/mike/ros2_ws/install/local_setup.bash'
[12.761s] INFO:colcon.colcon_core.shell:Creating prefix chain script '/home/mike/ros2_ws/install/setup.bash'
[12.813s] INFO:colcon.colcon_core.shell:Creating prefix script '/home/mike/ros2_ws/install/local_setup.zsh'
[12.816s] INFO:colcon.colcon_core.shell:Creating prefix chain script '/home/mike/ros2_ws/install/setup.zsh'
