[9.755s] Invoking command in '/home/mike/ros2_ws/build/openmv': PYTHONPATH=/home/mike/ros2_ws/build/openmv/prefix_override:/home/mike/ros2_ws/install/openmv/lib/python3.10/site-packages:${PYTHONPATH} /usr/bin/python3 setup.py develop --editable --build-directory /home/mike/ros2_ws/build/openmv/build --no-deps install_data
[12.076s] running develop
[13.674s] running egg_info
[13.675s] creating openmv_interface.egg-info
[13.684s] writing openmv_interface.egg-info/PKG-INFO
[13.701s] writing dependency_links to openmv_interface.egg-info/dependency_links.txt
[13.708s] writing entry points to openmv_interface.egg-info/entry_points.txt
[13.711s] writing requirements to openmv_interface.egg-info/requires.txt
[13.717s] writing top-level names to openmv_interface.egg-info/top_level.txt
[13.721s] writing manifest file 'openmv_interface.egg-info/SOURCES.txt'
[13.733s] reading manifest file 'openmv_interface.egg-info/SOURCES.txt'
[13.738s] writing manifest file 'openmv_interface.egg-info/SOURCES.txt'
[13.746s] running build_ext
[13.748s] Creating /home/mike/ros2_ws/install/openmv/lib/python3.10/site-packages/openmv-interface.egg-link (link to .)
[13.754s] Installing openmv_serial_node script to /home/mike/ros2_ws/install/openmv/lib/openmv_interface
[13.757s] 
[13.758s] Installed /home/mike/ros2_ws/build/openmv
[13.759s] running install_data
[13.761s] copying resource/openmv_interface -> /home/mike/ros2_ws/install/openmv/share/ament_index/resource_index/packages
[13.764s] creating /home/mike/ros2_ws/install/openmv/share/openmv_interface
[13.765s] copying package.xml -> /home/mike/ros2_ws/install/openmv/share/openmv_interface
[14.098s] Invoked command in '/home/mike/ros2_ws/build/openmv' returned '0': PYTHONPATH=/home/mike/ros2_ws/build/openmv/prefix_override:/home/mike/ros2_ws/install/openmv/lib/python3.10/site-packages:${PYTHONPATH} /usr/bin/python3 setup.py develop --editable --build-directory /home/mike/ros2_ws/build/openmv/build --no-deps install_data
