[8.489s] Invoking command in '/home/mike/ros2_ws/build/moonday24_demo': PYTHONPATH=/home/mike/ros2_ws/build/moonday24_demo/prefix_override:/home/mike/ros2_ws/install/moonday24_demo/lib/python3.10/site-packages:${PYTHONPATH} /usr/bin/python3 setup.py develop --editable --build-directory /home/mike/ros2_ws/build/moonday24_demo/build --no-deps install_data
[10.077s] running develop
[11.172s] running egg_info
[11.174s] creating moonday24_demo.egg-info
[11.175s] writing moonday24_demo.egg-info/PKG-INFO
[11.181s] writing dependency_links to moonday24_demo.egg-info/dependency_links.txt
[11.184s] writing entry points to moonday24_demo.egg-info/entry_points.txt
[11.199s] writing requirements to moonday24_demo.egg-info/requires.txt
[11.203s] writing top-level names to moonday24_demo.egg-info/top_level.txt
[11.213s] writing manifest file 'moonday24_demo.egg-info/SOURCES.txt'
[11.215s] reading manifest file 'moonday24_demo.egg-info/SOURCES.txt'
[11.224s] writing manifest file 'moonday24_demo.egg-info/SOURCES.txt'
[11.232s] running build_ext
[11.233s] Creating /home/mike/ros2_ws/install/moonday24_demo/lib/python3.10/site-packages/moonday24-demo.egg-link (link to .)
[11.237s] 
[11.238s] Installed /home/mike/ros2_ws/build/moonday24_demo
[11.241s] running install_data
[11.241s] creating /home/mike/ros2_ws/install/moonday24_demo/share/ament_index
[11.241s] creating /home/mike/ros2_ws/install/moonday24_demo/share/ament_index/resource_index
[11.242s] creating /home/mike/ros2_ws/install/moonday24_demo/share/ament_index/resource_index/packages
[11.247s] error: can't copy 'resource/moonday24_demo': doesn't exist or not a regular file
[11.755s] Invoked command in '/home/mike/ros2_ws/build/moonday24_demo' returned '1': PYTHONPATH=/home/mike/ros2_ws/build/moonday24_demo/prefix_override:/home/mike/ros2_ws/install/moonday24_demo/lib/python3.10/site-packages:${PYTHONPATH} /usr/bin/python3 setup.py develop --editable --build-directory /home/mike/ros2_ws/build/moonday24_demo/build --no-deps install_data
