running egg_info
writing ../build/wheel_controller/wheel_controller.egg-info/PKG-INFO
writing dependency_links to ../build/wheel_controller/wheel_controller.egg-info/dependency_links.txt
writing entry points to ../build/wheel_controller/wheel_controller.egg-info/entry_points.txt
writing requirements to ../build/wheel_controller/wheel_controller.egg-info/requires.txt
writing top-level names to ../build/wheel_controller/wheel_controller.egg-info/top_level.txt
reading manifest file '../build/wheel_controller/wheel_controller.egg-info/SOURCES.txt'
writing manifest file '../build/wheel_controller/wheel_controller.egg-info/SOURCES.txt'
running build
running build_py
running install
/usr/lib/python3/dist-packages/setuptools/command/install.py:34: SetuptoolsDeprecationWarning: setup.py install is deprecated. Use build and pip and other standards-based tools.
  warnings.warn(
running install_lib
running install_data
running install_egg_info
removing '/home/mike/ros2_ws/src/install/wheel_controller/lib/python3.10/site-packages/wheel_controller-0.0.0-py3.10.egg-info' (and everything under it)
Copying ../build/wheel_controller/wheel_controller.egg-info to /home/mike/ros2_ws/src/install/wheel_controller/lib/python3.10/site-packages/wheel_controller-0.0.0-py3.10.egg-info
running install_scripts
Installing wheel_controller script to /home/mike/ros2_ws/src/install/wheel_controller/lib/wheel_controller
writing list of installed files to '/home/mike/ros2_ws/src/build/wheel_controller/install.log'
