[7.344s] Invoking command in '/home/mike/ros2_ws/src/robo24_bringup': PYTHONPATH=/home/mike/ros2_ws/build/robo24_bringup/prefix_override:/home/mike/ros2_ws/install/robo24_bringup/lib/python3.10/site-packages:${PYTHONPATH} /usr/bin/python3 setup.py egg_info --egg-base ../../build/robo24_bringup build --build-base /home/mike/ros2_ws/build/robo24_bringup/build install --record /home/mike/ros2_ws/build/robo24_bringup/install.log --single-version-externally-managed
[8.792s] running egg_info
[8.795s] writing ../../build/robo24_bringup/robo24_bringup.egg-info/PKG-INFO
[8.797s] writing dependency_links to ../../build/robo24_bringup/robo24_bringup.egg-info/dependency_links.txt
[8.799s] writing entry points to ../../build/robo24_bringup/robo24_bringup.egg-info/entry_points.txt
[8.801s] writing requirements to ../../build/robo24_bringup/robo24_bringup.egg-info/requires.txt
[8.803s] writing top-level names to ../../build/robo24_bringup/robo24_bringup.egg-info/top_level.txt
[8.812s] reading manifest file '../../build/robo24_bringup/robo24_bringup.egg-info/SOURCES.txt'
[8.814s] adding license file 'LICENSE'
[8.817s] writing manifest file '../../build/robo24_bringup/robo24_bringup.egg-info/SOURCES.txt'
[8.818s] running build
[8.819s] running build_py
[8.820s] running install
[8.821s] running install_lib
[8.827s] running install_data
[8.830s] running install_egg_info
[8.840s] removing '/home/mike/ros2_ws/install/robo24_bringup/lib/python3.10/site-packages/robo24_bringup-0.0.0-py3.10.egg-info' (and everything under it)
[8.842s] Copying ../../build/robo24_bringup/robo24_bringup.egg-info to /home/mike/ros2_ws/install/robo24_bringup/lib/python3.10/site-packages/robo24_bringup-0.0.0-py3.10.egg-info
[8.849s] running install_scripts
[9.006s] writing list of installed files to '/home/mike/ros2_ws/build/robo24_bringup/install.log'
[9.568s] Invoked command in '/home/mike/ros2_ws/src/robo24_bringup' returned '0': PYTHONPATH=/home/mike/ros2_ws/build/robo24_bringup/prefix_override:/home/mike/ros2_ws/install/robo24_bringup/lib/python3.10/site-packages:${PYTHONPATH} /usr/bin/python3 setup.py egg_info --egg-base ../../build/robo24_bringup build --build-base /home/mike/ros2_ws/build/robo24_bringup/build install --record /home/mike/ros2_ws/build/robo24_bringup/install.log --single-version-externally-managed
