[2.273s] Invoking command in '/home/mike/ros2_ws/build/robo24_interfaces': CMAKE_PREFIX_PATH=${CMAKE_PREFIX_PATH}:/home/mike/ros2_ws/install/robo24_stuff:/home/mike/ros2_ws/install/robo24_nav:/home/mike/ros2_ws/install/robo24_localization:/home/mike/ros2_ws/install/robo24_bringup:/opt/ros/humble /usr/bin/cmake --build /home/mike/ros2_ws/build/robo24_interfaces -- -j4 -l4
[3.931s] [  3%] Built target robo24_interfaces__cpp
[3.932s] [  3%] Built target ament_cmake_python_symlink_robo24_interfaces
[3.932s] [ 12%] Built target robo24_interfaces__rosidl_typesupport_fastrtps_cpp
[3.933s] [ 22%] Built target robo24_interfaces__rosidl_typesupport_introspection_cpp
[4.123s] running egg_info
[4.126s] writing robo24_interfaces.egg-info/PKG-INFO
[4.127s] writing dependency_links to robo24_interfaces.egg-info/dependency_links.txt
[4.130s] writing top-level names to robo24_interfaces.egg-info/top_level.txt
[4.142s] reading manifest file 'robo24_interfaces.egg-info/SOURCES.txt'
[4.145s] writing manifest file 'robo24_interfaces.egg-info/SOURCES.txt'
[4.277s] [ 22%] Built target ament_cmake_python_build_robo24_interfaces_egg
[4.368s] [ 32%] Built target robo24_interfaces__rosidl_typesupport_cpp
[4.454s] [ 41%] Built target robo24_interfaces__rosidl_generator_c
[4.554s] [ 51%] Built target robo24_interfaces__rosidl_typesupport_fastrtps_c
[4.641s] [ 61%] Built target robo24_interfaces__rosidl_typesupport_c
[4.729s] [ 70%] Built target robo24_interfaces__rosidl_typesupport_introspection_c
[4.810s] [ 70%] Built target robo24_interfaces
[4.894s] [ 74%] Built target robo24_interfaces__py
[4.988s] [ 80%] Built target robo24_interfaces__rosidl_generator_py
[5.082s] [ 87%] Built target robo24_interfaces__rosidl_typesupport_fastrtps_c__pyext
[5.176s] [ 93%] Built target robo24_interfaces__rosidl_typesupport_c__pyext
[5.279s] [100%] Built target robo24_interfaces__rosidl_typesupport_introspection_c__pyext
[5.635s] Invoked command in '/home/mike/ros2_ws/build/robo24_interfaces' returned '0': CMAKE_PREFIX_PATH=${CMAKE_PREFIX_PATH}:/home/mike/ros2_ws/install/robo24_stuff:/home/mike/ros2_ws/install/robo24_nav:/home/mike/ros2_ws/install/robo24_localization:/home/mike/ros2_ws/install/robo24_bringup:/opt/ros/humble /usr/bin/cmake --build /home/mike/ros2_ws/build/robo24_interfaces -- -j4 -l4
[6.079s] Invoking command in '/home/mike/ros2_ws/build/robo24_interfaces': CMAKE_PREFIX_PATH=${CMAKE_PREFIX_PATH}:/home/mike/ros2_ws/install/robo24_stuff:/home/mike/ros2_ws/install/robo24_nav:/home/mike/ros2_ws/install/robo24_localization:/home/mike/ros2_ws/install/robo24_bringup:/opt/ros/humble /usr/bin/cmake --install /home/mike/ros2_ws/build/robo24_interfaces
[6.120s] -- Install configuration: ""
[6.124s] -- Execute custom install script
[6.127s] -- Up-to-date symlink: /home/mike/ros2_ws/install/robo24_interfaces/share/ament_index/resource_index/rosidl_interfaces/robo24_interfaces
[6.132s] -- Up-to-date symlink: /home/mike/ros2_ws/install/robo24_interfaces/include/robo24_interfaces/robo24_interfaces/msg/rosidl_generator_c__visibility_control.h
[6.135s] -- Up-to-date symlink: /home/mike/ros2_ws/install/robo24_interfaces/include/robo24_interfaces/robo24_interfaces/srv/claw.h
[6.137s] -- Up-to-date symlink: /home/mike/ros2_ws/install/robo24_interfaces/include/robo24_interfaces/robo24_interfaces/srv/detail/claw__functions.h
[6.141s] -- Up-to-date symlink: /home/mike/ros2_ws/install/robo24_interfaces/include/robo24_interfaces/robo24_interfaces/srv/detail/claw__struct.h
[6.143s] -- Up-to-date symlink: /home/mike/ros2_ws/install/robo24_interfaces/include/robo24_interfaces/robo24_interfaces/srv/detail/claw__type_support.h
[6.146s] -- Up-to-date symlink: /home/mike/ros2_ws/install/robo24_interfaces/share/robo24_interfaces/environment/library_path.sh
[6.148s] -- Up-to-date symlink: /home/mike/ros2_ws/install/robo24_interfaces/share/robo24_interfaces/environment/library_path.dsv
[6.153s] -- Up-to-date symlink: /home/mike/ros2_ws/install/robo24_interfaces/include/robo24_interfaces/robo24_interfaces/msg/rosidl_typesupport_fastrtps_c__visibility_control.h
[6.156s] -- Up-to-date symlink: /home/mike/ros2_ws/install/robo24_interfaces/include/robo24_interfaces/robo24_interfaces/srv/detail/claw__rosidl_typesupport_fastrtps_c.h
[6.160s] -- Up-to-date symlink: /home/mike/ros2_ws/install/robo24_interfaces/include/robo24_interfaces/robo24_interfaces/msg/rosidl_typesupport_introspection_c__visibility_control.h
[6.162s] -- Up-to-date symlink: /home/mike/ros2_ws/install/robo24_interfaces/include/robo24_interfaces/robo24_interfaces/srv/detail/claw__rosidl_typesupport_introspection_c.h
[6.166s] -- Up-to-date symlink: /home/mike/ros2_ws/install/robo24_interfaces/include/robo24_interfaces/robo24_interfaces/srv/claw.hpp
[6.168s] -- Up-to-date symlink: /home/mike/ros2_ws/install/robo24_interfaces/include/robo24_interfaces/robo24_interfaces/srv/detail/claw__builder.hpp
[6.170s] -- Up-to-date symlink: /home/mike/ros2_ws/install/robo24_interfaces/include/robo24_interfaces/robo24_interfaces/srv/detail/claw__struct.hpp
[6.173s] -- Up-to-date symlink: /home/mike/ros2_ws/install/robo24_interfaces/include/robo24_interfaces/robo24_interfaces/srv/detail/claw__traits.hpp
[6.178s] -- Up-to-date symlink: /home/mike/ros2_ws/install/robo24_interfaces/include/robo24_interfaces/robo24_interfaces/msg/rosidl_typesupport_fastrtps_cpp__visibility_control.h
[6.181s] -- Up-to-date symlink: /home/mike/ros2_ws/install/robo24_interfaces/include/robo24_interfaces/robo24_interfaces/srv/detail/claw__rosidl_typesupport_fastrtps_cpp.hpp
[6.185s] -- Up-to-date symlink: /home/mike/ros2_ws/install/robo24_interfaces/include/robo24_interfaces/robo24_interfaces/srv/detail/claw__rosidl_typesupport_introspection_cpp.hpp
[6.188s] -- Up-to-date symlink: /home/mike/ros2_ws/install/robo24_interfaces/share/robo24_interfaces/environment/pythonpath.sh
[6.190s] -- Up-to-date symlink: /home/mike/ros2_ws/install/robo24_interfaces/share/robo24_interfaces/environment/pythonpath.dsv
[6.194s] -- Up-to-date symlink: /home/mike/ros2_ws/install/robo24_interfaces/local/lib/python3.10/dist-packages/robo24_interfaces-0.0.0-py3.10.egg-info/PKG-INFO
[6.196s] -- Up-to-date symlink: /home/mike/ros2_ws/install/robo24_interfaces/local/lib/python3.10/dist-packages/robo24_interfaces-0.0.0-py3.10.egg-info/SOURCES.txt
[6.198s] -- Up-to-date symlink: /home/mike/ros2_ws/install/robo24_interfaces/local/lib/python3.10/dist-packages/robo24_interfaces-0.0.0-py3.10.egg-info/dependency_links.txt
[6.200s] -- Up-to-date symlink: /home/mike/ros2_ws/install/robo24_interfaces/local/lib/python3.10/dist-packages/robo24_interfaces-0.0.0-py3.10.egg-info/top_level.txt
[6.207s] -- Up-to-date symlink: /home/mike/ros2_ws/install/robo24_interfaces/local/lib/python3.10/dist-packages/robo24_interfaces/__init__.py
[6.209s] -- Up-to-date symlink: /home/mike/ros2_ws/install/robo24_interfaces/local/lib/python3.10/dist-packages/robo24_interfaces/_robo24_interfaces_s.ep.rosidl_typesupport_c.c
[6.212s] -- Up-to-date symlink: /home/mike/ros2_ws/install/robo24_interfaces/local/lib/python3.10/dist-packages/robo24_interfaces/_robo24_interfaces_s.ep.rosidl_typesupport_fastrtps_c.c
[6.214s] -- Up-to-date symlink: /home/mike/ros2_ws/install/robo24_interfaces/local/lib/python3.10/dist-packages/robo24_interfaces/_robo24_interfaces_s.ep.rosidl_typesupport_introspection_c.c
[6.216s] -- Up-to-date symlink: /home/mike/ros2_ws/install/robo24_interfaces/local/lib/python3.10/dist-packages/robo24_interfaces/librobo24_interfaces__rosidl_generator_py.so
[6.219s] -- Up-to-date symlink: /home/mike/ros2_ws/install/robo24_interfaces/local/lib/python3.10/dist-packages/robo24_interfaces/robo24_interfaces_s__rosidl_typesupport_c.cpython-310-aarch64-linux-gnu.so
[6.221s] -- Up-to-date symlink: /home/mike/ros2_ws/install/robo24_interfaces/local/lib/python3.10/dist-packages/robo24_interfaces/robo24_interfaces_s__rosidl_typesupport_fastrtps_c.cpython-310-aarch64-linux-gnu.so
[6.223s] -- Up-to-date symlink: /home/mike/ros2_ws/install/robo24_interfaces/local/lib/python3.10/dist-packages/robo24_interfaces/robo24_interfaces_s__rosidl_typesupport_introspection_c.cpython-310-aarch64-linux-gnu.so
[6.225s] -- Up-to-date symlink: /home/mike/ros2_ws/install/robo24_interfaces/local/lib/python3.10/dist-packages/robo24_interfaces/srv/__init__.py
[6.228s] -- Up-to-date symlink: /home/mike/ros2_ws/install/robo24_interfaces/local/lib/python3.10/dist-packages/robo24_interfaces/srv/_claw.py
[6.230s] -- Up-to-date symlink: /home/mike/ros2_ws/install/robo24_interfaces/local/lib/python3.10/dist-packages/robo24_interfaces/srv/_claw_s.c
[6.233s] -- Up-to-date symlink: /home/mike/ros2_ws/install/robo24_interfaces/local/lib/python3.10/dist-packages/robo24_interfaces/robo24_interfaces_s__rosidl_typesupport_fastrtps_c.cpython-310-aarch64-linux-gnu.so
[6.236s] -- Up-to-date symlink: /home/mike/ros2_ws/install/robo24_interfaces/local/lib/python3.10/dist-packages/robo24_interfaces/robo24_interfaces_s__rosidl_typesupport_introspection_c.cpython-310-aarch64-linux-gnu.so
[6.239s] -- Up-to-date symlink: /home/mike/ros2_ws/install/robo24_interfaces/local/lib/python3.10/dist-packages/robo24_interfaces/robo24_interfaces_s__rosidl_typesupport_c.cpython-310-aarch64-linux-gnu.so
[6.242s] -- Up-to-date symlink: /home/mike/ros2_ws/install/robo24_interfaces/share/robo24_interfaces/srv/Claw.idl
[6.245s] -- Up-to-date symlink: /home/mike/ros2_ws/install/robo24_interfaces/share/robo24_interfaces/srv/Claw.srv
[6.247s] -- Up-to-date symlink: /home/mike/ros2_ws/install/robo24_interfaces/share/robo24_interfaces/srv/Claw_Request.msg
[6.249s] -- Up-to-date symlink: /home/mike/ros2_ws/install/robo24_interfaces/share/robo24_interfaces/srv/Claw_Response.msg
[6.252s] -- Up-to-date symlink: /home/mike/ros2_ws/install/robo24_interfaces/share/ament_index/resource_index/package_run_dependencies/robo24_interfaces
[6.254s] -- Up-to-date symlink: /home/mike/ros2_ws/install/robo24_interfaces/share/ament_index/resource_index/parent_prefix_path/robo24_interfaces
[6.257s] -- Up-to-date symlink: /home/mike/ros2_ws/install/robo24_interfaces/share/robo24_interfaces/environment/ament_prefix_path.sh
[6.260s] -- Up-to-date symlink: /home/mike/ros2_ws/install/robo24_interfaces/share/robo24_interfaces/environment/ament_prefix_path.dsv
[6.263s] -- Up-to-date symlink: /home/mike/ros2_ws/install/robo24_interfaces/share/robo24_interfaces/environment/path.sh
[6.266s] -- Up-to-date symlink: /home/mike/ros2_ws/install/robo24_interfaces/share/robo24_interfaces/environment/path.dsv
[6.268s] -- Up-to-date symlink: /home/mike/ros2_ws/install/robo24_interfaces/share/robo24_interfaces/local_setup.bash
[6.270s] -- Up-to-date symlink: /home/mike/ros2_ws/install/robo24_interfaces/share/robo24_interfaces/local_setup.sh
[6.272s] -- Up-to-date symlink: /home/mike/ros2_ws/install/robo24_interfaces/share/robo24_interfaces/local_setup.zsh
[6.274s] -- Up-to-date symlink: /home/mike/ros2_ws/install/robo24_interfaces/share/robo24_interfaces/local_setup.dsv
[6.277s] -- Symlinking: /home/mike/ros2_ws/install/robo24_interfaces/share/robo24_interfaces/package.dsv
[6.318s] -- Up-to-date symlink: /home/mike/ros2_ws/install/robo24_interfaces/share/ament_index/resource_index/packages/robo24_interfaces
[6.320s] -- Up-to-date symlink: /home/mike/ros2_ws/install/robo24_interfaces/share/robo24_interfaces/cmake/rosidl_cmake-extras.cmake
[6.323s] -- Up-to-date symlink: /home/mike/ros2_ws/install/robo24_interfaces/share/robo24_interfaces/cmake/ament_cmake_export_include_directories-extras.cmake
[6.325s] -- Up-to-date symlink: /home/mike/ros2_ws/install/robo24_interfaces/share/robo24_interfaces/cmake/ament_cmake_export_libraries-extras.cmake
[6.328s] -- Up-to-date symlink: /home/mike/ros2_ws/install/robo24_interfaces/share/robo24_interfaces/cmake/ament_cmake_export_targets-extras.cmake
[6.331s] -- Up-to-date symlink: /home/mike/ros2_ws/install/robo24_interfaces/share/robo24_interfaces/cmake/rosidl_cmake_export_typesupport_targets-extras.cmake
[6.334s] -- Up-to-date symlink: /home/mike/ros2_ws/install/robo24_interfaces/share/robo24_interfaces/cmake/ament_cmake_export_dependencies-extras.cmake
[6.337s] -- Up-to-date symlink: /home/mike/ros2_ws/install/robo24_interfaces/share/robo24_interfaces/cmake/rosidl_cmake_export_typesupport_libraries-extras.cmake
[6.339s] -- Up-to-date symlink: /home/mike/ros2_ws/install/robo24_interfaces/share/robo24_interfaces/cmake/robo24_interfacesConfig.cmake
[6.343s] -- Up-to-date symlink: /home/mike/ros2_ws/install/robo24_interfaces/share/robo24_interfaces/cmake/robo24_interfacesConfig-version.cmake
[6.345s] -- Up-to-date symlink: /home/mike/ros2_ws/install/robo24_interfaces/share/robo24_interfaces/package.xml
[6.347s] -- Up-to-date: /home/mike/ros2_ws/install/robo24_interfaces/lib/librobo24_interfaces__rosidl_generator_c.so
[6.351s] -- Up-to-date: /home/mike/ros2_ws/install/robo24_interfaces/lib/librobo24_interfaces__rosidl_typesupport_fastrtps_c.so
[6.355s] -- Up-to-date: /home/mike/ros2_ws/install/robo24_interfaces/lib/librobo24_interfaces__rosidl_typesupport_introspection_c.so
[6.359s] -- Up-to-date: /home/mike/ros2_ws/install/robo24_interfaces/lib/librobo24_interfaces__rosidl_typesupport_c.so
[6.362s] -- Up-to-date: /home/mike/ros2_ws/install/robo24_interfaces/lib/librobo24_interfaces__rosidl_typesupport_fastrtps_cpp.so
[6.366s] -- Up-to-date: /home/mike/ros2_ws/install/robo24_interfaces/lib/librobo24_interfaces__rosidl_typesupport_introspection_cpp.so
[6.369s] -- Up-to-date: /home/mike/ros2_ws/install/robo24_interfaces/lib/librobo24_interfaces__rosidl_typesupport_cpp.so
[6.568s] Listing '/home/mike/ros2_ws/install/robo24_interfaces/local/lib/python3.10/dist-packages/robo24_interfaces'...
[6.569s] Listing '/home/mike/ros2_ws/install/robo24_interfaces/local/lib/python3.10/dist-packages/robo24_interfaces/srv'...
[6.601s] -- Up-to-date: /home/mike/ros2_ws/install/robo24_interfaces/lib/librobo24_interfaces__rosidl_generator_py.so
[6.604s] -- Up-to-date: /home/mike/ros2_ws/install/robo24_interfaces/share/robo24_interfaces/cmake/export_robo24_interfaces__rosidl_generator_cExport.cmake
[6.606s] -- Up-to-date: /home/mike/ros2_ws/install/robo24_interfaces/share/robo24_interfaces/cmake/export_robo24_interfaces__rosidl_generator_cExport-noconfig.cmake
[6.609s] -- Up-to-date: /home/mike/ros2_ws/install/robo24_interfaces/share/robo24_interfaces/cmake/export_robo24_interfaces__rosidl_typesupport_fastrtps_cExport.cmake
[6.610s] -- Up-to-date: /home/mike/ros2_ws/install/robo24_interfaces/share/robo24_interfaces/cmake/export_robo24_interfaces__rosidl_typesupport_fastrtps_cExport-noconfig.cmake
[6.613s] -- Up-to-date: /home/mike/ros2_ws/install/robo24_interfaces/share/robo24_interfaces/cmake/robo24_interfaces__rosidl_typesupport_introspection_cExport.cmake
[6.614s] -- Up-to-date: /home/mike/ros2_ws/install/robo24_interfaces/share/robo24_interfaces/cmake/robo24_interfaces__rosidl_typesupport_introspection_cExport-noconfig.cmake
[6.616s] -- Up-to-date: /home/mike/ros2_ws/install/robo24_interfaces/share/robo24_interfaces/cmake/robo24_interfaces__rosidl_typesupport_cExport.cmake
[6.618s] -- Up-to-date: /home/mike/ros2_ws/install/robo24_interfaces/share/robo24_interfaces/cmake/robo24_interfaces__rosidl_typesupport_cExport-noconfig.cmake
[6.620s] -- Up-to-date: /home/mike/ros2_ws/install/robo24_interfaces/share/robo24_interfaces/cmake/export_robo24_interfaces__rosidl_generator_cppExport.cmake
[6.622s] -- Up-to-date: /home/mike/ros2_ws/install/robo24_interfaces/share/robo24_interfaces/cmake/export_robo24_interfaces__rosidl_typesupport_fastrtps_cppExport.cmake
[6.624s] -- Up-to-date: /home/mike/ros2_ws/install/robo24_interfaces/share/robo24_interfaces/cmake/export_robo24_interfaces__rosidl_typesupport_fastrtps_cppExport-noconfig.cmake
[6.626s] -- Up-to-date: /home/mike/ros2_ws/install/robo24_interfaces/share/robo24_interfaces/cmake/robo24_interfaces__rosidl_typesupport_introspection_cppExport.cmake
[6.628s] -- Up-to-date: /home/mike/ros2_ws/install/robo24_interfaces/share/robo24_interfaces/cmake/robo24_interfaces__rosidl_typesupport_introspection_cppExport-noconfig.cmake
[6.630s] -- Up-to-date: /home/mike/ros2_ws/install/robo24_interfaces/share/robo24_interfaces/cmake/robo24_interfaces__rosidl_typesupport_cppExport.cmake
[6.631s] -- Up-to-date: /home/mike/ros2_ws/install/robo24_interfaces/share/robo24_interfaces/cmake/robo24_interfaces__rosidl_typesupport_cppExport-noconfig.cmake
[6.634s] -- Up-to-date: /home/mike/ros2_ws/install/robo24_interfaces/share/robo24_interfaces/cmake/export_robo24_interfaces__rosidl_generator_pyExport.cmake
[6.635s] -- Up-to-date: /home/mike/ros2_ws/install/robo24_interfaces/share/robo24_interfaces/cmake/export_robo24_interfaces__rosidl_generator_pyExport-noconfig.cmake
[6.653s] Invoked command in '/home/mike/ros2_ws/build/robo24_interfaces' returned '0': CMAKE_PREFIX_PATH=${CMAKE_PREFIX_PATH}:/home/mike/ros2_ws/install/robo24_stuff:/home/mike/ros2_ws/install/robo24_nav:/home/mike/ros2_ws/install/robo24_localization:/home/mike/ros2_ws/install/robo24_bringup:/opt/ros/humble /usr/bin/cmake --install /home/mike/ros2_ws/build/robo24_interfaces
