[6.993s] Invoking command in '/home/mike/ros2_ws/src/robo24_nav': PYTHONPATH=/home/mike/ros2_ws/build/robo24_nav/prefix_override:/home/mike/ros2_ws/install/robo24_nav/lib/python3.10/site-packages:${PYTHONPATH} /usr/bin/python3 setup.py egg_info --egg-base ../../build/robo24_nav build --build-base /home/mike/ros2_ws/build/robo24_nav/build install --record /home/mike/ros2_ws/build/robo24_nav/install.log --single-version-externally-managed
[8.442s] running egg_info
[8.445s] writing ../../build/robo24_nav/robo24_nav.egg-info/PKG-INFO
[8.446s] writing dependency_links to ../../build/robo24_nav/robo24_nav.egg-info/dependency_links.txt
[8.448s] writing entry points to ../../build/robo24_nav/robo24_nav.egg-info/entry_points.txt
[8.449s] writing requirements to ../../build/robo24_nav/robo24_nav.egg-info/requires.txt
[8.450s] writing top-level names to ../../build/robo24_nav/robo24_nav.egg-info/top_level.txt
[8.459s] reading manifest file '../../build/robo24_nav/robo24_nav.egg-info/SOURCES.txt'
[8.464s] writing manifest file '../../build/robo24_nav/robo24_nav.egg-info/SOURCES.txt'
[8.465s] running build
[8.466s] running build_py
[8.467s] copying robo24_nav/robo24_nav_simple_node.py -> /home/mike/ros2_ws/build/robo24_nav/build/lib/robo24_nav
[8.468s] running install
[8.470s] running install_lib
[8.473s] copying /home/mike/ros2_ws/build/robo24_nav/build/lib/robo24_nav/robo24_nav_simple_node.py -> /home/mike/ros2_ws/install/robo24_nav/lib/python3.10/site-packages/robo24_nav
[8.478s] byte-compiling /home/mike/ros2_ws/install/robo24_nav/lib/python3.10/site-packages/robo24_nav/robo24_nav_simple_node.py to robo24_nav_simple_node.cpython-310.pyc
[8.480s] running install_data
[8.483s] running install_egg_info
[8.492s] removing '/home/mike/ros2_ws/install/robo24_nav/lib/python3.10/site-packages/robo24_nav-0.0.0-py3.10.egg-info' (and everything under it)
[8.495s] Copying ../../build/robo24_nav/robo24_nav.egg-info to /home/mike/ros2_ws/install/robo24_nav/lib/python3.10/site-packages/robo24_nav-0.0.0-py3.10.egg-info
[8.504s] running install_scripts
[8.638s] Installing robo24_nav_simple_node script to /home/mike/ros2_ws/install/robo24_nav/lib/robo24_nav
[8.641s] writing list of installed files to '/home/mike/ros2_ws/build/robo24_nav/install.log'
[9.083s] Invoked command in '/home/mike/ros2_ws/src/robo24_nav' returned '0': PYTHONPATH=/home/mike/ros2_ws/build/robo24_nav/prefix_override:/home/mike/ros2_ws/install/robo24_nav/lib/python3.10/site-packages:${PYTHONPATH} /usr/bin/python3 setup.py egg_info --egg-base ../../build/robo24_nav build --build-base /home/mike/ros2_ws/build/robo24_nav/build install --record /home/mike/ros2_ws/build/robo24_nav/install.log --single-version-externally-managed
