[9.383s] Invoking command in '/home/mike/ros2_ws/build/robo24_bringup': PYTHONPATH=/home/mike/ros2_ws/build/robo24_bringup/prefix_override:/home/mike/ros2_ws/install/robo24_bringup/lib/python3.10/site-packages:${PYTHONPATH} /usr/bin/python3 setup.py develop --editable --build-directory /home/mike/ros2_ws/build/robo24_bringup/build --no-deps install_data
[11.173s] running develop
[12.581s] running egg_info
[12.582s] creating robo24_bringup.egg-info
[12.587s] writing robo24_bringup.egg-info/PKG-INFO
[12.588s] writing dependency_links to robo24_bringup.egg-info/dependency_links.txt
[12.589s] writing entry points to robo24_bringup.egg-info/entry_points.txt
[12.591s] writing requirements to robo24_bringup.egg-info/requires.txt
[12.594s] writing top-level names to robo24_bringup.egg-info/top_level.txt
[12.595s] writing manifest file 'robo24_bringup.egg-info/SOURCES.txt'
[12.596s] reading manifest file 'robo24_bringup.egg-info/SOURCES.txt'
[12.597s] writing manifest file 'robo24_bringup.egg-info/SOURCES.txt'
[12.608s] running build_ext
[12.608s] Creating /home/mike/ros2_ws/install/robo24_bringup/lib/python3.10/site-packages/robo24-bringup.egg-link (link to .)
[12.612s] 
[12.613s] Installed /home/mike/ros2_ws/build/robo24_bringup
[12.614s] running install_data
[12.615s] creating /home/mike/ros2_ws/install/robo24_bringup/share/ament_index
[12.616s] creating /home/mike/ros2_ws/install/robo24_bringup/share/ament_index/resource_index
[12.617s] creating /home/mike/ros2_ws/install/robo24_bringup/share/ament_index/resource_index/packages
[12.618s] copying resource/robo24_bringup -> /home/mike/ros2_ws/install/robo24_bringup/share/ament_index/resource_index/packages
[12.619s] copying package.xml -> /home/mike/ros2_ws/install/robo24_bringup/share/robo24_bringup
[12.621s] creating /home/mike/ros2_ws/install/robo24_bringup/share/robo24_bringup/launch
[12.622s] copying launch/robo24_bringup_launch.py -> /home/mike/ros2_ws/install/robo24_bringup/share/robo24_bringup/launch
[13.719s] Invoked command in '/home/mike/ros2_ws/build/robo24_bringup' returned '0': PYTHONPATH=/home/mike/ros2_ws/build/robo24_bringup/prefix_override:/home/mike/ros2_ws/install/robo24_bringup/lib/python3.10/site-packages:${PYTHONPATH} /usr/bin/python3 setup.py develop --editable --build-directory /home/mike/ros2_ws/build/robo24_bringup/build --no-deps install_data
