[4.940s] Invoking command in '/home/mike/ros2_ws/src/robo24_bringup': PYTHONPATH=/home/mike/ros2_ws/build/robo24_bringup/prefix_override:/home/mike/ros2_ws/install/robo24_bringup/lib/python3.10/site-packages:${PYTHONPATH} /usr/bin/python3 setup.py egg_info --egg-base ../../build/robo24_bringup build --build-base /home/mike/ros2_ws/build/robo24_bringup/build install --record /home/mike/ros2_ws/build/robo24_bringup/install.log --single-version-externally-managed
[6.072s] running egg_info
[6.074s] creating ../../build/robo24_bringup/robo24_bringup.egg-info
[6.077s] writing ../../build/robo24_bringup/robo24_bringup.egg-info/PKG-INFO
[6.077s] writing dependency_links to ../../build/robo24_bringup/robo24_bringup.egg-info/dependency_links.txt
[6.078s] writing entry points to ../../build/robo24_bringup/robo24_bringup.egg-info/entry_points.txt
[6.079s] writing requirements to ../../build/robo24_bringup/robo24_bringup.egg-info/requires.txt
[6.080s] writing top-level names to ../../build/robo24_bringup/robo24_bringup.egg-info/top_level.txt
[6.080s] writing manifest file '../../build/robo24_bringup/robo24_bringup.egg-info/SOURCES.txt'
[6.088s] reading manifest file '../../build/robo24_bringup/robo24_bringup.egg-info/SOURCES.txt'
[6.090s] adding license file 'LICENSE'
[6.098s] writing manifest file '../../build/robo24_bringup/robo24_bringup.egg-info/SOURCES.txt'
[6.099s] running build
[6.100s] running build_py
[6.101s] creating /home/mike/ros2_ws/build/robo24_bringup/build
[6.101s] creating /home/mike/ros2_ws/build/robo24_bringup/build/lib
[6.102s] creating /home/mike/ros2_ws/build/robo24_bringup/build/lib/robo24_bringup
[6.102s] copying robo24_bringup/__init__.py -> /home/mike/ros2_ws/build/robo24_bringup/build/lib/robo24_bringup
[6.103s] running install
[6.103s] running install_lib
[6.106s] creating /home/mike/ros2_ws/install/robo24_bringup/lib/python3.10/site-packages/robo24_bringup
[6.107s] copying /home/mike/ros2_ws/build/robo24_bringup/build/lib/robo24_bringup/__init__.py -> /home/mike/ros2_ws/install/robo24_bringup/lib/python3.10/site-packages/robo24_bringup
[6.108s] byte-compiling /home/mike/ros2_ws/install/robo24_bringup/lib/python3.10/site-packages/robo24_bringup/__init__.py to __init__.cpython-310.pyc
[6.112s] running install_data
[6.114s] creating /home/mike/ros2_ws/install/robo24_bringup/share/ament_index
[6.115s] creating /home/mike/ros2_ws/install/robo24_bringup/share/ament_index/resource_index
[6.116s] creating /home/mike/ros2_ws/install/robo24_bringup/share/ament_index/resource_index/packages
[6.119s] copying resource/robo24_bringup -> /home/mike/ros2_ws/install/robo24_bringup/share/ament_index/resource_index/packages
[6.120s] copying package.xml -> /home/mike/ros2_ws/install/robo24_bringup/share/robo24_bringup
[6.121s] creating /home/mike/ros2_ws/install/robo24_bringup/share/robo24_bringup/launch
[6.122s] copying launch/robo24_bringup_launch.py -> /home/mike/ros2_ws/install/robo24_bringup/share/robo24_bringup/launch
[6.122s] running install_egg_info
[6.126s] Copying ../../build/robo24_bringup/robo24_bringup.egg-info to /home/mike/ros2_ws/install/robo24_bringup/lib/python3.10/site-packages/robo24_bringup-0.0.0-py3.10.egg-info
[6.129s] running install_scripts
[6.212s] writing list of installed files to '/home/mike/ros2_ws/build/robo24_bringup/install.log'
[6.394s] Invoked command in '/home/mike/ros2_ws/src/robo24_bringup' returned '0': PYTHONPATH=/home/mike/ros2_ws/build/robo24_bringup/prefix_override:/home/mike/ros2_ws/install/robo24_bringup/lib/python3.10/site-packages:${PYTHONPATH} /usr/bin/python3 setup.py egg_info --egg-base ../../build/robo24_bringup build --build-base /home/mike/ros2_ws/build/robo24_bringup/build install --record /home/mike/ros2_ws/build/robo24_bringup/install.log --single-version-externally-managed
