[3.802s] DEBUG:colcon:Command line arguments: ['/usr/bin/colcon', 'build', '--symlink-install']
[3.802s] DEBUG:colcon:Parsed command line arguments: Namespace(log_base=None, log_level=None, verb_name='build', build_base='build', install_base='install', merge_install=False, symlink_install=True, test_result_base=None, continue_on_error=False, executor='parallel', parallel_workers=4, event_handlers=None, ignore_user_meta=False, metas=['./colcon.meta'], base_paths=['.'], packages_ignore=None, packages_ignore_regex=None, paths=None, packages_up_to=None, packages_up_to_regex=None, packages_above=None, packages_above_and_dependencies=None, packages_above_depth=None, packages_select_by_dep=None, packages_skip_by_dep=None, packages_skip_up_to=None, packages_select_build_failed=False, packages_skip_build_finished=False, packages_select_test_failures=False, packages_skip_test_passed=False, packages_select=None, packages_skip=None, packages_select_regex=None, packages_skip_regex=None, packages_start=None, packages_end=None, allow_overriding=[], cmake_args=None, cmake_target=None, cmake_target_skip_unavailable=False, cmake_clean_cache=False, cmake_clean_first=False, cmake_force_configure=False, ament_cmake_args=None, catkin_cmake_args=None, catkin_skip_building_tests=False, verb_parser=<colcon_defaults.argument_parser.defaults.DefaultArgumentsDecorator object at 0xffff7f59e2c0>, verb_extension=<colcon_core.verb.build.BuildVerb object at 0xffff7f575b10>, main=<bound method BuildVerb.main of <colcon_core.verb.build.BuildVerb object at 0xffff7f575b10>>)
[3.991s] Level 1:colcon.colcon_core.package_discovery:discover_packages(colcon_meta) check parameters
[3.991s] Level 1:colcon.colcon_core.package_discovery:discover_packages(recursive) check parameters
[3.992s] Level 1:colcon.colcon_core.package_discovery:discover_packages(ignore) check parameters
[3.992s] Level 1:colcon.colcon_core.package_discovery:discover_packages(path) check parameters
[3.992s] Level 1:colcon.colcon_core.package_discovery:discover_packages(colcon_meta) discover
[3.992s] Level 1:colcon.colcon_core.package_discovery:discover_packages(recursive) discover
[3.992s] INFO:colcon.colcon_core.package_discovery:Crawling recursively for packages in '/home/mike/ros2_ws'
[3.993s] Level 1:colcon.colcon_core.package_identification:_identify(.) by extensions ['ignore', 'ignore_ament_install']
[3.993s] Level 1:colcon.colcon_core.package_identification:_identify(.) by extension 'ignore'
[3.993s] Level 1:colcon.colcon_core.package_identification:_identify(.) by extension 'ignore_ament_install'
[3.994s] Level 1:colcon.colcon_core.package_identification:_identify(.) by extensions ['colcon_pkg']
[3.994s] Level 1:colcon.colcon_core.package_identification:_identify(.) by extension 'colcon_pkg'
[3.994s] Level 1:colcon.colcon_core.package_identification:_identify(.) by extensions ['colcon_meta']
[3.994s] Level 1:colcon.colcon_core.package_identification:_identify(.) by extension 'colcon_meta'
[3.994s] Level 1:colcon.colcon_core.package_identification:_identify(.) by extensions ['ros']
[3.994s] Level 1:colcon.colcon_core.package_identification:_identify(.) by extension 'ros'
[4.037s] Level 1:colcon.colcon_core.package_identification:_identify(.) by extensions ['cmake', 'python']
[4.038s] Level 1:colcon.colcon_core.package_identification:_identify(.) by extension 'cmake'
[4.038s] Level 1:colcon.colcon_core.package_identification:_identify(.) by extension 'python'
[4.038s] Level 1:colcon.colcon_core.package_identification:_identify(.) by extensions ['python_setup_py']
[4.038s] Level 1:colcon.colcon_core.package_identification:_identify(.) by extension 'python_setup_py'
[4.039s] Level 1:colcon.colcon_core.package_identification:_identify(build) by extensions ['ignore', 'ignore_ament_install']
[4.040s] Level 1:colcon.colcon_core.package_identification:_identify(build) by extension 'ignore'
[4.040s] Level 1:colcon.colcon_core.package_identification:_identify(build) ignored
[4.041s] Level 1:colcon.colcon_core.package_identification:_identify(install) by extensions ['ignore', 'ignore_ament_install']
[4.041s] Level 1:colcon.colcon_core.package_identification:_identify(install) by extension 'ignore'
[4.041s] Level 1:colcon.colcon_core.package_identification:_identify(install) ignored
[4.044s] Level 1:colcon.colcon_core.package_identification:_identify(log) by extensions ['ignore', 'ignore_ament_install']
[4.045s] Level 1:colcon.colcon_core.package_identification:_identify(log) by extension 'ignore'
[4.045s] Level 1:colcon.colcon_core.package_identification:_identify(log) ignored
[4.045s] Level 1:colcon.colcon_core.package_identification:_identify(src) by extensions ['ignore', 'ignore_ament_install']
[4.046s] Level 1:colcon.colcon_core.package_identification:_identify(src) by extension 'ignore'
[4.046s] Level 1:colcon.colcon_core.package_identification:_identify(src) by extension 'ignore_ament_install'
[4.046s] Level 1:colcon.colcon_core.package_identification:_identify(src) by extensions ['colcon_pkg']
[4.047s] Level 1:colcon.colcon_core.package_identification:_identify(src) by extension 'colcon_pkg'
[4.047s] Level 1:colcon.colcon_core.package_identification:_identify(src) by extensions ['colcon_meta']
[4.047s] Level 1:colcon.colcon_core.package_identification:_identify(src) by extension 'colcon_meta'
[4.047s] Level 1:colcon.colcon_core.package_identification:_identify(src) by extensions ['ros']
[4.047s] Level 1:colcon.colcon_core.package_identification:_identify(src) by extension 'ros'
[4.048s] Level 1:colcon.colcon_core.package_identification:_identify(src) by extensions ['cmake', 'python']
[4.048s] Level 1:colcon.colcon_core.package_identification:_identify(src) by extension 'cmake'
[4.048s] Level 1:colcon.colcon_core.package_identification:_identify(src) by extension 'python'
[4.048s] Level 1:colcon.colcon_core.package_identification:_identify(src) by extensions ['python_setup_py']
[4.048s] Level 1:colcon.colcon_core.package_identification:_identify(src) by extension 'python_setup_py'
[4.049s] Level 1:colcon.colcon_core.package_identification:_identify(src/log) by extensions ['ignore', 'ignore_ament_install']
[4.049s] Level 1:colcon.colcon_core.package_identification:_identify(src/log) by extension 'ignore'
[4.049s] Level 1:colcon.colcon_core.package_identification:_identify(src/log) ignored
[4.050s] Level 1:colcon.colcon_core.package_identification:_identify(src/robo24_bringup) by extensions ['ignore', 'ignore_ament_install']
[4.050s] Level 1:colcon.colcon_core.package_identification:_identify(src/robo24_bringup) by extension 'ignore'
[4.050s] Level 1:colcon.colcon_core.package_identification:_identify(src/robo24_bringup) by extension 'ignore_ament_install'
[4.051s] Level 1:colcon.colcon_core.package_identification:_identify(src/robo24_bringup) by extensions ['colcon_pkg']
[4.051s] Level 1:colcon.colcon_core.package_identification:_identify(src/robo24_bringup) by extension 'colcon_pkg'
[4.051s] Level 1:colcon.colcon_core.package_identification:_identify(src/robo24_bringup) by extensions ['colcon_meta']
[4.051s] Level 1:colcon.colcon_core.package_identification:_identify(src/robo24_bringup) by extension 'colcon_meta'
[4.051s] Level 1:colcon.colcon_core.package_identification:_identify(src/robo24_bringup) by extensions ['ros']
[4.052s] Level 1:colcon.colcon_core.package_identification:_identify(src/robo24_bringup) by extension 'ros'
[4.060s] DEBUG:colcon.colcon_core.package_identification:Package 'src/robo24_bringup' with type 'ros.ament_python' and name 'robo24_bringup'
[4.060s] Level 1:colcon.colcon_core.package_identification:_identify(src/robo24_interfaces) by extensions ['ignore', 'ignore_ament_install']
[4.061s] Level 1:colcon.colcon_core.package_identification:_identify(src/robo24_interfaces) by extension 'ignore'
[4.061s] Level 1:colcon.colcon_core.package_identification:_identify(src/robo24_interfaces) by extension 'ignore_ament_install'
[4.061s] Level 1:colcon.colcon_core.package_identification:_identify(src/robo24_interfaces) by extensions ['colcon_pkg']
[4.061s] Level 1:colcon.colcon_core.package_identification:_identify(src/robo24_interfaces) by extension 'colcon_pkg'
[4.062s] Level 1:colcon.colcon_core.package_identification:_identify(src/robo24_interfaces) by extensions ['colcon_meta']
[4.062s] Level 1:colcon.colcon_core.package_identification:_identify(src/robo24_interfaces) by extension 'colcon_meta'
[4.062s] Level 1:colcon.colcon_core.package_identification:_identify(src/robo24_interfaces) by extensions ['ros']
[4.062s] Level 1:colcon.colcon_core.package_identification:_identify(src/robo24_interfaces) by extension 'ros'
[4.064s] DEBUG:colcon.colcon_core.package_identification:Package 'src/robo24_interfaces' with type 'ros.ament_cmake' and name 'robo24_interfaces'
[4.065s] Level 1:colcon.colcon_core.package_identification:_identify(src/robo24_localization) by extensions ['ignore', 'ignore_ament_install']
[4.065s] Level 1:colcon.colcon_core.package_identification:_identify(src/robo24_localization) by extension 'ignore'
[4.066s] Level 1:colcon.colcon_core.package_identification:_identify(src/robo24_localization) by extension 'ignore_ament_install'
[4.066s] Level 1:colcon.colcon_core.package_identification:_identify(src/robo24_localization) by extensions ['colcon_pkg']
[4.066s] Level 1:colcon.colcon_core.package_identification:_identify(src/robo24_localization) by extension 'colcon_pkg'
[4.066s] Level 1:colcon.colcon_core.package_identification:_identify(src/robo24_localization) by extensions ['colcon_meta']
[4.066s] Level 1:colcon.colcon_core.package_identification:_identify(src/robo24_localization) by extension 'colcon_meta'
[4.067s] Level 1:colcon.colcon_core.package_identification:_identify(src/robo24_localization) by extensions ['ros']
[4.067s] Level 1:colcon.colcon_core.package_identification:_identify(src/robo24_localization) by extension 'ros'
[4.069s] DEBUG:colcon.colcon_core.package_identification:Package 'src/robo24_localization' with type 'ros.ament_python' and name 'robo24_localization'
[4.069s] Level 1:colcon.colcon_core.package_identification:_identify(src/robo24_nav) by extensions ['ignore', 'ignore_ament_install']
[4.070s] Level 1:colcon.colcon_core.package_identification:_identify(src/robo24_nav) by extension 'ignore'
[4.071s] Level 1:colcon.colcon_core.package_identification:_identify(src/robo24_nav) by extension 'ignore_ament_install'
[4.071s] Level 1:colcon.colcon_core.package_identification:_identify(src/robo24_nav) by extensions ['colcon_pkg']
[4.072s] Level 1:colcon.colcon_core.package_identification:_identify(src/robo24_nav) by extension 'colcon_pkg'
[4.072s] Level 1:colcon.colcon_core.package_identification:_identify(src/robo24_nav) by extensions ['colcon_meta']
[4.072s] Level 1:colcon.colcon_core.package_identification:_identify(src/robo24_nav) by extension 'colcon_meta'
[4.072s] Level 1:colcon.colcon_core.package_identification:_identify(src/robo24_nav) by extensions ['ros']
[4.073s] Level 1:colcon.colcon_core.package_identification:_identify(src/robo24_nav) by extension 'ros'
[4.075s] DEBUG:colcon.colcon_core.package_identification:Package 'src/robo24_nav' with type 'ros.ament_python' and name 'robo24_nav'
[4.076s] Level 1:colcon.colcon_core.package_identification:_identify(src/robo24_stuff) by extensions ['ignore', 'ignore_ament_install']
[4.076s] Level 1:colcon.colcon_core.package_identification:_identify(src/robo24_stuff) by extension 'ignore'
[4.077s] Level 1:colcon.colcon_core.package_identification:_identify(src/robo24_stuff) by extension 'ignore_ament_install'
[4.077s] Level 1:colcon.colcon_core.package_identification:_identify(src/robo24_stuff) by extensions ['colcon_pkg']
[4.077s] Level 1:colcon.colcon_core.package_identification:_identify(src/robo24_stuff) by extension 'colcon_pkg'
[4.078s] Level 1:colcon.colcon_core.package_identification:_identify(src/robo24_stuff) by extensions ['colcon_meta']
[4.078s] Level 1:colcon.colcon_core.package_identification:_identify(src/robo24_stuff) by extension 'colcon_meta'
[4.078s] Level 1:colcon.colcon_core.package_identification:_identify(src/robo24_stuff) by extensions ['ros']
[4.078s] Level 1:colcon.colcon_core.package_identification:_identify(src/robo24_stuff) by extension 'ros'
[4.080s] DEBUG:colcon.colcon_core.package_identification:Package 'src/robo24_stuff' with type 'ros.ament_python' and name 'robo24_stuff'
[4.081s] Level 1:colcon.colcon_core.package_identification:_identify(src/robo24_wheel_interface) by extensions ['ignore', 'ignore_ament_install']
[4.081s] Level 1:colcon.colcon_core.package_identification:_identify(src/robo24_wheel_interface) by extension 'ignore'
[4.081s] Level 1:colcon.colcon_core.package_identification:_identify(src/robo24_wheel_interface) by extension 'ignore_ament_install'
[4.082s] Level 1:colcon.colcon_core.package_identification:_identify(src/robo24_wheel_interface) by extensions ['colcon_pkg']
[4.082s] Level 1:colcon.colcon_core.package_identification:_identify(src/robo24_wheel_interface) by extension 'colcon_pkg'
[4.082s] Level 1:colcon.colcon_core.package_identification:_identify(src/robo24_wheel_interface) by extensions ['colcon_meta']
[4.082s] Level 1:colcon.colcon_core.package_identification:_identify(src/robo24_wheel_interface) by extension 'colcon_meta'
[4.082s] Level 1:colcon.colcon_core.package_identification:_identify(src/robo24_wheel_interface) by extensions ['ros']
[4.082s] Level 1:colcon.colcon_core.package_identification:_identify(src/robo24_wheel_interface) by extension 'ros'
[4.083s] Level 1:colcon.colcon_core.package_identification:_identify(src/robo24_wheel_interface) by extensions ['cmake', 'python']
[4.083s] Level 1:colcon.colcon_core.package_identification:_identify(src/robo24_wheel_interface) by extension 'cmake'
[4.084s] Level 1:colcon.colcon_core.package_identification:_identify(src/robo24_wheel_interface) by extension 'python'
[4.084s] Level 1:colcon.colcon_core.package_identification:_identify(src/robo24_wheel_interface) by extensions ['python_setup_py']
[4.084s] Level 1:colcon.colcon_core.package_identification:_identify(src/robo24_wheel_interface) by extension 'python_setup_py'
[4.085s] Level 1:colcon.colcon_core.package_identification:_identify(src/robo24_wheel_interface/robo24_wheel_interface) by extensions ['ignore', 'ignore_ament_install']
[4.085s] Level 1:colcon.colcon_core.package_identification:_identify(src/robo24_wheel_interface/robo24_wheel_interface) by extension 'ignore'
[4.085s] Level 1:colcon.colcon_core.package_identification:_identify(src/robo24_wheel_interface/robo24_wheel_interface) by extension 'ignore_ament_install'
[4.086s] Level 1:colcon.colcon_core.package_identification:_identify(src/robo24_wheel_interface/robo24_wheel_interface) by extensions ['colcon_pkg']
[4.086s] Level 1:colcon.colcon_core.package_identification:_identify(src/robo24_wheel_interface/robo24_wheel_interface) by extension 'colcon_pkg'
[4.086s] Level 1:colcon.colcon_core.package_identification:_identify(src/robo24_wheel_interface/robo24_wheel_interface) by extensions ['colcon_meta']
[4.086s] Level 1:colcon.colcon_core.package_identification:_identify(src/robo24_wheel_interface/robo24_wheel_interface) by extension 'colcon_meta'
[4.086s] Level 1:colcon.colcon_core.package_identification:_identify(src/robo24_wheel_interface/robo24_wheel_interface) by extensions ['ros']
[4.087s] Level 1:colcon.colcon_core.package_identification:_identify(src/robo24_wheel_interface/robo24_wheel_interface) by extension 'ros'
[4.087s] Level 1:colcon.colcon_core.package_identification:_identify(src/robo24_wheel_interface/robo24_wheel_interface) by extensions ['cmake', 'python']
[4.087s] Level 1:colcon.colcon_core.package_identification:_identify(src/robo24_wheel_interface/robo24_wheel_interface) by extension 'cmake'
[4.087s] Level 1:colcon.colcon_core.package_identification:_identify(src/robo24_wheel_interface/robo24_wheel_interface) by extension 'python'
[4.087s] Level 1:colcon.colcon_core.package_identification:_identify(src/robo24_wheel_interface/robo24_wheel_interface) by extensions ['python_setup_py']
[4.088s] Level 1:colcon.colcon_core.package_identification:_identify(src/robo24_wheel_interface/robo24_wheel_interface) by extension 'python_setup_py'
[4.088s] Level 1:colcon.colcon_core.package_discovery:discover_packages(recursive) using defaults
[4.088s] Level 1:colcon.colcon_core.package_discovery:discover_packages(ignore) discover
[4.088s] Level 1:colcon.colcon_core.package_discovery:discover_packages(ignore) using defaults
[4.088s] Level 1:colcon.colcon_core.package_discovery:discover_packages(path) discover
[4.088s] Level 1:colcon.colcon_core.package_discovery:discover_packages(path) using defaults
[4.427s] Level 1:colcon.colcon_core.package_discovery:discover_packages(prefix_path) check parameters
[4.427s] Level 1:colcon.colcon_core.package_discovery:discover_packages(prefix_path) discover
[4.543s] DEBUG:colcon.colcon_installed_package_information.package_discovery:Found 5 installed packages in /home/mike/ros2_ws/install
[4.605s] DEBUG:colcon.colcon_installed_package_information.package_discovery:Found 253 installed packages in /opt/ros/humble
[4.610s] Level 1:colcon.colcon_core.package_discovery:discover_packages(prefix_path) using defaults
[4.939s] Level 5:colcon.colcon_core.verb:set package 'robo24_bringup' build argument 'cmake_args' from command line to 'None'
[4.939s] Level 5:colcon.colcon_core.verb:set package 'robo24_bringup' build argument 'cmake_target' from command line to 'None'
[4.939s] Level 5:colcon.colcon_core.verb:set package 'robo24_bringup' build argument 'cmake_target_skip_unavailable' from command line to 'False'
[4.939s] Level 5:colcon.colcon_core.verb:set package 'robo24_bringup' build argument 'cmake_clean_cache' from command line to 'False'
[4.940s] Level 5:colcon.colcon_core.verb:set package 'robo24_bringup' build argument 'cmake_clean_first' from command line to 'False'
[4.940s] Level 5:colcon.colcon_core.verb:set package 'robo24_bringup' build argument 'cmake_force_configure' from command line to 'False'
[4.940s] Level 5:colcon.colcon_core.verb:set package 'robo24_bringup' build argument 'ament_cmake_args' from command line to 'None'
[4.940s] Level 5:colcon.colcon_core.verb:set package 'robo24_bringup' build argument 'catkin_cmake_args' from command line to 'None'
[4.940s] Level 5:colcon.colcon_core.verb:set package 'robo24_bringup' build argument 'catkin_skip_building_tests' from command line to 'False'
[4.940s] DEBUG:colcon.colcon_core.verb:Building package 'robo24_bringup' with the following arguments: {'ament_cmake_args': None, 'build_base': '/home/mike/ros2_ws/build/robo24_bringup', 'catkin_cmake_args': None, 'catkin_skip_building_tests': False, 'cmake_args': None, 'cmake_clean_cache': False, 'cmake_clean_first': False, 'cmake_force_configure': False, 'cmake_target': None, 'cmake_target_skip_unavailable': False, 'install_base': '/home/mike/ros2_ws/install/robo24_bringup', 'merge_install': False, 'path': '/home/mike/ros2_ws/src/robo24_bringup', 'symlink_install': True, 'test_result_base': None}
[4.994s] Level 5:colcon.colcon_core.verb:set package 'robo24_interfaces' build argument 'cmake_args' from command line to 'None'
[4.995s] Level 5:colcon.colcon_core.verb:set package 'robo24_interfaces' build argument 'cmake_target' from command line to 'None'
[4.995s] Level 5:colcon.colcon_core.verb:set package 'robo24_interfaces' build argument 'cmake_target_skip_unavailable' from command line to 'False'
[4.995s] Level 5:colcon.colcon_core.verb:set package 'robo24_interfaces' build argument 'cmake_clean_cache' from command line to 'False'
[4.995s] Level 5:colcon.colcon_core.verb:set package 'robo24_interfaces' build argument 'cmake_clean_first' from command line to 'False'
[4.995s] Level 5:colcon.colcon_core.verb:set package 'robo24_interfaces' build argument 'cmake_force_configure' from command line to 'False'
[4.995s] Level 5:colcon.colcon_core.verb:set package 'robo24_interfaces' build argument 'ament_cmake_args' from command line to 'None'
[4.995s] Level 5:colcon.colcon_core.verb:set package 'robo24_interfaces' build argument 'catkin_cmake_args' from command line to 'None'
[4.995s] Level 5:colcon.colcon_core.verb:set package 'robo24_interfaces' build argument 'catkin_skip_building_tests' from command line to 'False'
[4.996s] DEBUG:colcon.colcon_core.verb:Building package 'robo24_interfaces' with the following arguments: {'ament_cmake_args': None, 'build_base': '/home/mike/ros2_ws/build/robo24_interfaces', 'catkin_cmake_args': None, 'catkin_skip_building_tests': False, 'cmake_args': None, 'cmake_clean_cache': False, 'cmake_clean_first': False, 'cmake_force_configure': False, 'cmake_target': None, 'cmake_target_skip_unavailable': False, 'install_base': '/home/mike/ros2_ws/install/robo24_interfaces', 'merge_install': False, 'path': '/home/mike/ros2_ws/src/robo24_interfaces', 'symlink_install': True, 'test_result_base': None}
[5.047s] Level 5:colcon.colcon_core.verb:set package 'robo24_localization' build argument 'cmake_args' from command line to 'None'
[5.047s] Level 5:colcon.colcon_core.verb:set package 'robo24_localization' build argument 'cmake_target' from command line to 'None'
[5.048s] Level 5:colcon.colcon_core.verb:set package 'robo24_localization' build argument 'cmake_target_skip_unavailable' from command line to 'False'
[5.048s] Level 5:colcon.colcon_core.verb:set package 'robo24_localization' build argument 'cmake_clean_cache' from command line to 'False'
[5.048s] Level 5:colcon.colcon_core.verb:set package 'robo24_localization' build argument 'cmake_clean_first' from command line to 'False'
[5.048s] Level 5:colcon.colcon_core.verb:set package 'robo24_localization' build argument 'cmake_force_configure' from command line to 'False'
[5.048s] Level 5:colcon.colcon_core.verb:set package 'robo24_localization' build argument 'ament_cmake_args' from command line to 'None'
[5.048s] Level 5:colcon.colcon_core.verb:set package 'robo24_localization' build argument 'catkin_cmake_args' from command line to 'None'
[5.048s] Level 5:colcon.colcon_core.verb:set package 'robo24_localization' build argument 'catkin_skip_building_tests' from command line to 'False'
[5.048s] DEBUG:colcon.colcon_core.verb:Building package 'robo24_localization' with the following arguments: {'ament_cmake_args': None, 'build_base': '/home/mike/ros2_ws/build/robo24_localization', 'catkin_cmake_args': None, 'catkin_skip_building_tests': False, 'cmake_args': None, 'cmake_clean_cache': False, 'cmake_clean_first': False, 'cmake_force_configure': False, 'cmake_target': None, 'cmake_target_skip_unavailable': False, 'install_base': '/home/mike/ros2_ws/install/robo24_localization', 'merge_install': False, 'path': '/home/mike/ros2_ws/src/robo24_localization', 'symlink_install': True, 'test_result_base': None}
[5.112s] Level 5:colcon.colcon_core.verb:set package 'robo24_nav' build argument 'cmake_args' from command line to 'None'
[5.112s] Level 5:colcon.colcon_core.verb:set package 'robo24_nav' build argument 'cmake_target' from command line to 'None'
[5.112s] Level 5:colcon.colcon_core.verb:set package 'robo24_nav' build argument 'cmake_target_skip_unavailable' from command line to 'False'
[5.112s] Level 5:colcon.colcon_core.verb:set package 'robo24_nav' build argument 'cmake_clean_cache' from command line to 'False'
[5.112s] Level 5:colcon.colcon_core.verb:set package 'robo24_nav' build argument 'cmake_clean_first' from command line to 'False'
[5.112s] Level 5:colcon.colcon_core.verb:set package 'robo24_nav' build argument 'cmake_force_configure' from command line to 'False'
[5.112s] Level 5:colcon.colcon_core.verb:set package 'robo24_nav' build argument 'ament_cmake_args' from command line to 'None'
[5.113s] Level 5:colcon.colcon_core.verb:set package 'robo24_nav' build argument 'catkin_cmake_args' from command line to 'None'
[5.113s] Level 5:colcon.colcon_core.verb:set package 'robo24_nav' build argument 'catkin_skip_building_tests' from command line to 'False'
[5.113s] DEBUG:colcon.colcon_core.verb:Building package 'robo24_nav' with the following arguments: {'ament_cmake_args': None, 'build_base': '/home/mike/ros2_ws/build/robo24_nav', 'catkin_cmake_args': None, 'catkin_skip_building_tests': False, 'cmake_args': None, 'cmake_clean_cache': False, 'cmake_clean_first': False, 'cmake_force_configure': False, 'cmake_target': None, 'cmake_target_skip_unavailable': False, 'install_base': '/home/mike/ros2_ws/install/robo24_nav', 'merge_install': False, 'path': '/home/mike/ros2_ws/src/robo24_nav', 'symlink_install': True, 'test_result_base': None}
[5.165s] Level 5:colcon.colcon_core.verb:set package 'robo24_stuff' build argument 'cmake_args' from command line to 'None'
[5.165s] Level 5:colcon.colcon_core.verb:set package 'robo24_stuff' build argument 'cmake_target' from command line to 'None'
[5.165s] Level 5:colcon.colcon_core.verb:set package 'robo24_stuff' build argument 'cmake_target_skip_unavailable' from command line to 'False'
[5.165s] Level 5:colcon.colcon_core.verb:set package 'robo24_stuff' build argument 'cmake_clean_cache' from command line to 'False'
[5.165s] Level 5:colcon.colcon_core.verb:set package 'robo24_stuff' build argument 'cmake_clean_first' from command line to 'False'
[5.166s] Level 5:colcon.colcon_core.verb:set package 'robo24_stuff' build argument 'cmake_force_configure' from command line to 'False'
[5.166s] Level 5:colcon.colcon_core.verb:set package 'robo24_stuff' build argument 'ament_cmake_args' from command line to 'None'
[5.166s] Level 5:colcon.colcon_core.verb:set package 'robo24_stuff' build argument 'catkin_cmake_args' from command line to 'None'
[5.166s] Level 5:colcon.colcon_core.verb:set package 'robo24_stuff' build argument 'catkin_skip_building_tests' from command line to 'False'
[5.166s] DEBUG:colcon.colcon_core.verb:Building package 'robo24_stuff' with the following arguments: {'ament_cmake_args': None, 'build_base': '/home/mike/ros2_ws/build/robo24_stuff', 'catkin_cmake_args': None, 'catkin_skip_building_tests': False, 'cmake_args': None, 'cmake_clean_cache': False, 'cmake_clean_first': False, 'cmake_force_configure': False, 'cmake_target': None, 'cmake_target_skip_unavailable': False, 'install_base': '/home/mike/ros2_ws/install/robo24_stuff', 'merge_install': False, 'path': '/home/mike/ros2_ws/src/robo24_stuff', 'symlink_install': True, 'test_result_base': None}
[5.219s] INFO:colcon.colcon_core.executor:Executing jobs using 'parallel' executor
[5.272s] DEBUG:colcon.colcon_parallel_executor.executor.parallel:run_until_complete
[5.273s] INFO:colcon.colcon_ros.task.ament_python.build:Building ROS package in '/home/mike/ros2_ws/src/robo24_bringup' with build type 'ament_python'
[5.274s] Level 1:colcon.colcon_core.shell:create_environment_hook('robo24_bringup', 'ament_prefix_path')
[5.343s] INFO:colcon.colcon_core.plugin_system:Skipping extension 'colcon_core.shell.bat': Not used on non-Windows systems
[5.344s] INFO:colcon.colcon_core.shell:Creating environment hook '/home/mike/ros2_ws/install/robo24_bringup/share/robo24_bringup/hook/ament_prefix_path.ps1'
[5.346s] INFO:colcon.colcon_core.shell:Creating environment descriptor '/home/mike/ros2_ws/install/robo24_bringup/share/robo24_bringup/hook/ament_prefix_path.dsv'
[5.348s] INFO:colcon.colcon_core.shell:Creating environment hook '/home/mike/ros2_ws/install/robo24_bringup/share/robo24_bringup/hook/ament_prefix_path.sh'
[5.403s] INFO:colcon.colcon_core.shell:Skip shell extension 'powershell' for command environment: Not usable outside of PowerShell
[5.404s] DEBUG:colcon.colcon_core.shell:Skip shell extension 'dsv' for command environment
[5.585s] INFO:colcon.colcon_ros.task.ament_cmake.build:Building ROS package in '/home/mike/ros2_ws/src/robo24_interfaces' with build type 'ament_cmake'
[5.586s] INFO:colcon.colcon_cmake.task.cmake.build:Building CMake package in '/home/mike/ros2_ws/src/robo24_interfaces'
[5.640s] INFO:colcon.colcon_core.shell:Skip shell extension 'powershell' for command environment: Not usable outside of PowerShell
[5.641s] DEBUG:colcon.colcon_core.shell:Skip shell extension 'dsv' for command environment
[5.819s] INFO:colcon.colcon_ros.task.ament_python.build:Building ROS package in '/home/mike/ros2_ws/src/robo24_localization' with build type 'ament_python'
[5.820s] Level 1:colcon.colcon_core.shell:create_environment_hook('robo24_localization', 'ament_prefix_path')
[5.874s] INFO:colcon.colcon_core.shell:Creating environment hook '/home/mike/ros2_ws/install/robo24_localization/share/robo24_localization/hook/ament_prefix_path.ps1'
[5.876s] INFO:colcon.colcon_core.shell:Creating environment descriptor '/home/mike/ros2_ws/install/robo24_localization/share/robo24_localization/hook/ament_prefix_path.dsv'
[5.878s] INFO:colcon.colcon_core.shell:Creating environment hook '/home/mike/ros2_ws/install/robo24_localization/share/robo24_localization/hook/ament_prefix_path.sh'
[5.935s] INFO:colcon.colcon_core.shell:Skip shell extension 'powershell' for command environment: Not usable outside of PowerShell
[5.935s] DEBUG:colcon.colcon_core.shell:Skip shell extension 'dsv' for command environment
[6.109s] INFO:colcon.colcon_ros.task.ament_python.build:Building ROS package in '/home/mike/ros2_ws/src/robo24_nav' with build type 'ament_python'
[6.110s] Level 1:colcon.colcon_core.shell:create_environment_hook('robo24_nav', 'ament_prefix_path')
[6.168s] INFO:colcon.colcon_core.shell:Creating environment hook '/home/mike/ros2_ws/install/robo24_nav/share/robo24_nav/hook/ament_prefix_path.ps1'
[6.170s] INFO:colcon.colcon_core.shell:Creating environment descriptor '/home/mike/ros2_ws/install/robo24_nav/share/robo24_nav/hook/ament_prefix_path.dsv'
[6.172s] INFO:colcon.colcon_core.shell:Creating environment hook '/home/mike/ros2_ws/install/robo24_nav/share/robo24_nav/hook/ament_prefix_path.sh'
[6.225s] INFO:colcon.colcon_core.shell:Skip shell extension 'powershell' for command environment: Not usable outside of PowerShell
[6.226s] DEBUG:colcon.colcon_core.shell:Skip shell extension 'dsv' for command environment
[7.555s] INFO:colcon.colcon_core.task.python.build:Building Python package in '/home/mike/ros2_ws/src/robo24_bringup'
[7.609s] INFO:colcon.colcon_core.shell:Skip shell extension 'powershell' for command environment: Not usable outside of PowerShell
[7.610s] DEBUG:colcon.colcon_core.shell:Skip shell extension 'dsv' for command environment
[7.801s] DEBUG:colcon.colcon_core.event_handler.log_command:Invoking command in '/home/mike/ros2_ws/build/robo24_interfaces': CMAKE_PREFIX_PATH=${CMAKE_PREFIX_PATH}:/home/mike/ros2_ws/install/robo24_stuff:/home/mike/ros2_ws/install/robo24_nav:/home/mike/ros2_ws/install/robo24_localization:/home/mike/ros2_ws/install/robo24_bringup:/opt/ros/humble /usr/bin/cmake --build /home/mike/ros2_ws/build/robo24_interfaces -- -j4 -l4
[9.355s] INFO:colcon.colcon_core.task.python.build:Building Python package in '/home/mike/ros2_ws/src/robo24_localization'
[9.421s] INFO:colcon.colcon_core.shell:Skip shell extension 'powershell' for command environment: Not usable outside of PowerShell
[9.421s] DEBUG:colcon.colcon_core.shell:Skip shell extension 'dsv' for command environment
[10.887s] INFO:colcon.colcon_core.task.python.build:Building Python package in '/home/mike/ros2_ws/src/robo24_nav'
[10.949s] INFO:colcon.colcon_core.shell:Skip shell extension 'powershell' for command environment: Not usable outside of PowerShell
[10.949s] DEBUG:colcon.colcon_core.shell:Skip shell extension 'dsv' for command environment
[11.196s] DEBUG:colcon.colcon_core.event_handler.log_command:Invoked command in '/home/mike/ros2_ws/build/robo24_interfaces' returned '0': CMAKE_PREFIX_PATH=${CMAKE_PREFIX_PATH}:/home/mike/ros2_ws/install/robo24_stuff:/home/mike/ros2_ws/install/robo24_nav:/home/mike/ros2_ws/install/robo24_localization:/home/mike/ros2_ws/install/robo24_bringup:/opt/ros/humble /usr/bin/cmake --build /home/mike/ros2_ws/build/robo24_interfaces -- -j4 -l4
[11.636s] DEBUG:colcon.colcon_core.event_handler.log_command:Invoking command in '/home/mike/ros2_ws/build/robo24_interfaces': CMAKE_PREFIX_PATH=${CMAKE_PREFIX_PATH}:/home/mike/ros2_ws/install/robo24_stuff:/home/mike/ros2_ws/install/robo24_nav:/home/mike/ros2_ws/install/robo24_localization:/home/mike/ros2_ws/install/robo24_bringup:/opt/ros/humble /usr/bin/cmake --install /home/mike/ros2_ws/build/robo24_interfaces
[12.244s] Level 1:colcon.colcon_core.environment:create_environment_scripts_only(robo24_interfaces)
[12.252s] DEBUG:colcon.colcon_core.event_handler.log_command:Invoked command in '/home/mike/ros2_ws/build/robo24_interfaces' returned '0': CMAKE_PREFIX_PATH=${CMAKE_PREFIX_PATH}:/home/mike/ros2_ws/install/robo24_stuff:/home/mike/ros2_ws/install/robo24_nav:/home/mike/ros2_ws/install/robo24_localization:/home/mike/ros2_ws/install/robo24_bringup:/opt/ros/humble /usr/bin/cmake --install /home/mike/ros2_ws/build/robo24_interfaces
[12.372s] Level 1:colcon.colcon_core.environment:checking '/home/mike/ros2_ws/install/robo24_interfaces' for CMake module files
[12.380s] Level 1:colcon.colcon_core.environment:checking '/home/mike/ros2_ws/install/robo24_interfaces' for CMake config files
[12.387s] Level 1:colcon.colcon_core.shell:create_environment_hook('robo24_interfaces', 'cmake_prefix_path')
[12.495s] INFO:colcon.colcon_core.shell:Creating environment hook '/home/mike/ros2_ws/install/robo24_interfaces/share/robo24_interfaces/hook/cmake_prefix_path.ps1'
[12.499s] INFO:colcon.colcon_core.shell:Creating environment descriptor '/home/mike/ros2_ws/install/robo24_interfaces/share/robo24_interfaces/hook/cmake_prefix_path.dsv'
[12.503s] INFO:colcon.colcon_core.shell:Creating environment hook '/home/mike/ros2_ws/install/robo24_interfaces/share/robo24_interfaces/hook/cmake_prefix_path.sh'
[12.508s] Level 1:colcon.colcon_core.environment:checking '/home/mike/ros2_ws/install/robo24_interfaces/lib'
[12.509s] Level 1:colcon.colcon_core.shell:create_environment_hook('robo24_interfaces', 'ld_library_path_lib')
[12.610s] INFO:colcon.colcon_core.shell:Creating environment hook '/home/mike/ros2_ws/install/robo24_interfaces/share/robo24_interfaces/hook/ld_library_path_lib.ps1'
[12.615s] INFO:colcon.colcon_core.shell:Creating environment descriptor '/home/mike/ros2_ws/install/robo24_interfaces/share/robo24_interfaces/hook/ld_library_path_lib.dsv'
[12.619s] INFO:colcon.colcon_core.shell:Creating environment hook '/home/mike/ros2_ws/install/robo24_interfaces/share/robo24_interfaces/hook/ld_library_path_lib.sh'
[12.623s] Level 1:colcon.colcon_core.environment:checking '/home/mike/ros2_ws/install/robo24_interfaces/bin'
[12.624s] Level 1:colcon.colcon_core.environment:checking '/home/mike/ros2_ws/install/robo24_interfaces/lib/pkgconfig/robo24_interfaces.pc'
[12.626s] Level 1:colcon.colcon_core.environment:checking '/home/mike/ros2_ws/install/robo24_interfaces/lib/python3.10/site-packages'
[12.628s] Level 1:colcon.colcon_core.environment:checking '/home/mike/ros2_ws/install/robo24_interfaces/bin'
[12.730s] INFO:colcon.colcon_core.shell:Creating package script '/home/mike/ros2_ws/install/robo24_interfaces/share/robo24_interfaces/package.ps1'
[12.736s] INFO:colcon.colcon_core.shell:Creating package descriptor '/home/mike/ros2_ws/install/robo24_interfaces/share/robo24_interfaces/package.dsv'
[12.741s] INFO:colcon.colcon_core.shell:Creating package script '/home/mike/ros2_ws/install/robo24_interfaces/share/robo24_interfaces/package.sh'
[12.749s] INFO:colcon.colcon_core.shell:Creating package script '/home/mike/ros2_ws/install/robo24_interfaces/share/robo24_interfaces/package.bash'
[12.753s] INFO:colcon.colcon_core.shell:Creating package script '/home/mike/ros2_ws/install/robo24_interfaces/share/robo24_interfaces/package.zsh'
[12.758s] Level 1:colcon.colcon_core.environment:create_file_with_runtime_dependencies(/home/mike/ros2_ws/install/robo24_interfaces/share/colcon-core/packages/robo24_interfaces)
[13.328s] Level 1:colcon.colcon_core.environment:create_environment_scripts_only(robo24_interfaces)
[13.481s] Level 1:colcon.colcon_core.environment:checking '/home/mike/ros2_ws/install/robo24_interfaces' for CMake module files
[13.487s] Level 1:colcon.colcon_core.environment:checking '/home/mike/ros2_ws/install/robo24_interfaces' for CMake config files
[13.496s] Level 1:colcon.colcon_core.shell:create_environment_hook('robo24_interfaces', 'cmake_prefix_path')
[13.630s] INFO:colcon.colcon_core.shell:Creating environment hook '/home/mike/ros2_ws/install/robo24_interfaces/share/robo24_interfaces/hook/cmake_prefix_path.ps1'
[13.633s] INFO:colcon.colcon_core.shell:Creating environment descriptor '/home/mike/ros2_ws/install/robo24_interfaces/share/robo24_interfaces/hook/cmake_prefix_path.dsv'
[13.635s] INFO:colcon.colcon_core.shell:Creating environment hook '/home/mike/ros2_ws/install/robo24_interfaces/share/robo24_interfaces/hook/cmake_prefix_path.sh'
[13.639s] Level 1:colcon.colcon_core.environment:checking '/home/mike/ros2_ws/install/robo24_interfaces/lib'
[13.640s] Level 1:colcon.colcon_core.shell:create_environment_hook('robo24_interfaces', 'ld_library_path_lib')
[13.715s] INFO:colcon.colcon_core.shell:Creating environment hook '/home/mike/ros2_ws/install/robo24_interfaces/share/robo24_interfaces/hook/ld_library_path_lib.ps1'
[13.718s] INFO:colcon.colcon_core.shell:Creating environment descriptor '/home/mike/ros2_ws/install/robo24_interfaces/share/robo24_interfaces/hook/ld_library_path_lib.dsv'
[13.720s] INFO:colcon.colcon_core.shell:Creating environment hook '/home/mike/ros2_ws/install/robo24_interfaces/share/robo24_interfaces/hook/ld_library_path_lib.sh'
[13.722s] Level 1:colcon.colcon_core.environment:checking '/home/mike/ros2_ws/install/robo24_interfaces/bin'
[13.722s] Level 1:colcon.colcon_core.environment:checking '/home/mike/ros2_ws/install/robo24_interfaces/lib/pkgconfig/robo24_interfaces.pc'
[13.724s] Level 1:colcon.colcon_core.environment:checking '/home/mike/ros2_ws/install/robo24_interfaces/lib/python3.10/site-packages'
[13.725s] Level 1:colcon.colcon_core.environment:checking '/home/mike/ros2_ws/install/robo24_interfaces/bin'
[13.817s] INFO:colcon.colcon_core.shell:Creating package script '/home/mike/ros2_ws/install/robo24_interfaces/share/robo24_interfaces/package.ps1'
[13.823s] INFO:colcon.colcon_core.shell:Creating package descriptor '/home/mike/ros2_ws/install/robo24_interfaces/share/robo24_interfaces/package.dsv'
[13.829s] INFO:colcon.colcon_core.shell:Creating package script '/home/mike/ros2_ws/install/robo24_interfaces/share/robo24_interfaces/package.sh'
[13.834s] INFO:colcon.colcon_core.shell:Creating package script '/home/mike/ros2_ws/install/robo24_interfaces/share/robo24_interfaces/package.bash'
[13.838s] INFO:colcon.colcon_core.shell:Creating package script '/home/mike/ros2_ws/install/robo24_interfaces/share/robo24_interfaces/package.zsh'
[13.842s] Level 1:colcon.colcon_core.environment:create_file_with_runtime_dependencies(/home/mike/ros2_ws/install/robo24_interfaces/share/colcon-core/packages/robo24_interfaces)
[13.850s] INFO:colcon.colcon_ros.task.ament_python.build:Building ROS package in '/home/mike/ros2_ws/src/robo24_stuff' with build type 'ament_python'
[13.852s] Level 1:colcon.colcon_core.shell:create_environment_hook('robo24_stuff', 'ament_prefix_path')
[13.954s] INFO:colcon.colcon_core.shell:Creating environment hook '/home/mike/ros2_ws/install/robo24_stuff/share/robo24_stuff/hook/ament_prefix_path.ps1'
[13.957s] INFO:colcon.colcon_core.shell:Creating environment descriptor '/home/mike/ros2_ws/install/robo24_stuff/share/robo24_stuff/hook/ament_prefix_path.dsv'
[13.958s] INFO:colcon.colcon_core.shell:Creating environment hook '/home/mike/ros2_ws/install/robo24_stuff/share/robo24_stuff/hook/ament_prefix_path.sh'
[14.016s] INFO:colcon.colcon_core.shell:Skip shell extension 'powershell' for command environment: Not usable outside of PowerShell
[14.016s] DEBUG:colcon.colcon_core.shell:Skip shell extension 'dsv' for command environment
[14.207s] DEBUG:colcon.colcon_core.event_handler.log_command:Invoking command in '/home/mike/ros2_ws/build/robo24_bringup': PYTHONPATH=/home/mike/ros2_ws/build/robo24_bringup/prefix_override:/home/mike/ros2_ws/install/robo24_bringup/lib/python3.10/site-packages:${PYTHONPATH} /usr/bin/python3 setup.py develop --editable --build-directory /home/mike/ros2_ws/build/robo24_bringup/build --no-deps install_data
[14.218s] DEBUG:colcon.colcon_core.event_handler.log_command:Invoking command in '/home/mike/ros2_ws/build/robo24_localization': PYTHONPATH=/home/mike/ros2_ws/build/robo24_localization/prefix_override:/home/mike/ros2_ws/install/robo24_localization/lib/python3.10/site-packages:${PYTHONPATH} /usr/bin/python3 setup.py develop --editable --build-directory /home/mike/ros2_ws/build/robo24_localization/build --no-deps install_data
[14.225s] DEBUG:colcon.colcon_core.event_handler.log_command:Invoking command in '/home/mike/ros2_ws/build/robo24_nav': PYTHONPATH=/home/mike/ros2_ws/build/robo24_nav/prefix_override:/home/mike/ros2_ws/install/robo24_nav/lib/python3.10/site-packages:${PYTHONPATH} /usr/bin/python3 setup.py develop --editable --build-directory /home/mike/ros2_ws/build/robo24_nav/build --no-deps install_data
[15.936s] INFO:colcon.colcon_core.task.python.build:Building Python package in '/home/mike/ros2_ws/src/robo24_stuff'
[16.049s] INFO:colcon.colcon_core.shell:Skip shell extension 'powershell' for command environment: Not usable outside of PowerShell
[16.050s] DEBUG:colcon.colcon_core.shell:Skip shell extension 'dsv' for command environment
[17.233s] Level 1:colcon.colcon_core.shell:create_environment_hook('robo24_nav', 'pythonpath_develop')
[17.246s] DEBUG:colcon.colcon_core.event_handler.log_command:Invoked command in '/home/mike/ros2_ws/build/robo24_nav' returned '0': PYTHONPATH=/home/mike/ros2_ws/build/robo24_nav/prefix_override:/home/mike/ros2_ws/install/robo24_nav/lib/python3.10/site-packages:${PYTHONPATH} /usr/bin/python3 setup.py develop --editable --build-directory /home/mike/ros2_ws/build/robo24_nav/build --no-deps install_data
[17.426s] INFO:colcon.colcon_core.shell:Creating environment hook '/home/mike/ros2_ws/build/robo24_nav/share/robo24_nav/hook/pythonpath_develop.ps1'
[17.432s] INFO:colcon.colcon_core.shell:Creating environment descriptor '/home/mike/ros2_ws/build/robo24_nav/share/robo24_nav/hook/pythonpath_develop.dsv'
[17.437s] INFO:colcon.colcon_core.shell:Creating environment hook '/home/mike/ros2_ws/build/robo24_nav/share/robo24_nav/hook/pythonpath_develop.sh'
[17.525s] Level 1:colcon.colcon_core.environment:checking '/home/mike/ros2_ws/install/robo24_nav' for CMake module files
[17.527s] Level 1:colcon.colcon_core.environment:checking '/home/mike/ros2_ws/install/robo24_nav' for CMake config files
[17.531s] Level 1:colcon.colcon_core.environment:checking '/home/mike/ros2_ws/install/robo24_nav/lib'
[17.532s] Level 1:colcon.colcon_core.environment:checking '/home/mike/ros2_ws/install/robo24_nav/bin'
[17.532s] Level 1:colcon.colcon_core.environment:checking '/home/mike/ros2_ws/install/robo24_nav/lib/pkgconfig/robo24_nav.pc'
[17.533s] Level 1:colcon.colcon_core.environment:checking '/home/mike/ros2_ws/install/robo24_nav/lib/python3.10/site-packages'
[17.534s] Level 1:colcon.colcon_core.shell:create_environment_hook('robo24_nav', 'pythonpath')
[17.688s] INFO:colcon.colcon_core.shell:Creating environment hook '/home/mike/ros2_ws/install/robo24_nav/share/robo24_nav/hook/pythonpath.ps1'
[17.692s] INFO:colcon.colcon_core.shell:Creating environment descriptor '/home/mike/ros2_ws/install/robo24_nav/share/robo24_nav/hook/pythonpath.dsv'
[17.696s] INFO:colcon.colcon_core.shell:Creating environment hook '/home/mike/ros2_ws/install/robo24_nav/share/robo24_nav/hook/pythonpath.sh'
[17.701s] Level 1:colcon.colcon_core.environment:checking '/home/mike/ros2_ws/install/robo24_nav/bin'
[17.701s] Level 1:colcon.colcon_core.environment:create_environment_scripts_only(robo24_nav)
[17.797s] INFO:colcon.colcon_core.shell:Creating package script '/home/mike/ros2_ws/install/robo24_nav/share/robo24_nav/package.ps1'
[17.800s] INFO:colcon.colcon_core.shell:Creating package descriptor '/home/mike/ros2_ws/install/robo24_nav/share/robo24_nav/package.dsv'
[17.803s] INFO:colcon.colcon_core.shell:Creating package script '/home/mike/ros2_ws/install/robo24_nav/share/robo24_nav/package.sh'
[17.805s] INFO:colcon.colcon_core.shell:Creating package script '/home/mike/ros2_ws/install/robo24_nav/share/robo24_nav/package.bash'
[17.807s] INFO:colcon.colcon_core.shell:Creating package script '/home/mike/ros2_ws/install/robo24_nav/share/robo24_nav/package.zsh'
[17.809s] Level 1:colcon.colcon_core.environment:create_file_with_runtime_dependencies(/home/mike/ros2_ws/install/robo24_nav/share/colcon-core/packages/robo24_nav)
[17.816s] Level 1:colcon.colcon_core.shell:create_environment_hook('robo24_bringup', 'pythonpath_develop')
[17.818s] DEBUG:colcon.colcon_core.event_handler.log_command:Invoked command in '/home/mike/ros2_ws/build/robo24_bringup' returned '0': PYTHONPATH=/home/mike/ros2_ws/build/robo24_bringup/prefix_override:/home/mike/ros2_ws/install/robo24_bringup/lib/python3.10/site-packages:${PYTHONPATH} /usr/bin/python3 setup.py develop --editable --build-directory /home/mike/ros2_ws/build/robo24_bringup/build --no-deps install_data
[17.886s] INFO:colcon.colcon_core.shell:Creating environment hook '/home/mike/ros2_ws/build/robo24_bringup/share/robo24_bringup/hook/pythonpath_develop.ps1'
[17.889s] INFO:colcon.colcon_core.shell:Creating environment descriptor '/home/mike/ros2_ws/build/robo24_bringup/share/robo24_bringup/hook/pythonpath_develop.dsv'
[17.891s] INFO:colcon.colcon_core.shell:Creating environment hook '/home/mike/ros2_ws/build/robo24_bringup/share/robo24_bringup/hook/pythonpath_develop.sh'
[17.965s] Level 1:colcon.colcon_core.environment:checking '/home/mike/ros2_ws/install/robo24_bringup' for CMake module files
[17.967s] Level 1:colcon.colcon_core.environment:checking '/home/mike/ros2_ws/install/robo24_bringup' for CMake config files
[17.971s] Level 1:colcon.colcon_core.environment:checking '/home/mike/ros2_ws/install/robo24_bringup/lib'
[17.972s] Level 1:colcon.colcon_core.environment:checking '/home/mike/ros2_ws/install/robo24_bringup/bin'
[17.972s] Level 1:colcon.colcon_core.environment:checking '/home/mike/ros2_ws/install/robo24_bringup/lib/pkgconfig/robo24_bringup.pc'
[17.973s] Level 1:colcon.colcon_core.environment:checking '/home/mike/ros2_ws/install/robo24_bringup/lib/python3.10/site-packages'
[17.973s] Level 1:colcon.colcon_core.shell:create_environment_hook('robo24_bringup', 'pythonpath')
[18.036s] INFO:colcon.colcon_core.shell:Creating environment hook '/home/mike/ros2_ws/install/robo24_bringup/share/robo24_bringup/hook/pythonpath.ps1'
[18.038s] INFO:colcon.colcon_core.shell:Creating environment descriptor '/home/mike/ros2_ws/install/robo24_bringup/share/robo24_bringup/hook/pythonpath.dsv'
[18.040s] INFO:colcon.colcon_core.shell:Creating environment hook '/home/mike/ros2_ws/install/robo24_bringup/share/robo24_bringup/hook/pythonpath.sh'
[18.043s] Level 1:colcon.colcon_core.environment:checking '/home/mike/ros2_ws/install/robo24_bringup/bin'
[18.044s] Level 1:colcon.colcon_core.environment:create_environment_scripts_only(robo24_bringup)
[18.111s] INFO:colcon.colcon_core.shell:Creating package script '/home/mike/ros2_ws/install/robo24_bringup/share/robo24_bringup/package.ps1'
[18.114s] INFO:colcon.colcon_core.shell:Creating package descriptor '/home/mike/ros2_ws/install/robo24_bringup/share/robo24_bringup/package.dsv'
[18.116s] INFO:colcon.colcon_core.shell:Creating package script '/home/mike/ros2_ws/install/robo24_bringup/share/robo24_bringup/package.sh'
[18.119s] INFO:colcon.colcon_core.shell:Creating package script '/home/mike/ros2_ws/install/robo24_bringup/share/robo24_bringup/package.bash'
[18.121s] INFO:colcon.colcon_core.shell:Creating package script '/home/mike/ros2_ws/install/robo24_bringup/share/robo24_bringup/package.zsh'
[18.124s] Level 1:colcon.colcon_core.environment:create_file_with_runtime_dependencies(/home/mike/ros2_ws/install/robo24_bringup/share/colcon-core/packages/robo24_bringup)
[18.125s] Level 1:colcon.colcon_core.shell:create_environment_hook('robo24_localization', 'pythonpath_develop')
[18.130s] DEBUG:colcon.colcon_core.event_handler.log_command:Invoked command in '/home/mike/ros2_ws/build/robo24_localization' returned '0': PYTHONPATH=/home/mike/ros2_ws/build/robo24_localization/prefix_override:/home/mike/ros2_ws/install/robo24_localization/lib/python3.10/site-packages:${PYTHONPATH} /usr/bin/python3 setup.py develop --editable --build-directory /home/mike/ros2_ws/build/robo24_localization/build --no-deps install_data
[18.200s] INFO:colcon.colcon_core.shell:Creating environment hook '/home/mike/ros2_ws/build/robo24_localization/share/robo24_localization/hook/pythonpath_develop.ps1'
[18.203s] INFO:colcon.colcon_core.shell:Creating environment descriptor '/home/mike/ros2_ws/build/robo24_localization/share/robo24_localization/hook/pythonpath_develop.dsv'
[18.205s] INFO:colcon.colcon_core.shell:Creating environment hook '/home/mike/ros2_ws/build/robo24_localization/share/robo24_localization/hook/pythonpath_develop.sh'
[18.282s] Level 1:colcon.colcon_core.environment:checking '/home/mike/ros2_ws/install/robo24_localization' for CMake module files
[18.285s] Level 1:colcon.colcon_core.environment:checking '/home/mike/ros2_ws/install/robo24_localization' for CMake config files
[18.288s] Level 1:colcon.colcon_core.environment:checking '/home/mike/ros2_ws/install/robo24_localization/lib'
[18.288s] Level 1:colcon.colcon_core.environment:checking '/home/mike/ros2_ws/install/robo24_localization/bin'
[18.289s] Level 1:colcon.colcon_core.environment:checking '/home/mike/ros2_ws/install/robo24_localization/lib/pkgconfig/robo24_localization.pc'
[18.290s] Level 1:colcon.colcon_core.environment:checking '/home/mike/ros2_ws/install/robo24_localization/lib/python3.10/site-packages'
[18.290s] Level 1:colcon.colcon_core.shell:create_environment_hook('robo24_localization', 'pythonpath')
[18.358s] INFO:colcon.colcon_core.shell:Creating environment hook '/home/mike/ros2_ws/install/robo24_localization/share/robo24_localization/hook/pythonpath.ps1'
[18.360s] INFO:colcon.colcon_core.shell:Creating environment descriptor '/home/mike/ros2_ws/install/robo24_localization/share/robo24_localization/hook/pythonpath.dsv'
[18.362s] INFO:colcon.colcon_core.shell:Creating environment hook '/home/mike/ros2_ws/install/robo24_localization/share/robo24_localization/hook/pythonpath.sh'
[18.365s] Level 1:colcon.colcon_core.environment:checking '/home/mike/ros2_ws/install/robo24_localization/bin'
[18.366s] Level 1:colcon.colcon_core.environment:create_environment_scripts_only(robo24_localization)
[18.421s] INFO:colcon.colcon_core.shell:Creating package script '/home/mike/ros2_ws/install/robo24_localization/share/robo24_localization/package.ps1'
[18.424s] INFO:colcon.colcon_core.shell:Creating package descriptor '/home/mike/ros2_ws/install/robo24_localization/share/robo24_localization/package.dsv'
[18.428s] INFO:colcon.colcon_core.shell:Creating package script '/home/mike/ros2_ws/install/robo24_localization/share/robo24_localization/package.sh'
[18.430s] INFO:colcon.colcon_core.shell:Creating package script '/home/mike/ros2_ws/install/robo24_localization/share/robo24_localization/package.bash'
[18.432s] INFO:colcon.colcon_core.shell:Creating package script '/home/mike/ros2_ws/install/robo24_localization/share/robo24_localization/package.zsh'
[18.435s] Level 1:colcon.colcon_core.environment:create_file_with_runtime_dependencies(/home/mike/ros2_ws/install/robo24_localization/share/colcon-core/packages/robo24_localization)
[18.708s] DEBUG:colcon.colcon_core.event_handler.log_command:Invoking command in '/home/mike/ros2_ws/build/robo24_stuff': PYTHONPATH=/home/mike/ros2_ws/build/robo24_stuff/prefix_override:/home/mike/ros2_ws/install/robo24_stuff/lib/python3.10/site-packages:${PYTHONPATH} /usr/bin/python3 setup.py develop --editable --build-directory /home/mike/ros2_ws/build/robo24_stuff/build --no-deps install_data
[20.697s] Level 1:colcon.colcon_core.shell:create_environment_hook('robo24_stuff', 'pythonpath_develop')
[20.699s] DEBUG:colcon.colcon_core.event_handler.log_command:Invoked command in '/home/mike/ros2_ws/build/robo24_stuff' returned '0': PYTHONPATH=/home/mike/ros2_ws/build/robo24_stuff/prefix_override:/home/mike/ros2_ws/install/robo24_stuff/lib/python3.10/site-packages:${PYTHONPATH} /usr/bin/python3 setup.py develop --editable --build-directory /home/mike/ros2_ws/build/robo24_stuff/build --no-deps install_data
[20.757s] INFO:colcon.colcon_core.shell:Creating environment hook '/home/mike/ros2_ws/build/robo24_stuff/share/robo24_stuff/hook/pythonpath_develop.ps1'
[20.759s] INFO:colcon.colcon_core.shell:Creating environment descriptor '/home/mike/ros2_ws/build/robo24_stuff/share/robo24_stuff/hook/pythonpath_develop.dsv'
[20.761s] INFO:colcon.colcon_core.shell:Creating environment hook '/home/mike/ros2_ws/build/robo24_stuff/share/robo24_stuff/hook/pythonpath_develop.sh'
[20.814s] Level 1:colcon.colcon_core.environment:checking '/home/mike/ros2_ws/install/robo24_stuff' for CMake module files
[20.817s] Level 1:colcon.colcon_core.environment:checking '/home/mike/ros2_ws/install/robo24_stuff' for CMake config files
[20.820s] Level 1:colcon.colcon_core.environment:checking '/home/mike/ros2_ws/install/robo24_stuff/lib'
[20.821s] Level 1:colcon.colcon_core.environment:checking '/home/mike/ros2_ws/install/robo24_stuff/bin'
[20.821s] Level 1:colcon.colcon_core.environment:checking '/home/mike/ros2_ws/install/robo24_stuff/lib/pkgconfig/robo24_stuff.pc'
[20.822s] Level 1:colcon.colcon_core.environment:checking '/home/mike/ros2_ws/install/robo24_stuff/lib/python3.10/site-packages'
[20.822s] Level 1:colcon.colcon_core.shell:create_environment_hook('robo24_stuff', 'pythonpath')
[20.876s] INFO:colcon.colcon_core.shell:Creating environment hook '/home/mike/ros2_ws/install/robo24_stuff/share/robo24_stuff/hook/pythonpath.ps1'
[20.879s] INFO:colcon.colcon_core.shell:Creating environment descriptor '/home/mike/ros2_ws/install/robo24_stuff/share/robo24_stuff/hook/pythonpath.dsv'
[20.880s] INFO:colcon.colcon_core.shell:Creating environment hook '/home/mike/ros2_ws/install/robo24_stuff/share/robo24_stuff/hook/pythonpath.sh'
[20.883s] Level 1:colcon.colcon_core.environment:checking '/home/mike/ros2_ws/install/robo24_stuff/bin'
[20.883s] Level 1:colcon.colcon_core.environment:create_environment_scripts_only(robo24_stuff)
[20.941s] INFO:colcon.colcon_core.shell:Creating package script '/home/mike/ros2_ws/install/robo24_stuff/share/robo24_stuff/package.ps1'
[20.944s] INFO:colcon.colcon_core.shell:Creating package descriptor '/home/mike/ros2_ws/install/robo24_stuff/share/robo24_stuff/package.dsv'
[20.947s] INFO:colcon.colcon_core.shell:Creating package script '/home/mike/ros2_ws/install/robo24_stuff/share/robo24_stuff/package.sh'
[20.949s] INFO:colcon.colcon_core.shell:Creating package script '/home/mike/ros2_ws/install/robo24_stuff/share/robo24_stuff/package.bash'
[20.951s] INFO:colcon.colcon_core.shell:Creating package script '/home/mike/ros2_ws/install/robo24_stuff/share/robo24_stuff/package.zsh'
[20.952s] Level 1:colcon.colcon_core.environment:create_file_with_runtime_dependencies(/home/mike/ros2_ws/install/robo24_stuff/share/colcon-core/packages/robo24_stuff)
[20.954s] DEBUG:colcon.colcon_parallel_executor.executor.parallel:closing loop
[20.955s] DEBUG:colcon.colcon_parallel_executor.executor.parallel:loop closed
[20.956s] DEBUG:colcon.colcon_parallel_executor.executor.parallel:run_until_complete finished with '0'
[20.957s] DEBUG:colcon.colcon_core.event_reactor:joining thread
[21.036s] INFO:colcon.colcon_core.plugin_system:Skipping extension 'colcon_notification.desktop_notification.notify_send': Could not find 'notify-send'
[21.037s] INFO:colcon.colcon_core.plugin_system:Skipping extension 'colcon_notification.desktop_notification.terminal_notifier': Not used on non-Darwin systems
[21.037s] INFO:colcon.colcon_core.plugin_system:Skipping extension 'colcon_notification.desktop_notification.win32': Not used on non-Windows systems
[21.038s] INFO:colcon.colcon_notification.desktop_notification:Sending desktop notification using 'notify2'
[21.042s] DEBUG:colcon.colcon_notification.desktop_notification.notify2:Failed to initialize notify2: org.freedesktop.DBus.Error.ServiceUnknown: The name org.freedesktop.Notifications was not provided by any .service files
[21.042s] DEBUG:colcon.colcon_core.event_reactor:joined thread
[21.098s] INFO:colcon.colcon_core.shell:Creating prefix script '/home/mike/ros2_ws/install/local_setup.ps1'
[21.101s] INFO:colcon.colcon_core.shell:Creating prefix util module '/home/mike/ros2_ws/install/_local_setup_util_ps1.py'
[21.107s] INFO:colcon.colcon_core.shell:Creating prefix chain script '/home/mike/ros2_ws/install/setup.ps1'
[21.166s] INFO:colcon.colcon_core.shell:Creating prefix script '/home/mike/ros2_ws/install/local_setup.sh'
[21.168s] INFO:colcon.colcon_core.shell:Creating prefix util module '/home/mike/ros2_ws/install/_local_setup_util_sh.py'
[21.171s] INFO:colcon.colcon_core.shell:Creating prefix chain script '/home/mike/ros2_ws/install/setup.sh'
[21.228s] INFO:colcon.colcon_core.shell:Creating prefix script '/home/mike/ros2_ws/install/local_setup.bash'
[21.231s] INFO:colcon.colcon_core.shell:Creating prefix chain script '/home/mike/ros2_ws/install/setup.bash'
[21.286s] INFO:colcon.colcon_core.shell:Creating prefix script '/home/mike/ros2_ws/install/local_setup.zsh'
[21.288s] INFO:colcon.colcon_core.shell:Creating prefix chain script '/home/mike/ros2_ws/install/setup.zsh'
