[3.845s] DEBUG:colcon:Command line arguments: ['/usr/bin/colcon', 'build', '--symlink-install']
[3.846s] DEBUG:colcon:Parsed command line arguments: Namespace(log_base=None, log_level=None, verb_name='build', build_base='build', install_base='install', merge_install=False, symlink_install=True, test_result_base=None, continue_on_error=False, executor='parallel', parallel_workers=4, event_handlers=None, ignore_user_meta=False, metas=['./colcon.meta'], base_paths=['.'], packages_ignore=None, packages_ignore_regex=None, paths=None, packages_up_to=None, packages_up_to_regex=None, packages_above=None, packages_above_and_dependencies=None, packages_above_depth=None, packages_select_by_dep=None, packages_skip_by_dep=None, packages_skip_up_to=None, packages_select_build_failed=False, packages_skip_build_finished=False, packages_select_test_failures=False, packages_skip_test_passed=False, packages_select=None, packages_skip=None, packages_select_regex=None, packages_skip_regex=None, packages_start=None, packages_end=None, allow_overriding=[], cmake_args=None, cmake_target=None, cmake_target_skip_unavailable=False, cmake_clean_cache=False, cmake_clean_first=False, cmake_force_configure=False, ament_cmake_args=None, catkin_cmake_args=None, catkin_skip_building_tests=False, verb_parser=<colcon_defaults.argument_parser.defaults.DefaultArgumentsDecorator object at 0xffff80e8f460>, verb_extension=<colcon_core.verb.build.BuildVerb object at 0xffff811a7160>, main=<bound method BuildVerb.main of <colcon_core.verb.build.BuildVerb object at 0xffff811a7160>>)
[4.035s] Level 1:colcon.colcon_core.package_discovery:discover_packages(colcon_meta) check parameters
[4.035s] Level 1:colcon.colcon_core.package_discovery:discover_packages(recursive) check parameters
[4.035s] Level 1:colcon.colcon_core.package_discovery:discover_packages(ignore) check parameters
[4.036s] Level 1:colcon.colcon_core.package_discovery:discover_packages(path) check parameters
[4.036s] Level 1:colcon.colcon_core.package_discovery:discover_packages(colcon_meta) discover
[4.036s] Level 1:colcon.colcon_core.package_discovery:discover_packages(recursive) discover
[4.036s] INFO:colcon.colcon_core.package_discovery:Crawling recursively for packages in '/home/mike/ros2_ws'
[4.037s] Level 1:colcon.colcon_core.package_identification:_identify(.) by extensions ['ignore', 'ignore_ament_install']
[4.037s] Level 1:colcon.colcon_core.package_identification:_identify(.) by extension 'ignore'
[4.037s] Level 1:colcon.colcon_core.package_identification:_identify(.) by extension 'ignore_ament_install'
[4.038s] Level 1:colcon.colcon_core.package_identification:_identify(.) by extensions ['colcon_pkg']
[4.038s] Level 1:colcon.colcon_core.package_identification:_identify(.) by extension 'colcon_pkg'
[4.038s] Level 1:colcon.colcon_core.package_identification:_identify(.) by extensions ['colcon_meta']
[4.038s] Level 1:colcon.colcon_core.package_identification:_identify(.) by extension 'colcon_meta'
[4.038s] Level 1:colcon.colcon_core.package_identification:_identify(.) by extensions ['ros']
[4.038s] Level 1:colcon.colcon_core.package_identification:_identify(.) by extension 'ros'
[4.084s] Level 1:colcon.colcon_core.package_identification:_identify(.) by extensions ['cmake', 'python']
[4.084s] Level 1:colcon.colcon_core.package_identification:_identify(.) by extension 'cmake'
[4.084s] Level 1:colcon.colcon_core.package_identification:_identify(.) by extension 'python'
[4.084s] Level 1:colcon.colcon_core.package_identification:_identify(.) by extensions ['python_setup_py']
[4.084s] Level 1:colcon.colcon_core.package_identification:_identify(.) by extension 'python_setup_py'
[4.085s] Level 1:colcon.colcon_core.package_identification:_identify(build) by extensions ['ignore', 'ignore_ament_install']
[4.085s] Level 1:colcon.colcon_core.package_identification:_identify(build) by extension 'ignore'
[4.086s] Level 1:colcon.colcon_core.package_identification:_identify(build) ignored
[4.086s] Level 1:colcon.colcon_core.package_identification:_identify(install) by extensions ['ignore', 'ignore_ament_install']
[4.087s] Level 1:colcon.colcon_core.package_identification:_identify(install) by extension 'ignore'
[4.087s] Level 1:colcon.colcon_core.package_identification:_identify(install) ignored
[4.089s] Level 1:colcon.colcon_core.package_identification:_identify(log) by extensions ['ignore', 'ignore_ament_install']
[4.089s] Level 1:colcon.colcon_core.package_identification:_identify(log) by extension 'ignore'
[4.089s] Level 1:colcon.colcon_core.package_identification:_identify(log) ignored
[4.090s] Level 1:colcon.colcon_core.package_identification:_identify(src) by extensions ['ignore', 'ignore_ament_install']
[4.090s] Level 1:colcon.colcon_core.package_identification:_identify(src) by extension 'ignore'
[4.090s] Level 1:colcon.colcon_core.package_identification:_identify(src) by extension 'ignore_ament_install'
[4.091s] Level 1:colcon.colcon_core.package_identification:_identify(src) by extensions ['colcon_pkg']
[4.091s] Level 1:colcon.colcon_core.package_identification:_identify(src) by extension 'colcon_pkg'
[4.091s] Level 1:colcon.colcon_core.package_identification:_identify(src) by extensions ['colcon_meta']
[4.091s] Level 1:colcon.colcon_core.package_identification:_identify(src) by extension 'colcon_meta'
[4.091s] Level 1:colcon.colcon_core.package_identification:_identify(src) by extensions ['ros']
[4.091s] Level 1:colcon.colcon_core.package_identification:_identify(src) by extension 'ros'
[4.092s] Level 1:colcon.colcon_core.package_identification:_identify(src) by extensions ['cmake', 'python']
[4.092s] Level 1:colcon.colcon_core.package_identification:_identify(src) by extension 'cmake'
[4.092s] Level 1:colcon.colcon_core.package_identification:_identify(src) by extension 'python'
[4.092s] Level 1:colcon.colcon_core.package_identification:_identify(src) by extensions ['python_setup_py']
[4.092s] Level 1:colcon.colcon_core.package_identification:_identify(src) by extension 'python_setup_py'
[4.093s] Level 1:colcon.colcon_core.package_identification:_identify(src/log) by extensions ['ignore', 'ignore_ament_install']
[4.093s] Level 1:colcon.colcon_core.package_identification:_identify(src/log) by extension 'ignore'
[4.094s] Level 1:colcon.colcon_core.package_identification:_identify(src/log) ignored
[4.094s] Level 1:colcon.colcon_core.package_identification:_identify(src/robo24_bringup) by extensions ['ignore', 'ignore_ament_install']
[4.094s] Level 1:colcon.colcon_core.package_identification:_identify(src/robo24_bringup) by extension 'ignore'
[4.095s] Level 1:colcon.colcon_core.package_identification:_identify(src/robo24_bringup) by extension 'ignore_ament_install'
[4.095s] Level 1:colcon.colcon_core.package_identification:_identify(src/robo24_bringup) by extensions ['colcon_pkg']
[4.095s] Level 1:colcon.colcon_core.package_identification:_identify(src/robo24_bringup) by extension 'colcon_pkg'
[4.095s] Level 1:colcon.colcon_core.package_identification:_identify(src/robo24_bringup) by extensions ['colcon_meta']
[4.095s] Level 1:colcon.colcon_core.package_identification:_identify(src/robo24_bringup) by extension 'colcon_meta'
[4.095s] Level 1:colcon.colcon_core.package_identification:_identify(src/robo24_bringup) by extensions ['ros']
[4.096s] Level 1:colcon.colcon_core.package_identification:_identify(src/robo24_bringup) by extension 'ros'
[4.104s] DEBUG:colcon.colcon_core.package_identification:Package 'src/robo24_bringup' with type 'ros.ament_python' and name 'robo24_bringup'
[4.105s] Level 1:colcon.colcon_core.package_identification:_identify(src/robo24_localization) by extensions ['ignore', 'ignore_ament_install']
[4.105s] Level 1:colcon.colcon_core.package_identification:_identify(src/robo24_localization) by extension 'ignore'
[4.106s] Level 1:colcon.colcon_core.package_identification:_identify(src/robo24_localization) by extension 'ignore_ament_install'
[4.106s] Level 1:colcon.colcon_core.package_identification:_identify(src/robo24_localization) by extensions ['colcon_pkg']
[4.106s] Level 1:colcon.colcon_core.package_identification:_identify(src/robo24_localization) by extension 'colcon_pkg'
[4.106s] Level 1:colcon.colcon_core.package_identification:_identify(src/robo24_localization) by extensions ['colcon_meta']
[4.106s] Level 1:colcon.colcon_core.package_identification:_identify(src/robo24_localization) by extension 'colcon_meta'
[4.107s] Level 1:colcon.colcon_core.package_identification:_identify(src/robo24_localization) by extensions ['ros']
[4.107s] Level 1:colcon.colcon_core.package_identification:_identify(src/robo24_localization) by extension 'ros'
[4.109s] DEBUG:colcon.colcon_core.package_identification:Package 'src/robo24_localization' with type 'ros.ament_python' and name 'robo24_localization'
[4.109s] Level 1:colcon.colcon_core.package_identification:_identify(src/robo24_nav) by extensions ['ignore', 'ignore_ament_install']
[4.110s] Level 1:colcon.colcon_core.package_identification:_identify(src/robo24_nav) by extension 'ignore'
[4.110s] Level 1:colcon.colcon_core.package_identification:_identify(src/robo24_nav) by extension 'ignore_ament_install'
[4.110s] Level 1:colcon.colcon_core.package_identification:_identify(src/robo24_nav) by extensions ['colcon_pkg']
[4.110s] Level 1:colcon.colcon_core.package_identification:_identify(src/robo24_nav) by extension 'colcon_pkg'
[4.110s] Level 1:colcon.colcon_core.package_identification:_identify(src/robo24_nav) by extensions ['colcon_meta']
[4.110s] Level 1:colcon.colcon_core.package_identification:_identify(src/robo24_nav) by extension 'colcon_meta'
[4.111s] Level 1:colcon.colcon_core.package_identification:_identify(src/robo24_nav) by extensions ['ros']
[4.111s] Level 1:colcon.colcon_core.package_identification:_identify(src/robo24_nav) by extension 'ros'
[4.113s] DEBUG:colcon.colcon_core.package_identification:Package 'src/robo24_nav' with type 'ros.ament_python' and name 'robo24_nav'
[4.113s] Level 1:colcon.colcon_core.package_identification:_identify(src/robo24_wheel_interface) by extensions ['ignore', 'ignore_ament_install']
[4.114s] Level 1:colcon.colcon_core.package_identification:_identify(src/robo24_wheel_interface) by extension 'ignore'
[4.114s] Level 1:colcon.colcon_core.package_identification:_identify(src/robo24_wheel_interface) by extension 'ignore_ament_install'
[4.114s] Level 1:colcon.colcon_core.package_identification:_identify(src/robo24_wheel_interface) by extensions ['colcon_pkg']
[4.114s] Level 1:colcon.colcon_core.package_identification:_identify(src/robo24_wheel_interface) by extension 'colcon_pkg'
[4.115s] Level 1:colcon.colcon_core.package_identification:_identify(src/robo24_wheel_interface) by extensions ['colcon_meta']
[4.115s] Level 1:colcon.colcon_core.package_identification:_identify(src/robo24_wheel_interface) by extension 'colcon_meta'
[4.115s] Level 1:colcon.colcon_core.package_identification:_identify(src/robo24_wheel_interface) by extensions ['ros']
[4.115s] Level 1:colcon.colcon_core.package_identification:_identify(src/robo24_wheel_interface) by extension 'ros'
[4.117s] DEBUG:colcon.colcon_core.package_identification:Package 'src/robo24_wheel_interface' with type 'ros.ament_python' and name 'robo24_wheel_interface'
[4.118s] Level 1:colcon.colcon_core.package_discovery:discover_packages(recursive) using defaults
[4.118s] Level 1:colcon.colcon_core.package_discovery:discover_packages(ignore) discover
[4.118s] Level 1:colcon.colcon_core.package_discovery:discover_packages(ignore) using defaults
[4.118s] Level 1:colcon.colcon_core.package_discovery:discover_packages(path) discover
[4.118s] Level 1:colcon.colcon_core.package_discovery:discover_packages(path) using defaults
[4.462s] Level 1:colcon.colcon_core.package_discovery:discover_packages(prefix_path) check parameters
[4.463s] Level 1:colcon.colcon_core.package_discovery:discover_packages(prefix_path) discover
[4.594s] DEBUG:colcon.colcon_installed_package_information.package_discovery:Found 4 installed packages in /home/mike/ros2_ws/install
[4.655s] DEBUG:colcon.colcon_installed_package_information.package_discovery:Found 253 installed packages in /opt/ros/humble
[4.660s] Level 1:colcon.colcon_core.package_discovery:discover_packages(prefix_path) using defaults
[4.994s] Level 5:colcon.colcon_core.verb:set package 'robo24_bringup' build argument 'cmake_args' from command line to 'None'
[4.994s] Level 5:colcon.colcon_core.verb:set package 'robo24_bringup' build argument 'cmake_target' from command line to 'None'
[4.994s] Level 5:colcon.colcon_core.verb:set package 'robo24_bringup' build argument 'cmake_target_skip_unavailable' from command line to 'False'
[4.995s] Level 5:colcon.colcon_core.verb:set package 'robo24_bringup' build argument 'cmake_clean_cache' from command line to 'False'
[4.995s] Level 5:colcon.colcon_core.verb:set package 'robo24_bringup' build argument 'cmake_clean_first' from command line to 'False'
[4.995s] Level 5:colcon.colcon_core.verb:set package 'robo24_bringup' build argument 'cmake_force_configure' from command line to 'False'
[4.995s] Level 5:colcon.colcon_core.verb:set package 'robo24_bringup' build argument 'ament_cmake_args' from command line to 'None'
[4.995s] Level 5:colcon.colcon_core.verb:set package 'robo24_bringup' build argument 'catkin_cmake_args' from command line to 'None'
[4.995s] Level 5:colcon.colcon_core.verb:set package 'robo24_bringup' build argument 'catkin_skip_building_tests' from command line to 'False'
[4.996s] DEBUG:colcon.colcon_core.verb:Building package 'robo24_bringup' with the following arguments: {'ament_cmake_args': None, 'build_base': '/home/mike/ros2_ws/build/robo24_bringup', 'catkin_cmake_args': None, 'catkin_skip_building_tests': False, 'cmake_args': None, 'cmake_clean_cache': False, 'cmake_clean_first': False, 'cmake_force_configure': False, 'cmake_target': None, 'cmake_target_skip_unavailable': False, 'install_base': '/home/mike/ros2_ws/install/robo24_bringup', 'merge_install': False, 'path': '/home/mike/ros2_ws/src/robo24_bringup', 'symlink_install': True, 'test_result_base': None}
[5.056s] Level 5:colcon.colcon_core.verb:set package 'robo24_localization' build argument 'cmake_args' from command line to 'None'
[5.056s] Level 5:colcon.colcon_core.verb:set package 'robo24_localization' build argument 'cmake_target' from command line to 'None'
[5.056s] Level 5:colcon.colcon_core.verb:set package 'robo24_localization' build argument 'cmake_target_skip_unavailable' from command line to 'False'
[5.056s] Level 5:colcon.colcon_core.verb:set package 'robo24_localization' build argument 'cmake_clean_cache' from command line to 'False'
[5.056s] Level 5:colcon.colcon_core.verb:set package 'robo24_localization' build argument 'cmake_clean_first' from command line to 'False'
[5.056s] Level 5:colcon.colcon_core.verb:set package 'robo24_localization' build argument 'cmake_force_configure' from command line to 'False'
[5.056s] Level 5:colcon.colcon_core.verb:set package 'robo24_localization' build argument 'ament_cmake_args' from command line to 'None'
[5.057s] Level 5:colcon.colcon_core.verb:set package 'robo24_localization' build argument 'catkin_cmake_args' from command line to 'None'
[5.057s] Level 5:colcon.colcon_core.verb:set package 'robo24_localization' build argument 'catkin_skip_building_tests' from command line to 'False'
[5.057s] DEBUG:colcon.colcon_core.verb:Building package 'robo24_localization' with the following arguments: {'ament_cmake_args': None, 'build_base': '/home/mike/ros2_ws/build/robo24_localization', 'catkin_cmake_args': None, 'catkin_skip_building_tests': False, 'cmake_args': None, 'cmake_clean_cache': False, 'cmake_clean_first': False, 'cmake_force_configure': False, 'cmake_target': None, 'cmake_target_skip_unavailable': False, 'install_base': '/home/mike/ros2_ws/install/robo24_localization', 'merge_install': False, 'path': '/home/mike/ros2_ws/src/robo24_localization', 'symlink_install': True, 'test_result_base': None}
[5.111s] Level 5:colcon.colcon_core.verb:set package 'robo24_nav' build argument 'cmake_args' from command line to 'None'
[5.112s] Level 5:colcon.colcon_core.verb:set package 'robo24_nav' build argument 'cmake_target' from command line to 'None'
[5.112s] Level 5:colcon.colcon_core.verb:set package 'robo24_nav' build argument 'cmake_target_skip_unavailable' from command line to 'False'
[5.112s] Level 5:colcon.colcon_core.verb:set package 'robo24_nav' build argument 'cmake_clean_cache' from command line to 'False'
[5.112s] Level 5:colcon.colcon_core.verb:set package 'robo24_nav' build argument 'cmake_clean_first' from command line to 'False'
[5.112s] Level 5:colcon.colcon_core.verb:set package 'robo24_nav' build argument 'cmake_force_configure' from command line to 'False'
[5.112s] Level 5:colcon.colcon_core.verb:set package 'robo24_nav' build argument 'ament_cmake_args' from command line to 'None'
[5.113s] Level 5:colcon.colcon_core.verb:set package 'robo24_nav' build argument 'catkin_cmake_args' from command line to 'None'
[5.113s] Level 5:colcon.colcon_core.verb:set package 'robo24_nav' build argument 'catkin_skip_building_tests' from command line to 'False'
[5.113s] DEBUG:colcon.colcon_core.verb:Building package 'robo24_nav' with the following arguments: {'ament_cmake_args': None, 'build_base': '/home/mike/ros2_ws/build/robo24_nav', 'catkin_cmake_args': None, 'catkin_skip_building_tests': False, 'cmake_args': None, 'cmake_clean_cache': False, 'cmake_clean_first': False, 'cmake_force_configure': False, 'cmake_target': None, 'cmake_target_skip_unavailable': False, 'install_base': '/home/mike/ros2_ws/install/robo24_nav', 'merge_install': False, 'path': '/home/mike/ros2_ws/src/robo24_nav', 'symlink_install': True, 'test_result_base': None}
[5.164s] Level 5:colcon.colcon_core.verb:set package 'robo24_wheel_interface' build argument 'cmake_args' from command line to 'None'
[5.165s] Level 5:colcon.colcon_core.verb:set package 'robo24_wheel_interface' build argument 'cmake_target' from command line to 'None'
[5.165s] Level 5:colcon.colcon_core.verb:set package 'robo24_wheel_interface' build argument 'cmake_target_skip_unavailable' from command line to 'False'
[5.165s] Level 5:colcon.colcon_core.verb:set package 'robo24_wheel_interface' build argument 'cmake_clean_cache' from command line to 'False'
[5.165s] Level 5:colcon.colcon_core.verb:set package 'robo24_wheel_interface' build argument 'cmake_clean_first' from command line to 'False'
[5.165s] Level 5:colcon.colcon_core.verb:set package 'robo24_wheel_interface' build argument 'cmake_force_configure' from command line to 'False'
[5.165s] Level 5:colcon.colcon_core.verb:set package 'robo24_wheel_interface' build argument 'ament_cmake_args' from command line to 'None'
[5.165s] Level 5:colcon.colcon_core.verb:set package 'robo24_wheel_interface' build argument 'catkin_cmake_args' from command line to 'None'
[5.165s] Level 5:colcon.colcon_core.verb:set package 'robo24_wheel_interface' build argument 'catkin_skip_building_tests' from command line to 'False'
[5.166s] DEBUG:colcon.colcon_core.verb:Building package 'robo24_wheel_interface' with the following arguments: {'ament_cmake_args': None, 'build_base': '/home/mike/ros2_ws/build/robo24_wheel_interface', 'catkin_cmake_args': None, 'catkin_skip_building_tests': False, 'cmake_args': None, 'cmake_clean_cache': False, 'cmake_clean_first': False, 'cmake_force_configure': False, 'cmake_target': None, 'cmake_target_skip_unavailable': False, 'install_base': '/home/mike/ros2_ws/install/robo24_wheel_interface', 'merge_install': False, 'path': '/home/mike/ros2_ws/src/robo24_wheel_interface', 'symlink_install': True, 'test_result_base': None}
[5.222s] INFO:colcon.colcon_core.executor:Executing jobs using 'parallel' executor
[5.275s] DEBUG:colcon.colcon_parallel_executor.executor.parallel:run_until_complete
[5.277s] INFO:colcon.colcon_ros.task.ament_python.build:Building ROS package in '/home/mike/ros2_ws/src/robo24_bringup' with build type 'ament_python'
[5.277s] Level 1:colcon.colcon_core.shell:create_environment_hook('robo24_bringup', 'ament_prefix_path')
[5.340s] INFO:colcon.colcon_core.plugin_system:Skipping extension 'colcon_core.shell.bat': Not used on non-Windows systems
[5.341s] INFO:colcon.colcon_core.shell:Creating environment hook '/home/mike/ros2_ws/install/robo24_bringup/share/robo24_bringup/hook/ament_prefix_path.ps1'
[5.344s] INFO:colcon.colcon_core.shell:Creating environment descriptor '/home/mike/ros2_ws/install/robo24_bringup/share/robo24_bringup/hook/ament_prefix_path.dsv'
[5.346s] INFO:colcon.colcon_core.shell:Creating environment hook '/home/mike/ros2_ws/install/robo24_bringup/share/robo24_bringup/hook/ament_prefix_path.sh'
[5.402s] INFO:colcon.colcon_core.shell:Skip shell extension 'powershell' for command environment: Not usable outside of PowerShell
[5.402s] DEBUG:colcon.colcon_core.shell:Skip shell extension 'dsv' for command environment
[5.585s] INFO:colcon.colcon_ros.task.ament_python.build:Building ROS package in '/home/mike/ros2_ws/src/robo24_localization' with build type 'ament_python'
[5.586s] Level 1:colcon.colcon_core.shell:create_environment_hook('robo24_localization', 'ament_prefix_path')
[5.645s] INFO:colcon.colcon_core.shell:Creating environment hook '/home/mike/ros2_ws/install/robo24_localization/share/robo24_localization/hook/ament_prefix_path.ps1'
[5.647s] INFO:colcon.colcon_core.shell:Creating environment descriptor '/home/mike/ros2_ws/install/robo24_localization/share/robo24_localization/hook/ament_prefix_path.dsv'
[5.649s] INFO:colcon.colcon_core.shell:Creating environment hook '/home/mike/ros2_ws/install/robo24_localization/share/robo24_localization/hook/ament_prefix_path.sh'
[5.703s] INFO:colcon.colcon_core.shell:Skip shell extension 'powershell' for command environment: Not usable outside of PowerShell
[5.703s] DEBUG:colcon.colcon_core.shell:Skip shell extension 'dsv' for command environment
[5.878s] INFO:colcon.colcon_ros.task.ament_python.build:Building ROS package in '/home/mike/ros2_ws/src/robo24_nav' with build type 'ament_python'
[5.879s] Level 1:colcon.colcon_core.shell:create_environment_hook('robo24_nav', 'ament_prefix_path')
[5.935s] INFO:colcon.colcon_core.shell:Creating environment hook '/home/mike/ros2_ws/install/robo24_nav/share/robo24_nav/hook/ament_prefix_path.ps1'
[5.937s] INFO:colcon.colcon_core.shell:Creating environment descriptor '/home/mike/ros2_ws/install/robo24_nav/share/robo24_nav/hook/ament_prefix_path.dsv'
[5.939s] INFO:colcon.colcon_core.shell:Creating environment hook '/home/mike/ros2_ws/install/robo24_nav/share/robo24_nav/hook/ament_prefix_path.sh'
[5.996s] INFO:colcon.colcon_core.shell:Skip shell extension 'powershell' for command environment: Not usable outside of PowerShell
[5.996s] DEBUG:colcon.colcon_core.shell:Skip shell extension 'dsv' for command environment
[6.170s] INFO:colcon.colcon_ros.task.ament_python.build:Building ROS package in '/home/mike/ros2_ws/src/robo24_wheel_interface' with build type 'ament_python'
[6.170s] Level 1:colcon.colcon_core.shell:create_environment_hook('robo24_wheel_interface', 'ament_prefix_path')
[6.228s] INFO:colcon.colcon_core.shell:Creating environment hook '/home/mike/ros2_ws/install/robo24_wheel_interface/share/robo24_wheel_interface/hook/ament_prefix_path.ps1'
[6.230s] INFO:colcon.colcon_core.shell:Creating environment descriptor '/home/mike/ros2_ws/install/robo24_wheel_interface/share/robo24_wheel_interface/hook/ament_prefix_path.dsv'
[6.232s] INFO:colcon.colcon_core.shell:Creating environment hook '/home/mike/ros2_ws/install/robo24_wheel_interface/share/robo24_wheel_interface/hook/ament_prefix_path.sh'
[6.288s] INFO:colcon.colcon_core.shell:Skip shell extension 'powershell' for command environment: Not usable outside of PowerShell
[6.289s] DEBUG:colcon.colcon_core.shell:Skip shell extension 'dsv' for command environment
[7.626s] INFO:colcon.colcon_core.task.python.build:Building Python package in '/home/mike/ros2_ws/src/robo24_bringup'
[7.686s] INFO:colcon.colcon_core.shell:Skip shell extension 'powershell' for command environment: Not usable outside of PowerShell
[7.686s] DEBUG:colcon.colcon_core.shell:Skip shell extension 'dsv' for command environment
[9.025s] INFO:colcon.colcon_core.task.python.build:Building Python package in '/home/mike/ros2_ws/src/robo24_localization'
[9.078s] INFO:colcon.colcon_core.shell:Skip shell extension 'powershell' for command environment: Not usable outside of PowerShell
[9.079s] DEBUG:colcon.colcon_core.shell:Skip shell extension 'dsv' for command environment
[10.405s] INFO:colcon.colcon_core.task.python.build:Building Python package in '/home/mike/ros2_ws/src/robo24_nav'
[10.458s] INFO:colcon.colcon_core.shell:Skip shell extension 'powershell' for command environment: Not usable outside of PowerShell
[10.459s] DEBUG:colcon.colcon_core.shell:Skip shell extension 'dsv' for command environment
[11.850s] INFO:colcon.colcon_core.task.python.build:Building Python package in '/home/mike/ros2_ws/src/robo24_wheel_interface'
[11.904s] INFO:colcon.colcon_core.shell:Skip shell extension 'powershell' for command environment: Not usable outside of PowerShell
[11.904s] DEBUG:colcon.colcon_core.shell:Skip shell extension 'dsv' for command environment
[14.506s] DEBUG:colcon.colcon_core.event_handler.log_command:Invoking command in '/home/mike/ros2_ws/build/robo24_wheel_interface': PYTHONPATH=/home/mike/ros2_ws/build/robo24_wheel_interface/prefix_override:/home/mike/ros2_ws/install/robo24_wheel_interface/lib/python3.10/site-packages:${PYTHONPATH} /usr/bin/python3 setup.py develop --editable --build-directory /home/mike/ros2_ws/build/robo24_wheel_interface/build --no-deps install_data
[14.564s] DEBUG:colcon.colcon_core.event_handler.log_command:Invoking command in '/home/mike/ros2_ws/build/robo24_bringup': PYTHONPATH=/home/mike/ros2_ws/build/robo24_bringup/prefix_override:/home/mike/ros2_ws/install/robo24_bringup/lib/python3.10/site-packages:${PYTHONPATH} /usr/bin/python3 setup.py develop --editable --build-directory /home/mike/ros2_ws/build/robo24_bringup/build --no-deps install_data
[14.657s] DEBUG:colcon.colcon_core.event_handler.log_command:Invoking command in '/home/mike/ros2_ws/build/robo24_localization': PYTHONPATH=/home/mike/ros2_ws/build/robo24_localization/prefix_override:/home/mike/ros2_ws/install/robo24_localization/lib/python3.10/site-packages:${PYTHONPATH} /usr/bin/python3 setup.py develop --editable --build-directory /home/mike/ros2_ws/build/robo24_localization/build --no-deps install_data
[15.043s] DEBUG:colcon.colcon_core.event_handler.log_command:Invoking command in '/home/mike/ros2_ws/build/robo24_nav': PYTHONPATH=/home/mike/ros2_ws/build/robo24_nav/prefix_override:/home/mike/ros2_ws/install/robo24_nav/lib/python3.10/site-packages:${PYTHONPATH} /usr/bin/python3 setup.py develop --editable --build-directory /home/mike/ros2_ws/build/robo24_nav/build --no-deps install_data
[17.803s] Level 1:colcon.colcon_core.shell:create_environment_hook('robo24_bringup', 'pythonpath_develop')
[17.807s] DEBUG:colcon.colcon_core.event_handler.log_command:Invoked command in '/home/mike/ros2_ws/build/robo24_bringup' returned '0': PYTHONPATH=/home/mike/ros2_ws/build/robo24_bringup/prefix_override:/home/mike/ros2_ws/install/robo24_bringup/lib/python3.10/site-packages:${PYTHONPATH} /usr/bin/python3 setup.py develop --editable --build-directory /home/mike/ros2_ws/build/robo24_bringup/build --no-deps install_data
[17.909s] INFO:colcon.colcon_core.shell:Creating environment hook '/home/mike/ros2_ws/build/robo24_bringup/share/robo24_bringup/hook/pythonpath_develop.ps1'
[17.912s] INFO:colcon.colcon_core.shell:Creating environment descriptor '/home/mike/ros2_ws/build/robo24_bringup/share/robo24_bringup/hook/pythonpath_develop.dsv'
[17.915s] INFO:colcon.colcon_core.shell:Creating environment hook '/home/mike/ros2_ws/build/robo24_bringup/share/robo24_bringup/hook/pythonpath_develop.sh'
[18.108s] Level 1:colcon.colcon_core.environment:checking '/home/mike/ros2_ws/install/robo24_bringup' for CMake module files
[18.110s] Level 1:colcon.colcon_core.environment:checking '/home/mike/ros2_ws/install/robo24_bringup' for CMake config files
[18.113s] Level 1:colcon.colcon_core.environment:checking '/home/mike/ros2_ws/install/robo24_bringup/lib'
[18.114s] Level 1:colcon.colcon_core.environment:checking '/home/mike/ros2_ws/install/robo24_bringup/bin'
[18.115s] Level 1:colcon.colcon_core.environment:checking '/home/mike/ros2_ws/install/robo24_bringup/lib/pkgconfig/robo24_bringup.pc'
[18.116s] Level 1:colcon.colcon_core.environment:checking '/home/mike/ros2_ws/install/robo24_bringup/lib/python3.10/site-packages'
[18.117s] Level 1:colcon.colcon_core.shell:create_environment_hook('robo24_bringup', 'pythonpath')
[18.212s] INFO:colcon.colcon_core.shell:Creating environment hook '/home/mike/ros2_ws/install/robo24_bringup/share/robo24_bringup/hook/pythonpath.ps1'
[18.216s] INFO:colcon.colcon_core.shell:Creating environment descriptor '/home/mike/ros2_ws/install/robo24_bringup/share/robo24_bringup/hook/pythonpath.dsv'
[18.219s] INFO:colcon.colcon_core.shell:Creating environment hook '/home/mike/ros2_ws/install/robo24_bringup/share/robo24_bringup/hook/pythonpath.sh'
[18.224s] Level 1:colcon.colcon_core.environment:checking '/home/mike/ros2_ws/install/robo24_bringup/bin'
[18.225s] Level 1:colcon.colcon_core.environment:create_environment_scripts_only(robo24_bringup)
[18.348s] INFO:colcon.colcon_core.shell:Creating package script '/home/mike/ros2_ws/install/robo24_bringup/share/robo24_bringup/package.ps1'
[18.352s] INFO:colcon.colcon_core.shell:Creating package descriptor '/home/mike/ros2_ws/install/robo24_bringup/share/robo24_bringup/package.dsv'
[18.356s] INFO:colcon.colcon_core.shell:Creating package script '/home/mike/ros2_ws/install/robo24_bringup/share/robo24_bringup/package.sh'
[18.359s] INFO:colcon.colcon_core.shell:Creating package script '/home/mike/ros2_ws/install/robo24_bringup/share/robo24_bringup/package.bash'
[18.363s] INFO:colcon.colcon_core.shell:Creating package script '/home/mike/ros2_ws/install/robo24_bringup/share/robo24_bringup/package.zsh'
[18.366s] Level 1:colcon.colcon_core.environment:create_file_with_runtime_dependencies(/home/mike/ros2_ws/install/robo24_bringup/share/colcon-core/packages/robo24_bringup)
[18.373s] Level 1:colcon.colcon_core.shell:create_environment_hook('robo24_wheel_interface', 'pythonpath_develop')
[18.377s] DEBUG:colcon.colcon_core.event_handler.log_command:Invoked command in '/home/mike/ros2_ws/build/robo24_wheel_interface' returned '0': PYTHONPATH=/home/mike/ros2_ws/build/robo24_wheel_interface/prefix_override:/home/mike/ros2_ws/install/robo24_wheel_interface/lib/python3.10/site-packages:${PYTHONPATH} /usr/bin/python3 setup.py develop --editable --build-directory /home/mike/ros2_ws/build/robo24_wheel_interface/build --no-deps install_data
[18.443s] INFO:colcon.colcon_core.shell:Creating environment hook '/home/mike/ros2_ws/build/robo24_wheel_interface/share/robo24_wheel_interface/hook/pythonpath_develop.ps1'
[18.445s] INFO:colcon.colcon_core.shell:Creating environment descriptor '/home/mike/ros2_ws/build/robo24_wheel_interface/share/robo24_wheel_interface/hook/pythonpath_develop.dsv'
[18.447s] INFO:colcon.colcon_core.shell:Creating environment hook '/home/mike/ros2_ws/build/robo24_wheel_interface/share/robo24_wheel_interface/hook/pythonpath_develop.sh'
[18.504s] Level 1:colcon.colcon_core.environment:checking '/home/mike/ros2_ws/install/robo24_wheel_interface' for CMake module files
[18.506s] Level 1:colcon.colcon_core.environment:checking '/home/mike/ros2_ws/install/robo24_wheel_interface' for CMake config files
[18.509s] Level 1:colcon.colcon_core.environment:checking '/home/mike/ros2_ws/install/robo24_wheel_interface/lib'
[18.510s] Level 1:colcon.colcon_core.environment:checking '/home/mike/ros2_ws/install/robo24_wheel_interface/bin'
[18.510s] Level 1:colcon.colcon_core.environment:checking '/home/mike/ros2_ws/install/robo24_wheel_interface/lib/pkgconfig/robo24_wheel_interface.pc'
[18.511s] Level 1:colcon.colcon_core.environment:checking '/home/mike/ros2_ws/install/robo24_wheel_interface/lib/python3.10/site-packages'
[18.511s] Level 1:colcon.colcon_core.shell:create_environment_hook('robo24_wheel_interface', 'pythonpath')
[18.565s] INFO:colcon.colcon_core.shell:Creating environment hook '/home/mike/ros2_ws/install/robo24_wheel_interface/share/robo24_wheel_interface/hook/pythonpath.ps1'
[18.567s] INFO:colcon.colcon_core.shell:Creating environment descriptor '/home/mike/ros2_ws/install/robo24_wheel_interface/share/robo24_wheel_interface/hook/pythonpath.dsv'
[18.569s] INFO:colcon.colcon_core.shell:Creating environment hook '/home/mike/ros2_ws/install/robo24_wheel_interface/share/robo24_wheel_interface/hook/pythonpath.sh'
[18.572s] Level 1:colcon.colcon_core.environment:checking '/home/mike/ros2_ws/install/robo24_wheel_interface/bin'
[18.572s] Level 1:colcon.colcon_core.environment:create_environment_scripts_only(robo24_wheel_interface)
[18.624s] INFO:colcon.colcon_core.shell:Creating package script '/home/mike/ros2_ws/install/robo24_wheel_interface/share/robo24_wheel_interface/package.ps1'
[18.627s] INFO:colcon.colcon_core.shell:Creating package descriptor '/home/mike/ros2_ws/install/robo24_wheel_interface/share/robo24_wheel_interface/package.dsv'
[18.629s] INFO:colcon.colcon_core.shell:Creating package script '/home/mike/ros2_ws/install/robo24_wheel_interface/share/robo24_wheel_interface/package.sh'
[18.632s] INFO:colcon.colcon_core.shell:Creating package script '/home/mike/ros2_ws/install/robo24_wheel_interface/share/robo24_wheel_interface/package.bash'
[18.634s] INFO:colcon.colcon_core.shell:Creating package script '/home/mike/ros2_ws/install/robo24_wheel_interface/share/robo24_wheel_interface/package.zsh'
[18.636s] Level 1:colcon.colcon_core.environment:create_file_with_runtime_dependencies(/home/mike/ros2_ws/install/robo24_wheel_interface/share/colcon-core/packages/robo24_wheel_interface)
[18.638s] Level 1:colcon.colcon_core.shell:create_environment_hook('robo24_localization', 'pythonpath_develop')
[18.642s] DEBUG:colcon.colcon_core.event_handler.log_command:Invoked command in '/home/mike/ros2_ws/build/robo24_localization' returned '0': PYTHONPATH=/home/mike/ros2_ws/build/robo24_localization/prefix_override:/home/mike/ros2_ws/install/robo24_localization/lib/python3.10/site-packages:${PYTHONPATH} /usr/bin/python3 setup.py develop --editable --build-directory /home/mike/ros2_ws/build/robo24_localization/build --no-deps install_data
[18.699s] INFO:colcon.colcon_core.shell:Creating environment hook '/home/mike/ros2_ws/build/robo24_localization/share/robo24_localization/hook/pythonpath_develop.ps1'
[18.701s] INFO:colcon.colcon_core.shell:Creating environment descriptor '/home/mike/ros2_ws/build/robo24_localization/share/robo24_localization/hook/pythonpath_develop.dsv'
[18.703s] INFO:colcon.colcon_core.shell:Creating environment hook '/home/mike/ros2_ws/build/robo24_localization/share/robo24_localization/hook/pythonpath_develop.sh'
[18.759s] Level 1:colcon.colcon_core.environment:checking '/home/mike/ros2_ws/install/robo24_localization' for CMake module files
[18.761s] Level 1:colcon.colcon_core.environment:checking '/home/mike/ros2_ws/install/robo24_localization' for CMake config files
[18.764s] Level 1:colcon.colcon_core.environment:checking '/home/mike/ros2_ws/install/robo24_localization/lib'
[18.765s] Level 1:colcon.colcon_core.environment:checking '/home/mike/ros2_ws/install/robo24_localization/bin'
[18.765s] Level 1:colcon.colcon_core.environment:checking '/home/mike/ros2_ws/install/robo24_localization/lib/pkgconfig/robo24_localization.pc'
[18.766s] Level 1:colcon.colcon_core.environment:checking '/home/mike/ros2_ws/install/robo24_localization/lib/python3.10/site-packages'
[18.766s] Level 1:colcon.colcon_core.shell:create_environment_hook('robo24_localization', 'pythonpath')
[18.817s] INFO:colcon.colcon_core.shell:Creating environment hook '/home/mike/ros2_ws/install/robo24_localization/share/robo24_localization/hook/pythonpath.ps1'
[18.819s] INFO:colcon.colcon_core.shell:Creating environment descriptor '/home/mike/ros2_ws/install/robo24_localization/share/robo24_localization/hook/pythonpath.dsv'
[18.821s] INFO:colcon.colcon_core.shell:Creating environment hook '/home/mike/ros2_ws/install/robo24_localization/share/robo24_localization/hook/pythonpath.sh'
[18.824s] Level 1:colcon.colcon_core.environment:checking '/home/mike/ros2_ws/install/robo24_localization/bin'
[18.824s] Level 1:colcon.colcon_core.environment:create_environment_scripts_only(robo24_localization)
[18.878s] INFO:colcon.colcon_core.shell:Creating package script '/home/mike/ros2_ws/install/robo24_localization/share/robo24_localization/package.ps1'
[18.881s] INFO:colcon.colcon_core.shell:Creating package descriptor '/home/mike/ros2_ws/install/robo24_localization/share/robo24_localization/package.dsv'
[18.884s] INFO:colcon.colcon_core.shell:Creating package script '/home/mike/ros2_ws/install/robo24_localization/share/robo24_localization/package.sh'
[18.887s] INFO:colcon.colcon_core.shell:Creating package script '/home/mike/ros2_ws/install/robo24_localization/share/robo24_localization/package.bash'
[18.889s] INFO:colcon.colcon_core.shell:Creating package script '/home/mike/ros2_ws/install/robo24_localization/share/robo24_localization/package.zsh'
[18.890s] Level 1:colcon.colcon_core.environment:create_file_with_runtime_dependencies(/home/mike/ros2_ws/install/robo24_localization/share/colcon-core/packages/robo24_localization)
[18.891s] Level 1:colcon.colcon_core.shell:create_environment_hook('robo24_nav', 'pythonpath_develop')
[18.896s] DEBUG:colcon.colcon_core.event_handler.log_command:Invoked command in '/home/mike/ros2_ws/build/robo24_nav' returned '0': PYTHONPATH=/home/mike/ros2_ws/build/robo24_nav/prefix_override:/home/mike/ros2_ws/install/robo24_nav/lib/python3.10/site-packages:${PYTHONPATH} /usr/bin/python3 setup.py develop --editable --build-directory /home/mike/ros2_ws/build/robo24_nav/build --no-deps install_data
[18.952s] INFO:colcon.colcon_core.shell:Creating environment hook '/home/mike/ros2_ws/build/robo24_nav/share/robo24_nav/hook/pythonpath_develop.ps1'
[18.954s] INFO:colcon.colcon_core.shell:Creating environment descriptor '/home/mike/ros2_ws/build/robo24_nav/share/robo24_nav/hook/pythonpath_develop.dsv'
[18.955s] INFO:colcon.colcon_core.shell:Creating environment hook '/home/mike/ros2_ws/build/robo24_nav/share/robo24_nav/hook/pythonpath_develop.sh'
[19.008s] Level 1:colcon.colcon_core.environment:checking '/home/mike/ros2_ws/install/robo24_nav' for CMake module files
[19.010s] Level 1:colcon.colcon_core.environment:checking '/home/mike/ros2_ws/install/robo24_nav' for CMake config files
[19.013s] Level 1:colcon.colcon_core.environment:checking '/home/mike/ros2_ws/install/robo24_nav/lib'
[19.014s] Level 1:colcon.colcon_core.environment:checking '/home/mike/ros2_ws/install/robo24_nav/bin'
[19.014s] Level 1:colcon.colcon_core.environment:checking '/home/mike/ros2_ws/install/robo24_nav/lib/pkgconfig/robo24_nav.pc'
[19.015s] Level 1:colcon.colcon_core.environment:checking '/home/mike/ros2_ws/install/robo24_nav/lib/python3.10/site-packages'
[19.015s] Level 1:colcon.colcon_core.shell:create_environment_hook('robo24_nav', 'pythonpath')
[19.067s] INFO:colcon.colcon_core.shell:Creating environment hook '/home/mike/ros2_ws/install/robo24_nav/share/robo24_nav/hook/pythonpath.ps1'
[19.069s] INFO:colcon.colcon_core.shell:Creating environment descriptor '/home/mike/ros2_ws/install/robo24_nav/share/robo24_nav/hook/pythonpath.dsv'
[19.071s] INFO:colcon.colcon_core.shell:Creating environment hook '/home/mike/ros2_ws/install/robo24_nav/share/robo24_nav/hook/pythonpath.sh'
[19.074s] Level 1:colcon.colcon_core.environment:checking '/home/mike/ros2_ws/install/robo24_nav/bin'
[19.074s] Level 1:colcon.colcon_core.environment:create_environment_scripts_only(robo24_nav)
[19.131s] INFO:colcon.colcon_core.shell:Creating package script '/home/mike/ros2_ws/install/robo24_nav/share/robo24_nav/package.ps1'
[19.134s] INFO:colcon.colcon_core.shell:Creating package descriptor '/home/mike/ros2_ws/install/robo24_nav/share/robo24_nav/package.dsv'
[19.137s] INFO:colcon.colcon_core.shell:Creating package script '/home/mike/ros2_ws/install/robo24_nav/share/robo24_nav/package.sh'
[19.139s] INFO:colcon.colcon_core.shell:Creating package script '/home/mike/ros2_ws/install/robo24_nav/share/robo24_nav/package.bash'
[19.141s] INFO:colcon.colcon_core.shell:Creating package script '/home/mike/ros2_ws/install/robo24_nav/share/robo24_nav/package.zsh'
[19.142s] Level 1:colcon.colcon_core.environment:create_file_with_runtime_dependencies(/home/mike/ros2_ws/install/robo24_nav/share/colcon-core/packages/robo24_nav)
[19.144s] DEBUG:colcon.colcon_parallel_executor.executor.parallel:closing loop
[19.145s] DEBUG:colcon.colcon_parallel_executor.executor.parallel:loop closed
[19.145s] DEBUG:colcon.colcon_parallel_executor.executor.parallel:run_until_complete finished with '0'
[19.146s] DEBUG:colcon.colcon_core.event_reactor:joining thread
[19.221s] INFO:colcon.colcon_core.plugin_system:Skipping extension 'colcon_notification.desktop_notification.notify_send': Could not find 'notify-send'
[19.221s] INFO:colcon.colcon_core.plugin_system:Skipping extension 'colcon_notification.desktop_notification.terminal_notifier': Not used on non-Darwin systems
[19.221s] INFO:colcon.colcon_core.plugin_system:Skipping extension 'colcon_notification.desktop_notification.win32': Not used on non-Windows systems
[19.222s] INFO:colcon.colcon_notification.desktop_notification:Sending desktop notification using 'notify2'
[19.224s] DEBUG:colcon.colcon_notification.desktop_notification.notify2:Failed to initialize notify2: org.freedesktop.DBus.Error.ServiceUnknown: The name org.freedesktop.Notifications was not provided by any .service files
[19.225s] DEBUG:colcon.colcon_core.event_reactor:joined thread
[19.279s] INFO:colcon.colcon_core.shell:Creating prefix script '/home/mike/ros2_ws/install/local_setup.ps1'
[19.282s] INFO:colcon.colcon_core.shell:Creating prefix util module '/home/mike/ros2_ws/install/_local_setup_util_ps1.py'
[19.288s] INFO:colcon.colcon_core.shell:Creating prefix chain script '/home/mike/ros2_ws/install/setup.ps1'
[19.346s] INFO:colcon.colcon_core.shell:Creating prefix script '/home/mike/ros2_ws/install/local_setup.sh'
[19.349s] INFO:colcon.colcon_core.shell:Creating prefix util module '/home/mike/ros2_ws/install/_local_setup_util_sh.py'
[19.351s] INFO:colcon.colcon_core.shell:Creating prefix chain script '/home/mike/ros2_ws/install/setup.sh'
[19.409s] INFO:colcon.colcon_core.shell:Creating prefix script '/home/mike/ros2_ws/install/local_setup.bash'
[19.411s] INFO:colcon.colcon_core.shell:Creating prefix chain script '/home/mike/ros2_ws/install/setup.bash'
[19.466s] INFO:colcon.colcon_core.shell:Creating prefix script '/home/mike/ros2_ws/install/local_setup.zsh'
[19.468s] INFO:colcon.colcon_core.shell:Creating prefix chain script '/home/mike/ros2_ws/install/setup.zsh'
