[9.594s] Invoking command in '/home/mike/ros2_ws/build/robo24_bringup': PYTHONPATH=/home/mike/ros2_ws/build/robo24_bringup/prefix_override:/home/mike/ros2_ws/install/robo24_bringup/lib/python3.10/site-packages:${PYTHONPATH} /usr/bin/python3 setup.py develop --editable --build-directory /home/mike/ros2_ws/build/robo24_bringup/build --no-deps install_data
[11.728s] running develop
[13.082s] running egg_info
[13.083s] creating robo24_bringup.egg-info
[13.090s] writing robo24_bringup.egg-info/PKG-INFO
[13.090s] writing dependency_links to robo24_bringup.egg-info/dependency_links.txt
[13.093s] writing entry points to robo24_bringup.egg-info/entry_points.txt
[13.095s] writing requirements to robo24_bringup.egg-info/requires.txt
[13.110s] writing top-level names to robo24_bringup.egg-info/top_level.txt
[13.113s] writing manifest file 'robo24_bringup.egg-info/SOURCES.txt'
[13.127s] reading manifest file 'robo24_bringup.egg-info/SOURCES.txt'
[13.133s] writing manifest file 'robo24_bringup.egg-info/SOURCES.txt'
[13.135s] running build_ext
[13.137s] Creating /home/mike/ros2_ws/install/robo24_bringup/lib/python3.10/site-packages/robo24-bringup.egg-link (link to .)
[13.138s] 
[13.140s] Installed /home/mike/ros2_ws/build/robo24_bringup
[13.141s] running install_data
[13.143s] creating /home/mike/ros2_ws/install/robo24_bringup/share/ament_index
[13.165s] creating /home/mike/ros2_ws/install/robo24_bringup/share/ament_index/resource_index
[13.167s] creating /home/mike/ros2_ws/install/robo24_bringup/share/ament_index/resource_index/packages
[13.168s] copying resource/robo24_bringup -> /home/mike/ros2_ws/install/robo24_bringup/share/ament_index/resource_index/packages
[13.170s] copying package.xml -> /home/mike/ros2_ws/install/robo24_bringup/share/robo24_bringup
[13.172s] creating /home/mike/ros2_ws/install/robo24_bringup/share/robo24_bringup/launch
[13.174s] copying launch/robo24_bringup_launch.py -> /home/mike/ros2_ws/install/robo24_bringup/share/robo24_bringup/launch
