[4.741s] Invoking command in '/home/mike/ros2_ws/build/robo24_stuff': PYTHONPATH=/home/mike/ros2_ws/build/robo24_stuff/prefix_override:/home/mike/ros2_ws/install/robo24_stuff/lib/python3.10/site-packages:${PYTHONPATH} /usr/bin/python3 setup.py develop --editable --build-directory /home/mike/ros2_ws/build/robo24_stuff/build --no-deps install_data
[5.939s] running develop
[6.596s] running egg_info
[6.596s] writing robo24_stuff.egg-info/PKG-INFO
[6.597s] writing dependency_links to robo24_stuff.egg-info/dependency_links.txt
[6.598s] writing entry points to robo24_stuff.egg-info/entry_points.txt
[6.599s] writing requirements to robo24_stuff.egg-info/requires.txt
[6.600s] writing top-level names to robo24_stuff.egg-info/top_level.txt
[6.609s] reading manifest file 'robo24_stuff.egg-info/SOURCES.txt'
[6.613s] writing manifest file 'robo24_stuff.egg-info/SOURCES.txt'
[6.619s] running build_ext
[6.620s] Creating /home/mike/ros2_ws/install/robo24_stuff/lib/python3.10/site-packages/robo24-stuff.egg-link (link to .)
[6.624s] Installing openmv_serial_node script to /home/mike/ros2_ws/install/robo24_stuff/lib/robo24_stuff
[6.625s] Installing robo24_can_xy_node script to /home/mike/ros2_ws/install/robo24_stuff/lib/robo24_stuff
[6.625s] Installing robo24_diynav_node script to /home/mike/ros2_ws/install/robo24_stuff/lib/robo24_stuff
[6.626s] Installing robo24_diyslam_node script to /home/mike/ros2_ws/install/robo24_stuff/lib/robo24_stuff
[6.627s] Installing robo24_imu_serial_node script to /home/mike/ros2_ws/install/robo24_stuff/lib/robo24_stuff
[6.628s] Installing robo24_teleop_node script to /home/mike/ros2_ws/install/robo24_stuff/lib/robo24_stuff
[6.629s] Installing robo24_wheel_controller_node script to /home/mike/ros2_ws/install/robo24_stuff/lib/robo24_stuff
[6.630s] Installing sensor_serial_node script to /home/mike/ros2_ws/install/robo24_stuff/lib/robo24_stuff
[6.632s] 
[6.632s] Installed /home/mike/ros2_ws/build/robo24_stuff
[6.633s] running install_data
[6.766s] Invoked command in '/home/mike/ros2_ws/build/robo24_stuff' returned '0': PYTHONPATH=/home/mike/ros2_ws/build/robo24_stuff/prefix_override:/home/mike/ros2_ws/install/robo24_stuff/lib/python3.10/site-packages:${PYTHONPATH} /usr/bin/python3 setup.py develop --editable --build-directory /home/mike/ros2_ws/build/robo24_stuff/build --no-deps install_data
