[6.454s] Invoking command in '/home/mike/ros2_ws/build/robo24_stuff': PYTHONPATH=/home/mike/ros2_ws/build/robo24_stuff/prefix_override:/home/mike/ros2_ws/install/robo24_stuff/lib/python3.10/site-packages:${PYTHONPATH} /usr/bin/python3 setup.py develop --editable --build-directory /home/mike/ros2_ws/build/robo24_stuff/build --no-deps install_data
[7.843s] running develop
[8.753s] running egg_info
[8.754s] writing robo24_stuff.egg-info/PKG-INFO
[8.755s] writing dependency_links to robo24_stuff.egg-info/dependency_links.txt
[8.756s] writing entry points to robo24_stuff.egg-info/entry_points.txt
[8.757s] writing requirements to robo24_stuff.egg-info/requires.txt
[8.758s] writing top-level names to robo24_stuff.egg-info/top_level.txt
[8.768s] reading manifest file 'robo24_stuff.egg-info/SOURCES.txt'
[8.771s] writing manifest file 'robo24_stuff.egg-info/SOURCES.txt'
[8.778s] running build_ext
[8.779s] Creating /home/mike/ros2_ws/install/robo24_stuff/lib/python3.10/site-packages/robo24-stuff.egg-link (link to .)
[8.784s] Installing openmv_serial_node script to /home/mike/ros2_ws/install/robo24_stuff/lib/robo24_stuff
[8.785s] Installing robo24_can_xy_node script to /home/mike/ros2_ws/install/robo24_stuff/lib/robo24_stuff
[8.786s] Installing robo24_diynav_node script to /home/mike/ros2_ws/install/robo24_stuff/lib/robo24_stuff
[8.787s] Installing robo24_diyslam_node script to /home/mike/ros2_ws/install/robo24_stuff/lib/robo24_stuff
[8.788s] Installing robo24_imu_serial_node script to /home/mike/ros2_ws/install/robo24_stuff/lib/robo24_stuff
[8.789s] Installing robo24_teleop_node script to /home/mike/ros2_ws/install/robo24_stuff/lib/robo24_stuff
[8.790s] Installing robo24_wheel_controller_node script to /home/mike/ros2_ws/install/robo24_stuff/lib/robo24_stuff
[8.794s] Installing sensor_serial_node script to /home/mike/ros2_ws/install/robo24_stuff/lib/robo24_stuff
[8.795s] 
[8.796s] Installed /home/mike/ros2_ws/build/robo24_stuff
[8.798s] running install_data
[8.963s] Invoked command in '/home/mike/ros2_ws/build/robo24_stuff' returned '0': PYTHONPATH=/home/mike/ros2_ws/build/robo24_stuff/prefix_override:/home/mike/ros2_ws/install/robo24_stuff/lib/python3.10/site-packages:${PYTHONPATH} /usr/bin/python3 setup.py develop --editable --build-directory /home/mike/ros2_ws/build/robo24_stuff/build --no-deps install_data
