[8.495s] Invoking command in '/home/mike/ros2_ws/src/robo24_wheel_interface': PYTHONPATH=/home/mike/ros2_ws/build/robo24_wheel_interface/prefix_override:/home/mike/ros2_ws/install/robo24_wheel_interface/lib/python3.10/site-packages:${PYTHONPATH} /usr/bin/python3 setup.py egg_info --egg-base ../../build/robo24_wheel_interface build --build-base /home/mike/ros2_ws/build/robo24_wheel_interface/build install --record /home/mike/ros2_ws/build/robo24_wheel_interface/install.log --single-version-externally-managed
[10.188s] running egg_info
[10.193s] writing ../../build/robo24_wheel_interface/robo24_wheel_interface.egg-info/PKG-INFO
[10.198s] writing dependency_links to ../../build/robo24_wheel_interface/robo24_wheel_interface.egg-info/dependency_links.txt
[10.204s] writing entry points to ../../build/robo24_wheel_interface/robo24_wheel_interface.egg-info/entry_points.txt
[10.209s] writing requirements to ../../build/robo24_wheel_interface/robo24_wheel_interface.egg-info/requires.txt
[10.213s] writing top-level names to ../../build/robo24_wheel_interface/robo24_wheel_interface.egg-info/top_level.txt
[10.228s] reading manifest file '../../build/robo24_wheel_interface/robo24_wheel_interface.egg-info/SOURCES.txt'
[10.236s] writing manifest file '../../build/robo24_wheel_interface/robo24_wheel_interface.egg-info/SOURCES.txt'
[10.243s] running build
[10.245s] running build_py
[10.251s] running install
[10.255s] running install_lib
[10.266s] running install_data
[10.271s] running install_egg_info
[10.283s] removing '/home/mike/ros2_ws/install/robo24_wheel_interface/lib/python3.10/site-packages/robo24_wheel_interface-0.0.0-py3.10.egg-info' (and everything under it)
[10.287s] Copying ../../build/robo24_wheel_interface/robo24_wheel_interface.egg-info to /home/mike/ros2_ws/install/robo24_wheel_interface/lib/python3.10/site-packages/robo24_wheel_interface-0.0.0-py3.10.egg-info
[10.305s] running install_scripts
[10.526s] Installing robo24_diynav_node script to /home/mike/ros2_ws/install/robo24_wheel_interface/lib/robo24_wheel_interface
[10.527s] Installing robo24_teleop_node script to /home/mike/ros2_ws/install/robo24_wheel_interface/lib/robo24_wheel_interface
[10.529s] Installing robo24_wheel_controller_node script to /home/mike/ros2_ws/install/robo24_wheel_interface/lib/robo24_wheel_interface
[10.531s] writing list of installed files to '/home/mike/ros2_ws/build/robo24_wheel_interface/install.log'
[11.013s] Invoked command in '/home/mike/ros2_ws/src/robo24_wheel_interface' returned '0': PYTHONPATH=/home/mike/ros2_ws/build/robo24_wheel_interface/prefix_override:/home/mike/ros2_ws/install/robo24_wheel_interface/lib/python3.10/site-packages:${PYTHONPATH} /usr/bin/python3 setup.py egg_info --egg-base ../../build/robo24_wheel_interface build --build-base /home/mike/ros2_ws/build/robo24_wheel_interface/build install --record /home/mike/ros2_ws/build/robo24_wheel_interface/install.log --single-version-externally-managed
