[9.256s] Invoking command in '/home/mike/ros2_ws/build/robo24_nav': PYTHONPATH=/home/mike/ros2_ws/build/robo24_nav/prefix_override:/home/mike/ros2_ws/install/robo24_nav/lib/python3.10/site-packages:${PYTHONPATH} /usr/bin/python3 setup.py develop --editable --build-directory /home/mike/ros2_ws/build/robo24_nav/build --no-deps install_data
[12.811s] running develop
[14.601s] running egg_info
[14.602s] creating robo24_nav.egg-info
[14.604s] writing robo24_nav.egg-info/PKG-INFO
[14.605s] writing dependency_links to robo24_nav.egg-info/dependency_links.txt
[14.606s] writing entry points to robo24_nav.egg-info/entry_points.txt
[14.606s] writing requirements to robo24_nav.egg-info/requires.txt
[14.608s] writing top-level names to robo24_nav.egg-info/top_level.txt
[14.609s] writing manifest file 'robo24_nav.egg-info/SOURCES.txt'
[14.616s] reading manifest file 'robo24_nav.egg-info/SOURCES.txt'
[14.620s] writing manifest file 'robo24_nav.egg-info/SOURCES.txt'
[14.629s] running build_ext
[14.630s] Creating /home/mike/ros2_ws/install/robo24_nav/lib/python3.10/site-packages/robo24-nav.egg-link (link to .)
[14.635s] Installing robo24_nav_simple_node script to /home/mike/ros2_ws/install/robo24_nav/lib/robo24_nav
[14.637s] 
[14.641s] Installed /home/mike/ros2_ws/build/robo24_nav
[14.642s] running install_data
[14.645s] creating /home/mike/ros2_ws/install/robo24_nav/share/ament_index
[14.650s] creating /home/mike/ros2_ws/install/robo24_nav/share/ament_index/resource_index
[14.654s] creating /home/mike/ros2_ws/install/robo24_nav/share/ament_index/resource_index/packages
[14.659s] copying resource/robo24_nav -> /home/mike/ros2_ws/install/robo24_nav/share/ament_index/resource_index/packages
[14.662s] copying package.xml -> /home/mike/ros2_ws/install/robo24_nav/share/robo24_nav
