[4.053s] Invoking command in '/home/mike/ros2_ws/build/robo24_stuff': PYTHONPATH=/home/mike/ros2_ws/build/robo24_stuff/prefix_override:/home/mike/ros2_ws/install/robo24_stuff/lib/python3.10/site-packages:${PYTHONPATH} /usr/bin/python3 setup.py develop --editable --build-directory /home/mike/ros2_ws/build/robo24_stuff/build --no-deps install_data
[5.411s] running develop
[6.066s] running egg_info
[6.067s] writing robo24_stuff.egg-info/PKG-INFO
[6.068s] writing dependency_links to robo24_stuff.egg-info/dependency_links.txt
[6.069s] writing entry points to robo24_stuff.egg-info/entry_points.txt
[6.070s] writing requirements to robo24_stuff.egg-info/requires.txt
[6.071s] writing top-level names to robo24_stuff.egg-info/top_level.txt
[6.078s] reading manifest file 'robo24_stuff.egg-info/SOURCES.txt'
[6.082s] writing manifest file 'robo24_stuff.egg-info/SOURCES.txt'
[6.089s] running build_ext
[6.089s] Creating /home/mike/ros2_ws/install/robo24_stuff/lib/python3.10/site-packages/robo24-stuff.egg-link (link to .)
[6.093s] Installing openmv_serial_node script to /home/mike/ros2_ws/install/robo24_stuff/lib/robo24_stuff
[6.094s] Installing robo24_can_xy_node script to /home/mike/ros2_ws/install/robo24_stuff/lib/robo24_stuff
[6.095s] Installing robo24_diynav_node script to /home/mike/ros2_ws/install/robo24_stuff/lib/robo24_stuff
[6.096s] Installing robo24_diyslam_node script to /home/mike/ros2_ws/install/robo24_stuff/lib/robo24_stuff
[6.097s] Installing robo24_imu_serial_node script to /home/mike/ros2_ws/install/robo24_stuff/lib/robo24_stuff
[6.098s] Installing robo24_teleop_node script to /home/mike/ros2_ws/install/robo24_stuff/lib/robo24_stuff
[6.099s] Installing robo24_watch_serial_node script to /home/mike/ros2_ws/install/robo24_stuff/lib/robo24_stuff
[6.100s] Installing robo24_wheel_controller_node script to /home/mike/ros2_ws/install/robo24_stuff/lib/robo24_stuff
[6.101s] Installing sensor_serial_node script to /home/mike/ros2_ws/install/robo24_stuff/lib/robo24_stuff
[6.102s] 
[6.103s] Installed /home/mike/ros2_ws/build/robo24_stuff
[6.103s] running install_data
[6.241s] Invoked command in '/home/mike/ros2_ws/build/robo24_stuff' returned '0': PYTHONPATH=/home/mike/ros2_ws/build/robo24_stuff/prefix_override:/home/mike/ros2_ws/install/robo24_stuff/lib/python3.10/site-packages:${PYTHONPATH} /usr/bin/python3 setup.py develop --editable --build-directory /home/mike/ros2_ws/build/robo24_stuff/build --no-deps install_data
