[2.232s] Invoking command in '/home/mike/ros2_ws/build/robo24_interfaces': CMAKE_PREFIX_PATH=${CMAKE_PREFIX_PATH}:/home/mike/ros2_ws/install/robo24_stuff:/home/mike/ros2_ws/install/robo24_nav:/home/mike/ros2_ws/install/robo24_localization:/home/mike/ros2_ws/install/robo24_bringup:/opt/ros/humble /usr/bin/cmake --build /home/mike/ros2_ws/build/robo24_interfaces -- -j4 -l4
[4.171s] [  3%] Built target robo24_interfaces__cpp
[4.171s] [ 12%] Built target robo24_interfaces__rosidl_generator_c
[4.172s] [ 12%] Built target ament_cmake_python_symlink_robo24_interfaces
[4.172s] [ 22%] Built target robo24_interfaces__rosidl_typesupport_cpp
[4.172s] [ 32%] Built target robo24_interfaces__rosidl_typesupport_introspection_cpp
[4.179s] [ 41%] Built target robo24_interfaces__rosidl_typesupport_fastrtps_cpp
[4.180s] [ 51%] Built target robo24_interfaces__rosidl_typesupport_fastrtps_c
[4.181s] [ 61%] Built target robo24_interfaces__rosidl_typesupport_introspection_c
[4.181s] [ 70%] Built target robo24_interfaces__rosidl_typesupport_c
[4.181s] [ 70%] Built target robo24_interfaces
[4.182s] [ 74%] Built target robo24_interfaces__py
[4.182s] [ 80%] Built target robo24_interfaces__rosidl_generator_py
[4.182s] [ 87%] Built target robo24_interfaces__rosidl_typesupport_fastrtps_c__pyext
[4.183s] [ 93%] Built target robo24_interfaces__rosidl_typesupport_introspection_c__pyext
[4.183s] [100%] Built target robo24_interfaces__rosidl_typesupport_c__pyext
[4.184s] running egg_info
[4.184s] writing robo24_interfaces.egg-info/PKG-INFO
[4.185s] writing dependency_links to robo24_interfaces.egg-info/dependency_links.txt
[4.185s] writing top-level names to robo24_interfaces.egg-info/top_level.txt
[4.186s] reading manifest file 'robo24_interfaces.egg-info/SOURCES.txt'
[4.186s] writing manifest file 'robo24_interfaces.egg-info/SOURCES.txt'
[4.200s] [100%] Built target ament_cmake_python_build_robo24_interfaces_egg
[5.654s] Invoked command in '/home/mike/ros2_ws/build/robo24_interfaces' returned '0': CMAKE_PREFIX_PATH=${CMAKE_PREFIX_PATH}:/home/mike/ros2_ws/install/robo24_stuff:/home/mike/ros2_ws/install/robo24_nav:/home/mike/ros2_ws/install/robo24_localization:/home/mike/ros2_ws/install/robo24_bringup:/opt/ros/humble /usr/bin/cmake --build /home/mike/ros2_ws/build/robo24_interfaces -- -j4 -l4
[6.188s] Invoking command in '/home/mike/ros2_ws/build/robo24_interfaces': CMAKE_PREFIX_PATH=${CMAKE_PREFIX_PATH}:/home/mike/ros2_ws/install/robo24_stuff:/home/mike/ros2_ws/install/robo24_nav:/home/mike/ros2_ws/install/robo24_localization:/home/mike/ros2_ws/install/robo24_bringup:/opt/ros/humble /usr/bin/cmake --install /home/mike/ros2_ws/build/robo24_interfaces
[6.235s] -- Install configuration: ""
[6.239s] -- Execute custom install script
[6.244s] -- Up-to-date symlink: /home/mike/ros2_ws/install/robo24_interfaces/share/ament_index/resource_index/rosidl_interfaces/robo24_interfaces
[6.249s] -- Up-to-date symlink: /home/mike/ros2_ws/install/robo24_interfaces/include/robo24_interfaces/robo24_interfaces/msg/rosidl_generator_c__visibility_control.h
[6.252s] -- Up-to-date symlink: /home/mike/ros2_ws/install/robo24_interfaces/include/robo24_interfaces/robo24_interfaces/srv/claw.h
[6.255s] -- Up-to-date symlink: /home/mike/ros2_ws/install/robo24_interfaces/include/robo24_interfaces/robo24_interfaces/srv/detail/claw__functions.h
[6.258s] -- Up-to-date symlink: /home/mike/ros2_ws/install/robo24_interfaces/include/robo24_interfaces/robo24_interfaces/srv/detail/claw__struct.h
[6.261s] -- Up-to-date symlink: /home/mike/ros2_ws/install/robo24_interfaces/include/robo24_interfaces/robo24_interfaces/srv/detail/claw__type_support.h
[6.264s] -- Up-to-date symlink: /home/mike/ros2_ws/install/robo24_interfaces/share/robo24_interfaces/environment/library_path.sh
[6.267s] -- Up-to-date symlink: /home/mike/ros2_ws/install/robo24_interfaces/share/robo24_interfaces/environment/library_path.dsv
[6.272s] -- Up-to-date symlink: /home/mike/ros2_ws/install/robo24_interfaces/include/robo24_interfaces/robo24_interfaces/msg/rosidl_typesupport_fastrtps_c__visibility_control.h
[6.275s] -- Up-to-date symlink: /home/mike/ros2_ws/install/robo24_interfaces/include/robo24_interfaces/robo24_interfaces/srv/detail/claw__rosidl_typesupport_fastrtps_c.h
[6.280s] -- Up-to-date symlink: /home/mike/ros2_ws/install/robo24_interfaces/include/robo24_interfaces/robo24_interfaces/msg/rosidl_typesupport_introspection_c__visibility_control.h
[6.283s] -- Up-to-date symlink: /home/mike/ros2_ws/install/robo24_interfaces/include/robo24_interfaces/robo24_interfaces/srv/detail/claw__rosidl_typesupport_introspection_c.h
[6.288s] -- Up-to-date symlink: /home/mike/ros2_ws/install/robo24_interfaces/include/robo24_interfaces/robo24_interfaces/srv/claw.hpp
[6.291s] -- Up-to-date symlink: /home/mike/ros2_ws/install/robo24_interfaces/include/robo24_interfaces/robo24_interfaces/srv/detail/claw__builder.hpp
[6.293s] -- Up-to-date symlink: /home/mike/ros2_ws/install/robo24_interfaces/include/robo24_interfaces/robo24_interfaces/srv/detail/claw__struct.hpp
[6.296s] -- Up-to-date symlink: /home/mike/ros2_ws/install/robo24_interfaces/include/robo24_interfaces/robo24_interfaces/srv/detail/claw__traits.hpp
[6.302s] -- Up-to-date symlink: /home/mike/ros2_ws/install/robo24_interfaces/include/robo24_interfaces/robo24_interfaces/msg/rosidl_typesupport_fastrtps_cpp__visibility_control.h
[6.305s] -- Up-to-date symlink: /home/mike/ros2_ws/install/robo24_interfaces/include/robo24_interfaces/robo24_interfaces/srv/detail/claw__rosidl_typesupport_fastrtps_cpp.hpp
[6.309s] -- Up-to-date symlink: /home/mike/ros2_ws/install/robo24_interfaces/include/robo24_interfaces/robo24_interfaces/srv/detail/claw__rosidl_typesupport_introspection_cpp.hpp
[6.312s] -- Up-to-date symlink: /home/mike/ros2_ws/install/robo24_interfaces/share/robo24_interfaces/environment/pythonpath.sh
[6.314s] -- Up-to-date symlink: /home/mike/ros2_ws/install/robo24_interfaces/share/robo24_interfaces/environment/pythonpath.dsv
[6.318s] -- Up-to-date symlink: /home/mike/ros2_ws/install/robo24_interfaces/local/lib/python3.10/dist-packages/robo24_interfaces-0.0.0-py3.10.egg-info/PKG-INFO
[6.321s] -- Up-to-date symlink: /home/mike/ros2_ws/install/robo24_interfaces/local/lib/python3.10/dist-packages/robo24_interfaces-0.0.0-py3.10.egg-info/SOURCES.txt
[6.323s] -- Up-to-date symlink: /home/mike/ros2_ws/install/robo24_interfaces/local/lib/python3.10/dist-packages/robo24_interfaces-0.0.0-py3.10.egg-info/dependency_links.txt
[6.326s] -- Up-to-date symlink: /home/mike/ros2_ws/install/robo24_interfaces/local/lib/python3.10/dist-packages/robo24_interfaces-0.0.0-py3.10.egg-info/top_level.txt
[6.333s] -- Up-to-date symlink: /home/mike/ros2_ws/install/robo24_interfaces/local/lib/python3.10/dist-packages/robo24_interfaces/__init__.py
[6.336s] -- Up-to-date symlink: /home/mike/ros2_ws/install/robo24_interfaces/local/lib/python3.10/dist-packages/robo24_interfaces/_robo24_interfaces_s.ep.rosidl_typesupport_c.c
[6.338s] -- Up-to-date symlink: /home/mike/ros2_ws/install/robo24_interfaces/local/lib/python3.10/dist-packages/robo24_interfaces/_robo24_interfaces_s.ep.rosidl_typesupport_fastrtps_c.c
[6.341s] -- Up-to-date symlink: /home/mike/ros2_ws/install/robo24_interfaces/local/lib/python3.10/dist-packages/robo24_interfaces/_robo24_interfaces_s.ep.rosidl_typesupport_introspection_c.c
[6.344s] -- Up-to-date symlink: /home/mike/ros2_ws/install/robo24_interfaces/local/lib/python3.10/dist-packages/robo24_interfaces/librobo24_interfaces__rosidl_generator_py.so
[6.347s] -- Up-to-date symlink: /home/mike/ros2_ws/install/robo24_interfaces/local/lib/python3.10/dist-packages/robo24_interfaces/robo24_interfaces_s__rosidl_typesupport_c.cpython-310-aarch64-linux-gnu.so
[6.350s] -- Up-to-date symlink: /home/mike/ros2_ws/install/robo24_interfaces/local/lib/python3.10/dist-packages/robo24_interfaces/robo24_interfaces_s__rosidl_typesupport_fastrtps_c.cpython-310-aarch64-linux-gnu.so
[6.352s] -- Up-to-date symlink: /home/mike/ros2_ws/install/robo24_interfaces/local/lib/python3.10/dist-packages/robo24_interfaces/robo24_interfaces_s__rosidl_typesupport_introspection_c.cpython-310-aarch64-linux-gnu.so
[6.355s] -- Up-to-date symlink: /home/mike/ros2_ws/install/robo24_interfaces/local/lib/python3.10/dist-packages/robo24_interfaces/srv/__init__.py
[6.358s] -- Up-to-date symlink: /home/mike/ros2_ws/install/robo24_interfaces/local/lib/python3.10/dist-packages/robo24_interfaces/srv/_claw.py
[6.361s] -- Up-to-date symlink: /home/mike/ros2_ws/install/robo24_interfaces/local/lib/python3.10/dist-packages/robo24_interfaces/srv/_claw_s.c
[6.365s] -- Up-to-date symlink: /home/mike/ros2_ws/install/robo24_interfaces/local/lib/python3.10/dist-packages/robo24_interfaces/robo24_interfaces_s__rosidl_typesupport_fastrtps_c.cpython-310-aarch64-linux-gnu.so
[6.369s] -- Up-to-date symlink: /home/mike/ros2_ws/install/robo24_interfaces/local/lib/python3.10/dist-packages/robo24_interfaces/robo24_interfaces_s__rosidl_typesupport_introspection_c.cpython-310-aarch64-linux-gnu.so
[6.373s] -- Up-to-date symlink: /home/mike/ros2_ws/install/robo24_interfaces/local/lib/python3.10/dist-packages/robo24_interfaces/robo24_interfaces_s__rosidl_typesupport_c.cpython-310-aarch64-linux-gnu.so
[6.376s] -- Up-to-date symlink: /home/mike/ros2_ws/install/robo24_interfaces/share/robo24_interfaces/srv/Claw.idl
[6.379s] -- Up-to-date symlink: /home/mike/ros2_ws/install/robo24_interfaces/share/robo24_interfaces/srv/Claw.srv
[6.381s] -- Up-to-date symlink: /home/mike/ros2_ws/install/robo24_interfaces/share/robo24_interfaces/srv/Claw_Request.msg
[6.385s] -- Up-to-date symlink: /home/mike/ros2_ws/install/robo24_interfaces/share/robo24_interfaces/srv/Claw_Response.msg
[6.388s] -- Up-to-date symlink: /home/mike/ros2_ws/install/robo24_interfaces/share/ament_index/resource_index/package_run_dependencies/robo24_interfaces
[6.391s] -- Up-to-date symlink: /home/mike/ros2_ws/install/robo24_interfaces/share/ament_index/resource_index/parent_prefix_path/robo24_interfaces
[6.402s] -- Up-to-date symlink: /home/mike/ros2_ws/install/robo24_interfaces/share/robo24_interfaces/environment/ament_prefix_path.sh
[6.405s] -- Up-to-date symlink: /home/mike/ros2_ws/install/robo24_interfaces/share/robo24_interfaces/environment/ament_prefix_path.dsv
[6.408s] -- Up-to-date symlink: /home/mike/ros2_ws/install/robo24_interfaces/share/robo24_interfaces/environment/path.sh
[6.412s] -- Up-to-date symlink: /home/mike/ros2_ws/install/robo24_interfaces/share/robo24_interfaces/environment/path.dsv
[6.415s] -- Up-to-date symlink: /home/mike/ros2_ws/install/robo24_interfaces/share/robo24_interfaces/local_setup.bash
[6.418s] -- Up-to-date symlink: /home/mike/ros2_ws/install/robo24_interfaces/share/robo24_interfaces/local_setup.sh
[6.421s] -- Up-to-date symlink: /home/mike/ros2_ws/install/robo24_interfaces/share/robo24_interfaces/local_setup.zsh
[6.424s] -- Up-to-date symlink: /home/mike/ros2_ws/install/robo24_interfaces/share/robo24_interfaces/local_setup.dsv
[6.427s] -- Symlinking: /home/mike/ros2_ws/install/robo24_interfaces/share/robo24_interfaces/package.dsv
[6.473s] -- Up-to-date symlink: /home/mike/ros2_ws/install/robo24_interfaces/share/ament_index/resource_index/packages/robo24_interfaces
[6.476s] -- Up-to-date symlink: /home/mike/ros2_ws/install/robo24_interfaces/share/robo24_interfaces/cmake/rosidl_cmake-extras.cmake
[6.477s] -- Up-to-date symlink: /home/mike/ros2_ws/install/robo24_interfaces/share/robo24_interfaces/cmake/ament_cmake_export_include_directories-extras.cmake
[6.478s] -- Up-to-date symlink: /home/mike/ros2_ws/install/robo24_interfaces/share/robo24_interfaces/cmake/ament_cmake_export_libraries-extras.cmake
[6.479s] -- Up-to-date symlink: /home/mike/ros2_ws/install/robo24_interfaces/share/robo24_interfaces/cmake/ament_cmake_export_targets-extras.cmake
[6.481s] -- Up-to-date symlink: /home/mike/ros2_ws/install/robo24_interfaces/share/robo24_interfaces/cmake/rosidl_cmake_export_typesupport_targets-extras.cmake
[6.489s] -- Up-to-date symlink: /home/mike/ros2_ws/install/robo24_interfaces/share/robo24_interfaces/cmake/ament_cmake_export_dependencies-extras.cmake
[6.491s] -- Up-to-date symlink: /home/mike/ros2_ws/install/robo24_interfaces/share/robo24_interfaces/cmake/rosidl_cmake_export_typesupport_libraries-extras.cmake
[6.492s] -- Up-to-date symlink: /home/mike/ros2_ws/install/robo24_interfaces/share/robo24_interfaces/cmake/robo24_interfacesConfig.cmake
[6.494s] -- Up-to-date symlink: /home/mike/ros2_ws/install/robo24_interfaces/share/robo24_interfaces/cmake/robo24_interfacesConfig-version.cmake
[6.495s] -- Up-to-date symlink: /home/mike/ros2_ws/install/robo24_interfaces/share/robo24_interfaces/package.xml
[6.502s] -- Up-to-date: /home/mike/ros2_ws/install/robo24_interfaces/lib/librobo24_interfaces__rosidl_generator_c.so
[6.504s] -- Up-to-date: /home/mike/ros2_ws/install/robo24_interfaces/lib/librobo24_interfaces__rosidl_typesupport_fastrtps_c.so
[6.510s] -- Up-to-date: /home/mike/ros2_ws/install/robo24_interfaces/lib/librobo24_interfaces__rosidl_typesupport_introspection_c.so
[6.512s] -- Up-to-date: /home/mike/ros2_ws/install/robo24_interfaces/lib/librobo24_interfaces__rosidl_typesupport_c.so
[6.519s] -- Up-to-date: /home/mike/ros2_ws/install/robo24_interfaces/lib/librobo24_interfaces__rosidl_typesupport_fastrtps_cpp.so
[6.524s] -- Up-to-date: /home/mike/ros2_ws/install/robo24_interfaces/lib/librobo24_interfaces__rosidl_typesupport_introspection_cpp.so
[6.529s] -- Up-to-date: /home/mike/ros2_ws/install/robo24_interfaces/lib/librobo24_interfaces__rosidl_typesupport_cpp.so
[6.752s] Listing '/home/mike/ros2_ws/install/robo24_interfaces/local/lib/python3.10/dist-packages/robo24_interfaces'...
[6.753s] Listing '/home/mike/ros2_ws/install/robo24_interfaces/local/lib/python3.10/dist-packages/robo24_interfaces/srv'...
[6.787s] -- Up-to-date: /home/mike/ros2_ws/install/robo24_interfaces/lib/librobo24_interfaces__rosidl_generator_py.so
[6.789s] -- Up-to-date: /home/mike/ros2_ws/install/robo24_interfaces/share/robo24_interfaces/cmake/export_robo24_interfaces__rosidl_generator_cExport.cmake
[6.790s] -- Up-to-date: /home/mike/ros2_ws/install/robo24_interfaces/share/robo24_interfaces/cmake/export_robo24_interfaces__rosidl_generator_cExport-noconfig.cmake
[6.791s] -- Up-to-date: /home/mike/ros2_ws/install/robo24_interfaces/share/robo24_interfaces/cmake/export_robo24_interfaces__rosidl_typesupport_fastrtps_cExport.cmake
[6.792s] -- Up-to-date: /home/mike/ros2_ws/install/robo24_interfaces/share/robo24_interfaces/cmake/export_robo24_interfaces__rosidl_typesupport_fastrtps_cExport-noconfig.cmake
[6.793s] -- Up-to-date: /home/mike/ros2_ws/install/robo24_interfaces/share/robo24_interfaces/cmake/robo24_interfaces__rosidl_typesupport_introspection_cExport.cmake
[6.794s] -- Up-to-date: /home/mike/ros2_ws/install/robo24_interfaces/share/robo24_interfaces/cmake/robo24_interfaces__rosidl_typesupport_introspection_cExport-noconfig.cmake
[6.794s] -- Up-to-date: /home/mike/ros2_ws/install/robo24_interfaces/share/robo24_interfaces/cmake/robo24_interfaces__rosidl_typesupport_cExport.cmake
[6.795s] -- Up-to-date: /home/mike/ros2_ws/install/robo24_interfaces/share/robo24_interfaces/cmake/robo24_interfaces__rosidl_typesupport_cExport-noconfig.cmake
[6.796s] -- Up-to-date: /home/mike/ros2_ws/install/robo24_interfaces/share/robo24_interfaces/cmake/export_robo24_interfaces__rosidl_generator_cppExport.cmake
[6.797s] -- Up-to-date: /home/mike/ros2_ws/install/robo24_interfaces/share/robo24_interfaces/cmake/export_robo24_interfaces__rosidl_typesupport_fastrtps_cppExport.cmake
[6.798s] -- Up-to-date: /home/mike/ros2_ws/install/robo24_interfaces/share/robo24_interfaces/cmake/export_robo24_interfaces__rosidl_typesupport_fastrtps_cppExport-noconfig.cmake
[6.803s] -- Up-to-date: /home/mike/ros2_ws/install/robo24_interfaces/share/robo24_interfaces/cmake/robo24_interfaces__rosidl_typesupport_introspection_cppExport.cmake
[6.804s] -- Up-to-date: /home/mike/ros2_ws/install/robo24_interfaces/share/robo24_interfaces/cmake/robo24_interfaces__rosidl_typesupport_introspection_cppExport-noconfig.cmake
[6.811s] -- Up-to-date: /home/mike/ros2_ws/install/robo24_interfaces/share/robo24_interfaces/cmake/robo24_interfaces__rosidl_typesupport_cppExport.cmake
[6.811s] -- Up-to-date: /home/mike/ros2_ws/install/robo24_interfaces/share/robo24_interfaces/cmake/robo24_interfaces__rosidl_typesupport_cppExport-noconfig.cmake
[6.812s] -- Up-to-date: /home/mike/ros2_ws/install/robo24_interfaces/share/robo24_interfaces/cmake/export_robo24_interfaces__rosidl_generator_pyExport.cmake
[6.812s] -- Up-to-date: /home/mike/ros2_ws/install/robo24_interfaces/share/robo24_interfaces/cmake/export_robo24_interfaces__rosidl_generator_pyExport-noconfig.cmake
[6.825s] Invoked command in '/home/mike/ros2_ws/build/robo24_interfaces' returned '0': CMAKE_PREFIX_PATH=${CMAKE_PREFIX_PATH}:/home/mike/ros2_ws/install/robo24_stuff:/home/mike/ros2_ws/install/robo24_nav:/home/mike/ros2_ws/install/robo24_localization:/home/mike/ros2_ws/install/robo24_bringup:/opt/ros/humble /usr/bin/cmake --install /home/mike/ros2_ws/build/robo24_interfaces
