running develop
Removing /home/mike/ros2_ws/install/robo24_localization/lib/python3.10/site-packages/robo24-localization.egg-link (link to .)
running egg_info
writing ../../build/robo24_localization/robo24_localization.egg-info/PKG-INFO
writing dependency_links to ../../build/robo24_localization/robo24_localization.egg-info/dependency_links.txt
writing entry points to ../../build/robo24_localization/robo24_localization.egg-info/entry_points.txt
writing requirements to ../../build/robo24_localization/robo24_localization.egg-info/requires.txt
writing top-level names to ../../build/robo24_localization/robo24_localization.egg-info/top_level.txt
reading manifest file '../../build/robo24_localization/robo24_localization.egg-info/SOURCES.txt'
writing manifest file '../../build/robo24_localization/robo24_localization.egg-info/SOURCES.txt'
running build
running build_py
creating /home/mike/ros2_ws/build/robo24_localization/build
creating /home/mike/ros2_ws/build/robo24_localization/build/lib
creating /home/mike/ros2_ws/build/robo24_localization/build/lib/robo24_localization
copying robo24_localization/__init__.py -> /home/mike/ros2_ws/build/robo24_localization/build/lib/robo24_localization
running install
running install_lib
creating /home/mike/ros2_ws/install/robo24_localization/lib/python3.10/site-packages/robo24_localization
copying /home/mike/ros2_ws/build/robo24_localization/build/lib/robo24_localization/__init__.py -> /home/mike/ros2_ws/install/robo24_localization/lib/python3.10/site-packages/robo24_localization
byte-compiling /home/mike/ros2_ws/install/robo24_localization/lib/python3.10/site-packages/robo24_localization/__init__.py to __init__.cpython-310.pyc
running install_data
running install_egg_info
Copying ../../build/robo24_localization/robo24_localization.egg-info to /home/mike/ros2_ws/install/robo24_localization/lib/python3.10/site-packages/robo24_localization-0.0.0-py3.10.egg-info
running install_scripts
writing list of installed files to '/home/mike/ros2_ws/build/robo24_localization/install.log'
