[10.301s] Invoking command in '/home/mike/ros2_ws/build/robo24_localization': PYTHONPATH=/home/mike/ros2_ws/build/robo24_localization/prefix_override:/home/mike/ros2_ws/install/robo24_localization/lib/python3.10/site-packages:${PYTHONPATH} /usr/bin/python3 setup.py develop --uninstall --editable --build-directory /home/mike/ros2_ws/build/robo24_localization/build
[13.730s] running develop
[15.427s] Removing /home/mike/ros2_ws/install/robo24_localization/lib/python3.10/site-packages/robo24-localization.egg-link (link to .)
[18.906s] Invoked command in '/home/mike/ros2_ws/build/robo24_localization' returned '0': PYTHONPATH=/home/mike/ros2_ws/build/robo24_localization/prefix_override:/home/mike/ros2_ws/install/robo24_localization/lib/python3.10/site-packages:${PYTHONPATH} /usr/bin/python3 setup.py develop --uninstall --editable --build-directory /home/mike/ros2_ws/build/robo24_localization/build
[18.908s] Invoking command in '/home/mike/ros2_ws/src/robo24_localization': PYTHONPATH=/home/mike/ros2_ws/build/robo24_localization/prefix_override:/home/mike/ros2_ws/install/robo24_localization/lib/python3.10/site-packages:${PYTHONPATH} /usr/bin/python3 setup.py egg_info --egg-base ../../build/robo24_localization build --build-base /home/mike/ros2_ws/build/robo24_localization/build install --record /home/mike/ros2_ws/build/robo24_localization/install.log --single-version-externally-managed
[22.403s] running egg_info
[22.404s] writing ../../build/robo24_localization/robo24_localization.egg-info/PKG-INFO
[22.420s] writing dependency_links to ../../build/robo24_localization/robo24_localization.egg-info/dependency_links.txt
[22.421s] writing entry points to ../../build/robo24_localization/robo24_localization.egg-info/entry_points.txt
[22.422s] writing requirements to ../../build/robo24_localization/robo24_localization.egg-info/requires.txt
[22.422s] writing top-level names to ../../build/robo24_localization/robo24_localization.egg-info/top_level.txt
[22.423s] reading manifest file '../../build/robo24_localization/robo24_localization.egg-info/SOURCES.txt'
[22.425s] writing manifest file '../../build/robo24_localization/robo24_localization.egg-info/SOURCES.txt'
[22.428s] running build
[22.430s] running build_py
[22.436s] creating /home/mike/ros2_ws/build/robo24_localization/build
[22.437s] creating /home/mike/ros2_ws/build/robo24_localization/build/lib
[22.437s] creating /home/mike/ros2_ws/build/robo24_localization/build/lib/robo24_localization
[22.438s] copying robo24_localization/__init__.py -> /home/mike/ros2_ws/build/robo24_localization/build/lib/robo24_localization
[22.438s] running install
[22.439s] running install_lib
[22.440s] creating /home/mike/ros2_ws/install/robo24_localization/lib/python3.10/site-packages/robo24_localization
[22.486s] copying /home/mike/ros2_ws/build/robo24_localization/build/lib/robo24_localization/__init__.py -> /home/mike/ros2_ws/install/robo24_localization/lib/python3.10/site-packages/robo24_localization
[22.487s] byte-compiling /home/mike/ros2_ws/install/robo24_localization/lib/python3.10/site-packages/robo24_localization/__init__.py to __init__.cpython-310.pyc
[22.488s] running install_data
[22.489s] running install_egg_info
[22.489s] Copying ../../build/robo24_localization/robo24_localization.egg-info to /home/mike/ros2_ws/install/robo24_localization/lib/python3.10/site-packages/robo24_localization-0.0.0-py3.10.egg-info
[22.490s] running install_scripts
[22.583s] writing list of installed files to '/home/mike/ros2_ws/build/robo24_localization/install.log'
[22.853s] Invoked command in '/home/mike/ros2_ws/src/robo24_localization' returned '0': PYTHONPATH=/home/mike/ros2_ws/build/robo24_localization/prefix_override:/home/mike/ros2_ws/install/robo24_localization/lib/python3.10/site-packages:${PYTHONPATH} /usr/bin/python3 setup.py egg_info --egg-base ../../build/robo24_localization build --build-base /home/mike/ros2_ws/build/robo24_localization/build install --record /home/mike/ros2_ws/build/robo24_localization/install.log --single-version-externally-managed
