[3.832s] DEBUG:colcon:Command line arguments: ['/usr/bin/colcon', 'build', '--symlink-install']
[3.833s] DEBUG:colcon:Parsed command line arguments: Namespace(log_base=None, log_level=None, verb_name='build', build_base='build', install_base='install', merge_install=False, symlink_install=True, test_result_base=None, continue_on_error=False, executor='parallel', parallel_workers=4, event_handlers=None, ignore_user_meta=False, metas=['./colcon.meta'], base_paths=['.'], packages_ignore=None, packages_ignore_regex=None, paths=None, packages_up_to=None, packages_up_to_regex=None, packages_above=None, packages_above_and_dependencies=None, packages_above_depth=None, packages_select_by_dep=None, packages_skip_by_dep=None, packages_skip_up_to=None, packages_select_build_failed=False, packages_skip_build_finished=False, packages_select_test_failures=False, packages_skip_test_passed=False, packages_select=None, packages_skip=None, packages_select_regex=None, packages_skip_regex=None, packages_start=None, packages_end=None, allow_overriding=[], cmake_args=None, cmake_target=None, cmake_target_skip_unavailable=False, cmake_clean_cache=False, cmake_clean_first=False, cmake_force_configure=False, ament_cmake_args=None, catkin_cmake_args=None, catkin_skip_building_tests=False, verb_parser=<colcon_defaults.argument_parser.defaults.DefaultArgumentsDecorator object at 0xffffa20de3b0>, verb_extension=<colcon_core.verb.build.BuildVerb object at 0xffffa20b4e50>, main=<bound method BuildVerb.main of <colcon_core.verb.build.BuildVerb object at 0xffffa20b4e50>>)
[4.015s] Level 1:colcon.colcon_core.package_discovery:discover_packages(colcon_meta) check parameters
[4.015s] Level 1:colcon.colcon_core.package_discovery:discover_packages(recursive) check parameters
[4.016s] Level 1:colcon.colcon_core.package_discovery:discover_packages(ignore) check parameters
[4.016s] Level 1:colcon.colcon_core.package_discovery:discover_packages(path) check parameters
[4.016s] Level 1:colcon.colcon_core.package_discovery:discover_packages(colcon_meta) discover
[4.016s] Level 1:colcon.colcon_core.package_discovery:discover_packages(recursive) discover
[4.016s] INFO:colcon.colcon_core.package_discovery:Crawling recursively for packages in '/home/mike/ros2_ws'
[4.017s] Level 1:colcon.colcon_core.package_identification:_identify(.) by extensions ['ignore', 'ignore_ament_install']
[4.017s] Level 1:colcon.colcon_core.package_identification:_identify(.) by extension 'ignore'
[4.017s] Level 1:colcon.colcon_core.package_identification:_identify(.) by extension 'ignore_ament_install'
[4.018s] Level 1:colcon.colcon_core.package_identification:_identify(.) by extensions ['colcon_pkg']
[4.018s] Level 1:colcon.colcon_core.package_identification:_identify(.) by extension 'colcon_pkg'
[4.018s] Level 1:colcon.colcon_core.package_identification:_identify(.) by extensions ['colcon_meta']
[4.018s] Level 1:colcon.colcon_core.package_identification:_identify(.) by extension 'colcon_meta'
[4.018s] Level 1:colcon.colcon_core.package_identification:_identify(.) by extensions ['ros']
[4.018s] Level 1:colcon.colcon_core.package_identification:_identify(.) by extension 'ros'
[4.064s] Level 1:colcon.colcon_core.package_identification:_identify(.) by extensions ['cmake', 'python']
[4.064s] Level 1:colcon.colcon_core.package_identification:_identify(.) by extension 'cmake'
[4.065s] Level 1:colcon.colcon_core.package_identification:_identify(.) by extension 'python'
[4.065s] Level 1:colcon.colcon_core.package_identification:_identify(.) by extensions ['python_setup_py']
[4.065s] Level 1:colcon.colcon_core.package_identification:_identify(.) by extension 'python_setup_py'
[4.066s] Level 1:colcon.colcon_core.package_identification:_identify(build) by extensions ['ignore', 'ignore_ament_install']
[4.066s] Level 1:colcon.colcon_core.package_identification:_identify(build) by extension 'ignore'
[4.067s] Level 1:colcon.colcon_core.package_identification:_identify(build) ignored
[4.067s] Level 1:colcon.colcon_core.package_identification:_identify(install) by extensions ['ignore', 'ignore_ament_install']
[4.068s] Level 1:colcon.colcon_core.package_identification:_identify(install) by extension 'ignore'
[4.068s] Level 1:colcon.colcon_core.package_identification:_identify(install) ignored
[4.071s] Level 1:colcon.colcon_core.package_identification:_identify(log) by extensions ['ignore', 'ignore_ament_install']
[4.071s] Level 1:colcon.colcon_core.package_identification:_identify(log) by extension 'ignore'
[4.071s] Level 1:colcon.colcon_core.package_identification:_identify(log) ignored
[4.072s] Level 1:colcon.colcon_core.package_identification:_identify(src) by extensions ['ignore', 'ignore_ament_install']
[4.072s] Level 1:colcon.colcon_core.package_identification:_identify(src) by extension 'ignore'
[4.072s] Level 1:colcon.colcon_core.package_identification:_identify(src) by extension 'ignore_ament_install'
[4.073s] Level 1:colcon.colcon_core.package_identification:_identify(src) by extensions ['colcon_pkg']
[4.073s] Level 1:colcon.colcon_core.package_identification:_identify(src) by extension 'colcon_pkg'
[4.073s] Level 1:colcon.colcon_core.package_identification:_identify(src) by extensions ['colcon_meta']
[4.073s] Level 1:colcon.colcon_core.package_identification:_identify(src) by extension 'colcon_meta'
[4.073s] Level 1:colcon.colcon_core.package_identification:_identify(src) by extensions ['ros']
[4.073s] Level 1:colcon.colcon_core.package_identification:_identify(src) by extension 'ros'
[4.074s] Level 1:colcon.colcon_core.package_identification:_identify(src) by extensions ['cmake', 'python']
[4.074s] Level 1:colcon.colcon_core.package_identification:_identify(src) by extension 'cmake'
[4.074s] Level 1:colcon.colcon_core.package_identification:_identify(src) by extension 'python'
[4.074s] Level 1:colcon.colcon_core.package_identification:_identify(src) by extensions ['python_setup_py']
[4.074s] Level 1:colcon.colcon_core.package_identification:_identify(src) by extension 'python_setup_py'
[4.075s] Level 1:colcon.colcon_core.package_identification:_identify(src/log) by extensions ['ignore', 'ignore_ament_install']
[4.075s] Level 1:colcon.colcon_core.package_identification:_identify(src/log) by extension 'ignore'
[4.075s] Level 1:colcon.colcon_core.package_identification:_identify(src/log) ignored
[4.076s] Level 1:colcon.colcon_core.package_identification:_identify(src/robo24_bringup) by extensions ['ignore', 'ignore_ament_install']
[4.076s] Level 1:colcon.colcon_core.package_identification:_identify(src/robo24_bringup) by extension 'ignore'
[4.076s] Level 1:colcon.colcon_core.package_identification:_identify(src/robo24_bringup) by extension 'ignore_ament_install'
[4.077s] Level 1:colcon.colcon_core.package_identification:_identify(src/robo24_bringup) by extensions ['colcon_pkg']
[4.077s] Level 1:colcon.colcon_core.package_identification:_identify(src/robo24_bringup) by extension 'colcon_pkg'
[4.077s] Level 1:colcon.colcon_core.package_identification:_identify(src/robo24_bringup) by extensions ['colcon_meta']
[4.077s] Level 1:colcon.colcon_core.package_identification:_identify(src/robo24_bringup) by extension 'colcon_meta'
[4.077s] Level 1:colcon.colcon_core.package_identification:_identify(src/robo24_bringup) by extensions ['ros']
[4.077s] Level 1:colcon.colcon_core.package_identification:_identify(src/robo24_bringup) by extension 'ros'
[4.086s] DEBUG:colcon.colcon_core.package_identification:Package 'src/robo24_bringup' with type 'ros.ament_python' and name 'robo24_bringup'
[4.086s] Level 1:colcon.colcon_core.package_identification:_identify(src/robo24_interfaces) by extensions ['ignore', 'ignore_ament_install']
[4.087s] Level 1:colcon.colcon_core.package_identification:_identify(src/robo24_interfaces) by extension 'ignore'
[4.087s] Level 1:colcon.colcon_core.package_identification:_identify(src/robo24_interfaces) by extension 'ignore_ament_install'
[4.087s] Level 1:colcon.colcon_core.package_identification:_identify(src/robo24_interfaces) by extensions ['colcon_pkg']
[4.087s] Level 1:colcon.colcon_core.package_identification:_identify(src/robo24_interfaces) by extension 'colcon_pkg'
[4.087s] Level 1:colcon.colcon_core.package_identification:_identify(src/robo24_interfaces) by extensions ['colcon_meta']
[4.088s] Level 1:colcon.colcon_core.package_identification:_identify(src/robo24_interfaces) by extension 'colcon_meta'
[4.088s] Level 1:colcon.colcon_core.package_identification:_identify(src/robo24_interfaces) by extensions ['ros']
[4.088s] Level 1:colcon.colcon_core.package_identification:_identify(src/robo24_interfaces) by extension 'ros'
[4.090s] DEBUG:colcon.colcon_core.package_identification:Package 'src/robo24_interfaces' with type 'ros.ament_cmake' and name 'robo24_interfaces'
[4.091s] Level 1:colcon.colcon_core.package_identification:_identify(src/robo24_localization) by extensions ['ignore', 'ignore_ament_install']
[4.091s] Level 1:colcon.colcon_core.package_identification:_identify(src/robo24_localization) by extension 'ignore'
[4.091s] Level 1:colcon.colcon_core.package_identification:_identify(src/robo24_localization) by extension 'ignore_ament_install'
[4.091s] Level 1:colcon.colcon_core.package_identification:_identify(src/robo24_localization) by extensions ['colcon_pkg']
[4.092s] Level 1:colcon.colcon_core.package_identification:_identify(src/robo24_localization) by extension 'colcon_pkg'
[4.092s] Level 1:colcon.colcon_core.package_identification:_identify(src/robo24_localization) by extensions ['colcon_meta']
[4.092s] Level 1:colcon.colcon_core.package_identification:_identify(src/robo24_localization) by extension 'colcon_meta'
[4.092s] Level 1:colcon.colcon_core.package_identification:_identify(src/robo24_localization) by extensions ['ros']
[4.092s] Level 1:colcon.colcon_core.package_identification:_identify(src/robo24_localization) by extension 'ros'
[4.094s] DEBUG:colcon.colcon_core.package_identification:Package 'src/robo24_localization' with type 'ros.ament_python' and name 'robo24_localization'
[4.095s] Level 1:colcon.colcon_core.package_identification:_identify(src/robo24_nav) by extensions ['ignore', 'ignore_ament_install']
[4.095s] Level 1:colcon.colcon_core.package_identification:_identify(src/robo24_nav) by extension 'ignore'
[4.096s] Level 1:colcon.colcon_core.package_identification:_identify(src/robo24_nav) by extension 'ignore_ament_install'
[4.096s] Level 1:colcon.colcon_core.package_identification:_identify(src/robo24_nav) by extensions ['colcon_pkg']
[4.096s] Level 1:colcon.colcon_core.package_identification:_identify(src/robo24_nav) by extension 'colcon_pkg'
[4.096s] Level 1:colcon.colcon_core.package_identification:_identify(src/robo24_nav) by extensions ['colcon_meta']
[4.096s] Level 1:colcon.colcon_core.package_identification:_identify(src/robo24_nav) by extension 'colcon_meta'
[4.097s] Level 1:colcon.colcon_core.package_identification:_identify(src/robo24_nav) by extensions ['ros']
[4.097s] Level 1:colcon.colcon_core.package_identification:_identify(src/robo24_nav) by extension 'ros'
[4.099s] DEBUG:colcon.colcon_core.package_identification:Package 'src/robo24_nav' with type 'ros.ament_python' and name 'robo24_nav'
[4.100s] Level 1:colcon.colcon_core.package_identification:_identify(src/robo24_stuff) by extensions ['ignore', 'ignore_ament_install']
[4.100s] Level 1:colcon.colcon_core.package_identification:_identify(src/robo24_stuff) by extension 'ignore'
[4.101s] Level 1:colcon.colcon_core.package_identification:_identify(src/robo24_stuff) by extension 'ignore_ament_install'
[4.101s] Level 1:colcon.colcon_core.package_identification:_identify(src/robo24_stuff) by extensions ['colcon_pkg']
[4.101s] Level 1:colcon.colcon_core.package_identification:_identify(src/robo24_stuff) by extension 'colcon_pkg'
[4.102s] Level 1:colcon.colcon_core.package_identification:_identify(src/robo24_stuff) by extensions ['colcon_meta']
[4.102s] Level 1:colcon.colcon_core.package_identification:_identify(src/robo24_stuff) by extension 'colcon_meta'
[4.102s] Level 1:colcon.colcon_core.package_identification:_identify(src/robo24_stuff) by extensions ['ros']
[4.102s] Level 1:colcon.colcon_core.package_identification:_identify(src/robo24_stuff) by extension 'ros'
[4.104s] DEBUG:colcon.colcon_core.package_identification:Package 'src/robo24_stuff' with type 'ros.ament_python' and name 'robo24_stuff'
[4.105s] Level 1:colcon.colcon_core.package_identification:_identify(src/robo24_wheel_interface) by extensions ['ignore', 'ignore_ament_install']
[4.106s] Level 1:colcon.colcon_core.package_identification:_identify(src/robo24_wheel_interface) by extension 'ignore'
[4.106s] Level 1:colcon.colcon_core.package_identification:_identify(src/robo24_wheel_interface) by extension 'ignore_ament_install'
[4.106s] Level 1:colcon.colcon_core.package_identification:_identify(src/robo24_wheel_interface) by extensions ['colcon_pkg']
[4.106s] Level 1:colcon.colcon_core.package_identification:_identify(src/robo24_wheel_interface) by extension 'colcon_pkg'
[4.106s] Level 1:colcon.colcon_core.package_identification:_identify(src/robo24_wheel_interface) by extensions ['colcon_meta']
[4.106s] Level 1:colcon.colcon_core.package_identification:_identify(src/robo24_wheel_interface) by extension 'colcon_meta'
[4.107s] Level 1:colcon.colcon_core.package_identification:_identify(src/robo24_wheel_interface) by extensions ['ros']
[4.107s] Level 1:colcon.colcon_core.package_identification:_identify(src/robo24_wheel_interface) by extension 'ros'
[4.107s] Level 1:colcon.colcon_core.package_identification:_identify(src/robo24_wheel_interface) by extensions ['cmake', 'python']
[4.107s] Level 1:colcon.colcon_core.package_identification:_identify(src/robo24_wheel_interface) by extension 'cmake'
[4.107s] Level 1:colcon.colcon_core.package_identification:_identify(src/robo24_wheel_interface) by extension 'python'
[4.108s] Level 1:colcon.colcon_core.package_identification:_identify(src/robo24_wheel_interface) by extensions ['python_setup_py']
[4.108s] Level 1:colcon.colcon_core.package_identification:_identify(src/robo24_wheel_interface) by extension 'python_setup_py'
[4.108s] Level 1:colcon.colcon_core.package_identification:_identify(src/robo24_wheel_interface/robo24_wheel_interface) by extensions ['ignore', 'ignore_ament_install']
[4.109s] Level 1:colcon.colcon_core.package_identification:_identify(src/robo24_wheel_interface/robo24_wheel_interface) by extension 'ignore'
[4.109s] Level 1:colcon.colcon_core.package_identification:_identify(src/robo24_wheel_interface/robo24_wheel_interface) by extension 'ignore_ament_install'
[4.109s] Level 1:colcon.colcon_core.package_identification:_identify(src/robo24_wheel_interface/robo24_wheel_interface) by extensions ['colcon_pkg']
[4.109s] Level 1:colcon.colcon_core.package_identification:_identify(src/robo24_wheel_interface/robo24_wheel_interface) by extension 'colcon_pkg'
[4.109s] Level 1:colcon.colcon_core.package_identification:_identify(src/robo24_wheel_interface/robo24_wheel_interface) by extensions ['colcon_meta']
[4.110s] Level 1:colcon.colcon_core.package_identification:_identify(src/robo24_wheel_interface/robo24_wheel_interface) by extension 'colcon_meta'
[4.110s] Level 1:colcon.colcon_core.package_identification:_identify(src/robo24_wheel_interface/robo24_wheel_interface) by extensions ['ros']
[4.110s] Level 1:colcon.colcon_core.package_identification:_identify(src/robo24_wheel_interface/robo24_wheel_interface) by extension 'ros'
[4.110s] Level 1:colcon.colcon_core.package_identification:_identify(src/robo24_wheel_interface/robo24_wheel_interface) by extensions ['cmake', 'python']
[4.110s] Level 1:colcon.colcon_core.package_identification:_identify(src/robo24_wheel_interface/robo24_wheel_interface) by extension 'cmake'
[4.111s] Level 1:colcon.colcon_core.package_identification:_identify(src/robo24_wheel_interface/robo24_wheel_interface) by extension 'python'
[4.111s] Level 1:colcon.colcon_core.package_identification:_identify(src/robo24_wheel_interface/robo24_wheel_interface) by extensions ['python_setup_py']
[4.111s] Level 1:colcon.colcon_core.package_identification:_identify(src/robo24_wheel_interface/robo24_wheel_interface) by extension 'python_setup_py'
[4.111s] Level 1:colcon.colcon_core.package_discovery:discover_packages(recursive) using defaults
[4.111s] Level 1:colcon.colcon_core.package_discovery:discover_packages(ignore) discover
[4.111s] Level 1:colcon.colcon_core.package_discovery:discover_packages(ignore) using defaults
[4.112s] Level 1:colcon.colcon_core.package_discovery:discover_packages(path) discover
[4.112s] Level 1:colcon.colcon_core.package_discovery:discover_packages(path) using defaults
[4.453s] Level 1:colcon.colcon_core.package_discovery:discover_packages(prefix_path) check parameters
[4.453s] Level 1:colcon.colcon_core.package_discovery:discover_packages(prefix_path) discover
[4.568s] DEBUG:colcon.colcon_installed_package_information.package_discovery:Found 5 installed packages in /home/mike/ros2_ws/install
[4.628s] DEBUG:colcon.colcon_installed_package_information.package_discovery:Found 253 installed packages in /opt/ros/humble
[4.634s] Level 1:colcon.colcon_core.package_discovery:discover_packages(prefix_path) using defaults
[4.964s] Level 5:colcon.colcon_core.verb:set package 'robo24_bringup' build argument 'cmake_args' from command line to 'None'
[4.964s] Level 5:colcon.colcon_core.verb:set package 'robo24_bringup' build argument 'cmake_target' from command line to 'None'
[4.964s] Level 5:colcon.colcon_core.verb:set package 'robo24_bringup' build argument 'cmake_target_skip_unavailable' from command line to 'False'
[4.964s] Level 5:colcon.colcon_core.verb:set package 'robo24_bringup' build argument 'cmake_clean_cache' from command line to 'False'
[4.964s] Level 5:colcon.colcon_core.verb:set package 'robo24_bringup' build argument 'cmake_clean_first' from command line to 'False'
[4.964s] Level 5:colcon.colcon_core.verb:set package 'robo24_bringup' build argument 'cmake_force_configure' from command line to 'False'
[4.964s] Level 5:colcon.colcon_core.verb:set package 'robo24_bringup' build argument 'ament_cmake_args' from command line to 'None'
[4.965s] Level 5:colcon.colcon_core.verb:set package 'robo24_bringup' build argument 'catkin_cmake_args' from command line to 'None'
[4.965s] Level 5:colcon.colcon_core.verb:set package 'robo24_bringup' build argument 'catkin_skip_building_tests' from command line to 'False'
[4.965s] DEBUG:colcon.colcon_core.verb:Building package 'robo24_bringup' with the following arguments: {'ament_cmake_args': None, 'build_base': '/home/mike/ros2_ws/build/robo24_bringup', 'catkin_cmake_args': None, 'catkin_skip_building_tests': False, 'cmake_args': None, 'cmake_clean_cache': False, 'cmake_clean_first': False, 'cmake_force_configure': False, 'cmake_target': None, 'cmake_target_skip_unavailable': False, 'install_base': '/home/mike/ros2_ws/install/robo24_bringup', 'merge_install': False, 'path': '/home/mike/ros2_ws/src/robo24_bringup', 'symlink_install': True, 'test_result_base': None}
[5.017s] Level 5:colcon.colcon_core.verb:set package 'robo24_interfaces' build argument 'cmake_args' from command line to 'None'
[5.017s] Level 5:colcon.colcon_core.verb:set package 'robo24_interfaces' build argument 'cmake_target' from command line to 'None'
[5.018s] Level 5:colcon.colcon_core.verb:set package 'robo24_interfaces' build argument 'cmake_target_skip_unavailable' from command line to 'False'
[5.018s] Level 5:colcon.colcon_core.verb:set package 'robo24_interfaces' build argument 'cmake_clean_cache' from command line to 'False'
[5.018s] Level 5:colcon.colcon_core.verb:set package 'robo24_interfaces' build argument 'cmake_clean_first' from command line to 'False'
[5.018s] Level 5:colcon.colcon_core.verb:set package 'robo24_interfaces' build argument 'cmake_force_configure' from command line to 'False'
[5.018s] Level 5:colcon.colcon_core.verb:set package 'robo24_interfaces' build argument 'ament_cmake_args' from command line to 'None'
[5.018s] Level 5:colcon.colcon_core.verb:set package 'robo24_interfaces' build argument 'catkin_cmake_args' from command line to 'None'
[5.018s] Level 5:colcon.colcon_core.verb:set package 'robo24_interfaces' build argument 'catkin_skip_building_tests' from command line to 'False'
[5.018s] DEBUG:colcon.colcon_core.verb:Building package 'robo24_interfaces' with the following arguments: {'ament_cmake_args': None, 'build_base': '/home/mike/ros2_ws/build/robo24_interfaces', 'catkin_cmake_args': None, 'catkin_skip_building_tests': False, 'cmake_args': None, 'cmake_clean_cache': False, 'cmake_clean_first': False, 'cmake_force_configure': False, 'cmake_target': None, 'cmake_target_skip_unavailable': False, 'install_base': '/home/mike/ros2_ws/install/robo24_interfaces', 'merge_install': False, 'path': '/home/mike/ros2_ws/src/robo24_interfaces', 'symlink_install': True, 'test_result_base': None}
[5.070s] Level 5:colcon.colcon_core.verb:set package 'robo24_localization' build argument 'cmake_args' from command line to 'None'
[5.070s] Level 5:colcon.colcon_core.verb:set package 'robo24_localization' build argument 'cmake_target' from command line to 'None'
[5.070s] Level 5:colcon.colcon_core.verb:set package 'robo24_localization' build argument 'cmake_target_skip_unavailable' from command line to 'False'
[5.070s] Level 5:colcon.colcon_core.verb:set package 'robo24_localization' build argument 'cmake_clean_cache' from command line to 'False'
[5.071s] Level 5:colcon.colcon_core.verb:set package 'robo24_localization' build argument 'cmake_clean_first' from command line to 'False'
[5.071s] Level 5:colcon.colcon_core.verb:set package 'robo24_localization' build argument 'cmake_force_configure' from command line to 'False'
[5.071s] Level 5:colcon.colcon_core.verb:set package 'robo24_localization' build argument 'ament_cmake_args' from command line to 'None'
[5.071s] Level 5:colcon.colcon_core.verb:set package 'robo24_localization' build argument 'catkin_cmake_args' from command line to 'None'
[5.071s] Level 5:colcon.colcon_core.verb:set package 'robo24_localization' build argument 'catkin_skip_building_tests' from command line to 'False'
[5.071s] DEBUG:colcon.colcon_core.verb:Building package 'robo24_localization' with the following arguments: {'ament_cmake_args': None, 'build_base': '/home/mike/ros2_ws/build/robo24_localization', 'catkin_cmake_args': None, 'catkin_skip_building_tests': False, 'cmake_args': None, 'cmake_clean_cache': False, 'cmake_clean_first': False, 'cmake_force_configure': False, 'cmake_target': None, 'cmake_target_skip_unavailable': False, 'install_base': '/home/mike/ros2_ws/install/robo24_localization', 'merge_install': False, 'path': '/home/mike/ros2_ws/src/robo24_localization', 'symlink_install': True, 'test_result_base': None}
[5.127s] Level 5:colcon.colcon_core.verb:set package 'robo24_nav' build argument 'cmake_args' from command line to 'None'
[5.127s] Level 5:colcon.colcon_core.verb:set package 'robo24_nav' build argument 'cmake_target' from command line to 'None'
[5.127s] Level 5:colcon.colcon_core.verb:set package 'robo24_nav' build argument 'cmake_target_skip_unavailable' from command line to 'False'
[5.127s] Level 5:colcon.colcon_core.verb:set package 'robo24_nav' build argument 'cmake_clean_cache' from command line to 'False'
[5.127s] Level 5:colcon.colcon_core.verb:set package 'robo24_nav' build argument 'cmake_clean_first' from command line to 'False'
[5.127s] Level 5:colcon.colcon_core.verb:set package 'robo24_nav' build argument 'cmake_force_configure' from command line to 'False'
[5.128s] Level 5:colcon.colcon_core.verb:set package 'robo24_nav' build argument 'ament_cmake_args' from command line to 'None'
[5.128s] Level 5:colcon.colcon_core.verb:set package 'robo24_nav' build argument 'catkin_cmake_args' from command line to 'None'
[5.128s] Level 5:colcon.colcon_core.verb:set package 'robo24_nav' build argument 'catkin_skip_building_tests' from command line to 'False'
[5.128s] DEBUG:colcon.colcon_core.verb:Building package 'robo24_nav' with the following arguments: {'ament_cmake_args': None, 'build_base': '/home/mike/ros2_ws/build/robo24_nav', 'catkin_cmake_args': None, 'catkin_skip_building_tests': False, 'cmake_args': None, 'cmake_clean_cache': False, 'cmake_clean_first': False, 'cmake_force_configure': False, 'cmake_target': None, 'cmake_target_skip_unavailable': False, 'install_base': '/home/mike/ros2_ws/install/robo24_nav', 'merge_install': False, 'path': '/home/mike/ros2_ws/src/robo24_nav', 'symlink_install': True, 'test_result_base': None}
[5.180s] Level 5:colcon.colcon_core.verb:set package 'robo24_stuff' build argument 'cmake_args' from command line to 'None'
[5.180s] Level 5:colcon.colcon_core.verb:set package 'robo24_stuff' build argument 'cmake_target' from command line to 'None'
[5.180s] Level 5:colcon.colcon_core.verb:set package 'robo24_stuff' build argument 'cmake_target_skip_unavailable' from command line to 'False'
[5.181s] Level 5:colcon.colcon_core.verb:set package 'robo24_stuff' build argument 'cmake_clean_cache' from command line to 'False'
[5.181s] Level 5:colcon.colcon_core.verb:set package 'robo24_stuff' build argument 'cmake_clean_first' from command line to 'False'
[5.181s] Level 5:colcon.colcon_core.verb:set package 'robo24_stuff' build argument 'cmake_force_configure' from command line to 'False'
[5.181s] Level 5:colcon.colcon_core.verb:set package 'robo24_stuff' build argument 'ament_cmake_args' from command line to 'None'
[5.181s] Level 5:colcon.colcon_core.verb:set package 'robo24_stuff' build argument 'catkin_cmake_args' from command line to 'None'
[5.181s] Level 5:colcon.colcon_core.verb:set package 'robo24_stuff' build argument 'catkin_skip_building_tests' from command line to 'False'
[5.181s] DEBUG:colcon.colcon_core.verb:Building package 'robo24_stuff' with the following arguments: {'ament_cmake_args': None, 'build_base': '/home/mike/ros2_ws/build/robo24_stuff', 'catkin_cmake_args': None, 'catkin_skip_building_tests': False, 'cmake_args': None, 'cmake_clean_cache': False, 'cmake_clean_first': False, 'cmake_force_configure': False, 'cmake_target': None, 'cmake_target_skip_unavailable': False, 'install_base': '/home/mike/ros2_ws/install/robo24_stuff', 'merge_install': False, 'path': '/home/mike/ros2_ws/src/robo24_stuff', 'symlink_install': True, 'test_result_base': None}
[5.235s] INFO:colcon.colcon_core.executor:Executing jobs using 'parallel' executor
[5.289s] DEBUG:colcon.colcon_parallel_executor.executor.parallel:run_until_complete
[5.290s] INFO:colcon.colcon_ros.task.ament_python.build:Building ROS package in '/home/mike/ros2_ws/src/robo24_bringup' with build type 'ament_python'
[5.291s] Level 1:colcon.colcon_core.shell:create_environment_hook('robo24_bringup', 'ament_prefix_path')
[5.361s] INFO:colcon.colcon_core.plugin_system:Skipping extension 'colcon_core.shell.bat': Not used on non-Windows systems
[5.362s] INFO:colcon.colcon_core.shell:Creating environment hook '/home/mike/ros2_ws/install/robo24_bringup/share/robo24_bringup/hook/ament_prefix_path.ps1'
[5.364s] INFO:colcon.colcon_core.shell:Creating environment descriptor '/home/mike/ros2_ws/install/robo24_bringup/share/robo24_bringup/hook/ament_prefix_path.dsv'
[5.366s] INFO:colcon.colcon_core.shell:Creating environment hook '/home/mike/ros2_ws/install/robo24_bringup/share/robo24_bringup/hook/ament_prefix_path.sh'
[5.422s] INFO:colcon.colcon_core.shell:Skip shell extension 'powershell' for command environment: Not usable outside of PowerShell
[5.423s] DEBUG:colcon.colcon_core.shell:Skip shell extension 'dsv' for command environment
[5.606s] INFO:colcon.colcon_ros.task.ament_cmake.build:Building ROS package in '/home/mike/ros2_ws/src/robo24_interfaces' with build type 'ament_cmake'
[5.607s] INFO:colcon.colcon_cmake.task.cmake.build:Building CMake package in '/home/mike/ros2_ws/src/robo24_interfaces'
[5.662s] INFO:colcon.colcon_core.shell:Skip shell extension 'powershell' for command environment: Not usable outside of PowerShell
[5.662s] DEBUG:colcon.colcon_core.shell:Skip shell extension 'dsv' for command environment
[5.841s] INFO:colcon.colcon_ros.task.ament_python.build:Building ROS package in '/home/mike/ros2_ws/src/robo24_localization' with build type 'ament_python'
[5.842s] Level 1:colcon.colcon_core.shell:create_environment_hook('robo24_localization', 'ament_prefix_path')
[5.897s] INFO:colcon.colcon_core.shell:Creating environment hook '/home/mike/ros2_ws/install/robo24_localization/share/robo24_localization/hook/ament_prefix_path.ps1'
[5.900s] INFO:colcon.colcon_core.shell:Creating environment descriptor '/home/mike/ros2_ws/install/robo24_localization/share/robo24_localization/hook/ament_prefix_path.dsv'
[5.902s] INFO:colcon.colcon_core.shell:Creating environment hook '/home/mike/ros2_ws/install/robo24_localization/share/robo24_localization/hook/ament_prefix_path.sh'
[5.958s] INFO:colcon.colcon_core.shell:Skip shell extension 'powershell' for command environment: Not usable outside of PowerShell
[5.959s] DEBUG:colcon.colcon_core.shell:Skip shell extension 'dsv' for command environment
[6.132s] INFO:colcon.colcon_ros.task.ament_python.build:Building ROS package in '/home/mike/ros2_ws/src/robo24_nav' with build type 'ament_python'
[6.132s] Level 1:colcon.colcon_core.shell:create_environment_hook('robo24_nav', 'ament_prefix_path')
[6.191s] INFO:colcon.colcon_core.shell:Creating environment hook '/home/mike/ros2_ws/install/robo24_nav/share/robo24_nav/hook/ament_prefix_path.ps1'
[6.193s] INFO:colcon.colcon_core.shell:Creating environment descriptor '/home/mike/ros2_ws/install/robo24_nav/share/robo24_nav/hook/ament_prefix_path.dsv'
[6.195s] INFO:colcon.colcon_core.shell:Creating environment hook '/home/mike/ros2_ws/install/robo24_nav/share/robo24_nav/hook/ament_prefix_path.sh'
[6.248s] INFO:colcon.colcon_core.shell:Skip shell extension 'powershell' for command environment: Not usable outside of PowerShell
[6.248s] DEBUG:colcon.colcon_core.shell:Skip shell extension 'dsv' for command environment
[7.598s] INFO:colcon.colcon_core.task.python.build:Building Python package in '/home/mike/ros2_ws/src/robo24_bringup'
[7.653s] INFO:colcon.colcon_core.shell:Skip shell extension 'powershell' for command environment: Not usable outside of PowerShell
[7.654s] DEBUG:colcon.colcon_core.shell:Skip shell extension 'dsv' for command environment
[7.839s] DEBUG:colcon.colcon_core.event_handler.log_command:Invoking command in '/home/mike/ros2_ws/build/robo24_interfaces': CMAKE_PREFIX_PATH=${CMAKE_PREFIX_PATH}:/home/mike/ros2_ws/install/robo24_stuff:/home/mike/ros2_ws/install/robo24_nav:/home/mike/ros2_ws/install/robo24_localization:/home/mike/ros2_ws/install/robo24_bringup:/opt/ros/humble /usr/bin/cmake --build /home/mike/ros2_ws/build/robo24_interfaces -- -j4 -l4
[9.395s] INFO:colcon.colcon_core.task.python.build:Building Python package in '/home/mike/ros2_ws/src/robo24_localization'
[9.463s] INFO:colcon.colcon_core.shell:Skip shell extension 'powershell' for command environment: Not usable outside of PowerShell
[9.463s] DEBUG:colcon.colcon_core.shell:Skip shell extension 'dsv' for command environment
[10.928s] INFO:colcon.colcon_core.task.python.build:Building Python package in '/home/mike/ros2_ws/src/robo24_nav'
[10.985s] INFO:colcon.colcon_core.shell:Skip shell extension 'powershell' for command environment: Not usable outside of PowerShell
[10.985s] DEBUG:colcon.colcon_core.shell:Skip shell extension 'dsv' for command environment
[11.218s] DEBUG:colcon.colcon_core.event_handler.log_command:Invoked command in '/home/mike/ros2_ws/build/robo24_interfaces' returned '0': CMAKE_PREFIX_PATH=${CMAKE_PREFIX_PATH}:/home/mike/ros2_ws/install/robo24_stuff:/home/mike/ros2_ws/install/robo24_nav:/home/mike/ros2_ws/install/robo24_localization:/home/mike/ros2_ws/install/robo24_bringup:/opt/ros/humble /usr/bin/cmake --build /home/mike/ros2_ws/build/robo24_interfaces -- -j4 -l4
[11.688s] DEBUG:colcon.colcon_core.event_handler.log_command:Invoking command in '/home/mike/ros2_ws/build/robo24_interfaces': CMAKE_PREFIX_PATH=${CMAKE_PREFIX_PATH}:/home/mike/ros2_ws/install/robo24_stuff:/home/mike/ros2_ws/install/robo24_nav:/home/mike/ros2_ws/install/robo24_localization:/home/mike/ros2_ws/install/robo24_bringup:/opt/ros/humble /usr/bin/cmake --install /home/mike/ros2_ws/build/robo24_interfaces
[12.139s] Level 1:colcon.colcon_core.environment:create_environment_scripts_only(robo24_interfaces)
[12.151s] DEBUG:colcon.colcon_core.event_handler.log_command:Invoked command in '/home/mike/ros2_ws/build/robo24_interfaces' returned '0': CMAKE_PREFIX_PATH=${CMAKE_PREFIX_PATH}:/home/mike/ros2_ws/install/robo24_stuff:/home/mike/ros2_ws/install/robo24_nav:/home/mike/ros2_ws/install/robo24_localization:/home/mike/ros2_ws/install/robo24_bringup:/opt/ros/humble /usr/bin/cmake --install /home/mike/ros2_ws/build/robo24_interfaces
[12.256s] Level 1:colcon.colcon_core.environment:checking '/home/mike/ros2_ws/install/robo24_interfaces' for CMake module files
[12.261s] Level 1:colcon.colcon_core.environment:checking '/home/mike/ros2_ws/install/robo24_interfaces' for CMake config files
[12.269s] Level 1:colcon.colcon_core.shell:create_environment_hook('robo24_interfaces', 'cmake_prefix_path')
[12.367s] INFO:colcon.colcon_core.shell:Creating environment hook '/home/mike/ros2_ws/install/robo24_interfaces/share/robo24_interfaces/hook/cmake_prefix_path.ps1'
[12.372s] INFO:colcon.colcon_core.shell:Creating environment descriptor '/home/mike/ros2_ws/install/robo24_interfaces/share/robo24_interfaces/hook/cmake_prefix_path.dsv'
[12.376s] INFO:colcon.colcon_core.shell:Creating environment hook '/home/mike/ros2_ws/install/robo24_interfaces/share/robo24_interfaces/hook/cmake_prefix_path.sh'
[12.381s] Level 1:colcon.colcon_core.environment:checking '/home/mike/ros2_ws/install/robo24_interfaces/lib'
[12.382s] Level 1:colcon.colcon_core.shell:create_environment_hook('robo24_interfaces', 'ld_library_path_lib')
[12.493s] INFO:colcon.colcon_core.shell:Creating environment hook '/home/mike/ros2_ws/install/robo24_interfaces/share/robo24_interfaces/hook/ld_library_path_lib.ps1'
[12.497s] INFO:colcon.colcon_core.shell:Creating environment descriptor '/home/mike/ros2_ws/install/robo24_interfaces/share/robo24_interfaces/hook/ld_library_path_lib.dsv'
[12.500s] INFO:colcon.colcon_core.shell:Creating environment hook '/home/mike/ros2_ws/install/robo24_interfaces/share/robo24_interfaces/hook/ld_library_path_lib.sh'
[12.505s] Level 1:colcon.colcon_core.environment:checking '/home/mike/ros2_ws/install/robo24_interfaces/bin'
[12.506s] Level 1:colcon.colcon_core.environment:checking '/home/mike/ros2_ws/install/robo24_interfaces/lib/pkgconfig/robo24_interfaces.pc'
[12.508s] Level 1:colcon.colcon_core.environment:checking '/home/mike/ros2_ws/install/robo24_interfaces/lib/python3.10/site-packages'
[12.509s] Level 1:colcon.colcon_core.environment:checking '/home/mike/ros2_ws/install/robo24_interfaces/bin'
[12.610s] INFO:colcon.colcon_core.shell:Creating package script '/home/mike/ros2_ws/install/robo24_interfaces/share/robo24_interfaces/package.ps1'
[12.616s] INFO:colcon.colcon_core.shell:Creating package descriptor '/home/mike/ros2_ws/install/robo24_interfaces/share/robo24_interfaces/package.dsv'
[12.622s] INFO:colcon.colcon_core.shell:Creating package script '/home/mike/ros2_ws/install/robo24_interfaces/share/robo24_interfaces/package.sh'
[12.628s] INFO:colcon.colcon_core.shell:Creating package script '/home/mike/ros2_ws/install/robo24_interfaces/share/robo24_interfaces/package.bash'
[12.633s] INFO:colcon.colcon_core.shell:Creating package script '/home/mike/ros2_ws/install/robo24_interfaces/share/robo24_interfaces/package.zsh'
[12.639s] Level 1:colcon.colcon_core.environment:create_file_with_runtime_dependencies(/home/mike/ros2_ws/install/robo24_interfaces/share/colcon-core/packages/robo24_interfaces)
[13.171s] Level 1:colcon.colcon_core.environment:create_environment_scripts_only(robo24_interfaces)
[13.345s] Level 1:colcon.colcon_core.environment:checking '/home/mike/ros2_ws/install/robo24_interfaces' for CMake module files
[13.351s] Level 1:colcon.colcon_core.environment:checking '/home/mike/ros2_ws/install/robo24_interfaces' for CMake config files
[13.361s] Level 1:colcon.colcon_core.shell:create_environment_hook('robo24_interfaces', 'cmake_prefix_path')
[13.491s] INFO:colcon.colcon_core.shell:Creating environment hook '/home/mike/ros2_ws/install/robo24_interfaces/share/robo24_interfaces/hook/cmake_prefix_path.ps1'
[13.495s] INFO:colcon.colcon_core.shell:Creating environment descriptor '/home/mike/ros2_ws/install/robo24_interfaces/share/robo24_interfaces/hook/cmake_prefix_path.dsv'
[13.499s] INFO:colcon.colcon_core.shell:Creating environment hook '/home/mike/ros2_ws/install/robo24_interfaces/share/robo24_interfaces/hook/cmake_prefix_path.sh'
[13.504s] Level 1:colcon.colcon_core.environment:checking '/home/mike/ros2_ws/install/robo24_interfaces/lib'
[13.505s] Level 1:colcon.colcon_core.shell:create_environment_hook('robo24_interfaces', 'ld_library_path_lib')
[13.745s] INFO:colcon.colcon_core.shell:Creating environment hook '/home/mike/ros2_ws/install/robo24_interfaces/share/robo24_interfaces/hook/ld_library_path_lib.ps1'
[13.752s] INFO:colcon.colcon_core.shell:Creating environment descriptor '/home/mike/ros2_ws/install/robo24_interfaces/share/robo24_interfaces/hook/ld_library_path_lib.dsv'
[13.758s] INFO:colcon.colcon_core.shell:Creating environment hook '/home/mike/ros2_ws/install/robo24_interfaces/share/robo24_interfaces/hook/ld_library_path_lib.sh'
[13.764s] Level 1:colcon.colcon_core.environment:checking '/home/mike/ros2_ws/install/robo24_interfaces/bin'
[13.765s] Level 1:colcon.colcon_core.environment:checking '/home/mike/ros2_ws/install/robo24_interfaces/lib/pkgconfig/robo24_interfaces.pc'
[13.768s] Level 1:colcon.colcon_core.environment:checking '/home/mike/ros2_ws/install/robo24_interfaces/lib/python3.10/site-packages'
[13.771s] Level 1:colcon.colcon_core.environment:checking '/home/mike/ros2_ws/install/robo24_interfaces/bin'
[13.845s] INFO:colcon.colcon_core.shell:Creating package script '/home/mike/ros2_ws/install/robo24_interfaces/share/robo24_interfaces/package.ps1'
[13.847s] INFO:colcon.colcon_core.shell:Creating package descriptor '/home/mike/ros2_ws/install/robo24_interfaces/share/robo24_interfaces/package.dsv'
[13.850s] INFO:colcon.colcon_core.shell:Creating package script '/home/mike/ros2_ws/install/robo24_interfaces/share/robo24_interfaces/package.sh'
[13.852s] INFO:colcon.colcon_core.shell:Creating package script '/home/mike/ros2_ws/install/robo24_interfaces/share/robo24_interfaces/package.bash'
[13.854s] INFO:colcon.colcon_core.shell:Creating package script '/home/mike/ros2_ws/install/robo24_interfaces/share/robo24_interfaces/package.zsh'
[13.856s] Level 1:colcon.colcon_core.environment:create_file_with_runtime_dependencies(/home/mike/ros2_ws/install/robo24_interfaces/share/colcon-core/packages/robo24_interfaces)
[13.860s] INFO:colcon.colcon_ros.task.ament_python.build:Building ROS package in '/home/mike/ros2_ws/src/robo24_stuff' with build type 'ament_python'
[13.860s] Level 1:colcon.colcon_core.shell:create_environment_hook('robo24_stuff', 'ament_prefix_path')
[13.915s] INFO:colcon.colcon_core.shell:Creating environment hook '/home/mike/ros2_ws/install/robo24_stuff/share/robo24_stuff/hook/ament_prefix_path.ps1'
[13.917s] INFO:colcon.colcon_core.shell:Creating environment descriptor '/home/mike/ros2_ws/install/robo24_stuff/share/robo24_stuff/hook/ament_prefix_path.dsv'
[13.919s] INFO:colcon.colcon_core.shell:Creating environment hook '/home/mike/ros2_ws/install/robo24_stuff/share/robo24_stuff/hook/ament_prefix_path.sh'
[13.976s] INFO:colcon.colcon_core.shell:Skip shell extension 'powershell' for command environment: Not usable outside of PowerShell
[13.976s] DEBUG:colcon.colcon_core.shell:Skip shell extension 'dsv' for command environment
[14.163s] DEBUG:colcon.colcon_core.event_handler.log_command:Invoking command in '/home/mike/ros2_ws/build/robo24_bringup': PYTHONPATH=/home/mike/ros2_ws/build/robo24_bringup/prefix_override:/home/mike/ros2_ws/install/robo24_bringup/lib/python3.10/site-packages:${PYTHONPATH} /usr/bin/python3 setup.py develop --editable --build-directory /home/mike/ros2_ws/build/robo24_bringup/build --no-deps install_data
[14.174s] DEBUG:colcon.colcon_core.event_handler.log_command:Invoking command in '/home/mike/ros2_ws/build/robo24_nav': PYTHONPATH=/home/mike/ros2_ws/build/robo24_nav/prefix_override:/home/mike/ros2_ws/install/robo24_nav/lib/python3.10/site-packages:${PYTHONPATH} /usr/bin/python3 setup.py develop --editable --build-directory /home/mike/ros2_ws/build/robo24_nav/build --no-deps install_data
[14.181s] DEBUG:colcon.colcon_core.event_handler.log_command:Invoking command in '/home/mike/ros2_ws/build/robo24_localization': PYTHONPATH=/home/mike/ros2_ws/build/robo24_localization/prefix_override:/home/mike/ros2_ws/install/robo24_localization/lib/python3.10/site-packages:${PYTHONPATH} /usr/bin/python3 setup.py develop --editable --build-directory /home/mike/ros2_ws/build/robo24_localization/build --no-deps install_data
[15.961s] INFO:colcon.colcon_core.task.python.build:Building Python package in '/home/mike/ros2_ws/src/robo24_stuff'
[16.071s] INFO:colcon.colcon_core.shell:Skip shell extension 'powershell' for command environment: Not usable outside of PowerShell
[16.072s] DEBUG:colcon.colcon_core.shell:Skip shell extension 'dsv' for command environment
[17.191s] Level 1:colcon.colcon_core.shell:create_environment_hook('robo24_nav', 'pythonpath_develop')
[17.194s] DEBUG:colcon.colcon_core.event_handler.log_command:Invoked command in '/home/mike/ros2_ws/build/robo24_nav' returned '0': PYTHONPATH=/home/mike/ros2_ws/build/robo24_nav/prefix_override:/home/mike/ros2_ws/install/robo24_nav/lib/python3.10/site-packages:${PYTHONPATH} /usr/bin/python3 setup.py develop --editable --build-directory /home/mike/ros2_ws/build/robo24_nav/build --no-deps install_data
[17.358s] INFO:colcon.colcon_core.shell:Creating environment hook '/home/mike/ros2_ws/build/robo24_nav/share/robo24_nav/hook/pythonpath_develop.ps1'
[17.362s] INFO:colcon.colcon_core.shell:Creating environment descriptor '/home/mike/ros2_ws/build/robo24_nav/share/robo24_nav/hook/pythonpath_develop.dsv'
[17.368s] INFO:colcon.colcon_core.shell:Creating environment hook '/home/mike/ros2_ws/build/robo24_nav/share/robo24_nav/hook/pythonpath_develop.sh'
[17.482s] Level 1:colcon.colcon_core.environment:checking '/home/mike/ros2_ws/install/robo24_nav' for CMake module files
[17.484s] Level 1:colcon.colcon_core.environment:checking '/home/mike/ros2_ws/install/robo24_nav' for CMake config files
[17.487s] Level 1:colcon.colcon_core.environment:checking '/home/mike/ros2_ws/install/robo24_nav/lib'
[17.487s] Level 1:colcon.colcon_core.environment:checking '/home/mike/ros2_ws/install/robo24_nav/bin'
[17.488s] Level 1:colcon.colcon_core.environment:checking '/home/mike/ros2_ws/install/robo24_nav/lib/pkgconfig/robo24_nav.pc'
[17.489s] Level 1:colcon.colcon_core.environment:checking '/home/mike/ros2_ws/install/robo24_nav/lib/python3.10/site-packages'
[17.489s] Level 1:colcon.colcon_core.shell:create_environment_hook('robo24_nav', 'pythonpath')
[17.551s] INFO:colcon.colcon_core.shell:Creating environment hook '/home/mike/ros2_ws/install/robo24_nav/share/robo24_nav/hook/pythonpath.ps1'
[17.553s] INFO:colcon.colcon_core.shell:Creating environment descriptor '/home/mike/ros2_ws/install/robo24_nav/share/robo24_nav/hook/pythonpath.dsv'
[17.555s] INFO:colcon.colcon_core.shell:Creating environment hook '/home/mike/ros2_ws/install/robo24_nav/share/robo24_nav/hook/pythonpath.sh'
[17.557s] Level 1:colcon.colcon_core.environment:checking '/home/mike/ros2_ws/install/robo24_nav/bin'
[17.558s] Level 1:colcon.colcon_core.environment:create_environment_scripts_only(robo24_nav)
[17.622s] INFO:colcon.colcon_core.shell:Creating package script '/home/mike/ros2_ws/install/robo24_nav/share/robo24_nav/package.ps1'
[17.625s] INFO:colcon.colcon_core.shell:Creating package descriptor '/home/mike/ros2_ws/install/robo24_nav/share/robo24_nav/package.dsv'
[17.627s] INFO:colcon.colcon_core.shell:Creating package script '/home/mike/ros2_ws/install/robo24_nav/share/robo24_nav/package.sh'
[17.630s] INFO:colcon.colcon_core.shell:Creating package script '/home/mike/ros2_ws/install/robo24_nav/share/robo24_nav/package.bash'
[17.632s] INFO:colcon.colcon_core.shell:Creating package script '/home/mike/ros2_ws/install/robo24_nav/share/robo24_nav/package.zsh'
[17.634s] Level 1:colcon.colcon_core.environment:create_file_with_runtime_dependencies(/home/mike/ros2_ws/install/robo24_nav/share/colcon-core/packages/robo24_nav)
[17.639s] Level 1:colcon.colcon_core.shell:create_environment_hook('robo24_localization', 'pythonpath_develop')
[17.642s] DEBUG:colcon.colcon_core.event_handler.log_command:Invoked command in '/home/mike/ros2_ws/build/robo24_localization' returned '0': PYTHONPATH=/home/mike/ros2_ws/build/robo24_localization/prefix_override:/home/mike/ros2_ws/install/robo24_localization/lib/python3.10/site-packages:${PYTHONPATH} /usr/bin/python3 setup.py develop --editable --build-directory /home/mike/ros2_ws/build/robo24_localization/build --no-deps install_data
[17.707s] INFO:colcon.colcon_core.shell:Creating environment hook '/home/mike/ros2_ws/build/robo24_localization/share/robo24_localization/hook/pythonpath_develop.ps1'
[17.709s] INFO:colcon.colcon_core.shell:Creating environment descriptor '/home/mike/ros2_ws/build/robo24_localization/share/robo24_localization/hook/pythonpath_develop.dsv'
[17.711s] INFO:colcon.colcon_core.shell:Creating environment hook '/home/mike/ros2_ws/build/robo24_localization/share/robo24_localization/hook/pythonpath_develop.sh'
[17.777s] Level 1:colcon.colcon_core.environment:checking '/home/mike/ros2_ws/install/robo24_localization' for CMake module files
[17.780s] Level 1:colcon.colcon_core.environment:checking '/home/mike/ros2_ws/install/robo24_localization' for CMake config files
[17.783s] Level 1:colcon.colcon_core.environment:checking '/home/mike/ros2_ws/install/robo24_localization/lib'
[17.784s] Level 1:colcon.colcon_core.environment:checking '/home/mike/ros2_ws/install/robo24_localization/bin'
[17.784s] Level 1:colcon.colcon_core.environment:checking '/home/mike/ros2_ws/install/robo24_localization/lib/pkgconfig/robo24_localization.pc'
[17.785s] Level 1:colcon.colcon_core.environment:checking '/home/mike/ros2_ws/install/robo24_localization/lib/python3.10/site-packages'
[17.786s] Level 1:colcon.colcon_core.shell:create_environment_hook('robo24_localization', 'pythonpath')
[17.855s] INFO:colcon.colcon_core.shell:Creating environment hook '/home/mike/ros2_ws/install/robo24_localization/share/robo24_localization/hook/pythonpath.ps1'
[17.857s] INFO:colcon.colcon_core.shell:Creating environment descriptor '/home/mike/ros2_ws/install/robo24_localization/share/robo24_localization/hook/pythonpath.dsv'
[17.859s] INFO:colcon.colcon_core.shell:Creating environment hook '/home/mike/ros2_ws/install/robo24_localization/share/robo24_localization/hook/pythonpath.sh'
[17.862s] Level 1:colcon.colcon_core.environment:checking '/home/mike/ros2_ws/install/robo24_localization/bin'
[17.862s] Level 1:colcon.colcon_core.environment:create_environment_scripts_only(robo24_localization)
[17.928s] INFO:colcon.colcon_core.shell:Creating package script '/home/mike/ros2_ws/install/robo24_localization/share/robo24_localization/package.ps1'
[17.931s] INFO:colcon.colcon_core.shell:Creating package descriptor '/home/mike/ros2_ws/install/robo24_localization/share/robo24_localization/package.dsv'
[17.934s] INFO:colcon.colcon_core.shell:Creating package script '/home/mike/ros2_ws/install/robo24_localization/share/robo24_localization/package.sh'
[17.936s] INFO:colcon.colcon_core.shell:Creating package script '/home/mike/ros2_ws/install/robo24_localization/share/robo24_localization/package.bash'
[17.939s] INFO:colcon.colcon_core.shell:Creating package script '/home/mike/ros2_ws/install/robo24_localization/share/robo24_localization/package.zsh'
[17.941s] Level 1:colcon.colcon_core.environment:create_file_with_runtime_dependencies(/home/mike/ros2_ws/install/robo24_localization/share/colcon-core/packages/robo24_localization)
[17.942s] Level 1:colcon.colcon_core.shell:create_environment_hook('robo24_bringup', 'pythonpath_develop')
[17.947s] DEBUG:colcon.colcon_core.event_handler.log_command:Invoked command in '/home/mike/ros2_ws/build/robo24_bringup' returned '0': PYTHONPATH=/home/mike/ros2_ws/build/robo24_bringup/prefix_override:/home/mike/ros2_ws/install/robo24_bringup/lib/python3.10/site-packages:${PYTHONPATH} /usr/bin/python3 setup.py develop --editable --build-directory /home/mike/ros2_ws/build/robo24_bringup/build --no-deps install_data
[18.012s] INFO:colcon.colcon_core.shell:Creating environment hook '/home/mike/ros2_ws/build/robo24_bringup/share/robo24_bringup/hook/pythonpath_develop.ps1'
[18.015s] INFO:colcon.colcon_core.shell:Creating environment descriptor '/home/mike/ros2_ws/build/robo24_bringup/share/robo24_bringup/hook/pythonpath_develop.dsv'
[18.016s] INFO:colcon.colcon_core.shell:Creating environment hook '/home/mike/ros2_ws/build/robo24_bringup/share/robo24_bringup/hook/pythonpath_develop.sh'
[18.094s] Level 1:colcon.colcon_core.environment:checking '/home/mike/ros2_ws/install/robo24_bringup' for CMake module files
[18.096s] Level 1:colcon.colcon_core.environment:checking '/home/mike/ros2_ws/install/robo24_bringup' for CMake config files
[18.099s] Level 1:colcon.colcon_core.environment:checking '/home/mike/ros2_ws/install/robo24_bringup/lib'
[18.100s] Level 1:colcon.colcon_core.environment:checking '/home/mike/ros2_ws/install/robo24_bringup/bin'
[18.100s] Level 1:colcon.colcon_core.environment:checking '/home/mike/ros2_ws/install/robo24_bringup/lib/pkgconfig/robo24_bringup.pc'
[18.101s] Level 1:colcon.colcon_core.environment:checking '/home/mike/ros2_ws/install/robo24_bringup/lib/python3.10/site-packages'
[18.102s] Level 1:colcon.colcon_core.shell:create_environment_hook('robo24_bringup', 'pythonpath')
[18.173s] INFO:colcon.colcon_core.shell:Creating environment hook '/home/mike/ros2_ws/install/robo24_bringup/share/robo24_bringup/hook/pythonpath.ps1'
[18.175s] INFO:colcon.colcon_core.shell:Creating environment descriptor '/home/mike/ros2_ws/install/robo24_bringup/share/robo24_bringup/hook/pythonpath.dsv'
[18.177s] INFO:colcon.colcon_core.shell:Creating environment hook '/home/mike/ros2_ws/install/robo24_bringup/share/robo24_bringup/hook/pythonpath.sh'
[18.180s] Level 1:colcon.colcon_core.environment:checking '/home/mike/ros2_ws/install/robo24_bringup/bin'
[18.180s] Level 1:colcon.colcon_core.environment:create_environment_scripts_only(robo24_bringup)
[18.241s] INFO:colcon.colcon_core.shell:Creating package script '/home/mike/ros2_ws/install/robo24_bringup/share/robo24_bringup/package.ps1'
[18.244s] INFO:colcon.colcon_core.shell:Creating package descriptor '/home/mike/ros2_ws/install/robo24_bringup/share/robo24_bringup/package.dsv'
[18.246s] INFO:colcon.colcon_core.shell:Creating package script '/home/mike/ros2_ws/install/robo24_bringup/share/robo24_bringup/package.sh'
[18.249s] INFO:colcon.colcon_core.shell:Creating package script '/home/mike/ros2_ws/install/robo24_bringup/share/robo24_bringup/package.bash'
[18.251s] INFO:colcon.colcon_core.shell:Creating package script '/home/mike/ros2_ws/install/robo24_bringup/share/robo24_bringup/package.zsh'
[18.252s] Level 1:colcon.colcon_core.environment:create_file_with_runtime_dependencies(/home/mike/ros2_ws/install/robo24_bringup/share/colcon-core/packages/robo24_bringup)
[18.556s] DEBUG:colcon.colcon_core.event_handler.log_command:Invoking command in '/home/mike/ros2_ws/build/robo24_stuff': PYTHONPATH=/home/mike/ros2_ws/build/robo24_stuff/prefix_override:/home/mike/ros2_ws/install/robo24_stuff/lib/python3.10/site-packages:${PYTHONPATH} /usr/bin/python3 setup.py develop --editable --build-directory /home/mike/ros2_ws/build/robo24_stuff/build --no-deps install_data
[20.522s] Level 1:colcon.colcon_core.shell:create_environment_hook('robo24_stuff', 'pythonpath_develop')
[20.524s] DEBUG:colcon.colcon_core.event_handler.log_command:Invoked command in '/home/mike/ros2_ws/build/robo24_stuff' returned '0': PYTHONPATH=/home/mike/ros2_ws/build/robo24_stuff/prefix_override:/home/mike/ros2_ws/install/robo24_stuff/lib/python3.10/site-packages:${PYTHONPATH} /usr/bin/python3 setup.py develop --editable --build-directory /home/mike/ros2_ws/build/robo24_stuff/build --no-deps install_data
[20.579s] INFO:colcon.colcon_core.shell:Creating environment hook '/home/mike/ros2_ws/build/robo24_stuff/share/robo24_stuff/hook/pythonpath_develop.ps1'
[20.582s] INFO:colcon.colcon_core.shell:Creating environment descriptor '/home/mike/ros2_ws/build/robo24_stuff/share/robo24_stuff/hook/pythonpath_develop.dsv'
[20.583s] INFO:colcon.colcon_core.shell:Creating environment hook '/home/mike/ros2_ws/build/robo24_stuff/share/robo24_stuff/hook/pythonpath_develop.sh'
[20.642s] Level 1:colcon.colcon_core.environment:checking '/home/mike/ros2_ws/install/robo24_stuff' for CMake module files
[20.645s] Level 1:colcon.colcon_core.environment:checking '/home/mike/ros2_ws/install/robo24_stuff' for CMake config files
[20.648s] Level 1:colcon.colcon_core.environment:checking '/home/mike/ros2_ws/install/robo24_stuff/lib'
[20.649s] Level 1:colcon.colcon_core.environment:checking '/home/mike/ros2_ws/install/robo24_stuff/bin'
[20.649s] Level 1:colcon.colcon_core.environment:checking '/home/mike/ros2_ws/install/robo24_stuff/lib/pkgconfig/robo24_stuff.pc'
[20.650s] Level 1:colcon.colcon_core.environment:checking '/home/mike/ros2_ws/install/robo24_stuff/lib/python3.10/site-packages'
[20.651s] Level 1:colcon.colcon_core.shell:create_environment_hook('robo24_stuff', 'pythonpath')
[20.704s] INFO:colcon.colcon_core.shell:Creating environment hook '/home/mike/ros2_ws/install/robo24_stuff/share/robo24_stuff/hook/pythonpath.ps1'
[20.707s] INFO:colcon.colcon_core.shell:Creating environment descriptor '/home/mike/ros2_ws/install/robo24_stuff/share/robo24_stuff/hook/pythonpath.dsv'
[20.708s] INFO:colcon.colcon_core.shell:Creating environment hook '/home/mike/ros2_ws/install/robo24_stuff/share/robo24_stuff/hook/pythonpath.sh'
[20.711s] Level 1:colcon.colcon_core.environment:checking '/home/mike/ros2_ws/install/robo24_stuff/bin'
[20.711s] Level 1:colcon.colcon_core.environment:create_environment_scripts_only(robo24_stuff)
[20.781s] INFO:colcon.colcon_core.shell:Creating package script '/home/mike/ros2_ws/install/robo24_stuff/share/robo24_stuff/package.ps1'
[20.784s] INFO:colcon.colcon_core.shell:Creating package descriptor '/home/mike/ros2_ws/install/robo24_stuff/share/robo24_stuff/package.dsv'
[20.787s] INFO:colcon.colcon_core.shell:Creating package script '/home/mike/ros2_ws/install/robo24_stuff/share/robo24_stuff/package.sh'
[20.790s] INFO:colcon.colcon_core.shell:Creating package script '/home/mike/ros2_ws/install/robo24_stuff/share/robo24_stuff/package.bash'
[20.792s] INFO:colcon.colcon_core.shell:Creating package script '/home/mike/ros2_ws/install/robo24_stuff/share/robo24_stuff/package.zsh'
[20.794s] Level 1:colcon.colcon_core.environment:create_file_with_runtime_dependencies(/home/mike/ros2_ws/install/robo24_stuff/share/colcon-core/packages/robo24_stuff)
[20.796s] DEBUG:colcon.colcon_parallel_executor.executor.parallel:closing loop
[20.797s] DEBUG:colcon.colcon_parallel_executor.executor.parallel:loop closed
[20.798s] DEBUG:colcon.colcon_parallel_executor.executor.parallel:run_until_complete finished with '0'
[20.798s] DEBUG:colcon.colcon_core.event_reactor:joining thread
[20.887s] INFO:colcon.colcon_core.plugin_system:Skipping extension 'colcon_notification.desktop_notification.notify_send': Could not find 'notify-send'
[20.888s] INFO:colcon.colcon_core.plugin_system:Skipping extension 'colcon_notification.desktop_notification.terminal_notifier': Not used on non-Darwin systems
[20.888s] INFO:colcon.colcon_core.plugin_system:Skipping extension 'colcon_notification.desktop_notification.win32': Not used on non-Windows systems
[20.888s] INFO:colcon.colcon_notification.desktop_notification:Sending desktop notification using 'notify2'
[20.891s] DEBUG:colcon.colcon_notification.desktop_notification.notify2:Failed to initialize notify2: org.freedesktop.DBus.Error.ServiceUnknown: The name org.freedesktop.Notifications was not provided by any .service files
[20.892s] DEBUG:colcon.colcon_core.event_reactor:joined thread
[20.952s] INFO:colcon.colcon_core.shell:Creating prefix script '/home/mike/ros2_ws/install/local_setup.ps1'
[20.956s] INFO:colcon.colcon_core.shell:Creating prefix util module '/home/mike/ros2_ws/install/_local_setup_util_ps1.py'
[20.961s] INFO:colcon.colcon_core.shell:Creating prefix chain script '/home/mike/ros2_ws/install/setup.ps1'
[21.019s] INFO:colcon.colcon_core.shell:Creating prefix script '/home/mike/ros2_ws/install/local_setup.sh'
[21.022s] INFO:colcon.colcon_core.shell:Creating prefix util module '/home/mike/ros2_ws/install/_local_setup_util_sh.py'
[21.024s] INFO:colcon.colcon_core.shell:Creating prefix chain script '/home/mike/ros2_ws/install/setup.sh'
[21.082s] INFO:colcon.colcon_core.shell:Creating prefix script '/home/mike/ros2_ws/install/local_setup.bash'
[21.085s] INFO:colcon.colcon_core.shell:Creating prefix chain script '/home/mike/ros2_ws/install/setup.bash'
[21.144s] INFO:colcon.colcon_core.shell:Creating prefix script '/home/mike/ros2_ws/install/local_setup.zsh'
[21.147s] INFO:colcon.colcon_core.shell:Creating prefix chain script '/home/mike/ros2_ws/install/setup.zsh'
