[7.799s] Invoking command in '/home/mike/ros2_ws/build/robo24_nav': PYTHONPATH=/home/mike/ros2_ws/build/robo24_nav/prefix_override:/home/mike/ros2_ws/install/robo24_nav/lib/python3.10/site-packages:${PYTHONPATH} /usr/bin/python3 setup.py develop --editable --build-directory /home/mike/ros2_ws/build/robo24_nav/build --no-deps install_data
[9.772s] running develop
[10.956s] running egg_info
[10.957s] creating robo24_nav.egg-info
[10.958s] writing robo24_nav.egg-info/PKG-INFO
[10.959s] writing dependency_links to robo24_nav.egg-info/dependency_links.txt
[10.960s] writing entry points to robo24_nav.egg-info/entry_points.txt
[10.960s] writing requirements to robo24_nav.egg-info/requires.txt
[10.962s] writing top-level names to robo24_nav.egg-info/top_level.txt
[10.962s] writing manifest file 'robo24_nav.egg-info/SOURCES.txt'
[10.969s] reading manifest file 'robo24_nav.egg-info/SOURCES.txt'
[10.972s] writing manifest file 'robo24_nav.egg-info/SOURCES.txt'
[10.980s] running build_ext
[10.981s] Creating /home/mike/ros2_ws/install/robo24_nav/lib/python3.10/site-packages/robo24-nav.egg-link (link to .)
[10.987s] Installing robo24_nav_simple_node script to /home/mike/ros2_ws/install/robo24_nav/lib/robo24_nav
[10.988s] 
[10.989s] Installed /home/mike/ros2_ws/build/robo24_nav
[10.990s] running install_data
[10.991s] creating /home/mike/ros2_ws/install/robo24_nav/share/ament_index
[10.993s] creating /home/mike/ros2_ws/install/robo24_nav/share/ament_index/resource_index
[10.996s] creating /home/mike/ros2_ws/install/robo24_nav/share/ament_index/resource_index/packages
[11.013s] copying resource/robo24_nav -> /home/mike/ros2_ws/install/robo24_nav/share/ament_index/resource_index/packages
[11.014s] copying package.xml -> /home/mike/ros2_ws/install/robo24_nav/share/robo24_nav
[11.974s] Invoked command in '/home/mike/ros2_ws/build/robo24_nav' returned '0': PYTHONPATH=/home/mike/ros2_ws/build/robo24_nav/prefix_override:/home/mike/ros2_ws/install/robo24_nav/lib/python3.10/site-packages:${PYTHONPATH} /usr/bin/python3 setup.py develop --editable --build-directory /home/mike/ros2_ws/build/robo24_nav/build --no-deps install_data
