[9.846s] Invoking command in '/home/mike/ros2_ws/src/robo24_bringup': PYTHONPATH=/home/mike/ros2_ws/build/robo24_bringup/prefix_override:/home/mike/ros2_ws/install/robo24_bringup/lib/python3.10/site-packages:${PYTHONPATH} /usr/bin/python3 setup.py egg_info --egg-base ../../build/robo24_bringup build --build-base /home/mike/ros2_ws/build/robo24_bringup/build install --record /home/mike/ros2_ws/build/robo24_bringup/install.log --single-version-externally-managed
[11.809s] running egg_info
[11.812s] writing ../../build/robo24_bringup/robo24_bringup.egg-info/PKG-INFO
[11.814s] writing dependency_links to ../../build/robo24_bringup/robo24_bringup.egg-info/dependency_links.txt
[11.815s] writing entry points to ../../build/robo24_bringup/robo24_bringup.egg-info/entry_points.txt
[11.817s] writing requirements to ../../build/robo24_bringup/robo24_bringup.egg-info/requires.txt
[11.818s] writing top-level names to ../../build/robo24_bringup/robo24_bringup.egg-info/top_level.txt
[11.825s] reading manifest file '../../build/robo24_bringup/robo24_bringup.egg-info/SOURCES.txt'
[11.830s] adding license file 'LICENSE'
[11.834s] writing manifest file '../../build/robo24_bringup/robo24_bringup.egg-info/SOURCES.txt'
[11.835s] running build
[11.837s] running build_py
[11.838s] running install
[11.842s] running install_lib
[11.844s] running install_data
[11.845s] running install_egg_info
[11.850s] removing '/home/mike/ros2_ws/install/robo24_bringup/lib/python3.10/site-packages/robo24_bringup-0.0.0-py3.10.egg-info' (and everything under it)
[11.852s] Copying ../../build/robo24_bringup/robo24_bringup.egg-info to /home/mike/ros2_ws/install/robo24_bringup/lib/python3.10/site-packages/robo24_bringup-0.0.0-py3.10.egg-info
[11.859s] running install_scripts
[11.945s] writing list of installed files to '/home/mike/ros2_ws/build/robo24_bringup/install.log'
[12.399s] Invoked command in '/home/mike/ros2_ws/src/robo24_bringup' returned '0': PYTHONPATH=/home/mike/ros2_ws/build/robo24_bringup/prefix_override:/home/mike/ros2_ws/install/robo24_bringup/lib/python3.10/site-packages:${PYTHONPATH} /usr/bin/python3 setup.py egg_info --egg-base ../../build/robo24_bringup build --build-base /home/mike/ros2_ws/build/robo24_bringup/build install --record /home/mike/ros2_ws/build/robo24_bringup/install.log --single-version-externally-managed
