[9.778s] Invoking command in '/home/mike/ros2_ws/build/robo24_localization': PYTHONPATH=/home/mike/ros2_ws/build/robo24_localization/prefix_override:/home/mike/ros2_ws/install/robo24_localization/lib/python3.10/site-packages:${PYTHONPATH} /usr/bin/python3 setup.py develop --editable --build-directory /home/mike/ros2_ws/build/robo24_localization/build --no-deps install_data
[11.693s] running develop
[13.361s] running egg_info
[13.362s] creating robo24_localization.egg-info
[13.363s] writing robo24_localization.egg-info/PKG-INFO
[13.364s] writing dependency_links to robo24_localization.egg-info/dependency_links.txt
[13.371s] writing entry points to robo24_localization.egg-info/entry_points.txt
[13.371s] writing requirements to robo24_localization.egg-info/requires.txt
[13.372s] writing top-level names to robo24_localization.egg-info/top_level.txt
[13.372s] writing manifest file 'robo24_localization.egg-info/SOURCES.txt'
[13.374s] reading manifest file 'robo24_localization.egg-info/SOURCES.txt'
[13.377s] writing manifest file 'robo24_localization.egg-info/SOURCES.txt'
[13.386s] running build_ext
[13.386s] Creating /home/mike/ros2_ws/install/robo24_localization/lib/python3.10/site-packages/robo24-localization.egg-link (link to .)
[13.391s] 
[13.392s] Installed /home/mike/ros2_ws/build/robo24_localization
[13.392s] running install_data
[13.393s] creating /home/mike/ros2_ws/install/robo24_localization/share/ament_index
[13.393s] creating /home/mike/ros2_ws/install/robo24_localization/share/ament_index/resource_index
[13.394s] creating /home/mike/ros2_ws/install/robo24_localization/share/ament_index/resource_index/packages
[13.395s] copying resource/robo24_localization -> /home/mike/ros2_ws/install/robo24_localization/share/ament_index/resource_index/packages
[13.396s] copying package.xml -> /home/mike/ros2_ws/install/robo24_localization/share/robo24_localization
[13.397s] creating /home/mike/ros2_ws/install/robo24_localization/share/robo24_localization/launch
[13.399s] copying launch/robo24_efk_odom_launch.py -> /home/mike/ros2_ws/install/robo24_localization/share/robo24_localization/launch
[14.252s] Invoked command in '/home/mike/ros2_ws/build/robo24_localization' returned '0': PYTHONPATH=/home/mike/ros2_ws/build/robo24_localization/prefix_override:/home/mike/ros2_ws/install/robo24_localization/lib/python3.10/site-packages:${PYTHONPATH} /usr/bin/python3 setup.py develop --editable --build-directory /home/mike/ros2_ws/build/robo24_localization/build --no-deps install_data
