[9.915s] Invoking command in '/home/mike/ros2_ws/build/robo24_bringup': PYTHONPATH=/home/mike/ros2_ws/build/robo24_bringup/prefix_override:/home/mike/ros2_ws/install/robo24_bringup/lib/python3.10/site-packages:${PYTHONPATH} /usr/bin/python3 setup.py develop --editable --build-directory /home/mike/ros2_ws/build/robo24_bringup/build --no-deps install_data
[12.696s] running develop
[14.822s] running egg_info
[14.824s] creating robo24_bringup.egg-info
[14.825s] writing robo24_bringup.egg-info/PKG-INFO
[14.825s] writing dependency_links to robo24_bringup.egg-info/dependency_links.txt
[14.831s] writing entry points to robo24_bringup.egg-info/entry_points.txt
[14.831s] writing requirements to robo24_bringup.egg-info/requires.txt
[14.832s] writing top-level names to robo24_bringup.egg-info/top_level.txt
[14.833s] writing manifest file 'robo24_bringup.egg-info/SOURCES.txt'
[14.834s] reading manifest file 'robo24_bringup.egg-info/SOURCES.txt'
[14.856s] writing manifest file 'robo24_bringup.egg-info/SOURCES.txt'
[14.863s] running build_ext
[14.864s] Creating /home/mike/ros2_ws/install/robo24_bringup/lib/python3.10/site-packages/robo24-bringup.egg-link (link to .)
[14.876s] 
[14.881s] Installed /home/mike/ros2_ws/build/robo24_bringup
[14.891s] running install_data
[14.892s] creating /home/mike/ros2_ws/install/robo24_bringup/share/ament_index
[14.922s] creating /home/mike/ros2_ws/install/robo24_bringup/share/ament_index/resource_index
[14.923s] creating /home/mike/ros2_ws/install/robo24_bringup/share/ament_index/resource_index/packages
[14.924s] copying resource/robo24_bringup -> /home/mike/ros2_ws/install/robo24_bringup/share/ament_index/resource_index/packages
[14.924s] copying package.xml -> /home/mike/ros2_ws/install/robo24_bringup/share/robo24_bringup
[14.925s] creating /home/mike/ros2_ws/install/robo24_bringup/share/robo24_bringup/launch
[14.926s] copying launch/robo24_bringup_launch.py -> /home/mike/ros2_ws/install/robo24_bringup/share/robo24_bringup/launch
[15.682s] Invoked command in '/home/mike/ros2_ws/build/robo24_bringup' returned '0': PYTHONPATH=/home/mike/ros2_ws/build/robo24_bringup/prefix_override:/home/mike/ros2_ws/install/robo24_bringup/lib/python3.10/site-packages:${PYTHONPATH} /usr/bin/python3 setup.py develop --editable --build-directory /home/mike/ros2_ws/build/robo24_bringup/build --no-deps install_data
