[10.246s] Invoking command in '/home/mike/ros2_ws/build/robo24_localization': PYTHONPATH=/home/mike/ros2_ws/build/robo24_localization/prefix_override:/home/mike/ros2_ws/install/robo24_localization/lib/python3.10/site-packages:${PYTHONPATH} /usr/bin/python3 setup.py develop --editable --build-directory /home/mike/ros2_ws/build/robo24_localization/build --no-deps install_data
[13.833s] running develop
[15.647s] running egg_info
[15.650s] creating robo24_localization.egg-info
[15.655s] writing robo24_localization.egg-info/PKG-INFO
[15.659s] writing dependency_links to robo24_localization.egg-info/dependency_links.txt
[15.665s] writing entry points to robo24_localization.egg-info/entry_points.txt
[15.667s] writing requirements to robo24_localization.egg-info/requires.txt
[15.669s] writing top-level names to robo24_localization.egg-info/top_level.txt
[15.676s] writing manifest file 'robo24_localization.egg-info/SOURCES.txt'
[15.689s] reading manifest file 'robo24_localization.egg-info/SOURCES.txt'
[15.696s] writing manifest file 'robo24_localization.egg-info/SOURCES.txt'
[15.713s] running build_ext
[15.717s] Creating /home/mike/ros2_ws/install/robo24_localization/lib/python3.10/site-packages/robo24-localization.egg-link (link to .)
[15.727s] 
[15.729s] Installed /home/mike/ros2_ws/build/robo24_localization
[15.732s] running install_data
[15.736s] creating /home/mike/ros2_ws/install/robo24_localization/share/ament_index
[15.743s] creating /home/mike/ros2_ws/install/robo24_localization/share/ament_index/resource_index
[15.747s] creating /home/mike/ros2_ws/install/robo24_localization/share/ament_index/resource_index/packages
[15.749s] copying resource/robo24_localization -> /home/mike/ros2_ws/install/robo24_localization/share/ament_index/resource_index/packages
[15.750s] copying package.xml -> /home/mike/ros2_ws/install/robo24_localization/share/robo24_localization
[15.751s] creating /home/mike/ros2_ws/install/robo24_localization/share/robo24_localization/launch
[15.757s] copying launch/robo24_efk_odom_launch.py -> /home/mike/ros2_ws/install/robo24_localization/share/robo24_localization/launch
[15.758s] creating /home/mike/ros2_ws/install/robo24_localization/share/robo24_localization/config
[15.761s] copying config/efk_config.yaml -> /home/mike/ros2_ws/install/robo24_localization/share/robo24_localization/config
