[5.429s] Invoking command in '/home/mike/ros2_ws/build/robo24_stuff': PYTHONPATH=/home/mike/ros2_ws/build/robo24_stuff/prefix_override:/home/mike/ros2_ws/install/robo24_stuff/lib/python3.10/site-packages:${PYTHONPATH} /usr/bin/python3 setup.py develop --editable --build-directory /home/mike/ros2_ws/build/robo24_stuff/build --no-deps install_data
[7.658s] running develop
[9.183s] running egg_info
[9.186s] creating robo24_stuff.egg-info
[9.188s] writing robo24_stuff.egg-info/PKG-INFO
[9.192s] writing dependency_links to robo24_stuff.egg-info/dependency_links.txt
[9.193s] writing entry points to robo24_stuff.egg-info/entry_points.txt
[9.194s] writing requirements to robo24_stuff.egg-info/requires.txt
[9.195s] writing top-level names to robo24_stuff.egg-info/top_level.txt
[9.196s] writing manifest file 'robo24_stuff.egg-info/SOURCES.txt'
[9.203s] reading manifest file 'robo24_stuff.egg-info/SOURCES.txt'
[9.223s] writing manifest file 'robo24_stuff.egg-info/SOURCES.txt'
[9.229s] running build_ext
[9.229s] Creating /home/mike/ros2_ws/install/robo24_stuff/lib/python3.10/site-packages/robo24-stuff.egg-link (link to .)
[9.243s] Installing openmv_serial_node script to /home/mike/ros2_ws/install/robo24_stuff/lib/robo24_stuff
[9.244s] Installing robo24_can_xy_node script to /home/mike/ros2_ws/install/robo24_stuff/lib/robo24_stuff
[9.246s] Installing robo24_diynav_node script to /home/mike/ros2_ws/install/robo24_stuff/lib/robo24_stuff
[9.260s] Installing robo24_diyslam_node script to /home/mike/ros2_ws/install/robo24_stuff/lib/robo24_stuff
[9.262s] Installing robo24_teleop_node script to /home/mike/ros2_ws/install/robo24_stuff/lib/robo24_stuff
[9.263s] Installing robo24_wheel_controller_node script to /home/mike/ros2_ws/install/robo24_stuff/lib/robo24_stuff
[9.264s] Installing sensor_serial_node script to /home/mike/ros2_ws/install/robo24_stuff/lib/robo24_stuff
[9.265s] 
[9.266s] Installed /home/mike/ros2_ws/build/robo24_stuff
[9.294s] running install_data
[9.295s] creating /home/mike/ros2_ws/install/robo24_stuff/share/ament_index
[9.296s] creating /home/mike/ros2_ws/install/robo24_stuff/share/ament_index/resource_index
[9.297s] creating /home/mike/ros2_ws/install/robo24_stuff/share/ament_index/resource_index/packages
[9.298s] copying resource/robo24_stuff -> /home/mike/ros2_ws/install/robo24_stuff/share/ament_index/resource_index/packages
[9.299s] copying package.xml -> /home/mike/ros2_ws/install/robo24_stuff/share/robo24_stuff
[9.301s] creating /home/mike/ros2_ws/install/robo24_stuff/share/robo24_stuff/launch
[9.302s] copying launch/robo24_bringup_launch.py -> /home/mike/ros2_ws/install/robo24_stuff/share/robo24_stuff/launch
[9.496s] Invoked command in '/home/mike/ros2_ws/build/robo24_stuff' returned '0': PYTHONPATH=/home/mike/ros2_ws/build/robo24_stuff/prefix_override:/home/mike/ros2_ws/install/robo24_stuff/lib/python3.10/site-packages:${PYTHONPATH} /usr/bin/python3 setup.py develop --editable --build-directory /home/mike/ros2_ws/build/robo24_stuff/build --no-deps install_data
