[4.754s] Invoking command in '/home/mike/ros2_ws/src/robo24_wheel_interface': PYTHONPATH=/home/mike/ros2_ws/build/robo24_wheel_interface/prefix_override:/home/mike/ros2_ws/install/robo24_wheel_interface/lib/python3.10/site-packages:${PYTHONPATH} /usr/bin/python3 setup.py egg_info --egg-base ../../build/robo24_wheel_interface build --build-base /home/mike/ros2_ws/build/robo24_wheel_interface/build install --record /home/mike/ros2_ws/build/robo24_wheel_interface/install.log --single-version-externally-managed
[5.906s] running egg_info
[5.908s] writing ../../build/robo24_wheel_interface/robo24_wheel_interface.egg-info/PKG-INFO
[5.910s] writing dependency_links to ../../build/robo24_wheel_interface/robo24_wheel_interface.egg-info/dependency_links.txt
[5.911s] writing entry points to ../../build/robo24_wheel_interface/robo24_wheel_interface.egg-info/entry_points.txt
[5.912s] writing requirements to ../../build/robo24_wheel_interface/robo24_wheel_interface.egg-info/requires.txt
[5.913s] writing top-level names to ../../build/robo24_wheel_interface/robo24_wheel_interface.egg-info/top_level.txt
[5.922s] reading manifest file '../../build/robo24_wheel_interface/robo24_wheel_interface.egg-info/SOURCES.txt'
[5.926s] writing manifest file '../../build/robo24_wheel_interface/robo24_wheel_interface.egg-info/SOURCES.txt'
[5.927s] running build
[5.928s] running build_py
[5.929s] copying robo24_wheel_interface/robo24_wheel_node.py -> /home/mike/ros2_ws/build/robo24_wheel_interface/build/lib/robo24_wheel_interface
[5.930s] running install
[5.931s] running install_lib
[5.935s] copying /home/mike/ros2_ws/build/robo24_wheel_interface/build/lib/robo24_wheel_interface/robo24_wheel_node.py -> /home/mike/ros2_ws/install/robo24_wheel_interface/lib/python3.10/site-packages/robo24_wheel_interface
[5.938s] byte-compiling /home/mike/ros2_ws/install/robo24_wheel_interface/lib/python3.10/site-packages/robo24_wheel_interface/robo24_wheel_node.py to robo24_wheel_node.cpython-310.pyc
[5.943s] running install_data
[5.946s] running install_egg_info
[5.953s] removing '/home/mike/ros2_ws/install/robo24_wheel_interface/lib/python3.10/site-packages/robo24_wheel_interface-0.0.0-py3.10.egg-info' (and everything under it)
[5.955s] Copying ../../build/robo24_wheel_interface/robo24_wheel_interface.egg-info to /home/mike/ros2_ws/install/robo24_wheel_interface/lib/python3.10/site-packages/robo24_wheel_interface-0.0.0-py3.10.egg-info
[5.964s] running install_scripts
[6.045s] Installing robo24_wheel_node script to /home/mike/ros2_ws/install/robo24_wheel_interface/lib/robo24_wheel_interface
[6.047s] writing list of installed files to '/home/mike/ros2_ws/build/robo24_wheel_interface/install.log'
[6.236s] Invoked command in '/home/mike/ros2_ws/src/robo24_wheel_interface' returned '0': PYTHONPATH=/home/mike/ros2_ws/build/robo24_wheel_interface/prefix_override:/home/mike/ros2_ws/install/robo24_wheel_interface/lib/python3.10/site-packages:${PYTHONPATH} /usr/bin/python3 setup.py egg_info --egg-base ../../build/robo24_wheel_interface build --build-base /home/mike/ros2_ws/build/robo24_wheel_interface/build install --record /home/mike/ros2_ws/build/robo24_wheel_interface/install.log --single-version-externally-managed
