[9.027s] Invoking command in '/home/mike/ros2_ws/build/robo24_bringup': PYTHONPATH=/home/mike/ros2_ws/build/robo24_bringup/prefix_override:/home/mike/ros2_ws/install/robo24_bringup/lib/python3.10/site-packages:${PYTHONPATH} /usr/bin/python3 setup.py develop --editable --build-directory /home/mike/ros2_ws/build/robo24_bringup/build --no-deps install_data
[10.977s] running develop
[12.149s] running egg_info
[12.149s] creating robo24_bringup.egg-info
[12.150s] writing robo24_bringup.egg-info/PKG-INFO
[12.152s] writing dependency_links to robo24_bringup.egg-info/dependency_links.txt
[12.152s] writing entry points to robo24_bringup.egg-info/entry_points.txt
[12.153s] writing requirements to robo24_bringup.egg-info/requires.txt
[12.154s] writing top-level names to robo24_bringup.egg-info/top_level.txt
[12.155s] writing manifest file 'robo24_bringup.egg-info/SOURCES.txt'
[12.163s] reading manifest file 'robo24_bringup.egg-info/SOURCES.txt'
[12.166s] writing manifest file 'robo24_bringup.egg-info/SOURCES.txt'
[12.174s] running build_ext
[12.175s] Creating /home/mike/ros2_ws/install/robo24_bringup/lib/python3.10/site-packages/robo24-bringup.egg-link (link to .)
[12.179s] 
[12.180s] Installed /home/mike/ros2_ws/build/robo24_bringup
[12.181s] running install_data
[12.181s] creating /home/mike/ros2_ws/install/robo24_bringup/share/ament_index
[12.182s] creating /home/mike/ros2_ws/install/robo24_bringup/share/ament_index/resource_index
[12.183s] creating /home/mike/ros2_ws/install/robo24_bringup/share/ament_index/resource_index/packages
[12.183s] copying resource/robo24_bringup -> /home/mike/ros2_ws/install/robo24_bringup/share/ament_index/resource_index/packages
[12.184s] copying package.xml -> /home/mike/ros2_ws/install/robo24_bringup/share/robo24_bringup
[12.184s] creating /home/mike/ros2_ws/install/robo24_bringup/share/robo24_bringup/launch
[12.185s] copying launch/robo24_bringup_launch.py -> /home/mike/ros2_ws/install/robo24_bringup/share/robo24_bringup/launch
[12.848s] Invoked command in '/home/mike/ros2_ws/build/robo24_bringup' returned '0': PYTHONPATH=/home/mike/ros2_ws/build/robo24_bringup/prefix_override:/home/mike/ros2_ws/install/robo24_bringup/lib/python3.10/site-packages:${PYTHONPATH} /usr/bin/python3 setup.py develop --editable --build-directory /home/mike/ros2_ws/build/robo24_bringup/build --no-deps install_data
