[5.247s] Invoking command in '/home/mike/ros2_ws/src/robo24_stuff': PYTHONPATH=/home/mike/ros2_ws/build/robo24_stuff/prefix_override:/home/mike/ros2_ws/install/robo24_stuff/lib/python3.10/site-packages:${PYTHONPATH} /usr/bin/python3 setup.py egg_info --egg-base ../../build/robo24_stuff build --build-base /home/mike/ros2_ws/build/robo24_stuff/build install --record /home/mike/ros2_ws/build/robo24_stuff/install.log --single-version-externally-managed
[6.345s] running egg_info
[6.347s] writing ../../build/robo24_stuff/robo24_stuff.egg-info/PKG-INFO
[6.348s] writing dependency_links to ../../build/robo24_stuff/robo24_stuff.egg-info/dependency_links.txt
[6.349s] writing entry points to ../../build/robo24_stuff/robo24_stuff.egg-info/entry_points.txt
[6.350s] writing requirements to ../../build/robo24_stuff/robo24_stuff.egg-info/requires.txt
[6.350s] writing top-level names to ../../build/robo24_stuff/robo24_stuff.egg-info/top_level.txt
[6.358s] reading manifest file '../../build/robo24_stuff/robo24_stuff.egg-info/SOURCES.txt'
[6.363s] writing manifest file '../../build/robo24_stuff/robo24_stuff.egg-info/SOURCES.txt'
[6.363s] running build
[6.364s] running build_py
[6.366s] copying robo24_stuff/robo24_wheel_controller_node.py -> /home/mike/ros2_ws/build/robo24_stuff/build/lib/robo24_stuff
[6.367s] running install
[6.369s] running install_lib
[6.374s] copying /home/mike/ros2_ws/build/robo24_stuff/build/lib/robo24_stuff/robo24_wheel_controller_node.py -> /home/mike/ros2_ws/install/robo24_stuff/lib/python3.10/site-packages/robo24_stuff
[6.378s] byte-compiling /home/mike/ros2_ws/install/robo24_stuff/lib/python3.10/site-packages/robo24_stuff/robo24_wheel_controller_node.py to robo24_wheel_controller_node.cpython-310.pyc
[6.386s] running install_data
[6.389s] running install_egg_info
[6.395s] removing '/home/mike/ros2_ws/install/robo24_stuff/lib/python3.10/site-packages/robo24_stuff-0.0.0-py3.10.egg-info' (and everything under it)
[6.397s] Copying ../../build/robo24_stuff/robo24_stuff.egg-info to /home/mike/ros2_ws/install/robo24_stuff/lib/python3.10/site-packages/robo24_stuff-0.0.0-py3.10.egg-info
[6.402s] running install_scripts
[6.480s] Installing openmv_serial_node script to /home/mike/ros2_ws/install/robo24_stuff/lib/robo24_stuff
[6.481s] Installing robo24_can_xy_node script to /home/mike/ros2_ws/install/robo24_stuff/lib/robo24_stuff
[6.482s] Installing robo24_diynav_node script to /home/mike/ros2_ws/install/robo24_stuff/lib/robo24_stuff
[6.483s] Installing robo24_teleop_node script to /home/mike/ros2_ws/install/robo24_stuff/lib/robo24_stuff
[6.484s] Installing robo24_wheel_controller_node script to /home/mike/ros2_ws/install/robo24_stuff/lib/robo24_stuff
[6.485s] Installing sensor_serial_node script to /home/mike/ros2_ws/install/robo24_stuff/lib/robo24_stuff
[6.487s] writing list of installed files to '/home/mike/ros2_ws/build/robo24_stuff/install.log'
[6.608s] Invoked command in '/home/mike/ros2_ws/src/robo24_stuff' returned '0': PYTHONPATH=/home/mike/ros2_ws/build/robo24_stuff/prefix_override:/home/mike/ros2_ws/install/robo24_stuff/lib/python3.10/site-packages:${PYTHONPATH} /usr/bin/python3 setup.py egg_info --egg-base ../../build/robo24_stuff build --build-base /home/mike/ros2_ws/build/robo24_stuff/build install --record /home/mike/ros2_ws/build/robo24_stuff/install.log --single-version-externally-managed
