[4.790s] Invoking command in '/home/mike/ros2_ws/src/robo24_bringup': PYTHONPATH=/home/mike/ros2_ws/build/robo24_bringup/prefix_override:/home/mike/ros2_ws/install/robo24_bringup/lib/python3.10/site-packages:${PYTHONPATH} /usr/bin/python3 setup.py egg_info --egg-base ../../build/robo24_bringup build --build-base /home/mike/ros2_ws/build/robo24_bringup/build install --record /home/mike/ros2_ws/build/robo24_bringup/install.log --single-version-externally-managed
[5.896s] running egg_info
[5.898s] writing ../../build/robo24_bringup/robo24_bringup.egg-info/PKG-INFO
[5.903s] writing dependency_links to ../../build/robo24_bringup/robo24_bringup.egg-info/dependency_links.txt
[5.904s] writing entry points to ../../build/robo24_bringup/robo24_bringup.egg-info/entry_points.txt
[5.905s] writing requirements to ../../build/robo24_bringup/robo24_bringup.egg-info/requires.txt
[5.908s] writing top-level names to ../../build/robo24_bringup/robo24_bringup.egg-info/top_level.txt
[5.912s] reading manifest file '../../build/robo24_bringup/robo24_bringup.egg-info/SOURCES.txt'
[5.912s] adding license file 'LICENSE'
[5.917s] writing manifest file '../../build/robo24_bringup/robo24_bringup.egg-info/SOURCES.txt'
[5.917s] running build
[5.923s] running build_py
[5.925s] running install
[5.926s] running install_lib
[5.927s] running install_data
[5.929s] copying launch/robo24_bringup_launch.py -> /home/mike/ros2_ws/install/robo24_bringup/share/robo24_bringup/launch
[5.929s] running install_egg_info
[5.936s] removing '/home/mike/ros2_ws/install/robo24_bringup/lib/python3.10/site-packages/robo24_bringup-0.0.0-py3.10.egg-info' (and everything under it)
[5.938s] Copying ../../build/robo24_bringup/robo24_bringup.egg-info to /home/mike/ros2_ws/install/robo24_bringup/lib/python3.10/site-packages/robo24_bringup-0.0.0-py3.10.egg-info
[5.947s] running install_scripts
[6.041s] writing list of installed files to '/home/mike/ros2_ws/build/robo24_bringup/install.log'
[6.386s] Invoked command in '/home/mike/ros2_ws/src/robo24_bringup' returned '0': PYTHONPATH=/home/mike/ros2_ws/build/robo24_bringup/prefix_override:/home/mike/ros2_ws/install/robo24_bringup/lib/python3.10/site-packages:${PYTHONPATH} /usr/bin/python3 setup.py egg_info --egg-base ../../build/robo24_bringup build --build-base /home/mike/ros2_ws/build/robo24_bringup/build install --record /home/mike/ros2_ws/build/robo24_bringup/install.log --single-version-externally-managed
