[8.708s] Invoking command in '/home/mike/ros2_ws/src/robo24_nav': PYTHONPATH=/home/mike/ros2_ws/build/robo24_nav/prefix_override:/home/mike/ros2_ws/install/robo24_nav/lib/python3.10/site-packages:${PYTHONPATH} /usr/bin/python3 setup.py egg_info --egg-base ../../build/robo24_nav build --build-base /home/mike/ros2_ws/build/robo24_nav/build install --record /home/mike/ros2_ws/build/robo24_nav/install.log --single-version-externally-managed
[10.467s] running egg_info
[10.470s] writing ../../build/robo24_nav/robo24_nav.egg-info/PKG-INFO
[10.474s] writing dependency_links to ../../build/robo24_nav/robo24_nav.egg-info/dependency_links.txt
[10.476s] writing entry points to ../../build/robo24_nav/robo24_nav.egg-info/entry_points.txt
[10.477s] writing requirements to ../../build/robo24_nav/robo24_nav.egg-info/requires.txt
[10.478s] writing top-level names to ../../build/robo24_nav/robo24_nav.egg-info/top_level.txt
[10.487s] reading manifest file '../../build/robo24_nav/robo24_nav.egg-info/SOURCES.txt'
[10.493s] writing manifest file '../../build/robo24_nav/robo24_nav.egg-info/SOURCES.txt'
[10.495s] running build
[10.496s] running build_py
[10.499s] running install
[10.499s] running install_lib
[10.504s] running install_data
[10.507s] running install_egg_info
[10.516s] removing '/home/mike/ros2_ws/install/robo24_nav/lib/python3.10/site-packages/robo24_nav-0.0.0-py3.10.egg-info' (and everything under it)
[10.519s] Copying ../../build/robo24_nav/robo24_nav.egg-info to /home/mike/ros2_ws/install/robo24_nav/lib/python3.10/site-packages/robo24_nav-0.0.0-py3.10.egg-info
[10.527s] running install_scripts
[10.820s] Installing robo24_nav_simple_node script to /home/mike/ros2_ws/install/robo24_nav/lib/robo24_nav
[10.821s] writing list of installed files to '/home/mike/ros2_ws/build/robo24_nav/install.log'
[11.500s] Invoked command in '/home/mike/ros2_ws/src/robo24_nav' returned '0': PYTHONPATH=/home/mike/ros2_ws/build/robo24_nav/prefix_override:/home/mike/ros2_ws/install/robo24_nav/lib/python3.10/site-packages:${PYTHONPATH} /usr/bin/python3 setup.py egg_info --egg-base ../../build/robo24_nav build --build-base /home/mike/ros2_ws/build/robo24_nav/build install --record /home/mike/ros2_ws/build/robo24_nav/install.log --single-version-externally-managed
