[4.760s] Invoking command in '/home/mike/ros2_ws/src/robo24_bringup': PYTHONPATH=/home/mike/ros2_ws/build/robo24_bringup/prefix_override:/home/mike/ros2_ws/install/robo24_bringup/lib/python3.10/site-packages:${PYTHONPATH} /usr/bin/python3 setup.py egg_info --egg-base ../../build/robo24_bringup build --build-base /home/mike/ros2_ws/build/robo24_bringup/build install --record /home/mike/ros2_ws/build/robo24_bringup/install.log --single-version-externally-managed
[5.856s] running egg_info
[5.858s] writing ../../build/robo24_bringup/robo24_bringup.egg-info/PKG-INFO
[5.860s] writing dependency_links to ../../build/robo24_bringup/robo24_bringup.egg-info/dependency_links.txt
[5.861s] writing entry points to ../../build/robo24_bringup/robo24_bringup.egg-info/entry_points.txt
[5.862s] writing requirements to ../../build/robo24_bringup/robo24_bringup.egg-info/requires.txt
[5.863s] writing top-level names to ../../build/robo24_bringup/robo24_bringup.egg-info/top_level.txt
[5.873s] reading manifest file '../../build/robo24_bringup/robo24_bringup.egg-info/SOURCES.txt'
[5.874s] adding license file 'LICENSE'
[5.876s] writing manifest file '../../build/robo24_bringup/robo24_bringup.egg-info/SOURCES.txt'
[5.877s] running build
[5.877s] running build_py
[5.879s] running install
[5.880s] running install_lib
[5.886s] running install_data
[5.889s] copying launch/robo24_bringup_launch.py -> /home/mike/ros2_ws/install/robo24_bringup/share/robo24_bringup/launch
[5.890s] running install_egg_info
[5.897s] removing '/home/mike/ros2_ws/install/robo24_bringup/lib/python3.10/site-packages/robo24_bringup-0.0.0-py3.10.egg-info' (and everything under it)
[5.899s] Copying ../../build/robo24_bringup/robo24_bringup.egg-info to /home/mike/ros2_ws/install/robo24_bringup/lib/python3.10/site-packages/robo24_bringup-0.0.0-py3.10.egg-info
[5.906s] running install_scripts
[5.991s] writing list of installed files to '/home/mike/ros2_ws/build/robo24_bringup/install.log'
[6.166s] Invoked command in '/home/mike/ros2_ws/src/robo24_bringup' returned '0': PYTHONPATH=/home/mike/ros2_ws/build/robo24_bringup/prefix_override:/home/mike/ros2_ws/install/robo24_bringup/lib/python3.10/site-packages:${PYTHONPATH} /usr/bin/python3 setup.py egg_info --egg-base ../../build/robo24_bringup build --build-base /home/mike/ros2_ws/build/robo24_bringup/build install --record /home/mike/ros2_ws/build/robo24_bringup/install.log --single-version-externally-managed
