[6.781s] Invoking command in '/home/mike/ros2_ws/build/robo24_wheel_interface': PYTHONPATH=/home/mike/ros2_ws/build/robo24_wheel_interface/prefix_override:/home/mike/ros2_ws/install/robo24_wheel_interface/lib/python3.10/site-packages:${PYTHONPATH} /usr/bin/python3 setup.py develop --editable --build-directory /home/mike/ros2_ws/build/robo24_wheel_interface/build --no-deps install_data
[8.505s] running develop
[9.497s] running egg_info
[9.500s] creating robo24_wheel_interface.egg-info
[9.502s] writing robo24_wheel_interface.egg-info/PKG-INFO
[9.503s] writing dependency_links to robo24_wheel_interface.egg-info/dependency_links.txt
[9.503s] writing entry points to robo24_wheel_interface.egg-info/entry_points.txt
[9.504s] writing requirements to robo24_wheel_interface.egg-info/requires.txt
[9.505s] writing top-level names to robo24_wheel_interface.egg-info/top_level.txt
[9.505s] writing manifest file 'robo24_wheel_interface.egg-info/SOURCES.txt'
[9.511s] reading manifest file 'robo24_wheel_interface.egg-info/SOURCES.txt'
[9.514s] writing manifest file 'robo24_wheel_interface.egg-info/SOURCES.txt'
[9.521s] running build_ext
[9.522s] Creating /home/mike/ros2_ws/install/robo24_wheel_interface/lib/python3.10/site-packages/robo24-wheel-interface.egg-link (link to .)
[9.527s] Installing robo24_controller_node script to /home/mike/ros2_ws/install/robo24_wheel_interface/lib/robo24_wheel_interface
[9.529s] Installing robo24_teleop_node script to /home/mike/ros2_ws/install/robo24_wheel_interface/lib/robo24_wheel_interface
[9.530s] Installing robo24_wheel_node script to /home/mike/ros2_ws/install/robo24_wheel_interface/lib/robo24_wheel_interface
[9.532s] 
[9.533s] Installed /home/mike/ros2_ws/build/robo24_wheel_interface
[9.534s] running install_data
[9.535s] creating /home/mike/ros2_ws/install/robo24_wheel_interface/share/ament_index
[9.537s] creating /home/mike/ros2_ws/install/robo24_wheel_interface/share/ament_index/resource_index
[9.542s] creating /home/mike/ros2_ws/install/robo24_wheel_interface/share/ament_index/resource_index/packages
[9.544s] copying resource/robo24_wheel_interface -> /home/mike/ros2_ws/install/robo24_wheel_interface/share/ament_index/resource_index/packages
[9.545s] copying package.xml -> /home/mike/ros2_ws/install/robo24_wheel_interface/share/robo24_wheel_interface
[9.760s] Invoked command in '/home/mike/ros2_ws/build/robo24_wheel_interface' returned '0': PYTHONPATH=/home/mike/ros2_ws/build/robo24_wheel_interface/prefix_override:/home/mike/ros2_ws/install/robo24_wheel_interface/lib/python3.10/site-packages:${PYTHONPATH} /usr/bin/python3 setup.py develop --editable --build-directory /home/mike/ros2_ws/build/robo24_wheel_interface/build --no-deps install_data
