[8.916s] Invoking command in '/home/mike/ros2_ws/src/robo24_localization': PYTHONPATH=/home/mike/ros2_ws/build/robo24_localization/prefix_override:/home/mike/ros2_ws/install/robo24_localization/lib/python3.10/site-packages:${PYTHONPATH} /usr/bin/python3 setup.py egg_info --egg-base ../../build/robo24_localization build --build-base /home/mike/ros2_ws/build/robo24_localization/build install --record /home/mike/ros2_ws/build/robo24_localization/install.log --single-version-externally-managed
[10.876s] running egg_info
[10.893s] creating ../../build/robo24_localization/robo24_localization.egg-info
[10.897s] writing ../../build/robo24_localization/robo24_localization.egg-info/PKG-INFO
[10.901s] writing dependency_links to ../../build/robo24_localization/robo24_localization.egg-info/dependency_links.txt
[10.904s] writing entry points to ../../build/robo24_localization/robo24_localization.egg-info/entry_points.txt
[10.918s] writing requirements to ../../build/robo24_localization/robo24_localization.egg-info/requires.txt
[10.922s] writing top-level names to ../../build/robo24_localization/robo24_localization.egg-info/top_level.txt
[10.925s] writing manifest file '../../build/robo24_localization/robo24_localization.egg-info/SOURCES.txt'
[10.948s] reading manifest file '../../build/robo24_localization/robo24_localization.egg-info/SOURCES.txt'
[10.970s] writing manifest file '../../build/robo24_localization/robo24_localization.egg-info/SOURCES.txt'
[10.972s] running build
[10.973s] running build_py
[10.977s] creating /home/mike/ros2_ws/build/robo24_localization/build
[10.978s] creating /home/mike/ros2_ws/build/robo24_localization/build/lib
[10.978s] creating /home/mike/ros2_ws/build/robo24_localization/build/lib/robo24_localization
[10.979s] copying robo24_localization/__init__.py -> /home/mike/ros2_ws/build/robo24_localization/build/lib/robo24_localization
[10.997s] running install
[11.003s] running install_lib
[11.012s] creating /home/mike/ros2_ws/install/robo24_localization/lib/python3.10/site-packages/robo24_localization
[11.013s] copying /home/mike/ros2_ws/build/robo24_localization/build/lib/robo24_localization/__init__.py -> /home/mike/ros2_ws/install/robo24_localization/lib/python3.10/site-packages/robo24_localization
[11.014s] byte-compiling /home/mike/ros2_ws/install/robo24_localization/lib/python3.10/site-packages/robo24_localization/__init__.py to __init__.cpython-310.pyc
[11.021s] running install_data
[11.021s] creating /home/mike/ros2_ws/install/robo24_localization/share/ament_index
[11.025s] creating /home/mike/ros2_ws/install/robo24_localization/share/ament_index/resource_index
[11.026s] creating /home/mike/ros2_ws/install/robo24_localization/share/ament_index/resource_index/packages
[11.030s] copying resource/robo24_localization -> /home/mike/ros2_ws/install/robo24_localization/share/ament_index/resource_index/packages
[11.031s] copying package.xml -> /home/mike/ros2_ws/install/robo24_localization/share/robo24_localization
[11.031s] creating /home/mike/ros2_ws/install/robo24_localization/share/robo24_localization/launch
[11.041s] copying launch/robo24_efk_odom_launch.py -> /home/mike/ros2_ws/install/robo24_localization/share/robo24_localization/launch
[11.041s] running install_egg_info
[11.046s] Copying ../../build/robo24_localization/robo24_localization.egg-info to /home/mike/ros2_ws/install/robo24_localization/lib/python3.10/site-packages/robo24_localization-0.0.0-py3.10.egg-info
[11.057s] running install_scripts
[11.395s] writing list of installed files to '/home/mike/ros2_ws/build/robo24_localization/install.log'
[12.312s] Invoked command in '/home/mike/ros2_ws/src/robo24_localization' returned '0': PYTHONPATH=/home/mike/ros2_ws/build/robo24_localization/prefix_override:/home/mike/ros2_ws/install/robo24_localization/lib/python3.10/site-packages:${PYTHONPATH} /usr/bin/python3 setup.py egg_info --egg-base ../../build/robo24_localization build --build-base /home/mike/ros2_ws/build/robo24_localization/build install --record /home/mike/ros2_ws/build/robo24_localization/install.log --single-version-externally-managed
