[3.866s] DEBUG:colcon:Command line arguments: ['/usr/bin/colcon', 'build', '--symlink-install']
[3.867s] DEBUG:colcon:Parsed command line arguments: Namespace(log_base=None, log_level=None, verb_name='build', build_base='build', install_base='install', merge_install=False, symlink_install=True, test_result_base=None, continue_on_error=False, executor='parallel', parallel_workers=4, event_handlers=None, ignore_user_meta=False, metas=['./colcon.meta'], base_paths=['.'], packages_ignore=None, packages_ignore_regex=None, paths=None, packages_up_to=None, packages_up_to_regex=None, packages_above=None, packages_above_and_dependencies=None, packages_above_depth=None, packages_select_by_dep=None, packages_skip_by_dep=None, packages_skip_up_to=None, packages_select_build_failed=False, packages_skip_build_finished=False, packages_select_test_failures=False, packages_skip_test_passed=False, packages_select=None, packages_skip=None, packages_select_regex=None, packages_skip_regex=None, packages_start=None, packages_end=None, allow_overriding=[], cmake_args=None, cmake_target=None, cmake_target_skip_unavailable=False, cmake_clean_cache=False, cmake_clean_first=False, cmake_force_configure=False, ament_cmake_args=None, catkin_cmake_args=None, catkin_skip_building_tests=False, verb_parser=<colcon_defaults.argument_parser.defaults.DefaultArgumentsDecorator object at 0xffff8a2fbc70>, verb_extension=<colcon_core.verb.build.BuildVerb object at 0xffff8a616f20>, main=<bound method BuildVerb.main of <colcon_core.verb.build.BuildVerb object at 0xffff8a616f20>>)
[4.054s] Level 1:colcon.colcon_core.package_discovery:discover_packages(colcon_meta) check parameters
[4.054s] Level 1:colcon.colcon_core.package_discovery:discover_packages(recursive) check parameters
[4.055s] Level 1:colcon.colcon_core.package_discovery:discover_packages(ignore) check parameters
[4.055s] Level 1:colcon.colcon_core.package_discovery:discover_packages(path) check parameters
[4.055s] Level 1:colcon.colcon_core.package_discovery:discover_packages(colcon_meta) discover
[4.055s] Level 1:colcon.colcon_core.package_discovery:discover_packages(recursive) discover
[4.055s] INFO:colcon.colcon_core.package_discovery:Crawling recursively for packages in '/home/mike/ros2_ws'
[4.056s] Level 1:colcon.colcon_core.package_identification:_identify(.) by extensions ['ignore', 'ignore_ament_install']
[4.056s] Level 1:colcon.colcon_core.package_identification:_identify(.) by extension 'ignore'
[4.057s] Level 1:colcon.colcon_core.package_identification:_identify(.) by extension 'ignore_ament_install'
[4.057s] Level 1:colcon.colcon_core.package_identification:_identify(.) by extensions ['colcon_pkg']
[4.057s] Level 1:colcon.colcon_core.package_identification:_identify(.) by extension 'colcon_pkg'
[4.057s] Level 1:colcon.colcon_core.package_identification:_identify(.) by extensions ['colcon_meta']
[4.057s] Level 1:colcon.colcon_core.package_identification:_identify(.) by extension 'colcon_meta'
[4.058s] Level 1:colcon.colcon_core.package_identification:_identify(.) by extensions ['ros']
[4.058s] Level 1:colcon.colcon_core.package_identification:_identify(.) by extension 'ros'
[4.121s] Level 1:colcon.colcon_core.package_identification:_identify(.) by extensions ['cmake', 'python']
[4.122s] Level 1:colcon.colcon_core.package_identification:_identify(.) by extension 'cmake'
[4.122s] Level 1:colcon.colcon_core.package_identification:_identify(.) by extension 'python'
[4.122s] Level 1:colcon.colcon_core.package_identification:_identify(.) by extensions ['python_setup_py']
[4.122s] Level 1:colcon.colcon_core.package_identification:_identify(.) by extension 'python_setup_py'
[4.123s] Level 1:colcon.colcon_core.package_identification:_identify(build) by extensions ['ignore', 'ignore_ament_install']
[4.123s] Level 1:colcon.colcon_core.package_identification:_identify(build) by extension 'ignore'
[4.123s] Level 1:colcon.colcon_core.package_identification:_identify(build) ignored
[4.124s] Level 1:colcon.colcon_core.package_identification:_identify(install) by extensions ['ignore', 'ignore_ament_install']
[4.125s] Level 1:colcon.colcon_core.package_identification:_identify(install) by extension 'ignore'
[4.125s] Level 1:colcon.colcon_core.package_identification:_identify(install) ignored
[4.127s] Level 1:colcon.colcon_core.package_identification:_identify(log) by extensions ['ignore', 'ignore_ament_install']
[4.128s] Level 1:colcon.colcon_core.package_identification:_identify(log) by extension 'ignore'
[4.128s] Level 1:colcon.colcon_core.package_identification:_identify(log) ignored
[4.128s] Level 1:colcon.colcon_core.package_identification:_identify(src) by extensions ['ignore', 'ignore_ament_install']
[4.129s] Level 1:colcon.colcon_core.package_identification:_identify(src) by extension 'ignore'
[4.129s] Level 1:colcon.colcon_core.package_identification:_identify(src) by extension 'ignore_ament_install'
[4.129s] Level 1:colcon.colcon_core.package_identification:_identify(src) by extensions ['colcon_pkg']
[4.129s] Level 1:colcon.colcon_core.package_identification:_identify(src) by extension 'colcon_pkg'
[4.130s] Level 1:colcon.colcon_core.package_identification:_identify(src) by extensions ['colcon_meta']
[4.130s] Level 1:colcon.colcon_core.package_identification:_identify(src) by extension 'colcon_meta'
[4.130s] Level 1:colcon.colcon_core.package_identification:_identify(src) by extensions ['ros']
[4.130s] Level 1:colcon.colcon_core.package_identification:_identify(src) by extension 'ros'
[4.130s] Level 1:colcon.colcon_core.package_identification:_identify(src) by extensions ['cmake', 'python']
[4.130s] Level 1:colcon.colcon_core.package_identification:_identify(src) by extension 'cmake'
[4.131s] Level 1:colcon.colcon_core.package_identification:_identify(src) by extension 'python'
[4.131s] Level 1:colcon.colcon_core.package_identification:_identify(src) by extensions ['python_setup_py']
[4.131s] Level 1:colcon.colcon_core.package_identification:_identify(src) by extension 'python_setup_py'
[4.132s] Level 1:colcon.colcon_core.package_identification:_identify(src/log) by extensions ['ignore', 'ignore_ament_install']
[4.132s] Level 1:colcon.colcon_core.package_identification:_identify(src/log) by extension 'ignore'
[4.132s] Level 1:colcon.colcon_core.package_identification:_identify(src/log) ignored
[4.133s] Level 1:colcon.colcon_core.package_identification:_identify(src/robo24_bringup) by extensions ['ignore', 'ignore_ament_install']
[4.133s] Level 1:colcon.colcon_core.package_identification:_identify(src/robo24_bringup) by extension 'ignore'
[4.133s] Level 1:colcon.colcon_core.package_identification:_identify(src/robo24_bringup) by extension 'ignore_ament_install'
[4.133s] Level 1:colcon.colcon_core.package_identification:_identify(src/robo24_bringup) by extensions ['colcon_pkg']
[4.134s] Level 1:colcon.colcon_core.package_identification:_identify(src/robo24_bringup) by extension 'colcon_pkg'
[4.134s] Level 1:colcon.colcon_core.package_identification:_identify(src/robo24_bringup) by extensions ['colcon_meta']
[4.134s] Level 1:colcon.colcon_core.package_identification:_identify(src/robo24_bringup) by extension 'colcon_meta'
[4.134s] Level 1:colcon.colcon_core.package_identification:_identify(src/robo24_bringup) by extensions ['ros']
[4.134s] Level 1:colcon.colcon_core.package_identification:_identify(src/robo24_bringup) by extension 'ros'
[4.147s] DEBUG:colcon.colcon_core.package_identification:Package 'src/robo24_bringup' with type 'ros.ament_python' and name 'robo24_bringup'
[4.148s] Level 1:colcon.colcon_core.package_identification:_identify(src/robo24_localization) by extensions ['ignore', 'ignore_ament_install']
[4.148s] Level 1:colcon.colcon_core.package_identification:_identify(src/robo24_localization) by extension 'ignore'
[4.148s] Level 1:colcon.colcon_core.package_identification:_identify(src/robo24_localization) by extension 'ignore_ament_install'
[4.149s] Level 1:colcon.colcon_core.package_identification:_identify(src/robo24_localization) by extensions ['colcon_pkg']
[4.149s] Level 1:colcon.colcon_core.package_identification:_identify(src/robo24_localization) by extension 'colcon_pkg'
[4.149s] Level 1:colcon.colcon_core.package_identification:_identify(src/robo24_localization) by extensions ['colcon_meta']
[4.150s] Level 1:colcon.colcon_core.package_identification:_identify(src/robo24_localization) by extension 'colcon_meta'
[4.150s] Level 1:colcon.colcon_core.package_identification:_identify(src/robo24_localization) by extensions ['ros']
[4.150s] Level 1:colcon.colcon_core.package_identification:_identify(src/robo24_localization) by extension 'ros'
[4.153s] DEBUG:colcon.colcon_core.package_identification:Package 'src/robo24_localization' with type 'ros.ament_python' and name 'robo24_localization'
[4.154s] Level 1:colcon.colcon_core.package_identification:_identify(src/robo24_nav) by extensions ['ignore', 'ignore_ament_install']
[4.155s] Level 1:colcon.colcon_core.package_identification:_identify(src/robo24_nav) by extension 'ignore'
[4.155s] Level 1:colcon.colcon_core.package_identification:_identify(src/robo24_nav) by extension 'ignore_ament_install'
[4.155s] Level 1:colcon.colcon_core.package_identification:_identify(src/robo24_nav) by extensions ['colcon_pkg']
[4.156s] Level 1:colcon.colcon_core.package_identification:_identify(src/robo24_nav) by extension 'colcon_pkg'
[4.156s] Level 1:colcon.colcon_core.package_identification:_identify(src/robo24_nav) by extensions ['colcon_meta']
[4.156s] Level 1:colcon.colcon_core.package_identification:_identify(src/robo24_nav) by extension 'colcon_meta'
[4.156s] Level 1:colcon.colcon_core.package_identification:_identify(src/robo24_nav) by extensions ['ros']
[4.156s] Level 1:colcon.colcon_core.package_identification:_identify(src/robo24_nav) by extension 'ros'
[4.159s] DEBUG:colcon.colcon_core.package_identification:Package 'src/robo24_nav' with type 'ros.ament_python' and name 'robo24_nav'
[4.160s] Level 1:colcon.colcon_core.package_identification:_identify(src/robo24_stuff) by extensions ['ignore', 'ignore_ament_install']
[4.160s] Level 1:colcon.colcon_core.package_identification:_identify(src/robo24_stuff) by extension 'ignore'
[4.160s] Level 1:colcon.colcon_core.package_identification:_identify(src/robo24_stuff) by extension 'ignore_ament_install'
[4.161s] Level 1:colcon.colcon_core.package_identification:_identify(src/robo24_stuff) by extensions ['colcon_pkg']
[4.161s] Level 1:colcon.colcon_core.package_identification:_identify(src/robo24_stuff) by extension 'colcon_pkg'
[4.161s] Level 1:colcon.colcon_core.package_identification:_identify(src/robo24_stuff) by extensions ['colcon_meta']
[4.161s] Level 1:colcon.colcon_core.package_identification:_identify(src/robo24_stuff) by extension 'colcon_meta'
[4.161s] Level 1:colcon.colcon_core.package_identification:_identify(src/robo24_stuff) by extensions ['ros']
[4.162s] Level 1:colcon.colcon_core.package_identification:_identify(src/robo24_stuff) by extension 'ros'
[4.164s] DEBUG:colcon.colcon_core.package_identification:Package 'src/robo24_stuff' with type 'ros.ament_python' and name 'robo24_stuff'
[4.165s] Level 1:colcon.colcon_core.package_discovery:discover_packages(recursive) using defaults
[4.165s] Level 1:colcon.colcon_core.package_discovery:discover_packages(ignore) discover
[4.165s] Level 1:colcon.colcon_core.package_discovery:discover_packages(ignore) using defaults
[4.165s] Level 1:colcon.colcon_core.package_discovery:discover_packages(path) discover
[4.165s] Level 1:colcon.colcon_core.package_discovery:discover_packages(path) using defaults
[4.508s] Level 1:colcon.colcon_core.package_discovery:discover_packages(prefix_path) check parameters
[4.508s] Level 1:colcon.colcon_core.package_discovery:discover_packages(prefix_path) discover
[4.624s] DEBUG:colcon.colcon_installed_package_information.package_discovery:Found 4 installed packages in /home/mike/ros2_ws/install
[4.686s] DEBUG:colcon.colcon_installed_package_information.package_discovery:Found 253 installed packages in /opt/ros/humble
[4.692s] Level 1:colcon.colcon_core.package_discovery:discover_packages(prefix_path) using defaults
[5.029s] Level 5:colcon.colcon_core.verb:set package 'robo24_bringup' build argument 'cmake_args' from command line to 'None'
[5.029s] Level 5:colcon.colcon_core.verb:set package 'robo24_bringup' build argument 'cmake_target' from command line to 'None'
[5.030s] Level 5:colcon.colcon_core.verb:set package 'robo24_bringup' build argument 'cmake_target_skip_unavailable' from command line to 'False'
[5.030s] Level 5:colcon.colcon_core.verb:set package 'robo24_bringup' build argument 'cmake_clean_cache' from command line to 'False'
[5.030s] Level 5:colcon.colcon_core.verb:set package 'robo24_bringup' build argument 'cmake_clean_first' from command line to 'False'
[5.030s] Level 5:colcon.colcon_core.verb:set package 'robo24_bringup' build argument 'cmake_force_configure' from command line to 'False'
[5.030s] Level 5:colcon.colcon_core.verb:set package 'robo24_bringup' build argument 'ament_cmake_args' from command line to 'None'
[5.030s] Level 5:colcon.colcon_core.verb:set package 'robo24_bringup' build argument 'catkin_cmake_args' from command line to 'None'
[5.030s] Level 5:colcon.colcon_core.verb:set package 'robo24_bringup' build argument 'catkin_skip_building_tests' from command line to 'False'
[5.030s] DEBUG:colcon.colcon_core.verb:Building package 'robo24_bringup' with the following arguments: {'ament_cmake_args': None, 'build_base': '/home/mike/ros2_ws/build/robo24_bringup', 'catkin_cmake_args': None, 'catkin_skip_building_tests': False, 'cmake_args': None, 'cmake_clean_cache': False, 'cmake_clean_first': False, 'cmake_force_configure': False, 'cmake_target': None, 'cmake_target_skip_unavailable': False, 'install_base': '/home/mike/ros2_ws/install/robo24_bringup', 'merge_install': False, 'path': '/home/mike/ros2_ws/src/robo24_bringup', 'symlink_install': True, 'test_result_base': None}
[5.086s] Level 5:colcon.colcon_core.verb:set package 'robo24_localization' build argument 'cmake_args' from command line to 'None'
[5.086s] Level 5:colcon.colcon_core.verb:set package 'robo24_localization' build argument 'cmake_target' from command line to 'None'
[5.086s] Level 5:colcon.colcon_core.verb:set package 'robo24_localization' build argument 'cmake_target_skip_unavailable' from command line to 'False'
[5.086s] Level 5:colcon.colcon_core.verb:set package 'robo24_localization' build argument 'cmake_clean_cache' from command line to 'False'
[5.086s] Level 5:colcon.colcon_core.verb:set package 'robo24_localization' build argument 'cmake_clean_first' from command line to 'False'
[5.086s] Level 5:colcon.colcon_core.verb:set package 'robo24_localization' build argument 'cmake_force_configure' from command line to 'False'
[5.086s] Level 5:colcon.colcon_core.verb:set package 'robo24_localization' build argument 'ament_cmake_args' from command line to 'None'
[5.087s] Level 5:colcon.colcon_core.verb:set package 'robo24_localization' build argument 'catkin_cmake_args' from command line to 'None'
[5.087s] Level 5:colcon.colcon_core.verb:set package 'robo24_localization' build argument 'catkin_skip_building_tests' from command line to 'False'
[5.087s] DEBUG:colcon.colcon_core.verb:Building package 'robo24_localization' with the following arguments: {'ament_cmake_args': None, 'build_base': '/home/mike/ros2_ws/build/robo24_localization', 'catkin_cmake_args': None, 'catkin_skip_building_tests': False, 'cmake_args': None, 'cmake_clean_cache': False, 'cmake_clean_first': False, 'cmake_force_configure': False, 'cmake_target': None, 'cmake_target_skip_unavailable': False, 'install_base': '/home/mike/ros2_ws/install/robo24_localization', 'merge_install': False, 'path': '/home/mike/ros2_ws/src/robo24_localization', 'symlink_install': True, 'test_result_base': None}
[5.138s] Level 5:colcon.colcon_core.verb:set package 'robo24_nav' build argument 'cmake_args' from command line to 'None'
[5.138s] Level 5:colcon.colcon_core.verb:set package 'robo24_nav' build argument 'cmake_target' from command line to 'None'
[5.138s] Level 5:colcon.colcon_core.verb:set package 'robo24_nav' build argument 'cmake_target_skip_unavailable' from command line to 'False'
[5.138s] Level 5:colcon.colcon_core.verb:set package 'robo24_nav' build argument 'cmake_clean_cache' from command line to 'False'
[5.138s] Level 5:colcon.colcon_core.verb:set package 'robo24_nav' build argument 'cmake_clean_first' from command line to 'False'
[5.139s] Level 5:colcon.colcon_core.verb:set package 'robo24_nav' build argument 'cmake_force_configure' from command line to 'False'
[5.139s] Level 5:colcon.colcon_core.verb:set package 'robo24_nav' build argument 'ament_cmake_args' from command line to 'None'
[5.139s] Level 5:colcon.colcon_core.verb:set package 'robo24_nav' build argument 'catkin_cmake_args' from command line to 'None'
[5.139s] Level 5:colcon.colcon_core.verb:set package 'robo24_nav' build argument 'catkin_skip_building_tests' from command line to 'False'
[5.139s] DEBUG:colcon.colcon_core.verb:Building package 'robo24_nav' with the following arguments: {'ament_cmake_args': None, 'build_base': '/home/mike/ros2_ws/build/robo24_nav', 'catkin_cmake_args': None, 'catkin_skip_building_tests': False, 'cmake_args': None, 'cmake_clean_cache': False, 'cmake_clean_first': False, 'cmake_force_configure': False, 'cmake_target': None, 'cmake_target_skip_unavailable': False, 'install_base': '/home/mike/ros2_ws/install/robo24_nav', 'merge_install': False, 'path': '/home/mike/ros2_ws/src/robo24_nav', 'symlink_install': True, 'test_result_base': None}
[5.191s] Level 5:colcon.colcon_core.verb:set package 'robo24_stuff' build argument 'cmake_args' from command line to 'None'
[5.192s] Level 5:colcon.colcon_core.verb:set package 'robo24_stuff' build argument 'cmake_target' from command line to 'None'
[5.192s] Level 5:colcon.colcon_core.verb:set package 'robo24_stuff' build argument 'cmake_target_skip_unavailable' from command line to 'False'
[5.192s] Level 5:colcon.colcon_core.verb:set package 'robo24_stuff' build argument 'cmake_clean_cache' from command line to 'False'
[5.192s] Level 5:colcon.colcon_core.verb:set package 'robo24_stuff' build argument 'cmake_clean_first' from command line to 'False'
[5.192s] Level 5:colcon.colcon_core.verb:set package 'robo24_stuff' build argument 'cmake_force_configure' from command line to 'False'
[5.192s] Level 5:colcon.colcon_core.verb:set package 'robo24_stuff' build argument 'ament_cmake_args' from command line to 'None'
[5.192s] Level 5:colcon.colcon_core.verb:set package 'robo24_stuff' build argument 'catkin_cmake_args' from command line to 'None'
[5.193s] Level 5:colcon.colcon_core.verb:set package 'robo24_stuff' build argument 'catkin_skip_building_tests' from command line to 'False'
[5.193s] DEBUG:colcon.colcon_core.verb:Building package 'robo24_stuff' with the following arguments: {'ament_cmake_args': None, 'build_base': '/home/mike/ros2_ws/build/robo24_stuff', 'catkin_cmake_args': None, 'catkin_skip_building_tests': False, 'cmake_args': None, 'cmake_clean_cache': False, 'cmake_clean_first': False, 'cmake_force_configure': False, 'cmake_target': None, 'cmake_target_skip_unavailable': False, 'install_base': '/home/mike/ros2_ws/install/robo24_stuff', 'merge_install': False, 'path': '/home/mike/ros2_ws/src/robo24_stuff', 'symlink_install': True, 'test_result_base': None}
[5.242s] INFO:colcon.colcon_core.executor:Executing jobs using 'parallel' executor
[5.300s] DEBUG:colcon.colcon_parallel_executor.executor.parallel:run_until_complete
[5.301s] INFO:colcon.colcon_ros.task.ament_python.build:Building ROS package in '/home/mike/ros2_ws/src/robo24_bringup' with build type 'ament_python'
[5.301s] Level 1:colcon.colcon_core.shell:create_environment_hook('robo24_bringup', 'ament_prefix_path')
[5.371s] INFO:colcon.colcon_core.plugin_system:Skipping extension 'colcon_core.shell.bat': Not used on non-Windows systems
[5.372s] INFO:colcon.colcon_core.shell:Creating environment hook '/home/mike/ros2_ws/install/robo24_bringup/share/robo24_bringup/hook/ament_prefix_path.ps1'
[5.375s] INFO:colcon.colcon_core.shell:Creating environment descriptor '/home/mike/ros2_ws/install/robo24_bringup/share/robo24_bringup/hook/ament_prefix_path.dsv'
[5.378s] INFO:colcon.colcon_core.shell:Creating environment hook '/home/mike/ros2_ws/install/robo24_bringup/share/robo24_bringup/hook/ament_prefix_path.sh'
[5.436s] INFO:colcon.colcon_core.shell:Skip shell extension 'powershell' for command environment: Not usable outside of PowerShell
[5.436s] DEBUG:colcon.colcon_core.shell:Skip shell extension 'dsv' for command environment
[5.615s] INFO:colcon.colcon_ros.task.ament_python.build:Building ROS package in '/home/mike/ros2_ws/src/robo24_localization' with build type 'ament_python'
[5.616s] Level 1:colcon.colcon_core.shell:create_environment_hook('robo24_localization', 'ament_prefix_path')
[5.673s] INFO:colcon.colcon_core.shell:Creating environment hook '/home/mike/ros2_ws/install/robo24_localization/share/robo24_localization/hook/ament_prefix_path.ps1'
[5.675s] INFO:colcon.colcon_core.shell:Creating environment descriptor '/home/mike/ros2_ws/install/robo24_localization/share/robo24_localization/hook/ament_prefix_path.dsv'
[5.677s] INFO:colcon.colcon_core.shell:Creating environment hook '/home/mike/ros2_ws/install/robo24_localization/share/robo24_localization/hook/ament_prefix_path.sh'
[5.735s] INFO:colcon.colcon_core.shell:Skip shell extension 'powershell' for command environment: Not usable outside of PowerShell
[5.736s] DEBUG:colcon.colcon_core.shell:Skip shell extension 'dsv' for command environment
[5.915s] INFO:colcon.colcon_ros.task.ament_python.build:Building ROS package in '/home/mike/ros2_ws/src/robo24_nav' with build type 'ament_python'
[5.915s] Level 1:colcon.colcon_core.shell:create_environment_hook('robo24_nav', 'ament_prefix_path')
[5.969s] INFO:colcon.colcon_core.shell:Creating environment hook '/home/mike/ros2_ws/install/robo24_nav/share/robo24_nav/hook/ament_prefix_path.ps1'
[5.971s] INFO:colcon.colcon_core.shell:Creating environment descriptor '/home/mike/ros2_ws/install/robo24_nav/share/robo24_nav/hook/ament_prefix_path.dsv'
[5.973s] INFO:colcon.colcon_core.shell:Creating environment hook '/home/mike/ros2_ws/install/robo24_nav/share/robo24_nav/hook/ament_prefix_path.sh'
[6.027s] INFO:colcon.colcon_core.shell:Skip shell extension 'powershell' for command environment: Not usable outside of PowerShell
[6.027s] DEBUG:colcon.colcon_core.shell:Skip shell extension 'dsv' for command environment
[6.203s] INFO:colcon.colcon_ros.task.ament_python.build:Building ROS package in '/home/mike/ros2_ws/src/robo24_stuff' with build type 'ament_python'
[6.203s] Level 1:colcon.colcon_core.shell:create_environment_hook('robo24_stuff', 'ament_prefix_path')
[6.262s] INFO:colcon.colcon_core.shell:Creating environment hook '/home/mike/ros2_ws/install/robo24_stuff/share/robo24_stuff/hook/ament_prefix_path.ps1'
[6.264s] INFO:colcon.colcon_core.shell:Creating environment descriptor '/home/mike/ros2_ws/install/robo24_stuff/share/robo24_stuff/hook/ament_prefix_path.dsv'
[6.266s] INFO:colcon.colcon_core.shell:Creating environment hook '/home/mike/ros2_ws/install/robo24_stuff/share/robo24_stuff/hook/ament_prefix_path.sh'
[6.323s] INFO:colcon.colcon_core.shell:Skip shell extension 'powershell' for command environment: Not usable outside of PowerShell
[6.324s] DEBUG:colcon.colcon_core.shell:Skip shell extension 'dsv' for command environment
[7.733s] INFO:colcon.colcon_core.task.python.build:Building Python package in '/home/mike/ros2_ws/src/robo24_bringup'
[7.788s] INFO:colcon.colcon_core.shell:Skip shell extension 'powershell' for command environment: Not usable outside of PowerShell
[7.789s] DEBUG:colcon.colcon_core.shell:Skip shell extension 'dsv' for command environment
[9.122s] INFO:colcon.colcon_core.task.python.build:Building Python package in '/home/mike/ros2_ws/src/robo24_localization'
[9.179s] INFO:colcon.colcon_core.shell:Skip shell extension 'powershell' for command environment: Not usable outside of PowerShell
[9.179s] DEBUG:colcon.colcon_core.shell:Skip shell extension 'dsv' for command environment
[10.497s] INFO:colcon.colcon_core.task.python.build:Building Python package in '/home/mike/ros2_ws/src/robo24_nav'
[10.554s] INFO:colcon.colcon_core.shell:Skip shell extension 'powershell' for command environment: Not usable outside of PowerShell
[10.554s] DEBUG:colcon.colcon_core.shell:Skip shell extension 'dsv' for command environment
[11.933s] INFO:colcon.colcon_core.task.python.build:Building Python package in '/home/mike/ros2_ws/src/robo24_stuff'
[11.987s] INFO:colcon.colcon_core.shell:Skip shell extension 'powershell' for command environment: Not usable outside of PowerShell
[11.987s] DEBUG:colcon.colcon_core.shell:Skip shell extension 'dsv' for command environment
[15.316s] DEBUG:colcon.colcon_core.event_handler.log_command:Invoking command in '/home/mike/ros2_ws/build/robo24_stuff': PYTHONPATH=/home/mike/ros2_ws/build/robo24_stuff/prefix_override:/home/mike/ros2_ws/install/robo24_stuff/lib/python3.10/site-packages:${PYTHONPATH} /usr/bin/python3 setup.py develop --editable --build-directory /home/mike/ros2_ws/build/robo24_stuff/build --no-deps install_data
[15.350s] DEBUG:colcon.colcon_core.event_handler.log_command:Invoking command in '/home/mike/ros2_ws/build/robo24_nav': PYTHONPATH=/home/mike/ros2_ws/build/robo24_nav/prefix_override:/home/mike/ros2_ws/install/robo24_nav/lib/python3.10/site-packages:${PYTHONPATH} /usr/bin/python3 setup.py develop --editable --build-directory /home/mike/ros2_ws/build/robo24_nav/build --no-deps install_data
[15.367s] DEBUG:colcon.colcon_core.event_handler.log_command:Invoking command in '/home/mike/ros2_ws/build/robo24_bringup': PYTHONPATH=/home/mike/ros2_ws/build/robo24_bringup/prefix_override:/home/mike/ros2_ws/install/robo24_bringup/lib/python3.10/site-packages:${PYTHONPATH} /usr/bin/python3 setup.py develop --editable --build-directory /home/mike/ros2_ws/build/robo24_bringup/build --no-deps install_data
[15.396s] DEBUG:colcon.colcon_core.event_handler.log_command:Invoking command in '/home/mike/ros2_ws/build/robo24_localization': PYTHONPATH=/home/mike/ros2_ws/build/robo24_localization/prefix_override:/home/mike/ros2_ws/install/robo24_localization/lib/python3.10/site-packages:${PYTHONPATH} /usr/bin/python3 setup.py develop --editable --build-directory /home/mike/ros2_ws/build/robo24_localization/build --no-deps install_data
[18.280s] Level 1:colcon.colcon_core.shell:create_environment_hook('robo24_bringup', 'pythonpath_develop')
[18.333s] DEBUG:colcon.colcon_core.event_handler.log_command:Invoked command in '/home/mike/ros2_ws/build/robo24_bringup' returned '0': PYTHONPATH=/home/mike/ros2_ws/build/robo24_bringup/prefix_override:/home/mike/ros2_ws/install/robo24_bringup/lib/python3.10/site-packages:${PYTHONPATH} /usr/bin/python3 setup.py develop --editable --build-directory /home/mike/ros2_ws/build/robo24_bringup/build --no-deps install_data
[18.642s] INFO:colcon.colcon_core.shell:Creating environment hook '/home/mike/ros2_ws/build/robo24_bringup/share/robo24_bringup/hook/pythonpath_develop.ps1'
[18.646s] INFO:colcon.colcon_core.shell:Creating environment descriptor '/home/mike/ros2_ws/build/robo24_bringup/share/robo24_bringup/hook/pythonpath_develop.dsv'
[18.650s] INFO:colcon.colcon_core.shell:Creating environment hook '/home/mike/ros2_ws/build/robo24_bringup/share/robo24_bringup/hook/pythonpath_develop.sh'
[18.779s] Level 1:colcon.colcon_core.environment:checking '/home/mike/ros2_ws/install/robo24_bringup' for CMake module files
[18.781s] Level 1:colcon.colcon_core.environment:checking '/home/mike/ros2_ws/install/robo24_bringup' for CMake config files
[18.785s] Level 1:colcon.colcon_core.environment:checking '/home/mike/ros2_ws/install/robo24_bringup/lib'
[18.787s] Level 1:colcon.colcon_core.environment:checking '/home/mike/ros2_ws/install/robo24_bringup/bin'
[18.787s] Level 1:colcon.colcon_core.environment:checking '/home/mike/ros2_ws/install/robo24_bringup/lib/pkgconfig/robo24_bringup.pc'
[18.789s] Level 1:colcon.colcon_core.environment:checking '/home/mike/ros2_ws/install/robo24_bringup/lib/python3.10/site-packages'
[18.789s] Level 1:colcon.colcon_core.shell:create_environment_hook('robo24_bringup', 'pythonpath')
[18.849s] INFO:colcon.colcon_core.shell:Creating environment hook '/home/mike/ros2_ws/install/robo24_bringup/share/robo24_bringup/hook/pythonpath.ps1'
[18.851s] INFO:colcon.colcon_core.shell:Creating environment descriptor '/home/mike/ros2_ws/install/robo24_bringup/share/robo24_bringup/hook/pythonpath.dsv'
[18.853s] INFO:colcon.colcon_core.shell:Creating environment hook '/home/mike/ros2_ws/install/robo24_bringup/share/robo24_bringup/hook/pythonpath.sh'
[18.855s] Level 1:colcon.colcon_core.environment:checking '/home/mike/ros2_ws/install/robo24_bringup/bin'
[18.856s] Level 1:colcon.colcon_core.environment:create_environment_scripts_only(robo24_bringup)
[18.907s] INFO:colcon.colcon_core.shell:Creating package script '/home/mike/ros2_ws/install/robo24_bringup/share/robo24_bringup/package.ps1'
[18.912s] INFO:colcon.colcon_core.shell:Creating package descriptor '/home/mike/ros2_ws/install/robo24_bringup/share/robo24_bringup/package.dsv'
[18.916s] INFO:colcon.colcon_core.shell:Creating package script '/home/mike/ros2_ws/install/robo24_bringup/share/robo24_bringup/package.sh'
[18.920s] INFO:colcon.colcon_core.shell:Creating package script '/home/mike/ros2_ws/install/robo24_bringup/share/robo24_bringup/package.bash'
[18.925s] INFO:colcon.colcon_core.shell:Creating package script '/home/mike/ros2_ws/install/robo24_bringup/share/robo24_bringup/package.zsh'
[18.929s] Level 1:colcon.colcon_core.environment:create_file_with_runtime_dependencies(/home/mike/ros2_ws/install/robo24_bringup/share/colcon-core/packages/robo24_bringup)
[18.935s] Level 1:colcon.colcon_core.shell:create_environment_hook('robo24_nav', 'pythonpath_develop')
[18.937s] DEBUG:colcon.colcon_core.event_handler.log_command:Invoked command in '/home/mike/ros2_ws/build/robo24_nav' returned '0': PYTHONPATH=/home/mike/ros2_ws/build/robo24_nav/prefix_override:/home/mike/ros2_ws/install/robo24_nav/lib/python3.10/site-packages:${PYTHONPATH} /usr/bin/python3 setup.py develop --editable --build-directory /home/mike/ros2_ws/build/robo24_nav/build --no-deps install_data
[18.994s] INFO:colcon.colcon_core.shell:Creating environment hook '/home/mike/ros2_ws/build/robo24_nav/share/robo24_nav/hook/pythonpath_develop.ps1'
[18.995s] INFO:colcon.colcon_core.shell:Creating environment descriptor '/home/mike/ros2_ws/build/robo24_nav/share/robo24_nav/hook/pythonpath_develop.dsv'
[18.997s] INFO:colcon.colcon_core.shell:Creating environment hook '/home/mike/ros2_ws/build/robo24_nav/share/robo24_nav/hook/pythonpath_develop.sh'
[19.054s] Level 1:colcon.colcon_core.environment:checking '/home/mike/ros2_ws/install/robo24_nav' for CMake module files
[19.056s] Level 1:colcon.colcon_core.environment:checking '/home/mike/ros2_ws/install/robo24_nav' for CMake config files
[19.059s] Level 1:colcon.colcon_core.environment:checking '/home/mike/ros2_ws/install/robo24_nav/lib'
[19.059s] Level 1:colcon.colcon_core.environment:checking '/home/mike/ros2_ws/install/robo24_nav/bin'
[19.060s] Level 1:colcon.colcon_core.environment:checking '/home/mike/ros2_ws/install/robo24_nav/lib/pkgconfig/robo24_nav.pc'
[19.061s] Level 1:colcon.colcon_core.environment:checking '/home/mike/ros2_ws/install/robo24_nav/lib/python3.10/site-packages'
[19.061s] Level 1:colcon.colcon_core.shell:create_environment_hook('robo24_nav', 'pythonpath')
[19.116s] INFO:colcon.colcon_core.shell:Creating environment hook '/home/mike/ros2_ws/install/robo24_nav/share/robo24_nav/hook/pythonpath.ps1'
[19.119s] INFO:colcon.colcon_core.shell:Creating environment descriptor '/home/mike/ros2_ws/install/robo24_nav/share/robo24_nav/hook/pythonpath.dsv'
[19.120s] INFO:colcon.colcon_core.shell:Creating environment hook '/home/mike/ros2_ws/install/robo24_nav/share/robo24_nav/hook/pythonpath.sh'
[19.123s] Level 1:colcon.colcon_core.environment:checking '/home/mike/ros2_ws/install/robo24_nav/bin'
[19.123s] Level 1:colcon.colcon_core.environment:create_environment_scripts_only(robo24_nav)
[19.174s] INFO:colcon.colcon_core.shell:Creating package script '/home/mike/ros2_ws/install/robo24_nav/share/robo24_nav/package.ps1'
[19.177s] INFO:colcon.colcon_core.shell:Creating package descriptor '/home/mike/ros2_ws/install/robo24_nav/share/robo24_nav/package.dsv'
[19.179s] INFO:colcon.colcon_core.shell:Creating package script '/home/mike/ros2_ws/install/robo24_nav/share/robo24_nav/package.sh'
[19.181s] INFO:colcon.colcon_core.shell:Creating package script '/home/mike/ros2_ws/install/robo24_nav/share/robo24_nav/package.bash'
[19.183s] INFO:colcon.colcon_core.shell:Creating package script '/home/mike/ros2_ws/install/robo24_nav/share/robo24_nav/package.zsh'
[19.185s] Level 1:colcon.colcon_core.environment:create_file_with_runtime_dependencies(/home/mike/ros2_ws/install/robo24_nav/share/colcon-core/packages/robo24_nav)
[19.186s] Level 1:colcon.colcon_core.shell:create_environment_hook('robo24_stuff', 'pythonpath_develop')
[19.192s] DEBUG:colcon.colcon_core.event_handler.log_command:Invoked command in '/home/mike/ros2_ws/build/robo24_stuff' returned '0': PYTHONPATH=/home/mike/ros2_ws/build/robo24_stuff/prefix_override:/home/mike/ros2_ws/install/robo24_stuff/lib/python3.10/site-packages:${PYTHONPATH} /usr/bin/python3 setup.py develop --editable --build-directory /home/mike/ros2_ws/build/robo24_stuff/build --no-deps install_data
[19.248s] INFO:colcon.colcon_core.shell:Creating environment hook '/home/mike/ros2_ws/build/robo24_stuff/share/robo24_stuff/hook/pythonpath_develop.ps1'
[19.250s] INFO:colcon.colcon_core.shell:Creating environment descriptor '/home/mike/ros2_ws/build/robo24_stuff/share/robo24_stuff/hook/pythonpath_develop.dsv'
[19.251s] INFO:colcon.colcon_core.shell:Creating environment hook '/home/mike/ros2_ws/build/robo24_stuff/share/robo24_stuff/hook/pythonpath_develop.sh'
[19.306s] Level 1:colcon.colcon_core.environment:checking '/home/mike/ros2_ws/install/robo24_stuff' for CMake module files
[19.308s] Level 1:colcon.colcon_core.environment:checking '/home/mike/ros2_ws/install/robo24_stuff' for CMake config files
[19.311s] Level 1:colcon.colcon_core.environment:checking '/home/mike/ros2_ws/install/robo24_stuff/lib'
[19.312s] Level 1:colcon.colcon_core.environment:checking '/home/mike/ros2_ws/install/robo24_stuff/bin'
[19.312s] Level 1:colcon.colcon_core.environment:checking '/home/mike/ros2_ws/install/robo24_stuff/lib/pkgconfig/robo24_stuff.pc'
[19.313s] Level 1:colcon.colcon_core.environment:checking '/home/mike/ros2_ws/install/robo24_stuff/lib/python3.10/site-packages'
[19.313s] Level 1:colcon.colcon_core.shell:create_environment_hook('robo24_stuff', 'pythonpath')
[19.365s] INFO:colcon.colcon_core.shell:Creating environment hook '/home/mike/ros2_ws/install/robo24_stuff/share/robo24_stuff/hook/pythonpath.ps1'
[19.367s] INFO:colcon.colcon_core.shell:Creating environment descriptor '/home/mike/ros2_ws/install/robo24_stuff/share/robo24_stuff/hook/pythonpath.dsv'
[19.369s] INFO:colcon.colcon_core.shell:Creating environment hook '/home/mike/ros2_ws/install/robo24_stuff/share/robo24_stuff/hook/pythonpath.sh'
[19.371s] Level 1:colcon.colcon_core.environment:checking '/home/mike/ros2_ws/install/robo24_stuff/bin'
[19.372s] Level 1:colcon.colcon_core.environment:create_environment_scripts_only(robo24_stuff)
[19.424s] INFO:colcon.colcon_core.shell:Creating package script '/home/mike/ros2_ws/install/robo24_stuff/share/robo24_stuff/package.ps1'
[19.426s] INFO:colcon.colcon_core.shell:Creating package descriptor '/home/mike/ros2_ws/install/robo24_stuff/share/robo24_stuff/package.dsv'
[19.429s] INFO:colcon.colcon_core.shell:Creating package script '/home/mike/ros2_ws/install/robo24_stuff/share/robo24_stuff/package.sh'
[19.431s] INFO:colcon.colcon_core.shell:Creating package script '/home/mike/ros2_ws/install/robo24_stuff/share/robo24_stuff/package.bash'
[19.434s] INFO:colcon.colcon_core.shell:Creating package script '/home/mike/ros2_ws/install/robo24_stuff/share/robo24_stuff/package.zsh'
[19.436s] Level 1:colcon.colcon_core.environment:create_file_with_runtime_dependencies(/home/mike/ros2_ws/install/robo24_stuff/share/colcon-core/packages/robo24_stuff)
[19.437s] Level 1:colcon.colcon_core.shell:create_environment_hook('robo24_localization', 'pythonpath_develop')
[19.442s] DEBUG:colcon.colcon_core.event_handler.log_command:Invoked command in '/home/mike/ros2_ws/build/robo24_localization' returned '0': PYTHONPATH=/home/mike/ros2_ws/build/robo24_localization/prefix_override:/home/mike/ros2_ws/install/robo24_localization/lib/python3.10/site-packages:${PYTHONPATH} /usr/bin/python3 setup.py develop --editable --build-directory /home/mike/ros2_ws/build/robo24_localization/build --no-deps install_data
[19.520s] INFO:colcon.colcon_core.shell:Creating environment hook '/home/mike/ros2_ws/build/robo24_localization/share/robo24_localization/hook/pythonpath_develop.ps1'
[19.523s] INFO:colcon.colcon_core.shell:Creating environment descriptor '/home/mike/ros2_ws/build/robo24_localization/share/robo24_localization/hook/pythonpath_develop.dsv'
[19.526s] INFO:colcon.colcon_core.shell:Creating environment hook '/home/mike/ros2_ws/build/robo24_localization/share/robo24_localization/hook/pythonpath_develop.sh'
[19.589s] Level 1:colcon.colcon_core.environment:checking '/home/mike/ros2_ws/install/robo24_localization' for CMake module files
[19.591s] Level 1:colcon.colcon_core.environment:checking '/home/mike/ros2_ws/install/robo24_localization' for CMake config files
[19.594s] Level 1:colcon.colcon_core.environment:checking '/home/mike/ros2_ws/install/robo24_localization/lib'
[19.594s] Level 1:colcon.colcon_core.environment:checking '/home/mike/ros2_ws/install/robo24_localization/bin'
[19.595s] Level 1:colcon.colcon_core.environment:checking '/home/mike/ros2_ws/install/robo24_localization/lib/pkgconfig/robo24_localization.pc'
[19.596s] Level 1:colcon.colcon_core.environment:checking '/home/mike/ros2_ws/install/robo24_localization/lib/python3.10/site-packages'
[19.596s] Level 1:colcon.colcon_core.shell:create_environment_hook('robo24_localization', 'pythonpath')
[19.653s] INFO:colcon.colcon_core.shell:Creating environment hook '/home/mike/ros2_ws/install/robo24_localization/share/robo24_localization/hook/pythonpath.ps1'
[19.655s] INFO:colcon.colcon_core.shell:Creating environment descriptor '/home/mike/ros2_ws/install/robo24_localization/share/robo24_localization/hook/pythonpath.dsv'
[19.657s] INFO:colcon.colcon_core.shell:Creating environment hook '/home/mike/ros2_ws/install/robo24_localization/share/robo24_localization/hook/pythonpath.sh'
[19.660s] Level 1:colcon.colcon_core.environment:checking '/home/mike/ros2_ws/install/robo24_localization/bin'
[19.660s] Level 1:colcon.colcon_core.environment:create_environment_scripts_only(robo24_localization)
[19.713s] INFO:colcon.colcon_core.shell:Creating package script '/home/mike/ros2_ws/install/robo24_localization/share/robo24_localization/package.ps1'
[19.716s] INFO:colcon.colcon_core.shell:Creating package descriptor '/home/mike/ros2_ws/install/robo24_localization/share/robo24_localization/package.dsv'
[19.718s] INFO:colcon.colcon_core.shell:Creating package script '/home/mike/ros2_ws/install/robo24_localization/share/robo24_localization/package.sh'
[19.720s] INFO:colcon.colcon_core.shell:Creating package script '/home/mike/ros2_ws/install/robo24_localization/share/robo24_localization/package.bash'
[19.722s] INFO:colcon.colcon_core.shell:Creating package script '/home/mike/ros2_ws/install/robo24_localization/share/robo24_localization/package.zsh'
[19.724s] Level 1:colcon.colcon_core.environment:create_file_with_runtime_dependencies(/home/mike/ros2_ws/install/robo24_localization/share/colcon-core/packages/robo24_localization)
[19.725s] DEBUG:colcon.colcon_parallel_executor.executor.parallel:closing loop
[19.727s] DEBUG:colcon.colcon_parallel_executor.executor.parallel:loop closed
[19.727s] DEBUG:colcon.colcon_parallel_executor.executor.parallel:run_until_complete finished with '0'
[19.727s] DEBUG:colcon.colcon_core.event_reactor:joining thread
[19.805s] INFO:colcon.colcon_core.plugin_system:Skipping extension 'colcon_notification.desktop_notification.notify_send': Could not find 'notify-send'
[19.806s] INFO:colcon.colcon_core.plugin_system:Skipping extension 'colcon_notification.desktop_notification.terminal_notifier': Not used on non-Darwin systems
[19.806s] INFO:colcon.colcon_core.plugin_system:Skipping extension 'colcon_notification.desktop_notification.win32': Not used on non-Windows systems
[19.806s] INFO:colcon.colcon_notification.desktop_notification:Sending desktop notification using 'notify2'
[19.810s] DEBUG:colcon.colcon_notification.desktop_notification.notify2:Failed to initialize notify2: org.freedesktop.DBus.Error.ServiceUnknown: The name org.freedesktop.Notifications was not provided by any .service files
[19.810s] DEBUG:colcon.colcon_core.event_reactor:joined thread
[19.866s] INFO:colcon.colcon_core.shell:Creating prefix script '/home/mike/ros2_ws/install/local_setup.ps1'
[19.870s] INFO:colcon.colcon_core.shell:Creating prefix util module '/home/mike/ros2_ws/install/_local_setup_util_ps1.py'
[19.877s] INFO:colcon.colcon_core.shell:Creating prefix chain script '/home/mike/ros2_ws/install/setup.ps1'
[19.934s] INFO:colcon.colcon_core.shell:Creating prefix script '/home/mike/ros2_ws/install/local_setup.sh'
[19.941s] INFO:colcon.colcon_core.shell:Creating prefix util module '/home/mike/ros2_ws/install/_local_setup_util_sh.py'
[19.943s] INFO:colcon.colcon_core.shell:Creating prefix chain script '/home/mike/ros2_ws/install/setup.sh'
[20.002s] INFO:colcon.colcon_core.shell:Creating prefix script '/home/mike/ros2_ws/install/local_setup.bash'
[20.005s] INFO:colcon.colcon_core.shell:Creating prefix chain script '/home/mike/ros2_ws/install/setup.bash'
[20.064s] INFO:colcon.colcon_core.shell:Creating prefix script '/home/mike/ros2_ws/install/local_setup.zsh'
[20.067s] INFO:colcon.colcon_core.shell:Creating prefix chain script '/home/mike/ros2_ws/install/setup.zsh'
