[7.888s] Invoking command in '/home/mike/ros2_ws/build/robo24_nav': PYTHONPATH=/home/mike/ros2_ws/build/robo24_nav/prefix_override:/home/mike/ros2_ws/install/robo24_nav/lib/python3.10/site-packages:${PYTHONPATH} /usr/bin/python3 setup.py develop --editable --build-directory /home/mike/ros2_ws/build/robo24_nav/build --no-deps install_data
[9.600s] running develop
[10.866s] running egg_info
[10.866s] creating robo24_nav.egg-info
[10.868s] writing robo24_nav.egg-info/PKG-INFO
[10.869s] writing dependency_links to robo24_nav.egg-info/dependency_links.txt
[10.870s] writing entry points to robo24_nav.egg-info/entry_points.txt
[10.872s] writing requirements to robo24_nav.egg-info/requires.txt
[10.872s] writing top-level names to robo24_nav.egg-info/top_level.txt
[10.876s] writing manifest file 'robo24_nav.egg-info/SOURCES.txt'
[10.881s] reading manifest file 'robo24_nav.egg-info/SOURCES.txt'
[10.884s] writing manifest file 'robo24_nav.egg-info/SOURCES.txt'
[10.893s] running build_ext
[10.904s] Creating /home/mike/ros2_ws/install/robo24_nav/lib/python3.10/site-packages/robo24-nav.egg-link (link to .)
[10.904s] Installing robo24_nav_simple_node script to /home/mike/ros2_ws/install/robo24_nav/lib/robo24_nav
[10.905s] 
[10.906s] Installed /home/mike/ros2_ws/build/robo24_nav
[10.908s] running install_data
[10.909s] creating /home/mike/ros2_ws/install/robo24_nav/share/ament_index
[10.910s] creating /home/mike/ros2_ws/install/robo24_nav/share/ament_index/resource_index
[10.912s] creating /home/mike/ros2_ws/install/robo24_nav/share/ament_index/resource_index/packages
[10.913s] copying resource/robo24_nav -> /home/mike/ros2_ws/install/robo24_nav/share/ament_index/resource_index/packages
[10.914s] copying package.xml -> /home/mike/ros2_ws/install/robo24_nav/share/robo24_nav
[11.092s] Invoked command in '/home/mike/ros2_ws/build/robo24_nav' returned '0': PYTHONPATH=/home/mike/ros2_ws/build/robo24_nav/prefix_override:/home/mike/ros2_ws/install/robo24_nav/lib/python3.10/site-packages:${PYTHONPATH} /usr/bin/python3 setup.py develop --editable --build-directory /home/mike/ros2_ws/build/robo24_nav/build --no-deps install_data
