[4.930s] Invoking command in '/home/mike/ros2_ws/src/robo24_bringup': PYTHONPATH=/home/mike/ros2_ws/build/robo24_bringup/prefix_override:/home/mike/ros2_ws/install/robo24_bringup/lib/python3.10/site-packages:${PYTHONPATH} /usr/bin/python3 setup.py egg_info --egg-base ../../build/robo24_bringup build --build-base /home/mike/ros2_ws/build/robo24_bringup/build install --record /home/mike/ros2_ws/build/robo24_bringup/install.log --single-version-externally-managed
[6.082s] running egg_info
[6.084s] writing ../../build/robo24_bringup/robo24_bringup.egg-info/PKG-INFO
[6.086s] writing dependency_links to ../../build/robo24_bringup/robo24_bringup.egg-info/dependency_links.txt
[6.087s] writing entry points to ../../build/robo24_bringup/robo24_bringup.egg-info/entry_points.txt
[6.088s] writing requirements to ../../build/robo24_bringup/robo24_bringup.egg-info/requires.txt
[6.089s] writing top-level names to ../../build/robo24_bringup/robo24_bringup.egg-info/top_level.txt
[6.098s] reading manifest file '../../build/robo24_bringup/robo24_bringup.egg-info/SOURCES.txt'
[6.099s] adding license file 'LICENSE'
[6.103s] writing manifest file '../../build/robo24_bringup/robo24_bringup.egg-info/SOURCES.txt'
[6.105s] running build
[6.105s] running build_py
[6.106s] running install
[6.107s] running install_lib
[6.111s] running install_data
[6.114s] running install_egg_info
[6.122s] removing '/home/mike/ros2_ws/install/robo24_bringup/lib/python3.10/site-packages/robo24_bringup-0.0.0-py3.10.egg-info' (and everything under it)
[6.124s] Copying ../../build/robo24_bringup/robo24_bringup.egg-info to /home/mike/ros2_ws/install/robo24_bringup/lib/python3.10/site-packages/robo24_bringup-0.0.0-py3.10.egg-info
[6.131s] running install_scripts
[6.215s] writing list of installed files to '/home/mike/ros2_ws/build/robo24_bringup/install.log'
[6.404s] Invoked command in '/home/mike/ros2_ws/src/robo24_bringup' returned '0': PYTHONPATH=/home/mike/ros2_ws/build/robo24_bringup/prefix_override:/home/mike/ros2_ws/install/robo24_bringup/lib/python3.10/site-packages:${PYTHONPATH} /usr/bin/python3 setup.py egg_info --egg-base ../../build/robo24_bringup build --build-base /home/mike/ros2_ws/build/robo24_bringup/build install --record /home/mike/ros2_ws/build/robo24_bringup/install.log --single-version-externally-managed
