[6.424s] Invoking command in '/home/mike/ros2_ws/build/robo24_wheel_interface': PYTHONPATH=/home/mike/ros2_ws/build/robo24_wheel_interface/prefix_override:/home/mike/ros2_ws/install/robo24_wheel_interface/lib/python3.10/site-packages:${PYTHONPATH} /usr/bin/python3 setup.py develop --editable --build-directory /home/mike/ros2_ws/build/robo24_wheel_interface/build --no-deps install_data
[8.519s] running develop
[9.859s] running egg_info
[9.860s] creating robo24_wheel_interface.egg-info
[9.861s] writing robo24_wheel_interface.egg-info/PKG-INFO
[9.863s] writing dependency_links to robo24_wheel_interface.egg-info/dependency_links.txt
[9.864s] writing entry points to robo24_wheel_interface.egg-info/entry_points.txt
[9.865s] writing requirements to robo24_wheel_interface.egg-info/requires.txt
[9.866s] writing top-level names to robo24_wheel_interface.egg-info/top_level.txt
[9.866s] writing manifest file 'robo24_wheel_interface.egg-info/SOURCES.txt'
[9.874s] reading manifest file 'robo24_wheel_interface.egg-info/SOURCES.txt'
[9.878s] writing manifest file 'robo24_wheel_interface.egg-info/SOURCES.txt'
[9.886s] running build_ext
[9.887s] Creating /home/mike/ros2_ws/install/robo24_wheel_interface/lib/python3.10/site-packages/robo24-wheel-interface.egg-link (link to .)
[9.892s] Installing robo24_diynav_node script to /home/mike/ros2_ws/install/robo24_wheel_interface/lib/robo24_wheel_interface
[9.893s] Installing robo24_teleop_node script to /home/mike/ros2_ws/install/robo24_wheel_interface/lib/robo24_wheel_interface
[9.894s] Installing robo24_wheel_controller_node script to /home/mike/ros2_ws/install/robo24_wheel_interface/lib/robo24_wheel_interface
[9.897s] 
[9.899s] Installed /home/mike/ros2_ws/build/robo24_wheel_interface
[9.900s] running install_data
[9.901s] creating /home/mike/ros2_ws/install/robo24_wheel_interface/share/ament_index
[9.916s] creating /home/mike/ros2_ws/install/robo24_wheel_interface/share/ament_index/resource_index
[9.917s] creating /home/mike/ros2_ws/install/robo24_wheel_interface/share/ament_index/resource_index/packages
[9.920s] copying resource/robo24_wheel_interface -> /home/mike/ros2_ws/install/robo24_wheel_interface/share/ament_index/resource_index/packages
[9.921s] copying package.xml -> /home/mike/ros2_ws/install/robo24_wheel_interface/share/robo24_wheel_interface
[10.082s] Invoked command in '/home/mike/ros2_ws/build/robo24_wheel_interface' returned '0': PYTHONPATH=/home/mike/ros2_ws/build/robo24_wheel_interface/prefix_override:/home/mike/ros2_ws/install/robo24_wheel_interface/lib/python3.10/site-packages:${PYTHONPATH} /usr/bin/python3 setup.py develop --editable --build-directory /home/mike/ros2_ws/build/robo24_wheel_interface/build --no-deps install_data
