[9.739s] Invoking command in '/home/mike/ros2_ws/src/robo24_nav': PYTHONPATH=/home/mike/ros2_ws/build/robo24_nav/prefix_override:/home/mike/ros2_ws/install/robo24_nav/lib/python3.10/site-packages:${PYTHONPATH} /usr/bin/python3 setup.py egg_info --egg-base ../../build/robo24_nav build --build-base /home/mike/ros2_ws/build/robo24_nav/build install --record /home/mike/ros2_ws/build/robo24_nav/install.log --single-version-externally-managed
[12.389s] running egg_info
[12.396s] writing ../../build/robo24_nav/robo24_nav.egg-info/PKG-INFO
[12.398s] writing dependency_links to ../../build/robo24_nav/robo24_nav.egg-info/dependency_links.txt
[12.400s] writing entry points to ../../build/robo24_nav/robo24_nav.egg-info/entry_points.txt
[12.401s] writing requirements to ../../build/robo24_nav/robo24_nav.egg-info/requires.txt
[12.404s] writing top-level names to ../../build/robo24_nav/robo24_nav.egg-info/top_level.txt
[12.405s] reading manifest file '../../build/robo24_nav/robo24_nav.egg-info/SOURCES.txt'
[12.410s] writing manifest file '../../build/robo24_nav/robo24_nav.egg-info/SOURCES.txt'
[12.412s] running build
[12.426s] running build_py
[12.427s] running install
[12.428s] running install_lib
[12.430s] running install_data
[12.431s] running install_egg_info
[12.432s] removing '/home/mike/ros2_ws/install/robo24_nav/lib/python3.10/site-packages/robo24_nav-0.0.0-py3.10.egg-info' (and everything under it)
[12.433s] Copying ../../build/robo24_nav/robo24_nav.egg-info to /home/mike/ros2_ws/install/robo24_nav/lib/python3.10/site-packages/robo24_nav-0.0.0-py3.10.egg-info
[12.445s] running install_scripts
[12.533s] Installing robo24_nav_simple_node script to /home/mike/ros2_ws/install/robo24_nav/lib/robo24_nav
[12.534s] writing list of installed files to '/home/mike/ros2_ws/build/robo24_nav/install.log'
[12.916s] Invoked command in '/home/mike/ros2_ws/src/robo24_nav' returned '0': PYTHONPATH=/home/mike/ros2_ws/build/robo24_nav/prefix_override:/home/mike/ros2_ws/install/robo24_nav/lib/python3.10/site-packages:${PYTHONPATH} /usr/bin/python3 setup.py egg_info --egg-base ../../build/robo24_nav build --build-base /home/mike/ros2_ws/build/robo24_nav/build install --record /home/mike/ros2_ws/build/robo24_nav/install.log --single-version-externally-managed
