[9.154s] Invoking command in '/home/mike/ros2_ws/src/robo24_nav': PYTHONPATH=/home/mike/ros2_ws/build/robo24_nav/prefix_override:/home/mike/ros2_ws/install/robo24_nav/lib/python3.10/site-packages:${PYTHONPATH} /usr/bin/python3 setup.py egg_info --egg-base ../../build/robo24_nav build --build-base /home/mike/ros2_ws/build/robo24_nav/build install --record /home/mike/ros2_ws/build/robo24_nav/install.log --single-version-externally-managed
[11.096s] running egg_info
[11.097s] writing ../../build/robo24_nav/robo24_nav.egg-info/PKG-INFO
[11.098s] writing dependency_links to ../../build/robo24_nav/robo24_nav.egg-info/dependency_links.txt
[11.100s] writing entry points to ../../build/robo24_nav/robo24_nav.egg-info/entry_points.txt
[11.101s] writing requirements to ../../build/robo24_nav/robo24_nav.egg-info/requires.txt
[11.103s] writing top-level names to ../../build/robo24_nav/robo24_nav.egg-info/top_level.txt
[11.104s] reading manifest file '../../build/robo24_nav/robo24_nav.egg-info/SOURCES.txt'
[11.112s] writing manifest file '../../build/robo24_nav/robo24_nav.egg-info/SOURCES.txt'
[11.113s] running build
[11.116s] running build_py
[11.117s] running install
[11.118s] running install_lib
[11.119s] running install_data
[11.121s] running install_egg_info
[11.126s] removing '/home/mike/ros2_ws/install/robo24_nav/lib/python3.10/site-packages/robo24_nav-0.0.0-py3.10.egg-info' (and everything under it)
[11.129s] Copying ../../build/robo24_nav/robo24_nav.egg-info to /home/mike/ros2_ws/install/robo24_nav/lib/python3.10/site-packages/robo24_nav-0.0.0-py3.10.egg-info
[11.134s] running install_scripts
[11.214s] Installing robo24_nav_simple_node script to /home/mike/ros2_ws/install/robo24_nav/lib/robo24_nav
[11.215s] writing list of installed files to '/home/mike/ros2_ws/build/robo24_nav/install.log'
[11.628s] Invoked command in '/home/mike/ros2_ws/src/robo24_nav' returned '0': PYTHONPATH=/home/mike/ros2_ws/build/robo24_nav/prefix_override:/home/mike/ros2_ws/install/robo24_nav/lib/python3.10/site-packages:${PYTHONPATH} /usr/bin/python3 setup.py egg_info --egg-base ../../build/robo24_nav build --build-base /home/mike/ros2_ws/build/robo24_nav/build install --record /home/mike/ros2_ws/build/robo24_nav/install.log --single-version-externally-managed
