[9.125s] Invoking command in '/home/mike/ros2_ws/build/robo24_stuff': PYTHONPATH=/home/mike/ros2_ws/build/robo24_stuff/prefix_override:/home/mike/ros2_ws/install/robo24_stuff/lib/python3.10/site-packages:${PYTHONPATH} /usr/bin/python3 setup.py develop --editable --build-directory /home/mike/ros2_ws/build/robo24_stuff/build --no-deps install_data
[12.403s] running develop
[15.556s] running egg_info
[15.564s] creating robo24_stuff.egg-info
[15.569s] writing robo24_stuff.egg-info/PKG-INFO
[15.575s] writing dependency_links to robo24_stuff.egg-info/dependency_links.txt
[15.580s] writing entry points to robo24_stuff.egg-info/entry_points.txt
[15.584s] writing requirements to robo24_stuff.egg-info/requires.txt
[15.588s] writing top-level names to robo24_stuff.egg-info/top_level.txt
[15.593s] writing manifest file 'robo24_stuff.egg-info/SOURCES.txt'
[15.618s] reading manifest file 'robo24_stuff.egg-info/SOURCES.txt'
[15.625s] writing manifest file 'robo24_stuff.egg-info/SOURCES.txt'
[15.638s] running build_ext
[15.642s] Creating /home/mike/ros2_ws/install/robo24_stuff/lib/python3.10/site-packages/robo24-stuff.egg-link (link to .)
[15.650s] Installing openmv_serial_node script to /home/mike/ros2_ws/install/robo24_stuff/lib/robo24_stuff
[15.657s] Installing robo24_can_xy_node script to /home/mike/ros2_ws/install/robo24_stuff/lib/robo24_stuff
[15.662s] Installing robo24_diynav_node script to /home/mike/ros2_ws/install/robo24_stuff/lib/robo24_stuff
[15.667s] Installing robo24_teleop_node script to /home/mike/ros2_ws/install/robo24_stuff/lib/robo24_stuff
[15.674s] Installing robo24_wheel_controller_node script to /home/mike/ros2_ws/install/robo24_stuff/lib/robo24_stuff
[15.680s] Installing sensor_serial_node script to /home/mike/ros2_ws/install/robo24_stuff/lib/robo24_stuff
[15.686s] 
[15.688s] Installed /home/mike/ros2_ws/build/robo24_stuff
[15.691s] running install_data
[15.695s] creating /home/mike/ros2_ws/install/robo24_stuff/share/ament_index
[15.698s] creating /home/mike/ros2_ws/install/robo24_stuff/share/ament_index/resource_index
[15.702s] creating /home/mike/ros2_ws/install/robo24_stuff/share/ament_index/resource_index/packages
[15.705s] copying resource/robo24_stuff -> /home/mike/ros2_ws/install/robo24_stuff/share/ament_index/resource_index/packages
[15.710s] copying package.xml -> /home/mike/ros2_ws/install/robo24_stuff/share/robo24_stuff
[15.714s] creating /home/mike/ros2_ws/install/robo24_stuff/share/robo24_stuff/launch
[15.717s] copying launch/robo24_bringup_launch.py -> /home/mike/ros2_ws/install/robo24_stuff/share/robo24_stuff/launch
[16.019s] Invoked command in '/home/mike/ros2_ws/build/robo24_stuff' returned '0': PYTHONPATH=/home/mike/ros2_ws/build/robo24_stuff/prefix_override:/home/mike/ros2_ws/install/robo24_stuff/lib/python3.10/site-packages:${PYTHONPATH} /usr/bin/python3 setup.py develop --editable --build-directory /home/mike/ros2_ws/build/robo24_stuff/build --no-deps install_data
