[8.809s] Invoking command in '/home/mike/ros2_ws/build/robo24_wheel_interface': PYTHONPATH=/home/mike/ros2_ws/build/robo24_wheel_interface/prefix_override:/home/mike/ros2_ws/install/robo24_wheel_interface/lib/python3.10/site-packages:${PYTHONPATH} /usr/bin/python3 setup.py develop --editable --build-directory /home/mike/ros2_ws/build/robo24_wheel_interface/build --no-deps install_data
[10.589s] running develop
[11.612s] running egg_info
[11.614s] creating robo24_wheel_interface.egg-info
[11.616s] writing robo24_wheel_interface.egg-info/PKG-INFO
[11.616s] writing dependency_links to robo24_wheel_interface.egg-info/dependency_links.txt
[11.617s] writing entry points to robo24_wheel_interface.egg-info/entry_points.txt
[11.617s] writing requirements to robo24_wheel_interface.egg-info/requires.txt
[11.618s] writing top-level names to robo24_wheel_interface.egg-info/top_level.txt
[11.619s] writing manifest file 'robo24_wheel_interface.egg-info/SOURCES.txt'
[11.623s] reading manifest file 'robo24_wheel_interface.egg-info/SOURCES.txt'
[11.627s] writing manifest file 'robo24_wheel_interface.egg-info/SOURCES.txt'
[11.635s] running build_ext
[11.636s] Creating /home/mike/ros2_ws/install/robo24_wheel_interface/lib/python3.10/site-packages/robo24-wheel-interface.egg-link (link to .)
[11.640s] Installing robo24_diynav_node script to /home/mike/ros2_ws/install/robo24_wheel_interface/lib/robo24_wheel_interface
[11.641s] Installing robo24_teleop_node script to /home/mike/ros2_ws/install/robo24_wheel_interface/lib/robo24_wheel_interface
[11.641s] Installing robo24_wheel_controller_node script to /home/mike/ros2_ws/install/robo24_wheel_interface/lib/robo24_wheel_interface
[11.644s] 
[11.645s] Installed /home/mike/ros2_ws/build/robo24_wheel_interface
[11.646s] running install_data
[11.647s] creating /home/mike/ros2_ws/install/robo24_wheel_interface/share/ament_index
[11.648s] creating /home/mike/ros2_ws/install/robo24_wheel_interface/share/ament_index/resource_index
[11.649s] creating /home/mike/ros2_ws/install/robo24_wheel_interface/share/ament_index/resource_index/packages
[11.651s] copying resource/robo24_wheel_interface -> /home/mike/ros2_ws/install/robo24_wheel_interface/share/ament_index/resource_index/packages
[11.652s] copying package.xml -> /home/mike/ros2_ws/install/robo24_wheel_interface/share/robo24_wheel_interface
[11.856s] Invoked command in '/home/mike/ros2_ws/build/robo24_wheel_interface' returned '0': PYTHONPATH=/home/mike/ros2_ws/build/robo24_wheel_interface/prefix_override:/home/mike/ros2_ws/install/robo24_wheel_interface/lib/python3.10/site-packages:${PYTHONPATH} /usr/bin/python3 setup.py develop --editable --build-directory /home/mike/ros2_ws/build/robo24_wheel_interface/build --no-deps install_data
