[8.962s] Invoking command in '/home/mike/ros2_ws/build/robo24_localization': PYTHONPATH=/home/mike/ros2_ws/build/robo24_localization/prefix_override:/home/mike/ros2_ws/install/robo24_localization/lib/python3.10/site-packages:${PYTHONPATH} /usr/bin/python3 setup.py develop --editable --build-directory /home/mike/ros2_ws/build/robo24_localization/build --no-deps install_data
[10.753s] running develop
[11.865s] running egg_info
[11.868s] creating robo24_localization.egg-info
[11.871s] writing robo24_localization.egg-info/PKG-INFO
[11.871s] writing dependency_links to robo24_localization.egg-info/dependency_links.txt
[11.872s] writing entry points to robo24_localization.egg-info/entry_points.txt
[11.878s] writing requirements to robo24_localization.egg-info/requires.txt
[11.879s] writing top-level names to robo24_localization.egg-info/top_level.txt
[11.879s] writing manifest file 'robo24_localization.egg-info/SOURCES.txt'
[11.880s] reading manifest file 'robo24_localization.egg-info/SOURCES.txt'
[11.882s] writing manifest file 'robo24_localization.egg-info/SOURCES.txt'
[11.890s] running build_ext
[11.891s] Creating /home/mike/ros2_ws/install/robo24_localization/lib/python3.10/site-packages/robo24-localization.egg-link (link to .)
[11.895s] 
[11.896s] Installed /home/mike/ros2_ws/build/robo24_localization
[11.897s] running install_data
[11.898s] creating /home/mike/ros2_ws/install/robo24_localization/share/ament_index
[11.899s] creating /home/mike/ros2_ws/install/robo24_localization/share/ament_index/resource_index
[11.901s] creating /home/mike/ros2_ws/install/robo24_localization/share/ament_index/resource_index/packages
[11.901s] copying resource/robo24_localization -> /home/mike/ros2_ws/install/robo24_localization/share/ament_index/resource_index/packages
[11.902s] copying package.xml -> /home/mike/ros2_ws/install/robo24_localization/share/robo24_localization
[11.904s] creating /home/mike/ros2_ws/install/robo24_localization/share/robo24_localization/launch
[11.905s] copying launch/robo24_efk_odom_launch.py -> /home/mike/ros2_ws/install/robo24_localization/share/robo24_localization/launch
[11.906s] creating /home/mike/ros2_ws/install/robo24_localization/share/robo24_localization/config
[11.908s] copying config/efk_config.yaml -> /home/mike/ros2_ws/install/robo24_localization/share/robo24_localization/config
[12.098s] Invoked command in '/home/mike/ros2_ws/build/robo24_localization' returned '0': PYTHONPATH=/home/mike/ros2_ws/build/robo24_localization/prefix_override:/home/mike/ros2_ws/install/robo24_localization/lib/python3.10/site-packages:${PYTHONPATH} /usr/bin/python3 setup.py develop --editable --build-directory /home/mike/ros2_ws/build/robo24_localization/build --no-deps install_data
