[10.164s] Invoking command in '/home/mike/ros2_ws/build/robo24_nav': PYTHONPATH=/home/mike/ros2_ws/build/robo24_nav/prefix_override:/home/mike/ros2_ws/install/robo24_nav/lib/python3.10/site-packages:${PYTHONPATH} /usr/bin/python3 setup.py develop --editable --build-directory /home/mike/ros2_ws/build/robo24_nav/build --no-deps install_data
[12.137s] running develop
[14.371s] running egg_info
[14.375s] creating robo24_nav.egg-info
[14.386s] writing robo24_nav.egg-info/PKG-INFO
[14.394s] writing dependency_links to robo24_nav.egg-info/dependency_links.txt
[14.404s] writing entry points to robo24_nav.egg-info/entry_points.txt
[14.405s] writing requirements to robo24_nav.egg-info/requires.txt
[14.407s] writing top-level names to robo24_nav.egg-info/top_level.txt
[14.410s] writing manifest file 'robo24_nav.egg-info/SOURCES.txt'
[14.427s] reading manifest file 'robo24_nav.egg-info/SOURCES.txt'
[14.431s] writing manifest file 'robo24_nav.egg-info/SOURCES.txt'
[14.450s] running build_ext
[14.452s] Creating /home/mike/ros2_ws/install/robo24_nav/lib/python3.10/site-packages/robo24-nav.egg-link (link to .)
[14.459s] Installing robo24_nav_simple_node script to /home/mike/ros2_ws/install/robo24_nav/lib/robo24_nav
[14.466s] 
[14.467s] Installed /home/mike/ros2_ws/build/robo24_nav
[14.471s] running install_data
[14.474s] creating /home/mike/ros2_ws/install/robo24_nav/share/ament_index
[14.476s] creating /home/mike/ros2_ws/install/robo24_nav/share/ament_index/resource_index
[14.479s] creating /home/mike/ros2_ws/install/robo24_nav/share/ament_index/resource_index/packages
[14.484s] copying resource/robo24_nav -> /home/mike/ros2_ws/install/robo24_nav/share/ament_index/resource_index/packages
[14.487s] copying package.xml -> /home/mike/ros2_ws/install/robo24_nav/share/robo24_nav
[14.717s] Invoked command in '/home/mike/ros2_ws/build/robo24_nav' returned '0': PYTHONPATH=/home/mike/ros2_ws/build/robo24_nav/prefix_override:/home/mike/ros2_ws/install/robo24_nav/lib/python3.10/site-packages:${PYTHONPATH} /usr/bin/python3 setup.py develop --editable --build-directory /home/mike/ros2_ws/build/robo24_nav/build --no-deps install_data
