[4.953s] Invoking command in '/home/mike/ros2_ws/src/robo24_bringup': PYTHONPATH=/home/mike/ros2_ws/build/robo24_bringup/prefix_override:/home/mike/ros2_ws/install/robo24_bringup/lib/python3.10/site-packages:${PYTHONPATH} /usr/bin/python3 setup.py egg_info --egg-base ../../build/robo24_bringup build --build-base /home/mike/ros2_ws/build/robo24_bringup/build install --record /home/mike/ros2_ws/build/robo24_bringup/install.log --single-version-externally-managed
[6.104s] running egg_info
[6.109s] writing ../../build/robo24_bringup/robo24_bringup.egg-info/PKG-INFO
[6.110s] writing dependency_links to ../../build/robo24_bringup/robo24_bringup.egg-info/dependency_links.txt
[6.112s] writing entry points to ../../build/robo24_bringup/robo24_bringup.egg-info/entry_points.txt
[6.113s] writing requirements to ../../build/robo24_bringup/robo24_bringup.egg-info/requires.txt
[6.115s] writing top-level names to ../../build/robo24_bringup/robo24_bringup.egg-info/top_level.txt
[6.127s] reading manifest file '../../build/robo24_bringup/robo24_bringup.egg-info/SOURCES.txt'
[6.128s] adding license file 'LICENSE'
[6.128s] writing manifest file '../../build/robo24_bringup/robo24_bringup.egg-info/SOURCES.txt'
[6.130s] running build
[6.131s] running build_py
[6.133s] running install
[6.134s] running install_lib
[6.135s] running install_data
[6.136s] running install_egg_info
[6.141s] removing '/home/mike/ros2_ws/install/robo24_bringup/lib/python3.10/site-packages/robo24_bringup-0.0.0-py3.10.egg-info' (and everything under it)
[6.142s] Copying ../../build/robo24_bringup/robo24_bringup.egg-info to /home/mike/ros2_ws/install/robo24_bringup/lib/python3.10/site-packages/robo24_bringup-0.0.0-py3.10.egg-info
[6.149s] running install_scripts
[6.232s] writing list of installed files to '/home/mike/ros2_ws/build/robo24_bringup/install.log'
[6.433s] Invoked command in '/home/mike/ros2_ws/src/robo24_bringup' returned '0': PYTHONPATH=/home/mike/ros2_ws/build/robo24_bringup/prefix_override:/home/mike/ros2_ws/install/robo24_bringup/lib/python3.10/site-packages:${PYTHONPATH} /usr/bin/python3 setup.py egg_info --egg-base ../../build/robo24_bringup build --build-base /home/mike/ros2_ws/build/robo24_bringup/build install --record /home/mike/ros2_ws/build/robo24_bringup/install.log --single-version-externally-managed
