[7.321s] Invoking command in '/home/mike/ros2_ws/build/robo24_bringup': PYTHONPATH=/home/mike/ros2_ws/build/robo24_bringup/prefix_override:/home/mike/ros2_ws/install/robo24_bringup/lib/python3.10/site-packages:${PYTHONPATH} /usr/bin/python3 setup.py develop --editable --build-directory /home/mike/ros2_ws/build/robo24_bringup/build --no-deps install_data
[8.986s] running develop
[10.024s] running egg_info
[10.026s] creating robo24_bringup.egg-info
[10.032s] writing robo24_bringup.egg-info/PKG-INFO
[10.036s] writing dependency_links to robo24_bringup.egg-info/dependency_links.txt
[10.038s] writing entry points to robo24_bringup.egg-info/entry_points.txt
[10.039s] writing requirements to robo24_bringup.egg-info/requires.txt
[10.041s] writing top-level names to robo24_bringup.egg-info/top_level.txt
[10.042s] writing manifest file 'robo24_bringup.egg-info/SOURCES.txt'
[10.048s] reading manifest file 'robo24_bringup.egg-info/SOURCES.txt'
[10.052s] writing manifest file 'robo24_bringup.egg-info/SOURCES.txt'
[10.064s] running build_ext
[10.066s] Creating /home/mike/ros2_ws/install/robo24_bringup/lib/python3.10/site-packages/robo24-bringup.egg-link (link to .)
[10.073s] 
[10.075s] Installed /home/mike/ros2_ws/build/robo24_bringup
[10.078s] running install_data
[10.080s] creating /home/mike/ros2_ws/install/robo24_bringup/share/ament_index
[10.082s] creating /home/mike/ros2_ws/install/robo24_bringup/share/ament_index/resource_index
[10.084s] creating /home/mike/ros2_ws/install/robo24_bringup/share/ament_index/resource_index/packages
[10.086s] copying resource/robo24_bringup -> /home/mike/ros2_ws/install/robo24_bringup/share/ament_index/resource_index/packages
[10.099s] copying package.xml -> /home/mike/ros2_ws/install/robo24_bringup/share/robo24_bringup
[10.105s] creating /home/mike/ros2_ws/install/robo24_bringup/share/robo24_bringup/launch
[10.111s] copying launch/robo24_bringup_launch.py -> /home/mike/ros2_ws/install/robo24_bringup/share/robo24_bringup/launch
[10.613s] Invoked command in '/home/mike/ros2_ws/build/robo24_bringup' returned '0': PYTHONPATH=/home/mike/ros2_ws/build/robo24_bringup/prefix_override:/home/mike/ros2_ws/install/robo24_bringup/lib/python3.10/site-packages:${PYTHONPATH} /usr/bin/python3 setup.py develop --editable --build-directory /home/mike/ros2_ws/build/robo24_bringup/build --no-deps install_data
