[4.514s] Invoking command in '/home/mike/ros2_ws/src/robo24_wheel_interface': PYTHONPATH=/home/mike/ros2_ws/build/robo24_wheel_interface/prefix_override:/home/mike/ros2_ws/install/robo24_wheel_interface/lib/python3.10/site-packages:${PYTHONPATH} /usr/bin/python3 setup.py egg_info --egg-base ../../build/robo24_wheel_interface build --build-base /home/mike/ros2_ws/build/robo24_wheel_interface/build install --record /home/mike/ros2_ws/build/robo24_wheel_interface/install.log --single-version-externally-managed
[5.625s] running egg_info
[5.627s] creating ../../build/robo24_wheel_interface/robo24_wheel_interface.egg-info
[5.628s] writing ../../build/robo24_wheel_interface/robo24_wheel_interface.egg-info/PKG-INFO
[5.629s] writing dependency_links to ../../build/robo24_wheel_interface/robo24_wheel_interface.egg-info/dependency_links.txt
[5.630s] writing entry points to ../../build/robo24_wheel_interface/robo24_wheel_interface.egg-info/entry_points.txt
[5.631s] writing requirements to ../../build/robo24_wheel_interface/robo24_wheel_interface.egg-info/requires.txt
[5.632s] writing top-level names to ../../build/robo24_wheel_interface/robo24_wheel_interface.egg-info/top_level.txt
[5.633s] writing manifest file '../../build/robo24_wheel_interface/robo24_wheel_interface.egg-info/SOURCES.txt'
[5.640s] reading manifest file '../../build/robo24_wheel_interface/robo24_wheel_interface.egg-info/SOURCES.txt'
[5.644s] writing manifest file '../../build/robo24_wheel_interface/robo24_wheel_interface.egg-info/SOURCES.txt'
[5.645s] running build
[5.646s] running build_py
[5.647s] creating /home/mike/ros2_ws/build/robo24_wheel_interface/build
[5.647s] creating /home/mike/ros2_ws/build/robo24_wheel_interface/build/lib
[5.648s] creating /home/mike/ros2_ws/build/robo24_wheel_interface/build/lib/robo24_wheel_interface
[5.648s] copying robo24_wheel_interface/__init__.py -> /home/mike/ros2_ws/build/robo24_wheel_interface/build/lib/robo24_wheel_interface
[5.649s] copying robo24_wheel_interface/robo24_wheel_node.py -> /home/mike/ros2_ws/build/robo24_wheel_interface/build/lib/robo24_wheel_interface
[5.649s] running install
[5.650s] running install_lib
[5.653s] creating /home/mike/ros2_ws/install/robo24_wheel_interface/lib/python3.10/site-packages/robo24_wheel_interface
[5.654s] copying /home/mike/ros2_ws/build/robo24_wheel_interface/build/lib/robo24_wheel_interface/__init__.py -> /home/mike/ros2_ws/install/robo24_wheel_interface/lib/python3.10/site-packages/robo24_wheel_interface
[5.655s] copying /home/mike/ros2_ws/build/robo24_wheel_interface/build/lib/robo24_wheel_interface/robo24_wheel_node.py -> /home/mike/ros2_ws/install/robo24_wheel_interface/lib/python3.10/site-packages/robo24_wheel_interface
[5.657s] byte-compiling /home/mike/ros2_ws/install/robo24_wheel_interface/lib/python3.10/site-packages/robo24_wheel_interface/__init__.py to __init__.cpython-310.pyc
[5.659s] byte-compiling /home/mike/ros2_ws/install/robo24_wheel_interface/lib/python3.10/site-packages/robo24_wheel_interface/robo24_wheel_node.py to robo24_wheel_node.cpython-310.pyc
[5.662s] running install_data
[5.664s] creating /home/mike/ros2_ws/install/robo24_wheel_interface/share/ament_index
[5.665s] creating /home/mike/ros2_ws/install/robo24_wheel_interface/share/ament_index/resource_index
[5.665s] creating /home/mike/ros2_ws/install/robo24_wheel_interface/share/ament_index/resource_index/packages
[5.666s] copying resource/robo24_wheel_interface -> /home/mike/ros2_ws/install/robo24_wheel_interface/share/ament_index/resource_index/packages
[5.666s] copying package.xml -> /home/mike/ros2_ws/install/robo24_wheel_interface/share/robo24_wheel_interface
[5.667s] running install_egg_info
[5.674s] Copying ../../build/robo24_wheel_interface/robo24_wheel_interface.egg-info to /home/mike/ros2_ws/install/robo24_wheel_interface/lib/python3.10/site-packages/robo24_wheel_interface-0.0.0-py3.10.egg-info
[5.681s] running install_scripts
[5.765s] Installing robo24_wheel_node script to /home/mike/ros2_ws/install/robo24_wheel_interface/lib/robo24_wheel_interface
[5.767s] writing list of installed files to '/home/mike/ros2_ws/build/robo24_wheel_interface/install.log'
[5.919s] Invoked command in '/home/mike/ros2_ws/src/robo24_wheel_interface' returned '0': PYTHONPATH=/home/mike/ros2_ws/build/robo24_wheel_interface/prefix_override:/home/mike/ros2_ws/install/robo24_wheel_interface/lib/python3.10/site-packages:${PYTHONPATH} /usr/bin/python3 setup.py egg_info --egg-base ../../build/robo24_wheel_interface build --build-base /home/mike/ros2_ws/build/robo24_wheel_interface/build install --record /home/mike/ros2_ws/build/robo24_wheel_interface/install.log --single-version-externally-managed
